[2022-11-16 16:54:43,951] {processor.py:162} INFO - Started process (PID=71) to work on /home/airflow/.local/lib/python3.6/site-packages/airflow/example_dags/example_xcom.py
[2022-11-16 16:54:43,955] {processor.py:613} INFO - Processing file /home/airflow/.local/lib/python3.6/site-packages/airflow/example_dags/example_xcom.py for tasks to queue
[2022-11-16 16:54:43,958] {logging_mixin.py:109} INFO - [2022-11-16 16:54:43,957] {dagbag.py:496} INFO - Filling up the DagBag from /home/airflow/.local/lib/python3.6/site-packages/airflow/example_dags/example_xcom.py
[2022-11-16 16:54:44,016] {processor.py:623} INFO - DAG(s) dict_keys(['example_xcom']) retrieved from /home/airflow/.local/lib/python3.6/site-packages/airflow/example_dags/example_xcom.py
[2022-11-16 16:54:49,384] {logging_mixin.py:109} INFO - [2022-11-16 16:54:49,381] {dag.py:1833} INFO - Sync 1 DAGs
[2022-11-16 16:54:49,409] {logging_mixin.py:109} INFO - [2022-11-16 16:54:49,406] {dag.py:1852} INFO - Creating ORM DAG for example_xcom
[2022-11-16 16:54:49,419] {logging_mixin.py:109} INFO - [2022-11-16 16:54:49,419] {dag.py:2306} INFO - Setting next_dagrun for example_xcom to 2022-11-14 00:00:00+00:00
[2022-11-16 16:54:49,442] {processor.py:170} INFO - Processing /home/airflow/.local/lib/python3.6/site-packages/airflow/example_dags/example_xcom.py took 5.502 seconds
[2022-11-16 16:55:40,458] {processor.py:162} INFO - Started process (PID=364) to work on /home/airflow/.local/lib/python3.6/site-packages/airflow/example_dags/example_xcom.py
[2022-11-16 16:55:40,460] {processor.py:613} INFO - Processing file /home/airflow/.local/lib/python3.6/site-packages/airflow/example_dags/example_xcom.py for tasks to queue
[2022-11-16 16:55:40,462] {logging_mixin.py:109} INFO - [2022-11-16 16:55:40,461] {dagbag.py:496} INFO - Filling up the DagBag from /home/airflow/.local/lib/python3.6/site-packages/airflow/example_dags/example_xcom.py
[2022-11-16 16:55:40,480] {processor.py:623} INFO - DAG(s) dict_keys(['example_xcom']) retrieved from /home/airflow/.local/lib/python3.6/site-packages/airflow/example_dags/example_xcom.py
[2022-11-16 16:55:40,509] {logging_mixin.py:109} INFO - [2022-11-16 16:55:40,509] {dag.py:1833} INFO - Sync 1 DAGs
[2022-11-16 16:55:40,530] {logging_mixin.py:109} INFO - [2022-11-16 16:55:40,530] {dag.py:2306} INFO - Setting next_dagrun for example_xcom to 2022-11-14 00:00:00+00:00
[2022-11-16 16:55:40,546] {processor.py:170} INFO - Processing /home/airflow/.local/lib/python3.6/site-packages/airflow/example_dags/example_xcom.py took 0.092 seconds
[2022-11-16 16:56:11,079] {processor.py:162} INFO - Started process (PID=413) to work on /home/airflow/.local/lib/python3.6/site-packages/airflow/example_dags/example_xcom.py
[2022-11-16 16:56:11,080] {processor.py:613} INFO - Processing file /home/airflow/.local/lib/python3.6/site-packages/airflow/example_dags/example_xcom.py for tasks to queue
[2022-11-16 16:56:11,082] {logging_mixin.py:109} INFO - [2022-11-16 16:56:11,081] {dagbag.py:496} INFO - Filling up the DagBag from /home/airflow/.local/lib/python3.6/site-packages/airflow/example_dags/example_xcom.py
[2022-11-16 16:56:11,097] {processor.py:623} INFO - DAG(s) dict_keys(['example_xcom']) retrieved from /home/airflow/.local/lib/python3.6/site-packages/airflow/example_dags/example_xcom.py
[2022-11-16 16:56:11,123] {logging_mixin.py:109} INFO - [2022-11-16 16:56:11,123] {dag.py:1833} INFO - Sync 1 DAGs
[2022-11-16 16:56:11,146] {logging_mixin.py:109} INFO - [2022-11-16 16:56:11,146] {dag.py:2306} INFO - Setting next_dagrun for example_xcom to 2022-11-14 00:00:00+00:00
[2022-11-16 16:56:11,159] {processor.py:170} INFO - Processing /home/airflow/.local/lib/python3.6/site-packages/airflow/example_dags/example_xcom.py took 0.084 seconds
[2022-11-16 16:56:42,040] {processor.py:162} INFO - Started process (PID=464) to work on /home/airflow/.local/lib/python3.6/site-packages/airflow/example_dags/example_xcom.py
[2022-11-16 16:56:42,044] {processor.py:613} INFO - Processing file /home/airflow/.local/lib/python3.6/site-packages/airflow/example_dags/example_xcom.py for tasks to queue
[2022-11-16 16:56:42,047] {logging_mixin.py:109} INFO - [2022-11-16 16:56:42,047] {dagbag.py:496} INFO - Filling up the DagBag from /home/airflow/.local/lib/python3.6/site-packages/airflow/example_dags/example_xcom.py
[2022-11-16 16:56:42,072] {processor.py:623} INFO - DAG(s) dict_keys(['example_xcom']) retrieved from /home/airflow/.local/lib/python3.6/site-packages/airflow/example_dags/example_xcom.py
[2022-11-16 16:56:42,112] {logging_mixin.py:109} INFO - [2022-11-16 16:56:42,112] {dag.py:1833} INFO - Sync 1 DAGs
[2022-11-16 16:56:42,141] {logging_mixin.py:109} INFO - [2022-11-16 16:56:42,141] {dag.py:2306} INFO - Setting next_dagrun for example_xcom to 2022-11-14 00:00:00+00:00
[2022-11-16 16:56:42,161] {processor.py:170} INFO - Processing /home/airflow/.local/lib/python3.6/site-packages/airflow/example_dags/example_xcom.py took 0.131 seconds
[2022-11-16 16:57:12,292] {processor.py:162} INFO - Started process (PID=525) to work on /home/airflow/.local/lib/python3.6/site-packages/airflow/example_dags/example_xcom.py
[2022-11-16 16:57:12,295] {processor.py:613} INFO - Processing file /home/airflow/.local/lib/python3.6/site-packages/airflow/example_dags/example_xcom.py for tasks to queue
[2022-11-16 16:57:12,299] {logging_mixin.py:109} INFO - [2022-11-16 16:57:12,299] {dagbag.py:496} INFO - Filling up the DagBag from /home/airflow/.local/lib/python3.6/site-packages/airflow/example_dags/example_xcom.py
[2022-11-16 16:57:12,348] {processor.py:623} INFO - DAG(s) dict_keys(['example_xcom']) retrieved from /home/airflow/.local/lib/python3.6/site-packages/airflow/example_dags/example_xcom.py
[2022-11-16 16:57:12,391] {logging_mixin.py:109} INFO - [2022-11-16 16:57:12,391] {dag.py:1833} INFO - Sync 1 DAGs
[2022-11-16 16:57:12,418] {logging_mixin.py:109} INFO - [2022-11-16 16:57:12,418] {dag.py:2306} INFO - Setting next_dagrun for example_xcom to 2022-11-14 00:00:00+00:00
[2022-11-16 16:57:12,435] {processor.py:170} INFO - Processing /home/airflow/.local/lib/python3.6/site-packages/airflow/example_dags/example_xcom.py took 0.152 seconds
[2022-11-16 16:57:43,067] {processor.py:162} INFO - Started process (PID=576) to work on /home/airflow/.local/lib/python3.6/site-packages/airflow/example_dags/example_xcom.py
[2022-11-16 16:57:43,070] {processor.py:613} INFO - Processing file /home/airflow/.local/lib/python3.6/site-packages/airflow/example_dags/example_xcom.py for tasks to queue
[2022-11-16 16:57:43,072] {logging_mixin.py:109} INFO - [2022-11-16 16:57:43,072] {dagbag.py:496} INFO - Filling up the DagBag from /home/airflow/.local/lib/python3.6/site-packages/airflow/example_dags/example_xcom.py
[2022-11-16 16:57:43,095] {processor.py:623} INFO - DAG(s) dict_keys(['example_xcom']) retrieved from /home/airflow/.local/lib/python3.6/site-packages/airflow/example_dags/example_xcom.py
[2022-11-16 16:57:43,130] {logging_mixin.py:109} INFO - [2022-11-16 16:57:43,129] {dag.py:1833} INFO - Sync 1 DAGs
[2022-11-16 16:57:43,157] {logging_mixin.py:109} INFO - [2022-11-16 16:57:43,157] {dag.py:2306} INFO - Setting next_dagrun for example_xcom to 2022-11-14 00:00:00+00:00
[2022-11-16 16:57:43,171] {processor.py:170} INFO - Processing /home/airflow/.local/lib/python3.6/site-packages/airflow/example_dags/example_xcom.py took 0.110 seconds
[2022-11-16 16:58:13,499] {processor.py:162} INFO - Started process (PID=637) to work on /home/airflow/.local/lib/python3.6/site-packages/airflow/example_dags/example_xcom.py
[2022-11-16 16:58:13,500] {processor.py:613} INFO - Processing file /home/airflow/.local/lib/python3.6/site-packages/airflow/example_dags/example_xcom.py for tasks to queue
[2022-11-16 16:58:13,502] {logging_mixin.py:109} INFO - [2022-11-16 16:58:13,502] {dagbag.py:496} INFO - Filling up the DagBag from /home/airflow/.local/lib/python3.6/site-packages/airflow/example_dags/example_xcom.py
[2022-11-16 16:58:13,519] {processor.py:623} INFO - DAG(s) dict_keys(['example_xcom']) retrieved from /home/airflow/.local/lib/python3.6/site-packages/airflow/example_dags/example_xcom.py
[2022-11-16 16:58:13,545] {logging_mixin.py:109} INFO - [2022-11-16 16:58:13,545] {dag.py:1833} INFO - Sync 1 DAGs
[2022-11-16 16:58:13,566] {logging_mixin.py:109} INFO - [2022-11-16 16:58:13,566] {dag.py:2306} INFO - Setting next_dagrun for example_xcom to 2022-11-14 00:00:00+00:00
[2022-11-16 16:58:13,580] {processor.py:170} INFO - Processing /home/airflow/.local/lib/python3.6/site-packages/airflow/example_dags/example_xcom.py took 0.086 seconds
[2022-11-16 16:58:44,170] {processor.py:162} INFO - Started process (PID=688) to work on /home/airflow/.local/lib/python3.6/site-packages/airflow/example_dags/example_xcom.py
[2022-11-16 16:58:44,172] {processor.py:613} INFO - Processing file /home/airflow/.local/lib/python3.6/site-packages/airflow/example_dags/example_xcom.py for tasks to queue
[2022-11-16 16:58:44,173] {logging_mixin.py:109} INFO - [2022-11-16 16:58:44,173] {dagbag.py:496} INFO - Filling up the DagBag from /home/airflow/.local/lib/python3.6/site-packages/airflow/example_dags/example_xcom.py
[2022-11-16 16:58:44,190] {processor.py:623} INFO - DAG(s) dict_keys(['example_xcom']) retrieved from /home/airflow/.local/lib/python3.6/site-packages/airflow/example_dags/example_xcom.py
[2022-11-16 16:58:44,216] {logging_mixin.py:109} INFO - [2022-11-16 16:58:44,216] {dag.py:1833} INFO - Sync 1 DAGs
[2022-11-16 16:58:44,236] {logging_mixin.py:109} INFO - [2022-11-16 16:58:44,235] {dag.py:2306} INFO - Setting next_dagrun for example_xcom to 2022-11-14 00:00:00+00:00
[2022-11-16 16:58:44,248] {processor.py:170} INFO - Processing /home/airflow/.local/lib/python3.6/site-packages/airflow/example_dags/example_xcom.py took 0.084 seconds
[2022-11-16 16:59:14,547] {processor.py:162} INFO - Started process (PID=739) to work on /home/airflow/.local/lib/python3.6/site-packages/airflow/example_dags/example_xcom.py
[2022-11-16 16:59:14,549] {processor.py:613} INFO - Processing file /home/airflow/.local/lib/python3.6/site-packages/airflow/example_dags/example_xcom.py for tasks to queue
[2022-11-16 16:59:14,550] {logging_mixin.py:109} INFO - [2022-11-16 16:59:14,550] {dagbag.py:496} INFO - Filling up the DagBag from /home/airflow/.local/lib/python3.6/site-packages/airflow/example_dags/example_xcom.py
[2022-11-16 16:59:14,565] {processor.py:623} INFO - DAG(s) dict_keys(['example_xcom']) retrieved from /home/airflow/.local/lib/python3.6/site-packages/airflow/example_dags/example_xcom.py
[2022-11-16 16:59:14,591] {logging_mixin.py:109} INFO - [2022-11-16 16:59:14,590] {dag.py:1833} INFO - Sync 1 DAGs
[2022-11-16 16:59:14,615] {logging_mixin.py:109} INFO - [2022-11-16 16:59:14,615] {dag.py:2306} INFO - Setting next_dagrun for example_xcom to 2022-11-14 00:00:00+00:00
[2022-11-16 16:59:14,629] {processor.py:170} INFO - Processing /home/airflow/.local/lib/python3.6/site-packages/airflow/example_dags/example_xcom.py took 0.087 seconds
[2022-11-16 16:59:45,030] {processor.py:162} INFO - Started process (PID=800) to work on /home/airflow/.local/lib/python3.6/site-packages/airflow/example_dags/example_xcom.py
[2022-11-16 16:59:45,032] {processor.py:613} INFO - Processing file /home/airflow/.local/lib/python3.6/site-packages/airflow/example_dags/example_xcom.py for tasks to queue
[2022-11-16 16:59:45,036] {logging_mixin.py:109} INFO - [2022-11-16 16:59:45,035] {dagbag.py:496} INFO - Filling up the DagBag from /home/airflow/.local/lib/python3.6/site-packages/airflow/example_dags/example_xcom.py
[2022-11-16 16:59:45,065] {processor.py:623} INFO - DAG(s) dict_keys(['example_xcom']) retrieved from /home/airflow/.local/lib/python3.6/site-packages/airflow/example_dags/example_xcom.py
[2022-11-16 16:59:45,107] {logging_mixin.py:109} INFO - [2022-11-16 16:59:45,106] {dag.py:1833} INFO - Sync 1 DAGs
[2022-11-16 16:59:45,146] {logging_mixin.py:109} INFO - [2022-11-16 16:59:45,146] {dag.py:2306} INFO - Setting next_dagrun for example_xcom to 2022-11-14 00:00:00+00:00
[2022-11-16 16:59:45,168] {processor.py:170} INFO - Processing /home/airflow/.local/lib/python3.6/site-packages/airflow/example_dags/example_xcom.py took 0.147 seconds
[2022-11-16 17:00:15,497] {processor.py:162} INFO - Started process (PID=851) to work on /home/airflow/.local/lib/python3.6/site-packages/airflow/example_dags/example_xcom.py
[2022-11-16 17:00:15,499] {processor.py:613} INFO - Processing file /home/airflow/.local/lib/python3.6/site-packages/airflow/example_dags/example_xcom.py for tasks to queue
[2022-11-16 17:00:15,500] {logging_mixin.py:109} INFO - [2022-11-16 17:00:15,500] {dagbag.py:496} INFO - Filling up the DagBag from /home/airflow/.local/lib/python3.6/site-packages/airflow/example_dags/example_xcom.py
[2022-11-16 17:00:15,517] {processor.py:623} INFO - DAG(s) dict_keys(['example_xcom']) retrieved from /home/airflow/.local/lib/python3.6/site-packages/airflow/example_dags/example_xcom.py
[2022-11-16 17:00:15,543] {logging_mixin.py:109} INFO - [2022-11-16 17:00:15,543] {dag.py:1833} INFO - Sync 1 DAGs
[2022-11-16 17:00:15,562] {logging_mixin.py:109} INFO - [2022-11-16 17:00:15,562] {dag.py:2306} INFO - Setting next_dagrun for example_xcom to 2022-11-14 00:00:00+00:00
[2022-11-16 17:00:15,577] {processor.py:170} INFO - Processing /home/airflow/.local/lib/python3.6/site-packages/airflow/example_dags/example_xcom.py took 0.084 seconds
[2022-11-16 17:00:45,690] {processor.py:162} INFO - Started process (PID=909) to work on /home/airflow/.local/lib/python3.6/site-packages/airflow/example_dags/example_xcom.py
[2022-11-16 17:00:45,692] {processor.py:613} INFO - Processing file /home/airflow/.local/lib/python3.6/site-packages/airflow/example_dags/example_xcom.py for tasks to queue
[2022-11-16 17:00:45,693] {logging_mixin.py:109} INFO - [2022-11-16 17:00:45,693] {dagbag.py:496} INFO - Filling up the DagBag from /home/airflow/.local/lib/python3.6/site-packages/airflow/example_dags/example_xcom.py
[2022-11-16 17:00:45,710] {processor.py:623} INFO - DAG(s) dict_keys(['example_xcom']) retrieved from /home/airflow/.local/lib/python3.6/site-packages/airflow/example_dags/example_xcom.py
[2022-11-16 17:00:45,737] {logging_mixin.py:109} INFO - [2022-11-16 17:00:45,737] {dag.py:1833} INFO - Sync 1 DAGs
[2022-11-16 17:00:45,756] {logging_mixin.py:109} INFO - [2022-11-16 17:00:45,756] {dag.py:2306} INFO - Setting next_dagrun for example_xcom to 2022-11-14 00:00:00+00:00
[2022-11-16 17:00:45,771] {processor.py:170} INFO - Processing /home/airflow/.local/lib/python3.6/site-packages/airflow/example_dags/example_xcom.py took 0.084 seconds
[2022-11-16 17:01:16,256] {processor.py:162} INFO - Started process (PID=963) to work on /home/airflow/.local/lib/python3.6/site-packages/airflow/example_dags/example_xcom.py
[2022-11-16 17:01:16,258] {processor.py:613} INFO - Processing file /home/airflow/.local/lib/python3.6/site-packages/airflow/example_dags/example_xcom.py for tasks to queue
[2022-11-16 17:01:16,259] {logging_mixin.py:109} INFO - [2022-11-16 17:01:16,259] {dagbag.py:496} INFO - Filling up the DagBag from /home/airflow/.local/lib/python3.6/site-packages/airflow/example_dags/example_xcom.py
[2022-11-16 17:01:16,274] {processor.py:623} INFO - DAG(s) dict_keys(['example_xcom']) retrieved from /home/airflow/.local/lib/python3.6/site-packages/airflow/example_dags/example_xcom.py
[2022-11-16 17:01:16,301] {logging_mixin.py:109} INFO - [2022-11-16 17:01:16,301] {dag.py:1833} INFO - Sync 1 DAGs
[2022-11-16 17:01:16,320] {logging_mixin.py:109} INFO - [2022-11-16 17:01:16,320] {dag.py:2306} INFO - Setting next_dagrun for example_xcom to 2022-11-14 00:00:00+00:00
[2022-11-16 17:01:16,334] {processor.py:170} INFO - Processing /home/airflow/.local/lib/python3.6/site-packages/airflow/example_dags/example_xcom.py took 0.082 seconds
[2022-11-16 17:01:46,471] {processor.py:162} INFO - Started process (PID=1015) to work on /home/airflow/.local/lib/python3.6/site-packages/airflow/example_dags/example_xcom.py
[2022-11-16 17:01:46,473] {processor.py:613} INFO - Processing file /home/airflow/.local/lib/python3.6/site-packages/airflow/example_dags/example_xcom.py for tasks to queue
[2022-11-16 17:01:46,475] {logging_mixin.py:109} INFO - [2022-11-16 17:01:46,474] {dagbag.py:496} INFO - Filling up the DagBag from /home/airflow/.local/lib/python3.6/site-packages/airflow/example_dags/example_xcom.py
[2022-11-16 17:01:46,495] {processor.py:623} INFO - DAG(s) dict_keys(['example_xcom']) retrieved from /home/airflow/.local/lib/python3.6/site-packages/airflow/example_dags/example_xcom.py
[2022-11-16 17:01:46,525] {logging_mixin.py:109} INFO - [2022-11-16 17:01:46,525] {dag.py:1833} INFO - Sync 1 DAGs
[2022-11-16 17:01:46,547] {logging_mixin.py:109} INFO - [2022-11-16 17:01:46,547] {dag.py:2306} INFO - Setting next_dagrun for example_xcom to 2022-11-14 00:00:00+00:00
[2022-11-16 17:01:46,563] {processor.py:170} INFO - Processing /home/airflow/.local/lib/python3.6/site-packages/airflow/example_dags/example_xcom.py took 0.095 seconds
[2022-11-16 17:02:17,071] {processor.py:162} INFO - Started process (PID=1076) to work on /home/airflow/.local/lib/python3.6/site-packages/airflow/example_dags/example_xcom.py
[2022-11-16 17:02:17,073] {processor.py:613} INFO - Processing file /home/airflow/.local/lib/python3.6/site-packages/airflow/example_dags/example_xcom.py for tasks to queue
[2022-11-16 17:02:17,074] {logging_mixin.py:109} INFO - [2022-11-16 17:02:17,073] {dagbag.py:496} INFO - Filling up the DagBag from /home/airflow/.local/lib/python3.6/site-packages/airflow/example_dags/example_xcom.py
[2022-11-16 17:02:17,086] {processor.py:623} INFO - DAG(s) dict_keys(['example_xcom']) retrieved from /home/airflow/.local/lib/python3.6/site-packages/airflow/example_dags/example_xcom.py
[2022-11-16 17:02:17,115] {logging_mixin.py:109} INFO - [2022-11-16 17:02:17,115] {dag.py:1833} INFO - Sync 1 DAGs
[2022-11-16 17:02:17,136] {logging_mixin.py:109} INFO - [2022-11-16 17:02:17,136] {dag.py:2306} INFO - Setting next_dagrun for example_xcom to 2022-11-14 00:00:00+00:00
[2022-11-16 17:02:17,151] {processor.py:170} INFO - Processing /home/airflow/.local/lib/python3.6/site-packages/airflow/example_dags/example_xcom.py took 0.083 seconds
[2022-11-16 17:02:47,530] {processor.py:162} INFO - Started process (PID=1126) to work on /home/airflow/.local/lib/python3.6/site-packages/airflow/example_dags/example_xcom.py
[2022-11-16 17:02:47,531] {processor.py:613} INFO - Processing file /home/airflow/.local/lib/python3.6/site-packages/airflow/example_dags/example_xcom.py for tasks to queue
[2022-11-16 17:02:47,533] {logging_mixin.py:109} INFO - [2022-11-16 17:02:47,533] {dagbag.py:496} INFO - Filling up the DagBag from /home/airflow/.local/lib/python3.6/site-packages/airflow/example_dags/example_xcom.py
[2022-11-16 17:02:47,549] {processor.py:623} INFO - DAG(s) dict_keys(['example_xcom']) retrieved from /home/airflow/.local/lib/python3.6/site-packages/airflow/example_dags/example_xcom.py
[2022-11-16 17:02:47,574] {logging_mixin.py:109} INFO - [2022-11-16 17:02:47,574] {dag.py:1833} INFO - Sync 1 DAGs
[2022-11-16 17:02:47,590] {logging_mixin.py:109} INFO - [2022-11-16 17:02:47,590] {dag.py:2306} INFO - Setting next_dagrun for example_xcom to 2022-11-14 00:00:00+00:00
[2022-11-16 17:02:47,602] {processor.py:170} INFO - Processing /home/airflow/.local/lib/python3.6/site-packages/airflow/example_dags/example_xcom.py took 0.077 seconds
[2022-11-16 17:03:18,035] {processor.py:162} INFO - Started process (PID=1178) to work on /home/airflow/.local/lib/python3.6/site-packages/airflow/example_dags/example_xcom.py
[2022-11-16 17:03:18,036] {processor.py:613} INFO - Processing file /home/airflow/.local/lib/python3.6/site-packages/airflow/example_dags/example_xcom.py for tasks to queue
[2022-11-16 17:03:18,038] {logging_mixin.py:109} INFO - [2022-11-16 17:03:18,038] {dagbag.py:496} INFO - Filling up the DagBag from /home/airflow/.local/lib/python3.6/site-packages/airflow/example_dags/example_xcom.py
[2022-11-16 17:03:18,055] {processor.py:623} INFO - DAG(s) dict_keys(['example_xcom']) retrieved from /home/airflow/.local/lib/python3.6/site-packages/airflow/example_dags/example_xcom.py
[2022-11-16 17:03:18,079] {logging_mixin.py:109} INFO - [2022-11-16 17:03:18,079] {dag.py:1833} INFO - Sync 1 DAGs
[2022-11-16 17:03:18,098] {logging_mixin.py:109} INFO - [2022-11-16 17:03:18,098] {dag.py:2306} INFO - Setting next_dagrun for example_xcom to 2022-11-14 00:00:00+00:00
[2022-11-16 17:03:18,111] {processor.py:170} INFO - Processing /home/airflow/.local/lib/python3.6/site-packages/airflow/example_dags/example_xcom.py took 0.081 seconds
[2022-11-16 17:04:51,989] {processor.py:162} INFO - Started process (PID=45) to work on /home/airflow/.local/lib/python3.6/site-packages/airflow/example_dags/example_xcom.py
[2022-11-16 17:04:51,991] {processor.py:613} INFO - Processing file /home/airflow/.local/lib/python3.6/site-packages/airflow/example_dags/example_xcom.py for tasks to queue
[2022-11-16 17:04:51,996] {logging_mixin.py:109} INFO - [2022-11-16 17:04:51,995] {dagbag.py:496} INFO - Filling up the DagBag from /home/airflow/.local/lib/python3.6/site-packages/airflow/example_dags/example_xcom.py
[2022-11-16 17:04:52,016] {processor.py:623} INFO - DAG(s) dict_keys(['example_xcom']) retrieved from /home/airflow/.local/lib/python3.6/site-packages/airflow/example_dags/example_xcom.py
[2022-11-16 17:04:52,050] {logging_mixin.py:109} INFO - [2022-11-16 17:04:52,049] {dag.py:1833} INFO - Sync 1 DAGs
[2022-11-16 17:04:52,077] {logging_mixin.py:109} INFO - [2022-11-16 17:04:52,076] {dag.py:2306} INFO - Setting next_dagrun for example_xcom to 2022-11-14 00:00:00+00:00
[2022-11-16 17:04:52,096] {processor.py:170} INFO - Processing /home/airflow/.local/lib/python3.6/site-packages/airflow/example_dags/example_xcom.py took 0.111 seconds
[2022-11-16 17:05:23,443] {processor.py:162} INFO - Started process (PID=97) to work on /home/airflow/.local/lib/python3.6/site-packages/airflow/example_dags/example_xcom.py
[2022-11-16 17:05:23,459] {processor.py:613} INFO - Processing file /home/airflow/.local/lib/python3.6/site-packages/airflow/example_dags/example_xcom.py for tasks to queue
[2022-11-16 17:05:23,461] {logging_mixin.py:109} INFO - [2022-11-16 17:05:23,460] {dagbag.py:496} INFO - Filling up the DagBag from /home/airflow/.local/lib/python3.6/site-packages/airflow/example_dags/example_xcom.py
[2022-11-16 17:05:23,478] {processor.py:623} INFO - DAG(s) dict_keys(['example_xcom']) retrieved from /home/airflow/.local/lib/python3.6/site-packages/airflow/example_dags/example_xcom.py
[2022-11-16 17:05:23,511] {logging_mixin.py:109} INFO - [2022-11-16 17:05:23,510] {dag.py:1833} INFO - Sync 1 DAGs
[2022-11-16 17:05:23,535] {logging_mixin.py:109} INFO - [2022-11-16 17:05:23,535] {dag.py:2306} INFO - Setting next_dagrun for example_xcom to 2022-11-14 00:00:00+00:00
[2022-11-16 17:05:23,550] {processor.py:170} INFO - Processing /home/airflow/.local/lib/python3.6/site-packages/airflow/example_dags/example_xcom.py took 0.111 seconds
[2022-11-16 17:05:53,989] {processor.py:162} INFO - Started process (PID=149) to work on /home/airflow/.local/lib/python3.6/site-packages/airflow/example_dags/example_xcom.py
[2022-11-16 17:05:53,992] {processor.py:613} INFO - Processing file /home/airflow/.local/lib/python3.6/site-packages/airflow/example_dags/example_xcom.py for tasks to queue
[2022-11-16 17:05:53,994] {logging_mixin.py:109} INFO - [2022-11-16 17:05:53,994] {dagbag.py:496} INFO - Filling up the DagBag from /home/airflow/.local/lib/python3.6/site-packages/airflow/example_dags/example_xcom.py
[2022-11-16 17:05:54,011] {processor.py:623} INFO - DAG(s) dict_keys(['example_xcom']) retrieved from /home/airflow/.local/lib/python3.6/site-packages/airflow/example_dags/example_xcom.py
[2022-11-16 17:05:54,047] {logging_mixin.py:109} INFO - [2022-11-16 17:05:54,047] {dag.py:1833} INFO - Sync 1 DAGs
[2022-11-16 17:05:54,069] {logging_mixin.py:109} INFO - [2022-11-16 17:05:54,069] {dag.py:2306} INFO - Setting next_dagrun for example_xcom to 2022-11-14 00:00:00+00:00
[2022-11-16 17:05:54,084] {processor.py:170} INFO - Processing /home/airflow/.local/lib/python3.6/site-packages/airflow/example_dags/example_xcom.py took 0.101 seconds
