[2022-11-16 16:54:56,668] {processor.py:162} INFO - Started process (PID=115) to work on /home/airflow/.local/lib/python3.6/site-packages/airflow/example_dags/example_task_group.py
[2022-11-16 16:54:56,671] {processor.py:613} INFO - Processing file /home/airflow/.local/lib/python3.6/site-packages/airflow/example_dags/example_task_group.py for tasks to queue
[2022-11-16 16:54:56,677] {logging_mixin.py:109} INFO - [2022-11-16 16:54:56,676] {dagbag.py:496} INFO - Filling up the DagBag from /home/airflow/.local/lib/python3.6/site-packages/airflow/example_dags/example_task_group.py
[2022-11-16 16:54:56,745] {processor.py:623} INFO - DAG(s) dict_keys(['example_task_group']) retrieved from /home/airflow/.local/lib/python3.6/site-packages/airflow/example_dags/example_task_group.py
[2022-11-16 16:55:03,210] {logging_mixin.py:109} INFO - [2022-11-16 16:55:03,207] {dag.py:1833} INFO - Sync 1 DAGs
[2022-11-16 16:55:03,235] {logging_mixin.py:109} INFO - [2022-11-16 16:55:03,233] {dag.py:1852} INFO - Creating ORM DAG for example_task_group
[2022-11-16 16:55:03,245] {logging_mixin.py:109} INFO - [2022-11-16 16:55:03,245] {dag.py:2306} INFO - Setting next_dagrun for example_task_group to 2022-11-14 00:00:00+00:00
[2022-11-16 16:55:03,272] {processor.py:170} INFO - Processing /home/airflow/.local/lib/python3.6/site-packages/airflow/example_dags/example_task_group.py took 6.613 seconds
[2022-11-16 16:55:41,220] {processor.py:162} INFO - Started process (PID=368) to work on /home/airflow/.local/lib/python3.6/site-packages/airflow/example_dags/example_task_group.py
[2022-11-16 16:55:41,222] {processor.py:613} INFO - Processing file /home/airflow/.local/lib/python3.6/site-packages/airflow/example_dags/example_task_group.py for tasks to queue
[2022-11-16 16:55:41,223] {logging_mixin.py:109} INFO - [2022-11-16 16:55:41,223] {dagbag.py:496} INFO - Filling up the DagBag from /home/airflow/.local/lib/python3.6/site-packages/airflow/example_dags/example_task_group.py
[2022-11-16 16:55:41,243] {processor.py:623} INFO - DAG(s) dict_keys(['example_task_group']) retrieved from /home/airflow/.local/lib/python3.6/site-packages/airflow/example_dags/example_task_group.py
[2022-11-16 16:55:41,271] {logging_mixin.py:109} INFO - [2022-11-16 16:55:41,271] {dag.py:1833} INFO - Sync 1 DAGs
[2022-11-16 16:55:41,290] {logging_mixin.py:109} INFO - [2022-11-16 16:55:41,290] {dag.py:2306} INFO - Setting next_dagrun for example_task_group to 2022-11-14 00:00:00+00:00
[2022-11-16 16:55:41,304] {processor.py:170} INFO - Processing /home/airflow/.local/lib/python3.6/site-packages/airflow/example_dags/example_task_group.py took 0.088 seconds
[2022-11-16 16:56:11,343] {processor.py:162} INFO - Started process (PID=419) to work on /home/airflow/.local/lib/python3.6/site-packages/airflow/example_dags/example_task_group.py
[2022-11-16 16:56:11,344] {processor.py:613} INFO - Processing file /home/airflow/.local/lib/python3.6/site-packages/airflow/example_dags/example_task_group.py for tasks to queue
[2022-11-16 16:56:11,345] {logging_mixin.py:109} INFO - [2022-11-16 16:56:11,345] {dagbag.py:496} INFO - Filling up the DagBag from /home/airflow/.local/lib/python3.6/site-packages/airflow/example_dags/example_task_group.py
[2022-11-16 16:56:11,363] {processor.py:623} INFO - DAG(s) dict_keys(['example_task_group']) retrieved from /home/airflow/.local/lib/python3.6/site-packages/airflow/example_dags/example_task_group.py
[2022-11-16 16:56:11,397] {logging_mixin.py:109} INFO - [2022-11-16 16:56:11,397] {dag.py:1833} INFO - Sync 1 DAGs
[2022-11-16 16:56:11,425] {logging_mixin.py:109} INFO - [2022-11-16 16:56:11,425] {dag.py:2306} INFO - Setting next_dagrun for example_task_group to 2022-11-14 00:00:00+00:00
[2022-11-16 16:56:11,441] {processor.py:170} INFO - Processing /home/airflow/.local/lib/python3.6/site-packages/airflow/example_dags/example_task_group.py took 0.102 seconds
[2022-11-16 16:56:42,379] {processor.py:162} INFO - Started process (PID=474) to work on /home/airflow/.local/lib/python3.6/site-packages/airflow/example_dags/example_task_group.py
[2022-11-16 16:56:42,382] {processor.py:613} INFO - Processing file /home/airflow/.local/lib/python3.6/site-packages/airflow/example_dags/example_task_group.py for tasks to queue
[2022-11-16 16:56:42,384] {logging_mixin.py:109} INFO - [2022-11-16 16:56:42,383] {dagbag.py:496} INFO - Filling up the DagBag from /home/airflow/.local/lib/python3.6/site-packages/airflow/example_dags/example_task_group.py
[2022-11-16 16:56:42,412] {processor.py:623} INFO - DAG(s) dict_keys(['example_task_group']) retrieved from /home/airflow/.local/lib/python3.6/site-packages/airflow/example_dags/example_task_group.py
[2022-11-16 16:56:42,439] {logging_mixin.py:109} INFO - [2022-11-16 16:56:42,439] {dag.py:1833} INFO - Sync 1 DAGs
[2022-11-16 16:56:42,460] {logging_mixin.py:109} INFO - [2022-11-16 16:56:42,460] {dag.py:2306} INFO - Setting next_dagrun for example_task_group to 2022-11-14 00:00:00+00:00
[2022-11-16 16:56:42,473] {processor.py:170} INFO - Processing /home/airflow/.local/lib/python3.6/site-packages/airflow/example_dags/example_task_group.py took 0.100 seconds
[2022-11-16 16:57:12,532] {processor.py:162} INFO - Started process (PID=528) to work on /home/airflow/.local/lib/python3.6/site-packages/airflow/example_dags/example_task_group.py
[2022-11-16 16:57:12,533] {processor.py:613} INFO - Processing file /home/airflow/.local/lib/python3.6/site-packages/airflow/example_dags/example_task_group.py for tasks to queue
[2022-11-16 16:57:12,534] {logging_mixin.py:109} INFO - [2022-11-16 16:57:12,534] {dagbag.py:496} INFO - Filling up the DagBag from /home/airflow/.local/lib/python3.6/site-packages/airflow/example_dags/example_task_group.py
[2022-11-16 16:57:12,553] {processor.py:623} INFO - DAG(s) dict_keys(['example_task_group']) retrieved from /home/airflow/.local/lib/python3.6/site-packages/airflow/example_dags/example_task_group.py
[2022-11-16 16:57:12,584] {logging_mixin.py:109} INFO - [2022-11-16 16:57:12,584] {dag.py:1833} INFO - Sync 1 DAGs
[2022-11-16 16:57:12,604] {logging_mixin.py:109} INFO - [2022-11-16 16:57:12,604] {dag.py:2306} INFO - Setting next_dagrun for example_task_group to 2022-11-14 00:00:00+00:00
[2022-11-16 16:57:12,618] {processor.py:170} INFO - Processing /home/airflow/.local/lib/python3.6/site-packages/airflow/example_dags/example_task_group.py took 0.092 seconds
[2022-11-16 16:57:43,225] {processor.py:162} INFO - Started process (PID=579) to work on /home/airflow/.local/lib/python3.6/site-packages/airflow/example_dags/example_task_group.py
[2022-11-16 16:57:43,227] {processor.py:613} INFO - Processing file /home/airflow/.local/lib/python3.6/site-packages/airflow/example_dags/example_task_group.py for tasks to queue
[2022-11-16 16:57:43,229] {logging_mixin.py:109} INFO - [2022-11-16 16:57:43,229] {dagbag.py:496} INFO - Filling up the DagBag from /home/airflow/.local/lib/python3.6/site-packages/airflow/example_dags/example_task_group.py
[2022-11-16 16:57:43,256] {processor.py:623} INFO - DAG(s) dict_keys(['example_task_group']) retrieved from /home/airflow/.local/lib/python3.6/site-packages/airflow/example_dags/example_task_group.py
[2022-11-16 16:57:43,287] {logging_mixin.py:109} INFO - [2022-11-16 16:57:43,287] {dag.py:1833} INFO - Sync 1 DAGs
[2022-11-16 16:57:43,312] {logging_mixin.py:109} INFO - [2022-11-16 16:57:43,311] {dag.py:2306} INFO - Setting next_dagrun for example_task_group to 2022-11-14 00:00:00+00:00
[2022-11-16 16:57:43,327] {processor.py:170} INFO - Processing /home/airflow/.local/lib/python3.6/site-packages/airflow/example_dags/example_task_group.py took 0.107 seconds
[2022-11-16 16:58:13,628] {processor.py:162} INFO - Started process (PID=640) to work on /home/airflow/.local/lib/python3.6/site-packages/airflow/example_dags/example_task_group.py
[2022-11-16 16:58:13,630] {processor.py:613} INFO - Processing file /home/airflow/.local/lib/python3.6/site-packages/airflow/example_dags/example_task_group.py for tasks to queue
[2022-11-16 16:58:13,631] {logging_mixin.py:109} INFO - [2022-11-16 16:58:13,631] {dagbag.py:496} INFO - Filling up the DagBag from /home/airflow/.local/lib/python3.6/site-packages/airflow/example_dags/example_task_group.py
[2022-11-16 16:58:13,651] {processor.py:623} INFO - DAG(s) dict_keys(['example_task_group']) retrieved from /home/airflow/.local/lib/python3.6/site-packages/airflow/example_dags/example_task_group.py
[2022-11-16 16:58:13,682] {logging_mixin.py:109} INFO - [2022-11-16 16:58:13,682] {dag.py:1833} INFO - Sync 1 DAGs
[2022-11-16 16:58:13,709] {logging_mixin.py:109} INFO - [2022-11-16 16:58:13,709] {dag.py:2306} INFO - Setting next_dagrun for example_task_group to 2022-11-14 00:00:00+00:00
[2022-11-16 16:58:13,728] {processor.py:170} INFO - Processing /home/airflow/.local/lib/python3.6/site-packages/airflow/example_dags/example_task_group.py took 0.103 seconds
[2022-11-16 16:58:44,285] {processor.py:162} INFO - Started process (PID=691) to work on /home/airflow/.local/lib/python3.6/site-packages/airflow/example_dags/example_task_group.py
[2022-11-16 16:58:44,287] {processor.py:613} INFO - Processing file /home/airflow/.local/lib/python3.6/site-packages/airflow/example_dags/example_task_group.py for tasks to queue
[2022-11-16 16:58:44,288] {logging_mixin.py:109} INFO - [2022-11-16 16:58:44,288] {dagbag.py:496} INFO - Filling up the DagBag from /home/airflow/.local/lib/python3.6/site-packages/airflow/example_dags/example_task_group.py
[2022-11-16 16:58:44,304] {processor.py:623} INFO - DAG(s) dict_keys(['example_task_group']) retrieved from /home/airflow/.local/lib/python3.6/site-packages/airflow/example_dags/example_task_group.py
[2022-11-16 16:58:44,331] {logging_mixin.py:109} INFO - [2022-11-16 16:58:44,331] {dag.py:1833} INFO - Sync 1 DAGs
[2022-11-16 16:58:44,349] {logging_mixin.py:109} INFO - [2022-11-16 16:58:44,348] {dag.py:2306} INFO - Setting next_dagrun for example_task_group to 2022-11-14 00:00:00+00:00
[2022-11-16 16:58:44,361] {processor.py:170} INFO - Processing /home/airflow/.local/lib/python3.6/site-packages/airflow/example_dags/example_task_group.py took 0.080 seconds
[2022-11-16 16:59:14,672] {processor.py:162} INFO - Started process (PID=742) to work on /home/airflow/.local/lib/python3.6/site-packages/airflow/example_dags/example_task_group.py
[2022-11-16 16:59:14,674] {processor.py:613} INFO - Processing file /home/airflow/.local/lib/python3.6/site-packages/airflow/example_dags/example_task_group.py for tasks to queue
[2022-11-16 16:59:14,676] {logging_mixin.py:109} INFO - [2022-11-16 16:59:14,675] {dagbag.py:496} INFO - Filling up the DagBag from /home/airflow/.local/lib/python3.6/site-packages/airflow/example_dags/example_task_group.py
[2022-11-16 16:59:14,695] {processor.py:623} INFO - DAG(s) dict_keys(['example_task_group']) retrieved from /home/airflow/.local/lib/python3.6/site-packages/airflow/example_dags/example_task_group.py
[2022-11-16 16:59:14,722] {logging_mixin.py:109} INFO - [2022-11-16 16:59:14,722] {dag.py:1833} INFO - Sync 1 DAGs
[2022-11-16 16:59:14,741] {logging_mixin.py:109} INFO - [2022-11-16 16:59:14,741] {dag.py:2306} INFO - Setting next_dagrun for example_task_group to 2022-11-14 00:00:00+00:00
[2022-11-16 16:59:14,755] {processor.py:170} INFO - Processing /home/airflow/.local/lib/python3.6/site-packages/airflow/example_dags/example_task_group.py took 0.087 seconds
[2022-11-16 16:59:45,247] {processor.py:162} INFO - Started process (PID=803) to work on /home/airflow/.local/lib/python3.6/site-packages/airflow/example_dags/example_task_group.py
[2022-11-16 16:59:45,253] {processor.py:613} INFO - Processing file /home/airflow/.local/lib/python3.6/site-packages/airflow/example_dags/example_task_group.py for tasks to queue
[2022-11-16 16:59:45,258] {logging_mixin.py:109} INFO - [2022-11-16 16:59:45,257] {dagbag.py:496} INFO - Filling up the DagBag from /home/airflow/.local/lib/python3.6/site-packages/airflow/example_dags/example_task_group.py
[2022-11-16 16:59:45,301] {processor.py:623} INFO - DAG(s) dict_keys(['example_task_group']) retrieved from /home/airflow/.local/lib/python3.6/site-packages/airflow/example_dags/example_task_group.py
[2022-11-16 16:59:45,333] {logging_mixin.py:109} INFO - [2022-11-16 16:59:45,333] {dag.py:1833} INFO - Sync 1 DAGs
[2022-11-16 16:59:45,358] {logging_mixin.py:109} INFO - [2022-11-16 16:59:45,358] {dag.py:2306} INFO - Setting next_dagrun for example_task_group to 2022-11-14 00:00:00+00:00
[2022-11-16 16:59:45,384] {processor.py:170} INFO - Processing /home/airflow/.local/lib/python3.6/site-packages/airflow/example_dags/example_task_group.py took 0.145 seconds
[2022-11-16 17:00:15,631] {processor.py:162} INFO - Started process (PID=854) to work on /home/airflow/.local/lib/python3.6/site-packages/airflow/example_dags/example_task_group.py
[2022-11-16 17:00:15,633] {processor.py:613} INFO - Processing file /home/airflow/.local/lib/python3.6/site-packages/airflow/example_dags/example_task_group.py for tasks to queue
[2022-11-16 17:00:15,634] {logging_mixin.py:109} INFO - [2022-11-16 17:00:15,634] {dagbag.py:496} INFO - Filling up the DagBag from /home/airflow/.local/lib/python3.6/site-packages/airflow/example_dags/example_task_group.py
[2022-11-16 17:00:15,653] {processor.py:623} INFO - DAG(s) dict_keys(['example_task_group']) retrieved from /home/airflow/.local/lib/python3.6/site-packages/airflow/example_dags/example_task_group.py
[2022-11-16 17:00:15,683] {logging_mixin.py:109} INFO - [2022-11-16 17:00:15,683] {dag.py:1833} INFO - Sync 1 DAGs
[2022-11-16 17:00:15,710] {logging_mixin.py:109} INFO - [2022-11-16 17:00:15,710] {dag.py:2306} INFO - Setting next_dagrun for example_task_group to 2022-11-14 00:00:00+00:00
[2022-11-16 17:00:15,726] {processor.py:170} INFO - Processing /home/airflow/.local/lib/python3.6/site-packages/airflow/example_dags/example_task_group.py took 0.098 seconds
[2022-11-16 17:00:45,810] {processor.py:162} INFO - Started process (PID=912) to work on /home/airflow/.local/lib/python3.6/site-packages/airflow/example_dags/example_task_group.py
[2022-11-16 17:00:45,812] {processor.py:613} INFO - Processing file /home/airflow/.local/lib/python3.6/site-packages/airflow/example_dags/example_task_group.py for tasks to queue
[2022-11-16 17:00:45,813] {logging_mixin.py:109} INFO - [2022-11-16 17:00:45,813] {dagbag.py:496} INFO - Filling up the DagBag from /home/airflow/.local/lib/python3.6/site-packages/airflow/example_dags/example_task_group.py
[2022-11-16 17:00:45,832] {processor.py:623} INFO - DAG(s) dict_keys(['example_task_group']) retrieved from /home/airflow/.local/lib/python3.6/site-packages/airflow/example_dags/example_task_group.py
[2022-11-16 17:00:45,860] {logging_mixin.py:109} INFO - [2022-11-16 17:00:45,860] {dag.py:1833} INFO - Sync 1 DAGs
[2022-11-16 17:00:45,886] {logging_mixin.py:109} INFO - [2022-11-16 17:00:45,886] {dag.py:2306} INFO - Setting next_dagrun for example_task_group to 2022-11-14 00:00:00+00:00
[2022-11-16 17:00:45,903] {processor.py:170} INFO - Processing /home/airflow/.local/lib/python3.6/site-packages/airflow/example_dags/example_task_group.py took 0.098 seconds
[2022-11-16 17:01:16,376] {processor.py:162} INFO - Started process (PID=966) to work on /home/airflow/.local/lib/python3.6/site-packages/airflow/example_dags/example_task_group.py
[2022-11-16 17:01:16,378] {processor.py:613} INFO - Processing file /home/airflow/.local/lib/python3.6/site-packages/airflow/example_dags/example_task_group.py for tasks to queue
[2022-11-16 17:01:16,379] {logging_mixin.py:109} INFO - [2022-11-16 17:01:16,379] {dagbag.py:496} INFO - Filling up the DagBag from /home/airflow/.local/lib/python3.6/site-packages/airflow/example_dags/example_task_group.py
[2022-11-16 17:01:16,396] {processor.py:623} INFO - DAG(s) dict_keys(['example_task_group']) retrieved from /home/airflow/.local/lib/python3.6/site-packages/airflow/example_dags/example_task_group.py
[2022-11-16 17:01:16,421] {logging_mixin.py:109} INFO - [2022-11-16 17:01:16,421] {dag.py:1833} INFO - Sync 1 DAGs
[2022-11-16 17:01:16,440] {logging_mixin.py:109} INFO - [2022-11-16 17:01:16,440] {dag.py:2306} INFO - Setting next_dagrun for example_task_group to 2022-11-14 00:00:00+00:00
[2022-11-16 17:01:16,454] {processor.py:170} INFO - Processing /home/airflow/.local/lib/python3.6/site-packages/airflow/example_dags/example_task_group.py took 0.082 seconds
[2022-11-16 17:01:46,616] {processor.py:162} INFO - Started process (PID=1018) to work on /home/airflow/.local/lib/python3.6/site-packages/airflow/example_dags/example_task_group.py
[2022-11-16 17:01:46,618] {processor.py:613} INFO - Processing file /home/airflow/.local/lib/python3.6/site-packages/airflow/example_dags/example_task_group.py for tasks to queue
[2022-11-16 17:01:46,620] {logging_mixin.py:109} INFO - [2022-11-16 17:01:46,619] {dagbag.py:496} INFO - Filling up the DagBag from /home/airflow/.local/lib/python3.6/site-packages/airflow/example_dags/example_task_group.py
[2022-11-16 17:01:46,654] {processor.py:623} INFO - DAG(s) dict_keys(['example_task_group']) retrieved from /home/airflow/.local/lib/python3.6/site-packages/airflow/example_dags/example_task_group.py
[2022-11-16 17:01:46,691] {logging_mixin.py:109} INFO - [2022-11-16 17:01:46,691] {dag.py:1833} INFO - Sync 1 DAGs
[2022-11-16 17:01:46,730] {logging_mixin.py:109} INFO - [2022-11-16 17:01:46,729] {dag.py:2306} INFO - Setting next_dagrun for example_task_group to 2022-11-14 00:00:00+00:00
[2022-11-16 17:01:46,755] {processor.py:170} INFO - Processing /home/airflow/.local/lib/python3.6/site-packages/airflow/example_dags/example_task_group.py took 0.144 seconds
[2022-11-16 17:02:17,293] {processor.py:162} INFO - Started process (PID=1079) to work on /home/airflow/.local/lib/python3.6/site-packages/airflow/example_dags/example_task_group.py
[2022-11-16 17:02:17,295] {processor.py:613} INFO - Processing file /home/airflow/.local/lib/python3.6/site-packages/airflow/example_dags/example_task_group.py for tasks to queue
[2022-11-16 17:02:17,297] {logging_mixin.py:109} INFO - [2022-11-16 17:02:17,296] {dagbag.py:496} INFO - Filling up the DagBag from /home/airflow/.local/lib/python3.6/site-packages/airflow/example_dags/example_task_group.py
[2022-11-16 17:02:17,314] {processor.py:623} INFO - DAG(s) dict_keys(['example_task_group']) retrieved from /home/airflow/.local/lib/python3.6/site-packages/airflow/example_dags/example_task_group.py
[2022-11-16 17:02:17,343] {logging_mixin.py:109} INFO - [2022-11-16 17:02:17,342] {dag.py:1833} INFO - Sync 1 DAGs
[2022-11-16 17:02:17,362] {logging_mixin.py:109} INFO - [2022-11-16 17:02:17,362] {dag.py:2306} INFO - Setting next_dagrun for example_task_group to 2022-11-14 00:00:00+00:00
[2022-11-16 17:02:17,376] {processor.py:170} INFO - Processing /home/airflow/.local/lib/python3.6/site-packages/airflow/example_dags/example_task_group.py took 0.087 seconds
[2022-11-16 17:02:47,723] {processor.py:162} INFO - Started process (PID=1130) to work on /home/airflow/.local/lib/python3.6/site-packages/airflow/example_dags/example_task_group.py
[2022-11-16 17:02:47,725] {processor.py:613} INFO - Processing file /home/airflow/.local/lib/python3.6/site-packages/airflow/example_dags/example_task_group.py for tasks to queue
[2022-11-16 17:02:47,726] {logging_mixin.py:109} INFO - [2022-11-16 17:02:47,726] {dagbag.py:496} INFO - Filling up the DagBag from /home/airflow/.local/lib/python3.6/site-packages/airflow/example_dags/example_task_group.py
[2022-11-16 17:02:47,744] {processor.py:623} INFO - DAG(s) dict_keys(['example_task_group']) retrieved from /home/airflow/.local/lib/python3.6/site-packages/airflow/example_dags/example_task_group.py
[2022-11-16 17:02:47,768] {logging_mixin.py:109} INFO - [2022-11-16 17:02:47,768] {dag.py:1833} INFO - Sync 1 DAGs
[2022-11-16 17:02:47,785] {logging_mixin.py:109} INFO - [2022-11-16 17:02:47,785] {dag.py:2306} INFO - Setting next_dagrun for example_task_group to 2022-11-14 00:00:00+00:00
[2022-11-16 17:02:47,799] {processor.py:170} INFO - Processing /home/airflow/.local/lib/python3.6/site-packages/airflow/example_dags/example_task_group.py took 0.079 seconds
[2022-11-16 17:03:18,231] {processor.py:162} INFO - Started process (PID=1182) to work on /home/airflow/.local/lib/python3.6/site-packages/airflow/example_dags/example_task_group.py
[2022-11-16 17:03:18,233] {processor.py:613} INFO - Processing file /home/airflow/.local/lib/python3.6/site-packages/airflow/example_dags/example_task_group.py for tasks to queue
[2022-11-16 17:03:18,234] {logging_mixin.py:109} INFO - [2022-11-16 17:03:18,234] {dagbag.py:496} INFO - Filling up the DagBag from /home/airflow/.local/lib/python3.6/site-packages/airflow/example_dags/example_task_group.py
[2022-11-16 17:03:18,250] {processor.py:623} INFO - DAG(s) dict_keys(['example_task_group']) retrieved from /home/airflow/.local/lib/python3.6/site-packages/airflow/example_dags/example_task_group.py
[2022-11-16 17:03:18,276] {logging_mixin.py:109} INFO - [2022-11-16 17:03:18,276] {dag.py:1833} INFO - Sync 1 DAGs
[2022-11-16 17:03:18,293] {logging_mixin.py:109} INFO - [2022-11-16 17:03:18,293] {dag.py:2306} INFO - Setting next_dagrun for example_task_group to 2022-11-14 00:00:00+00:00
[2022-11-16 17:03:18,305] {processor.py:170} INFO - Processing /home/airflow/.local/lib/python3.6/site-packages/airflow/example_dags/example_task_group.py took 0.077 seconds
[2022-11-16 17:04:52,311] {processor.py:162} INFO - Started process (PID=49) to work on /home/airflow/.local/lib/python3.6/site-packages/airflow/example_dags/example_task_group.py
[2022-11-16 17:04:52,313] {processor.py:613} INFO - Processing file /home/airflow/.local/lib/python3.6/site-packages/airflow/example_dags/example_task_group.py for tasks to queue
[2022-11-16 17:04:52,314] {logging_mixin.py:109} INFO - [2022-11-16 17:04:52,314] {dagbag.py:496} INFO - Filling up the DagBag from /home/airflow/.local/lib/python3.6/site-packages/airflow/example_dags/example_task_group.py
[2022-11-16 17:04:52,354] {processor.py:623} INFO - DAG(s) dict_keys(['example_task_group']) retrieved from /home/airflow/.local/lib/python3.6/site-packages/airflow/example_dags/example_task_group.py
[2022-11-16 17:04:52,390] {logging_mixin.py:109} INFO - [2022-11-16 17:04:52,390] {dag.py:1833} INFO - Sync 1 DAGs
[2022-11-16 17:04:52,420] {logging_mixin.py:109} INFO - [2022-11-16 17:04:52,420] {dag.py:2306} INFO - Setting next_dagrun for example_task_group to 2022-11-14 00:00:00+00:00
[2022-11-16 17:04:52,440] {processor.py:170} INFO - Processing /home/airflow/.local/lib/python3.6/site-packages/airflow/example_dags/example_task_group.py took 0.134 seconds
[2022-11-16 17:05:24,518] {processor.py:162} INFO - Started process (PID=101) to work on /home/airflow/.local/lib/python3.6/site-packages/airflow/example_dags/example_task_group.py
[2022-11-16 17:05:24,520] {processor.py:613} INFO - Processing file /home/airflow/.local/lib/python3.6/site-packages/airflow/example_dags/example_task_group.py for tasks to queue
[2022-11-16 17:05:24,522] {logging_mixin.py:109} INFO - [2022-11-16 17:05:24,522] {dagbag.py:496} INFO - Filling up the DagBag from /home/airflow/.local/lib/python3.6/site-packages/airflow/example_dags/example_task_group.py
[2022-11-16 17:05:24,542] {processor.py:623} INFO - DAG(s) dict_keys(['example_task_group']) retrieved from /home/airflow/.local/lib/python3.6/site-packages/airflow/example_dags/example_task_group.py
[2022-11-16 17:05:24,569] {logging_mixin.py:109} INFO - [2022-11-16 17:05:24,569] {dag.py:1833} INFO - Sync 1 DAGs
[2022-11-16 17:05:24,589] {logging_mixin.py:109} INFO - [2022-11-16 17:05:24,589] {dag.py:2306} INFO - Setting next_dagrun for example_task_group to 2022-11-14 00:00:00+00:00
[2022-11-16 17:05:24,603] {processor.py:170} INFO - Processing /home/airflow/.local/lib/python3.6/site-packages/airflow/example_dags/example_task_group.py took 0.089 seconds
[2022-11-16 17:05:55,132] {processor.py:162} INFO - Started process (PID=153) to work on /home/airflow/.local/lib/python3.6/site-packages/airflow/example_dags/example_task_group.py
[2022-11-16 17:05:55,135] {processor.py:613} INFO - Processing file /home/airflow/.local/lib/python3.6/site-packages/airflow/example_dags/example_task_group.py for tasks to queue
[2022-11-16 17:05:55,137] {logging_mixin.py:109} INFO - [2022-11-16 17:05:55,136] {dagbag.py:496} INFO - Filling up the DagBag from /home/airflow/.local/lib/python3.6/site-packages/airflow/example_dags/example_task_group.py
[2022-11-16 17:05:55,166] {processor.py:623} INFO - DAG(s) dict_keys(['example_task_group']) retrieved from /home/airflow/.local/lib/python3.6/site-packages/airflow/example_dags/example_task_group.py
[2022-11-16 17:05:55,230] {logging_mixin.py:109} INFO - [2022-11-16 17:05:55,230] {dag.py:1833} INFO - Sync 1 DAGs
[2022-11-16 17:05:55,283] {logging_mixin.py:109} INFO - [2022-11-16 17:05:55,283] {dag.py:2306} INFO - Setting next_dagrun for example_task_group to 2022-11-14 00:00:00+00:00
[2022-11-16 17:05:55,303] {processor.py:170} INFO - Processing /home/airflow/.local/lib/python3.6/site-packages/airflow/example_dags/example_task_group.py took 0.176 seconds
