[2022-11-16 16:55:30,145] {processor.py:162} INFO - Started process (PID=298) to work on /home/airflow/.local/lib/python3.6/site-packages/airflow/example_dags/example_trigger_controller_dag.py
[2022-11-16 16:55:30,147] {processor.py:613} INFO - Processing file /home/airflow/.local/lib/python3.6/site-packages/airflow/example_dags/example_trigger_controller_dag.py for tasks to queue
[2022-11-16 16:55:30,149] {logging_mixin.py:109} INFO - [2022-11-16 16:55:30,149] {dagbag.py:496} INFO - Filling up the DagBag from /home/airflow/.local/lib/python3.6/site-packages/airflow/example_dags/example_trigger_controller_dag.py
[2022-11-16 16:55:30,300] {processor.py:623} INFO - DAG(s) dict_keys(['example_trigger_controller_dag']) retrieved from /home/airflow/.local/lib/python3.6/site-packages/airflow/example_dags/example_trigger_controller_dag.py
[2022-11-16 16:55:34,622] {logging_mixin.py:109} INFO - [2022-11-16 16:55:34,621] {dag.py:1833} INFO - Sync 1 DAGs
[2022-11-16 16:55:34,634] {logging_mixin.py:109} INFO - [2022-11-16 16:55:34,633] {dag.py:1852} INFO - Creating ORM DAG for example_trigger_controller_dag
[2022-11-16 16:55:34,639] {logging_mixin.py:109} INFO - [2022-11-16 16:55:34,639] {dag.py:2306} INFO - Setting next_dagrun for example_trigger_controller_dag to 2022-11-14 00:00:00+00:00
[2022-11-16 16:55:34,649] {processor.py:170} INFO - Processing /home/airflow/.local/lib/python3.6/site-packages/airflow/example_dags/example_trigger_controller_dag.py took 4.511 seconds
[2022-11-16 16:56:04,780] {processor.py:162} INFO - Started process (PID=404) to work on /home/airflow/.local/lib/python3.6/site-packages/airflow/example_dags/example_trigger_controller_dag.py
[2022-11-16 16:56:04,782] {processor.py:613} INFO - Processing file /home/airflow/.local/lib/python3.6/site-packages/airflow/example_dags/example_trigger_controller_dag.py for tasks to queue
[2022-11-16 16:56:04,783] {logging_mixin.py:109} INFO - [2022-11-16 16:56:04,783] {dagbag.py:496} INFO - Filling up the DagBag from /home/airflow/.local/lib/python3.6/site-packages/airflow/example_dags/example_trigger_controller_dag.py
[2022-11-16 16:56:04,797] {processor.py:623} INFO - DAG(s) dict_keys(['example_trigger_controller_dag']) retrieved from /home/airflow/.local/lib/python3.6/site-packages/airflow/example_dags/example_trigger_controller_dag.py
[2022-11-16 16:56:04,827] {logging_mixin.py:109} INFO - [2022-11-16 16:56:04,827] {dag.py:1833} INFO - Sync 1 DAGs
[2022-11-16 16:56:04,847] {logging_mixin.py:109} INFO - [2022-11-16 16:56:04,847] {dag.py:2306} INFO - Setting next_dagrun for example_trigger_controller_dag to 2022-11-14 00:00:00+00:00
[2022-11-16 16:56:04,860] {processor.py:170} INFO - Processing /home/airflow/.local/lib/python3.6/site-packages/airflow/example_dags/example_trigger_controller_dag.py took 0.083 seconds
[2022-11-16 16:56:35,523] {processor.py:162} INFO - Started process (PID=458) to work on /home/airflow/.local/lib/python3.6/site-packages/airflow/example_dags/example_trigger_controller_dag.py
[2022-11-16 16:56:35,525] {processor.py:613} INFO - Processing file /home/airflow/.local/lib/python3.6/site-packages/airflow/example_dags/example_trigger_controller_dag.py for tasks to queue
[2022-11-16 16:56:35,527] {logging_mixin.py:109} INFO - [2022-11-16 16:56:35,527] {dagbag.py:496} INFO - Filling up the DagBag from /home/airflow/.local/lib/python3.6/site-packages/airflow/example_dags/example_trigger_controller_dag.py
[2022-11-16 16:56:35,540] {processor.py:623} INFO - DAG(s) dict_keys(['example_trigger_controller_dag']) retrieved from /home/airflow/.local/lib/python3.6/site-packages/airflow/example_dags/example_trigger_controller_dag.py
[2022-11-16 16:56:35,567] {logging_mixin.py:109} INFO - [2022-11-16 16:56:35,567] {dag.py:1833} INFO - Sync 1 DAGs
[2022-11-16 16:56:35,586] {logging_mixin.py:109} INFO - [2022-11-16 16:56:35,586] {dag.py:2306} INFO - Setting next_dagrun for example_trigger_controller_dag to 2022-11-14 00:00:00+00:00
[2022-11-16 16:56:35,638] {processor.py:170} INFO - Processing /home/airflow/.local/lib/python3.6/site-packages/airflow/example_dags/example_trigger_controller_dag.py took 0.119 seconds
[2022-11-16 16:57:05,744] {processor.py:162} INFO - Started process (PID=509) to work on /home/airflow/.local/lib/python3.6/site-packages/airflow/example_dags/example_trigger_controller_dag.py
[2022-11-16 16:57:05,747] {processor.py:613} INFO - Processing file /home/airflow/.local/lib/python3.6/site-packages/airflow/example_dags/example_trigger_controller_dag.py for tasks to queue
[2022-11-16 16:57:05,748] {logging_mixin.py:109} INFO - [2022-11-16 16:57:05,748] {dagbag.py:496} INFO - Filling up the DagBag from /home/airflow/.local/lib/python3.6/site-packages/airflow/example_dags/example_trigger_controller_dag.py
[2022-11-16 16:57:05,763] {processor.py:623} INFO - DAG(s) dict_keys(['example_trigger_controller_dag']) retrieved from /home/airflow/.local/lib/python3.6/site-packages/airflow/example_dags/example_trigger_controller_dag.py
[2022-11-16 16:57:05,792] {logging_mixin.py:109} INFO - [2022-11-16 16:57:05,792] {dag.py:1833} INFO - Sync 1 DAGs
[2022-11-16 16:57:05,811] {logging_mixin.py:109} INFO - [2022-11-16 16:57:05,811] {dag.py:2306} INFO - Setting next_dagrun for example_trigger_controller_dag to 2022-11-14 00:00:00+00:00
[2022-11-16 16:57:05,823] {processor.py:170} INFO - Processing /home/airflow/.local/lib/python3.6/site-packages/airflow/example_dags/example_trigger_controller_dag.py took 0.085 seconds
[2022-11-16 16:57:36,484] {processor.py:162} INFO - Started process (PID=570) to work on /home/airflow/.local/lib/python3.6/site-packages/airflow/example_dags/example_trigger_controller_dag.py
[2022-11-16 16:57:36,490] {processor.py:613} INFO - Processing file /home/airflow/.local/lib/python3.6/site-packages/airflow/example_dags/example_trigger_controller_dag.py for tasks to queue
[2022-11-16 16:57:36,494] {logging_mixin.py:109} INFO - [2022-11-16 16:57:36,493] {dagbag.py:496} INFO - Filling up the DagBag from /home/airflow/.local/lib/python3.6/site-packages/airflow/example_dags/example_trigger_controller_dag.py
[2022-11-16 16:57:36,541] {processor.py:623} INFO - DAG(s) dict_keys(['example_trigger_controller_dag']) retrieved from /home/airflow/.local/lib/python3.6/site-packages/airflow/example_dags/example_trigger_controller_dag.py
[2022-11-16 16:57:36,644] {logging_mixin.py:109} INFO - [2022-11-16 16:57:36,644] {dag.py:1833} INFO - Sync 1 DAGs
[2022-11-16 16:57:36,695] {logging_mixin.py:109} INFO - [2022-11-16 16:57:36,694] {dag.py:2306} INFO - Setting next_dagrun for example_trigger_controller_dag to 2022-11-14 00:00:00+00:00
[2022-11-16 16:57:36,712] {processor.py:170} INFO - Processing /home/airflow/.local/lib/python3.6/site-packages/airflow/example_dags/example_trigger_controller_dag.py took 0.242 seconds
[2022-11-16 16:58:07,234] {processor.py:162} INFO - Started process (PID=621) to work on /home/airflow/.local/lib/python3.6/site-packages/airflow/example_dags/example_trigger_controller_dag.py
[2022-11-16 16:58:07,238] {processor.py:613} INFO - Processing file /home/airflow/.local/lib/python3.6/site-packages/airflow/example_dags/example_trigger_controller_dag.py for tasks to queue
[2022-11-16 16:58:07,240] {logging_mixin.py:109} INFO - [2022-11-16 16:58:07,240] {dagbag.py:496} INFO - Filling up the DagBag from /home/airflow/.local/lib/python3.6/site-packages/airflow/example_dags/example_trigger_controller_dag.py
[2022-11-16 16:58:07,269] {processor.py:623} INFO - DAG(s) dict_keys(['example_trigger_controller_dag']) retrieved from /home/airflow/.local/lib/python3.6/site-packages/airflow/example_dags/example_trigger_controller_dag.py
[2022-11-16 16:58:07,300] {logging_mixin.py:109} INFO - [2022-11-16 16:58:07,299] {dag.py:1833} INFO - Sync 1 DAGs
[2022-11-16 16:58:07,318] {logging_mixin.py:109} INFO - [2022-11-16 16:58:07,318] {dag.py:2306} INFO - Setting next_dagrun for example_trigger_controller_dag to 2022-11-14 00:00:00+00:00
[2022-11-16 16:58:07,332] {processor.py:170} INFO - Processing /home/airflow/.local/lib/python3.6/site-packages/airflow/example_dags/example_trigger_controller_dag.py took 0.107 seconds
[2022-11-16 16:58:37,780] {processor.py:162} INFO - Started process (PID=672) to work on /home/airflow/.local/lib/python3.6/site-packages/airflow/example_dags/example_trigger_controller_dag.py
[2022-11-16 16:58:37,783] {processor.py:613} INFO - Processing file /home/airflow/.local/lib/python3.6/site-packages/airflow/example_dags/example_trigger_controller_dag.py for tasks to queue
[2022-11-16 16:58:37,785] {logging_mixin.py:109} INFO - [2022-11-16 16:58:37,785] {dagbag.py:496} INFO - Filling up the DagBag from /home/airflow/.local/lib/python3.6/site-packages/airflow/example_dags/example_trigger_controller_dag.py
[2022-11-16 16:58:37,813] {processor.py:623} INFO - DAG(s) dict_keys(['example_trigger_controller_dag']) retrieved from /home/airflow/.local/lib/python3.6/site-packages/airflow/example_dags/example_trigger_controller_dag.py
[2022-11-16 16:58:37,865] {logging_mixin.py:109} INFO - [2022-11-16 16:58:37,865] {dag.py:1833} INFO - Sync 1 DAGs
[2022-11-16 16:58:37,911] {logging_mixin.py:109} INFO - [2022-11-16 16:58:37,911] {dag.py:2306} INFO - Setting next_dagrun for example_trigger_controller_dag to 2022-11-14 00:00:00+00:00
[2022-11-16 16:58:37,930] {processor.py:170} INFO - Processing /home/airflow/.local/lib/python3.6/site-packages/airflow/example_dags/example_trigger_controller_dag.py took 0.160 seconds
[2022-11-16 16:59:08,192] {processor.py:162} INFO - Started process (PID=733) to work on /home/airflow/.local/lib/python3.6/site-packages/airflow/example_dags/example_trigger_controller_dag.py
[2022-11-16 16:59:08,194] {processor.py:613} INFO - Processing file /home/airflow/.local/lib/python3.6/site-packages/airflow/example_dags/example_trigger_controller_dag.py for tasks to queue
[2022-11-16 16:59:08,195] {logging_mixin.py:109} INFO - [2022-11-16 16:59:08,195] {dagbag.py:496} INFO - Filling up the DagBag from /home/airflow/.local/lib/python3.6/site-packages/airflow/example_dags/example_trigger_controller_dag.py
[2022-11-16 16:59:08,206] {processor.py:623} INFO - DAG(s) dict_keys(['example_trigger_controller_dag']) retrieved from /home/airflow/.local/lib/python3.6/site-packages/airflow/example_dags/example_trigger_controller_dag.py
[2022-11-16 16:59:08,231] {logging_mixin.py:109} INFO - [2022-11-16 16:59:08,231] {dag.py:1833} INFO - Sync 1 DAGs
[2022-11-16 16:59:08,247] {logging_mixin.py:109} INFO - [2022-11-16 16:59:08,247] {dag.py:2306} INFO - Setting next_dagrun for example_trigger_controller_dag to 2022-11-14 00:00:00+00:00
[2022-11-16 16:59:08,258] {processor.py:170} INFO - Processing /home/airflow/.local/lib/python3.6/site-packages/airflow/example_dags/example_trigger_controller_dag.py took 0.069 seconds
[2022-11-16 16:59:38,550] {processor.py:162} INFO - Started process (PID=784) to work on /home/airflow/.local/lib/python3.6/site-packages/airflow/example_dags/example_trigger_controller_dag.py
[2022-11-16 16:59:38,555] {processor.py:613} INFO - Processing file /home/airflow/.local/lib/python3.6/site-packages/airflow/example_dags/example_trigger_controller_dag.py for tasks to queue
[2022-11-16 16:59:38,558] {logging_mixin.py:109} INFO - [2022-11-16 16:59:38,558] {dagbag.py:496} INFO - Filling up the DagBag from /home/airflow/.local/lib/python3.6/site-packages/airflow/example_dags/example_trigger_controller_dag.py
[2022-11-16 16:59:38,600] {processor.py:623} INFO - DAG(s) dict_keys(['example_trigger_controller_dag']) retrieved from /home/airflow/.local/lib/python3.6/site-packages/airflow/example_dags/example_trigger_controller_dag.py
[2022-11-16 16:59:38,672] {logging_mixin.py:109} INFO - [2022-11-16 16:59:38,672] {dag.py:1833} INFO - Sync 1 DAGs
[2022-11-16 16:59:38,694] {logging_mixin.py:109} INFO - [2022-11-16 16:59:38,694] {dag.py:2306} INFO - Setting next_dagrun for example_trigger_controller_dag to 2022-11-14 00:00:00+00:00
[2022-11-16 16:59:38,709] {processor.py:170} INFO - Processing /home/airflow/.local/lib/python3.6/site-packages/airflow/example_dags/example_trigger_controller_dag.py took 0.173 seconds
[2022-11-16 17:00:09,021] {processor.py:162} INFO - Started process (PID=845) to work on /home/airflow/.local/lib/python3.6/site-packages/airflow/example_dags/example_trigger_controller_dag.py
[2022-11-16 17:00:09,023] {processor.py:613} INFO - Processing file /home/airflow/.local/lib/python3.6/site-packages/airflow/example_dags/example_trigger_controller_dag.py for tasks to queue
[2022-11-16 17:00:09,024] {logging_mixin.py:109} INFO - [2022-11-16 17:00:09,024] {dagbag.py:496} INFO - Filling up the DagBag from /home/airflow/.local/lib/python3.6/site-packages/airflow/example_dags/example_trigger_controller_dag.py
[2022-11-16 17:00:09,036] {processor.py:623} INFO - DAG(s) dict_keys(['example_trigger_controller_dag']) retrieved from /home/airflow/.local/lib/python3.6/site-packages/airflow/example_dags/example_trigger_controller_dag.py
[2022-11-16 17:00:09,061] {logging_mixin.py:109} INFO - [2022-11-16 17:00:09,060] {dag.py:1833} INFO - Sync 1 DAGs
[2022-11-16 17:00:09,079] {logging_mixin.py:109} INFO - [2022-11-16 17:00:09,079] {dag.py:2306} INFO - Setting next_dagrun for example_trigger_controller_dag to 2022-11-14 00:00:00+00:00
[2022-11-16 17:00:09,092] {processor.py:170} INFO - Processing /home/airflow/.local/lib/python3.6/site-packages/airflow/example_dags/example_trigger_controller_dag.py took 0.075 seconds
[2022-11-16 17:00:39,475] {processor.py:162} INFO - Started process (PID=896) to work on /home/airflow/.local/lib/python3.6/site-packages/airflow/example_dags/example_trigger_controller_dag.py
[2022-11-16 17:00:39,479] {processor.py:613} INFO - Processing file /home/airflow/.local/lib/python3.6/site-packages/airflow/example_dags/example_trigger_controller_dag.py for tasks to queue
[2022-11-16 17:00:39,482] {logging_mixin.py:109} INFO - [2022-11-16 17:00:39,481] {dagbag.py:496} INFO - Filling up the DagBag from /home/airflow/.local/lib/python3.6/site-packages/airflow/example_dags/example_trigger_controller_dag.py
[2022-11-16 17:00:39,523] {processor.py:623} INFO - DAG(s) dict_keys(['example_trigger_controller_dag']) retrieved from /home/airflow/.local/lib/python3.6/site-packages/airflow/example_dags/example_trigger_controller_dag.py
[2022-11-16 17:00:39,562] {logging_mixin.py:109} INFO - [2022-11-16 17:00:39,562] {dag.py:1833} INFO - Sync 1 DAGs
[2022-11-16 17:00:39,592] {logging_mixin.py:109} INFO - [2022-11-16 17:00:39,592] {dag.py:2306} INFO - Setting next_dagrun for example_trigger_controller_dag to 2022-11-14 00:00:00+00:00
[2022-11-16 17:00:39,613] {processor.py:170} INFO - Processing /home/airflow/.local/lib/python3.6/site-packages/airflow/example_dags/example_trigger_controller_dag.py took 0.150 seconds
[2022-11-16 17:01:09,932] {processor.py:162} INFO - Started process (PID=947) to work on /home/airflow/.local/lib/python3.6/site-packages/airflow/example_dags/example_trigger_controller_dag.py
[2022-11-16 17:01:09,934] {processor.py:613} INFO - Processing file /home/airflow/.local/lib/python3.6/site-packages/airflow/example_dags/example_trigger_controller_dag.py for tasks to queue
[2022-11-16 17:01:09,935] {logging_mixin.py:109} INFO - [2022-11-16 17:01:09,935] {dagbag.py:496} INFO - Filling up the DagBag from /home/airflow/.local/lib/python3.6/site-packages/airflow/example_dags/example_trigger_controller_dag.py
[2022-11-16 17:01:09,947] {processor.py:623} INFO - DAG(s) dict_keys(['example_trigger_controller_dag']) retrieved from /home/airflow/.local/lib/python3.6/site-packages/airflow/example_dags/example_trigger_controller_dag.py
[2022-11-16 17:01:09,976] {logging_mixin.py:109} INFO - [2022-11-16 17:01:09,976] {dag.py:1833} INFO - Sync 1 DAGs
[2022-11-16 17:01:10,000] {logging_mixin.py:109} INFO - [2022-11-16 17:01:10,000] {dag.py:2306} INFO - Setting next_dagrun for example_trigger_controller_dag to 2022-11-14 00:00:00+00:00
[2022-11-16 17:01:10,014] {processor.py:170} INFO - Processing /home/airflow/.local/lib/python3.6/site-packages/airflow/example_dags/example_trigger_controller_dag.py took 0.086 seconds
[2022-11-16 17:01:40,639] {processor.py:162} INFO - Started process (PID=1009) to work on /home/airflow/.local/lib/python3.6/site-packages/airflow/example_dags/example_trigger_controller_dag.py
[2022-11-16 17:01:40,641] {processor.py:613} INFO - Processing file /home/airflow/.local/lib/python3.6/site-packages/airflow/example_dags/example_trigger_controller_dag.py for tasks to queue
[2022-11-16 17:01:40,642] {logging_mixin.py:109} INFO - [2022-11-16 17:01:40,642] {dagbag.py:496} INFO - Filling up the DagBag from /home/airflow/.local/lib/python3.6/site-packages/airflow/example_dags/example_trigger_controller_dag.py
[2022-11-16 17:01:40,658] {processor.py:623} INFO - DAG(s) dict_keys(['example_trigger_controller_dag']) retrieved from /home/airflow/.local/lib/python3.6/site-packages/airflow/example_dags/example_trigger_controller_dag.py
[2022-11-16 17:01:40,745] {logging_mixin.py:109} INFO - [2022-11-16 17:01:40,744] {dag.py:1833} INFO - Sync 1 DAGs
[2022-11-16 17:01:40,789] {logging_mixin.py:109} INFO - [2022-11-16 17:01:40,788] {dag.py:2306} INFO - Setting next_dagrun for example_trigger_controller_dag to 2022-11-14 00:00:00+00:00
[2022-11-16 17:01:40,822] {processor.py:170} INFO - Processing /home/airflow/.local/lib/python3.6/site-packages/airflow/example_dags/example_trigger_controller_dag.py took 0.189 seconds
[2022-11-16 17:02:11,014] {processor.py:162} INFO - Started process (PID=1060) to work on /home/airflow/.local/lib/python3.6/site-packages/airflow/example_dags/example_trigger_controller_dag.py
[2022-11-16 17:02:11,018] {processor.py:613} INFO - Processing file /home/airflow/.local/lib/python3.6/site-packages/airflow/example_dags/example_trigger_controller_dag.py for tasks to queue
[2022-11-16 17:02:11,021] {logging_mixin.py:109} INFO - [2022-11-16 17:02:11,021] {dagbag.py:496} INFO - Filling up the DagBag from /home/airflow/.local/lib/python3.6/site-packages/airflow/example_dags/example_trigger_controller_dag.py
[2022-11-16 17:02:11,048] {processor.py:623} INFO - DAG(s) dict_keys(['example_trigger_controller_dag']) retrieved from /home/airflow/.local/lib/python3.6/site-packages/airflow/example_dags/example_trigger_controller_dag.py
[2022-11-16 17:02:11,076] {logging_mixin.py:109} INFO - [2022-11-16 17:02:11,076] {dag.py:1833} INFO - Sync 1 DAGs
[2022-11-16 17:02:11,095] {logging_mixin.py:109} INFO - [2022-11-16 17:02:11,095] {dag.py:2306} INFO - Setting next_dagrun for example_trigger_controller_dag to 2022-11-14 00:00:00+00:00
[2022-11-16 17:02:11,109] {processor.py:170} INFO - Processing /home/airflow/.local/lib/python3.6/site-packages/airflow/example_dags/example_trigger_controller_dag.py took 0.105 seconds
[2022-11-16 17:02:41,198] {processor.py:162} INFO - Started process (PID=1118) to work on /home/airflow/.local/lib/python3.6/site-packages/airflow/example_dags/example_trigger_controller_dag.py
[2022-11-16 17:02:41,199] {processor.py:613} INFO - Processing file /home/airflow/.local/lib/python3.6/site-packages/airflow/example_dags/example_trigger_controller_dag.py for tasks to queue
[2022-11-16 17:02:41,200] {logging_mixin.py:109} INFO - [2022-11-16 17:02:41,200] {dagbag.py:496} INFO - Filling up the DagBag from /home/airflow/.local/lib/python3.6/site-packages/airflow/example_dags/example_trigger_controller_dag.py
[2022-11-16 17:02:41,211] {processor.py:623} INFO - DAG(s) dict_keys(['example_trigger_controller_dag']) retrieved from /home/airflow/.local/lib/python3.6/site-packages/airflow/example_dags/example_trigger_controller_dag.py
[2022-11-16 17:02:41,238] {logging_mixin.py:109} INFO - [2022-11-16 17:02:41,238] {dag.py:1833} INFO - Sync 1 DAGs
[2022-11-16 17:02:41,256] {logging_mixin.py:109} INFO - [2022-11-16 17:02:41,256] {dag.py:2306} INFO - Setting next_dagrun for example_trigger_controller_dag to 2022-11-14 00:00:00+00:00
[2022-11-16 17:02:41,271] {processor.py:170} INFO - Processing /home/airflow/.local/lib/python3.6/site-packages/airflow/example_dags/example_trigger_controller_dag.py took 0.077 seconds
[2022-11-16 17:03:11,578] {processor.py:162} INFO - Started process (PID=1173) to work on /home/airflow/.local/lib/python3.6/site-packages/airflow/example_dags/example_trigger_controller_dag.py
[2022-11-16 17:03:11,580] {processor.py:613} INFO - Processing file /home/airflow/.local/lib/python3.6/site-packages/airflow/example_dags/example_trigger_controller_dag.py for tasks to queue
[2022-11-16 17:03:11,581] {logging_mixin.py:109} INFO - [2022-11-16 17:03:11,581] {dagbag.py:496} INFO - Filling up the DagBag from /home/airflow/.local/lib/python3.6/site-packages/airflow/example_dags/example_trigger_controller_dag.py
[2022-11-16 17:03:11,597] {processor.py:623} INFO - DAG(s) dict_keys(['example_trigger_controller_dag']) retrieved from /home/airflow/.local/lib/python3.6/site-packages/airflow/example_dags/example_trigger_controller_dag.py
[2022-11-16 17:03:11,622] {logging_mixin.py:109} INFO - [2022-11-16 17:03:11,622] {dag.py:1833} INFO - Sync 1 DAGs
[2022-11-16 17:03:11,640] {logging_mixin.py:109} INFO - [2022-11-16 17:03:11,640] {dag.py:2306} INFO - Setting next_dagrun for example_trigger_controller_dag to 2022-11-14 00:00:00+00:00
[2022-11-16 17:03:11,652] {processor.py:170} INFO - Processing /home/airflow/.local/lib/python3.6/site-packages/airflow/example_dags/example_trigger_controller_dag.py took 0.078 seconds
[2022-11-16 17:04:54,866] {processor.py:162} INFO - Started process (PID=67) to work on /home/airflow/.local/lib/python3.6/site-packages/airflow/example_dags/example_trigger_controller_dag.py
[2022-11-16 17:04:54,869] {processor.py:613} INFO - Processing file /home/airflow/.local/lib/python3.6/site-packages/airflow/example_dags/example_trigger_controller_dag.py for tasks to queue
[2022-11-16 17:04:54,870] {logging_mixin.py:109} INFO - [2022-11-16 17:04:54,870] {dagbag.py:496} INFO - Filling up the DagBag from /home/airflow/.local/lib/python3.6/site-packages/airflow/example_dags/example_trigger_controller_dag.py
[2022-11-16 17:04:54,893] {processor.py:623} INFO - DAG(s) dict_keys(['example_trigger_controller_dag']) retrieved from /home/airflow/.local/lib/python3.6/site-packages/airflow/example_dags/example_trigger_controller_dag.py
[2022-11-16 17:04:54,951] {logging_mixin.py:109} INFO - [2022-11-16 17:04:54,951] {dag.py:1833} INFO - Sync 1 DAGs
[2022-11-16 17:04:54,980] {logging_mixin.py:109} INFO - [2022-11-16 17:04:54,980] {dag.py:2306} INFO - Setting next_dagrun for example_trigger_controller_dag to 2022-11-14 00:00:00+00:00
[2022-11-16 17:04:54,997] {processor.py:170} INFO - Processing /home/airflow/.local/lib/python3.6/site-packages/airflow/example_dags/example_trigger_controller_dag.py took 0.137 seconds
[2022-11-16 17:05:25,799] {processor.py:162} INFO - Started process (PID=118) to work on /home/airflow/.local/lib/python3.6/site-packages/airflow/example_dags/example_trigger_controller_dag.py
[2022-11-16 17:05:25,802] {processor.py:613} INFO - Processing file /home/airflow/.local/lib/python3.6/site-packages/airflow/example_dags/example_trigger_controller_dag.py for tasks to queue
[2022-11-16 17:05:25,804] {logging_mixin.py:109} INFO - [2022-11-16 17:05:25,804] {dagbag.py:496} INFO - Filling up the DagBag from /home/airflow/.local/lib/python3.6/site-packages/airflow/example_dags/example_trigger_controller_dag.py
[2022-11-16 17:05:25,853] {processor.py:623} INFO - DAG(s) dict_keys(['example_trigger_controller_dag']) retrieved from /home/airflow/.local/lib/python3.6/site-packages/airflow/example_dags/example_trigger_controller_dag.py
[2022-11-16 17:05:25,886] {logging_mixin.py:109} INFO - [2022-11-16 17:05:25,885] {dag.py:1833} INFO - Sync 1 DAGs
[2022-11-16 17:05:25,934] {logging_mixin.py:109} INFO - [2022-11-16 17:05:25,934] {dag.py:2306} INFO - Setting next_dagrun for example_trigger_controller_dag to 2022-11-14 00:00:00+00:00
[2022-11-16 17:05:25,946] {processor.py:170} INFO - Processing /home/airflow/.local/lib/python3.6/site-packages/airflow/example_dags/example_trigger_controller_dag.py took 0.151 seconds
[2022-11-16 17:05:56,606] {processor.py:162} INFO - Started process (PID=171) to work on /home/airflow/.local/lib/python3.6/site-packages/airflow/example_dags/example_trigger_controller_dag.py
[2022-11-16 17:05:56,610] {processor.py:613} INFO - Processing file /home/airflow/.local/lib/python3.6/site-packages/airflow/example_dags/example_trigger_controller_dag.py for tasks to queue
[2022-11-16 17:05:56,612] {logging_mixin.py:109} INFO - [2022-11-16 17:05:56,611] {dagbag.py:496} INFO - Filling up the DagBag from /home/airflow/.local/lib/python3.6/site-packages/airflow/example_dags/example_trigger_controller_dag.py
[2022-11-16 17:05:56,632] {processor.py:623} INFO - DAG(s) dict_keys(['example_trigger_controller_dag']) retrieved from /home/airflow/.local/lib/python3.6/site-packages/airflow/example_dags/example_trigger_controller_dag.py
[2022-11-16 17:05:56,667] {logging_mixin.py:109} INFO - [2022-11-16 17:05:56,666] {dag.py:1833} INFO - Sync 1 DAGs
[2022-11-16 17:05:56,687] {logging_mixin.py:109} INFO - [2022-11-16 17:05:56,687] {dag.py:2306} INFO - Setting next_dagrun for example_trigger_controller_dag to 2022-11-14 00:00:00+00:00
[2022-11-16 17:05:56,703] {processor.py:170} INFO - Processing /home/airflow/.local/lib/python3.6/site-packages/airflow/example_dags/example_trigger_controller_dag.py took 0.101 seconds
