[2022-11-16 16:55:09,482] {processor.py:162} INFO - Started process (PID=152) to work on /home/airflow/.local/lib/python3.6/site-packages/airflow/example_dags/example_skip_dag.py
[2022-11-16 16:55:09,484] {processor.py:613} INFO - Processing file /home/airflow/.local/lib/python3.6/site-packages/airflow/example_dags/example_skip_dag.py for tasks to queue
[2022-11-16 16:55:09,485] {logging_mixin.py:109} INFO - [2022-11-16 16:55:09,485] {dagbag.py:496} INFO - Filling up the DagBag from /home/airflow/.local/lib/python3.6/site-packages/airflow/example_dags/example_skip_dag.py
[2022-11-16 16:55:09,500] {processor.py:623} INFO - DAG(s) dict_keys(['example_skip_dag']) retrieved from /home/airflow/.local/lib/python3.6/site-packages/airflow/example_dags/example_skip_dag.py
[2022-11-16 16:55:12,348] {logging_mixin.py:109} INFO - [2022-11-16 16:55:12,346] {dag.py:1833} INFO - Sync 1 DAGs
[2022-11-16 16:55:12,358] {logging_mixin.py:109} INFO - [2022-11-16 16:55:12,357] {dag.py:1852} INFO - Creating ORM DAG for example_skip_dag
[2022-11-16 16:55:12,364] {logging_mixin.py:109} INFO - [2022-11-16 16:55:12,364] {dag.py:2306} INFO - Setting next_dagrun for example_skip_dag to 2022-11-14 00:00:00+00:00
[2022-11-16 16:55:12,379] {processor.py:170} INFO - Processing /home/airflow/.local/lib/python3.6/site-packages/airflow/example_dags/example_skip_dag.py took 2.902 seconds
[2022-11-16 16:55:42,760] {processor.py:162} INFO - Started process (PID=373) to work on /home/airflow/.local/lib/python3.6/site-packages/airflow/example_dags/example_skip_dag.py
[2022-11-16 16:55:42,762] {processor.py:613} INFO - Processing file /home/airflow/.local/lib/python3.6/site-packages/airflow/example_dags/example_skip_dag.py for tasks to queue
[2022-11-16 16:55:42,764] {logging_mixin.py:109} INFO - [2022-11-16 16:55:42,763] {dagbag.py:496} INFO - Filling up the DagBag from /home/airflow/.local/lib/python3.6/site-packages/airflow/example_dags/example_skip_dag.py
[2022-11-16 16:55:42,780] {processor.py:623} INFO - DAG(s) dict_keys(['example_skip_dag']) retrieved from /home/airflow/.local/lib/python3.6/site-packages/airflow/example_dags/example_skip_dag.py
[2022-11-16 16:55:42,807] {logging_mixin.py:109} INFO - [2022-11-16 16:55:42,807] {dag.py:1833} INFO - Sync 1 DAGs
[2022-11-16 16:55:42,823] {logging_mixin.py:109} INFO - [2022-11-16 16:55:42,822] {dag.py:2306} INFO - Setting next_dagrun for example_skip_dag to 2022-11-14 00:00:00+00:00
[2022-11-16 16:55:42,838] {processor.py:170} INFO - Processing /home/airflow/.local/lib/python3.6/site-packages/airflow/example_dags/example_skip_dag.py took 0.083 seconds
[2022-11-16 16:56:12,882] {processor.py:162} INFO - Started process (PID=424) to work on /home/airflow/.local/lib/python3.6/site-packages/airflow/example_dags/example_skip_dag.py
[2022-11-16 16:56:12,884] {processor.py:613} INFO - Processing file /home/airflow/.local/lib/python3.6/site-packages/airflow/example_dags/example_skip_dag.py for tasks to queue
[2022-11-16 16:56:12,885] {logging_mixin.py:109} INFO - [2022-11-16 16:56:12,885] {dagbag.py:496} INFO - Filling up the DagBag from /home/airflow/.local/lib/python3.6/site-packages/airflow/example_dags/example_skip_dag.py
[2022-11-16 16:56:12,898] {processor.py:623} INFO - DAG(s) dict_keys(['example_skip_dag']) retrieved from /home/airflow/.local/lib/python3.6/site-packages/airflow/example_dags/example_skip_dag.py
[2022-11-16 16:56:12,922] {logging_mixin.py:109} INFO - [2022-11-16 16:56:12,922] {dag.py:1833} INFO - Sync 1 DAGs
[2022-11-16 16:56:12,938] {logging_mixin.py:109} INFO - [2022-11-16 16:56:12,938] {dag.py:2306} INFO - Setting next_dagrun for example_skip_dag to 2022-11-14 00:00:00+00:00
[2022-11-16 16:56:12,952] {processor.py:170} INFO - Processing /home/airflow/.local/lib/python3.6/site-packages/airflow/example_dags/example_skip_dag.py took 0.074 seconds
[2022-11-16 16:56:43,832] {processor.py:162} INFO - Started process (PID=484) to work on /home/airflow/.local/lib/python3.6/site-packages/airflow/example_dags/example_skip_dag.py
[2022-11-16 16:56:43,834] {processor.py:613} INFO - Processing file /home/airflow/.local/lib/python3.6/site-packages/airflow/example_dags/example_skip_dag.py for tasks to queue
[2022-11-16 16:56:43,836] {logging_mixin.py:109} INFO - [2022-11-16 16:56:43,836] {dagbag.py:496} INFO - Filling up the DagBag from /home/airflow/.local/lib/python3.6/site-packages/airflow/example_dags/example_skip_dag.py
[2022-11-16 16:56:43,849] {processor.py:623} INFO - DAG(s) dict_keys(['example_skip_dag']) retrieved from /home/airflow/.local/lib/python3.6/site-packages/airflow/example_dags/example_skip_dag.py
[2022-11-16 16:56:43,875] {logging_mixin.py:109} INFO - [2022-11-16 16:56:43,875] {dag.py:1833} INFO - Sync 1 DAGs
[2022-11-16 16:56:43,895] {logging_mixin.py:109} INFO - [2022-11-16 16:56:43,895] {dag.py:2306} INFO - Setting next_dagrun for example_skip_dag to 2022-11-14 00:00:00+00:00
[2022-11-16 16:56:43,912] {processor.py:170} INFO - Processing /home/airflow/.local/lib/python3.6/site-packages/airflow/example_dags/example_skip_dag.py took 0.086 seconds
[2022-11-16 16:57:14,534] {processor.py:162} INFO - Started process (PID=535) to work on /home/airflow/.local/lib/python3.6/site-packages/airflow/example_dags/example_skip_dag.py
[2022-11-16 16:57:14,538] {processor.py:613} INFO - Processing file /home/airflow/.local/lib/python3.6/site-packages/airflow/example_dags/example_skip_dag.py for tasks to queue
[2022-11-16 16:57:14,540] {logging_mixin.py:109} INFO - [2022-11-16 16:57:14,540] {dagbag.py:496} INFO - Filling up the DagBag from /home/airflow/.local/lib/python3.6/site-packages/airflow/example_dags/example_skip_dag.py
[2022-11-16 16:57:14,567] {processor.py:623} INFO - DAG(s) dict_keys(['example_skip_dag']) retrieved from /home/airflow/.local/lib/python3.6/site-packages/airflow/example_dags/example_skip_dag.py
[2022-11-16 16:57:14,599] {logging_mixin.py:109} INFO - [2022-11-16 16:57:14,599] {dag.py:1833} INFO - Sync 1 DAGs
[2022-11-16 16:57:14,623] {logging_mixin.py:109} INFO - [2022-11-16 16:57:14,623] {dag.py:2306} INFO - Setting next_dagrun for example_skip_dag to 2022-11-14 00:00:00+00:00
[2022-11-16 16:57:14,651] {processor.py:170} INFO - Processing /home/airflow/.local/lib/python3.6/site-packages/airflow/example_dags/example_skip_dag.py took 0.132 seconds
[2022-11-16 16:57:44,888] {processor.py:162} INFO - Started process (PID=586) to work on /home/airflow/.local/lib/python3.6/site-packages/airflow/example_dags/example_skip_dag.py
[2022-11-16 16:57:44,891] {processor.py:613} INFO - Processing file /home/airflow/.local/lib/python3.6/site-packages/airflow/example_dags/example_skip_dag.py for tasks to queue
[2022-11-16 16:57:44,893] {logging_mixin.py:109} INFO - [2022-11-16 16:57:44,893] {dagbag.py:496} INFO - Filling up the DagBag from /home/airflow/.local/lib/python3.6/site-packages/airflow/example_dags/example_skip_dag.py
[2022-11-16 16:57:44,924] {processor.py:623} INFO - DAG(s) dict_keys(['example_skip_dag']) retrieved from /home/airflow/.local/lib/python3.6/site-packages/airflow/example_dags/example_skip_dag.py
[2022-11-16 16:57:44,981] {logging_mixin.py:109} INFO - [2022-11-16 16:57:44,980] {dag.py:1833} INFO - Sync 1 DAGs
[2022-11-16 16:57:45,008] {logging_mixin.py:109} INFO - [2022-11-16 16:57:45,008] {dag.py:2306} INFO - Setting next_dagrun for example_skip_dag to 2022-11-14 00:00:00+00:00
[2022-11-16 16:57:45,030] {processor.py:170} INFO - Processing /home/airflow/.local/lib/python3.6/site-packages/airflow/example_dags/example_skip_dag.py took 0.150 seconds
[2022-11-16 16:58:15,424] {processor.py:162} INFO - Started process (PID=647) to work on /home/airflow/.local/lib/python3.6/site-packages/airflow/example_dags/example_skip_dag.py
[2022-11-16 16:58:15,426] {processor.py:613} INFO - Processing file /home/airflow/.local/lib/python3.6/site-packages/airflow/example_dags/example_skip_dag.py for tasks to queue
[2022-11-16 16:58:15,427] {logging_mixin.py:109} INFO - [2022-11-16 16:58:15,427] {dagbag.py:496} INFO - Filling up the DagBag from /home/airflow/.local/lib/python3.6/site-packages/airflow/example_dags/example_skip_dag.py
[2022-11-16 16:58:15,441] {processor.py:623} INFO - DAG(s) dict_keys(['example_skip_dag']) retrieved from /home/airflow/.local/lib/python3.6/site-packages/airflow/example_dags/example_skip_dag.py
[2022-11-16 16:58:15,468] {logging_mixin.py:109} INFO - [2022-11-16 16:58:15,468] {dag.py:1833} INFO - Sync 1 DAGs
[2022-11-16 16:58:15,489] {logging_mixin.py:109} INFO - [2022-11-16 16:58:15,489] {dag.py:2306} INFO - Setting next_dagrun for example_skip_dag to 2022-11-14 00:00:00+00:00
[2022-11-16 16:58:15,503] {processor.py:170} INFO - Processing /home/airflow/.local/lib/python3.6/site-packages/airflow/example_dags/example_skip_dag.py took 0.088 seconds
[2022-11-16 16:58:45,935] {processor.py:162} INFO - Started process (PID=698) to work on /home/airflow/.local/lib/python3.6/site-packages/airflow/example_dags/example_skip_dag.py
[2022-11-16 16:58:45,940] {processor.py:613} INFO - Processing file /home/airflow/.local/lib/python3.6/site-packages/airflow/example_dags/example_skip_dag.py for tasks to queue
[2022-11-16 16:58:45,944] {logging_mixin.py:109} INFO - [2022-11-16 16:58:45,943] {dagbag.py:496} INFO - Filling up the DagBag from /home/airflow/.local/lib/python3.6/site-packages/airflow/example_dags/example_skip_dag.py
[2022-11-16 16:58:45,983] {processor.py:623} INFO - DAG(s) dict_keys(['example_skip_dag']) retrieved from /home/airflow/.local/lib/python3.6/site-packages/airflow/example_dags/example_skip_dag.py
[2022-11-16 16:58:46,034] {logging_mixin.py:109} INFO - [2022-11-16 16:58:46,034] {dag.py:1833} INFO - Sync 1 DAGs
[2022-11-16 16:58:46,070] {logging_mixin.py:109} INFO - [2022-11-16 16:58:46,070] {dag.py:2306} INFO - Setting next_dagrun for example_skip_dag to 2022-11-14 00:00:00+00:00
[2022-11-16 16:58:46,097] {processor.py:170} INFO - Processing /home/airflow/.local/lib/python3.6/site-packages/airflow/example_dags/example_skip_dag.py took 0.173 seconds
[2022-11-16 16:59:16,512] {processor.py:162} INFO - Started process (PID=758) to work on /home/airflow/.local/lib/python3.6/site-packages/airflow/example_dags/example_skip_dag.py
[2022-11-16 16:59:16,514] {processor.py:613} INFO - Processing file /home/airflow/.local/lib/python3.6/site-packages/airflow/example_dags/example_skip_dag.py for tasks to queue
[2022-11-16 16:59:16,515] {logging_mixin.py:109} INFO - [2022-11-16 16:59:16,515] {dagbag.py:496} INFO - Filling up the DagBag from /home/airflow/.local/lib/python3.6/site-packages/airflow/example_dags/example_skip_dag.py
[2022-11-16 16:59:16,529] {processor.py:623} INFO - DAG(s) dict_keys(['example_skip_dag']) retrieved from /home/airflow/.local/lib/python3.6/site-packages/airflow/example_dags/example_skip_dag.py
[2022-11-16 16:59:16,572] {logging_mixin.py:109} INFO - [2022-11-16 16:59:16,572] {dag.py:1833} INFO - Sync 1 DAGs
[2022-11-16 16:59:16,596] {logging_mixin.py:109} INFO - [2022-11-16 16:59:16,595] {dag.py:2306} INFO - Setting next_dagrun for example_skip_dag to 2022-11-14 00:00:00+00:00
[2022-11-16 16:59:16,610] {processor.py:170} INFO - Processing /home/airflow/.local/lib/python3.6/site-packages/airflow/example_dags/example_skip_dag.py took 0.103 seconds
[2022-11-16 16:59:46,972] {processor.py:162} INFO - Started process (PID=810) to work on /home/airflow/.local/lib/python3.6/site-packages/airflow/example_dags/example_skip_dag.py
[2022-11-16 16:59:46,976] {processor.py:613} INFO - Processing file /home/airflow/.local/lib/python3.6/site-packages/airflow/example_dags/example_skip_dag.py for tasks to queue
[2022-11-16 16:59:46,979] {logging_mixin.py:109} INFO - [2022-11-16 16:59:46,978] {dagbag.py:496} INFO - Filling up the DagBag from /home/airflow/.local/lib/python3.6/site-packages/airflow/example_dags/example_skip_dag.py
[2022-11-16 16:59:47,019] {processor.py:623} INFO - DAG(s) dict_keys(['example_skip_dag']) retrieved from /home/airflow/.local/lib/python3.6/site-packages/airflow/example_dags/example_skip_dag.py
[2022-11-16 16:59:47,056] {logging_mixin.py:109} INFO - [2022-11-16 16:59:47,055] {dag.py:1833} INFO - Sync 1 DAGs
[2022-11-16 16:59:47,076] {logging_mixin.py:109} INFO - [2022-11-16 16:59:47,076] {dag.py:2306} INFO - Setting next_dagrun for example_skip_dag to 2022-11-14 00:00:00+00:00
[2022-11-16 16:59:47,093] {processor.py:170} INFO - Processing /home/airflow/.local/lib/python3.6/site-packages/airflow/example_dags/example_skip_dag.py took 0.128 seconds
[2022-11-16 17:00:17,231] {processor.py:162} INFO - Started process (PID=861) to work on /home/airflow/.local/lib/python3.6/site-packages/airflow/example_dags/example_skip_dag.py
[2022-11-16 17:00:17,233] {processor.py:613} INFO - Processing file /home/airflow/.local/lib/python3.6/site-packages/airflow/example_dags/example_skip_dag.py for tasks to queue
[2022-11-16 17:00:17,235] {logging_mixin.py:109} INFO - [2022-11-16 17:00:17,235] {dagbag.py:496} INFO - Filling up the DagBag from /home/airflow/.local/lib/python3.6/site-packages/airflow/example_dags/example_skip_dag.py
[2022-11-16 17:00:17,249] {processor.py:623} INFO - DAG(s) dict_keys(['example_skip_dag']) retrieved from /home/airflow/.local/lib/python3.6/site-packages/airflow/example_dags/example_skip_dag.py
[2022-11-16 17:00:17,275] {logging_mixin.py:109} INFO - [2022-11-16 17:00:17,275] {dag.py:1833} INFO - Sync 1 DAGs
[2022-11-16 17:00:17,296] {logging_mixin.py:109} INFO - [2022-11-16 17:00:17,296] {dag.py:2306} INFO - Setting next_dagrun for example_skip_dag to 2022-11-14 00:00:00+00:00
[2022-11-16 17:00:17,311] {processor.py:170} INFO - Processing /home/airflow/.local/lib/python3.6/site-packages/airflow/example_dags/example_skip_dag.py took 0.084 seconds
[2022-11-16 17:00:47,381] {processor.py:162} INFO - Started process (PID=921) to work on /home/airflow/.local/lib/python3.6/site-packages/airflow/example_dags/example_skip_dag.py
[2022-11-16 17:00:47,383] {processor.py:613} INFO - Processing file /home/airflow/.local/lib/python3.6/site-packages/airflow/example_dags/example_skip_dag.py for tasks to queue
[2022-11-16 17:00:47,385] {logging_mixin.py:109} INFO - [2022-11-16 17:00:47,384] {dagbag.py:496} INFO - Filling up the DagBag from /home/airflow/.local/lib/python3.6/site-packages/airflow/example_dags/example_skip_dag.py
[2022-11-16 17:00:47,396] {processor.py:623} INFO - DAG(s) dict_keys(['example_skip_dag']) retrieved from /home/airflow/.local/lib/python3.6/site-packages/airflow/example_dags/example_skip_dag.py
[2022-11-16 17:00:47,425] {logging_mixin.py:109} INFO - [2022-11-16 17:00:47,425] {dag.py:1833} INFO - Sync 1 DAGs
[2022-11-16 17:00:47,444] {logging_mixin.py:109} INFO - [2022-11-16 17:00:47,444] {dag.py:2306} INFO - Setting next_dagrun for example_skip_dag to 2022-11-14 00:00:00+00:00
[2022-11-16 17:00:47,457] {processor.py:170} INFO - Processing /home/airflow/.local/lib/python3.6/site-packages/airflow/example_dags/example_skip_dag.py took 0.080 seconds
[2022-11-16 17:01:17,765] {processor.py:162} INFO - Started process (PID=972) to work on /home/airflow/.local/lib/python3.6/site-packages/airflow/example_dags/example_skip_dag.py
[2022-11-16 17:01:17,768] {processor.py:613} INFO - Processing file /home/airflow/.local/lib/python3.6/site-packages/airflow/example_dags/example_skip_dag.py for tasks to queue
[2022-11-16 17:01:17,770] {logging_mixin.py:109} INFO - [2022-11-16 17:01:17,770] {dagbag.py:496} INFO - Filling up the DagBag from /home/airflow/.local/lib/python3.6/site-packages/airflow/example_dags/example_skip_dag.py
[2022-11-16 17:01:17,791] {processor.py:623} INFO - DAG(s) dict_keys(['example_skip_dag']) retrieved from /home/airflow/.local/lib/python3.6/site-packages/airflow/example_dags/example_skip_dag.py
[2022-11-16 17:01:17,843] {logging_mixin.py:109} INFO - [2022-11-16 17:01:17,843] {dag.py:1833} INFO - Sync 1 DAGs
[2022-11-16 17:01:17,868] {logging_mixin.py:109} INFO - [2022-11-16 17:01:17,868] {dag.py:2306} INFO - Setting next_dagrun for example_skip_dag to 2022-11-14 00:00:00+00:00
[2022-11-16 17:01:17,883] {processor.py:170} INFO - Processing /home/airflow/.local/lib/python3.6/site-packages/airflow/example_dags/example_skip_dag.py took 0.124 seconds
[2022-11-16 17:01:48,032] {processor.py:162} INFO - Started process (PID=1024) to work on /home/airflow/.local/lib/python3.6/site-packages/airflow/example_dags/example_skip_dag.py
[2022-11-16 17:01:48,034] {processor.py:613} INFO - Processing file /home/airflow/.local/lib/python3.6/site-packages/airflow/example_dags/example_skip_dag.py for tasks to queue
[2022-11-16 17:01:48,035] {logging_mixin.py:109} INFO - [2022-11-16 17:01:48,035] {dagbag.py:496} INFO - Filling up the DagBag from /home/airflow/.local/lib/python3.6/site-packages/airflow/example_dags/example_skip_dag.py
[2022-11-16 17:01:48,053] {processor.py:623} INFO - DAG(s) dict_keys(['example_skip_dag']) retrieved from /home/airflow/.local/lib/python3.6/site-packages/airflow/example_dags/example_skip_dag.py
[2022-11-16 17:01:48,080] {logging_mixin.py:109} INFO - [2022-11-16 17:01:48,080] {dag.py:1833} INFO - Sync 1 DAGs
[2022-11-16 17:01:48,099] {logging_mixin.py:109} INFO - [2022-11-16 17:01:48,098] {dag.py:2306} INFO - Setting next_dagrun for example_skip_dag to 2022-11-14 00:00:00+00:00
[2022-11-16 17:01:48,112] {processor.py:170} INFO - Processing /home/airflow/.local/lib/python3.6/site-packages/airflow/example_dags/example_skip_dag.py took 0.086 seconds
[2022-11-16 17:02:18,632] {processor.py:162} INFO - Started process (PID=1085) to work on /home/airflow/.local/lib/python3.6/site-packages/airflow/example_dags/example_skip_dag.py
[2022-11-16 17:02:18,633] {processor.py:613} INFO - Processing file /home/airflow/.local/lib/python3.6/site-packages/airflow/example_dags/example_skip_dag.py for tasks to queue
[2022-11-16 17:02:18,634] {logging_mixin.py:109} INFO - [2022-11-16 17:02:18,634] {dagbag.py:496} INFO - Filling up the DagBag from /home/airflow/.local/lib/python3.6/site-packages/airflow/example_dags/example_skip_dag.py
[2022-11-16 17:02:18,649] {processor.py:623} INFO - DAG(s) dict_keys(['example_skip_dag']) retrieved from /home/airflow/.local/lib/python3.6/site-packages/airflow/example_dags/example_skip_dag.py
[2022-11-16 17:02:18,676] {logging_mixin.py:109} INFO - [2022-11-16 17:02:18,676] {dag.py:1833} INFO - Sync 1 DAGs
[2022-11-16 17:02:18,694] {logging_mixin.py:109} INFO - [2022-11-16 17:02:18,694] {dag.py:2306} INFO - Setting next_dagrun for example_skip_dag to 2022-11-14 00:00:00+00:00
[2022-11-16 17:02:18,708] {processor.py:170} INFO - Processing /home/airflow/.local/lib/python3.6/site-packages/airflow/example_dags/example_skip_dag.py took 0.080 seconds
[2022-11-16 17:02:49,051] {processor.py:162} INFO - Started process (PID=1136) to work on /home/airflow/.local/lib/python3.6/site-packages/airflow/example_dags/example_skip_dag.py
[2022-11-16 17:02:49,053] {processor.py:613} INFO - Processing file /home/airflow/.local/lib/python3.6/site-packages/airflow/example_dags/example_skip_dag.py for tasks to queue
[2022-11-16 17:02:49,055] {logging_mixin.py:109} INFO - [2022-11-16 17:02:49,055] {dagbag.py:496} INFO - Filling up the DagBag from /home/airflow/.local/lib/python3.6/site-packages/airflow/example_dags/example_skip_dag.py
[2022-11-16 17:02:49,077] {processor.py:623} INFO - DAG(s) dict_keys(['example_skip_dag']) retrieved from /home/airflow/.local/lib/python3.6/site-packages/airflow/example_dags/example_skip_dag.py
[2022-11-16 17:02:49,117] {logging_mixin.py:109} INFO - [2022-11-16 17:02:49,116] {dag.py:1833} INFO - Sync 1 DAGs
[2022-11-16 17:02:49,147] {logging_mixin.py:109} INFO - [2022-11-16 17:02:49,147] {dag.py:2306} INFO - Setting next_dagrun for example_skip_dag to 2022-11-14 00:00:00+00:00
[2022-11-16 17:02:49,163] {processor.py:170} INFO - Processing /home/airflow/.local/lib/python3.6/site-packages/airflow/example_dags/example_skip_dag.py took 0.119 seconds
[2022-11-16 17:03:19,552] {processor.py:162} INFO - Started process (PID=1198) to work on /home/airflow/.local/lib/python3.6/site-packages/airflow/example_dags/example_skip_dag.py
[2022-11-16 17:03:19,554] {processor.py:613} INFO - Processing file /home/airflow/.local/lib/python3.6/site-packages/airflow/example_dags/example_skip_dag.py for tasks to queue
[2022-11-16 17:03:19,555] {logging_mixin.py:109} INFO - [2022-11-16 17:03:19,555] {dagbag.py:496} INFO - Filling up the DagBag from /home/airflow/.local/lib/python3.6/site-packages/airflow/example_dags/example_skip_dag.py
[2022-11-16 17:03:19,572] {processor.py:623} INFO - DAG(s) dict_keys(['example_skip_dag']) retrieved from /home/airflow/.local/lib/python3.6/site-packages/airflow/example_dags/example_skip_dag.py
[2022-11-16 17:03:19,602] {logging_mixin.py:109} INFO - [2022-11-16 17:03:19,602] {dag.py:1833} INFO - Sync 1 DAGs
[2022-11-16 17:03:19,622] {logging_mixin.py:109} INFO - [2022-11-16 17:03:19,622] {dag.py:2306} INFO - Setting next_dagrun for example_skip_dag to 2022-11-14 00:00:00+00:00
[2022-11-16 17:03:19,636] {processor.py:170} INFO - Processing /home/airflow/.local/lib/python3.6/site-packages/airflow/example_dags/example_skip_dag.py took 0.089 seconds
[2022-11-16 17:04:52,944] {processor.py:162} INFO - Started process (PID=53) to work on /home/airflow/.local/lib/python3.6/site-packages/airflow/example_dags/example_skip_dag.py
[2022-11-16 17:04:52,946] {processor.py:613} INFO - Processing file /home/airflow/.local/lib/python3.6/site-packages/airflow/example_dags/example_skip_dag.py for tasks to queue
[2022-11-16 17:04:52,948] {logging_mixin.py:109} INFO - [2022-11-16 17:04:52,948] {dagbag.py:496} INFO - Filling up the DagBag from /home/airflow/.local/lib/python3.6/site-packages/airflow/example_dags/example_skip_dag.py
[2022-11-16 17:04:52,970] {processor.py:623} INFO - DAG(s) dict_keys(['example_skip_dag']) retrieved from /home/airflow/.local/lib/python3.6/site-packages/airflow/example_dags/example_skip_dag.py
[2022-11-16 17:04:53,021] {logging_mixin.py:109} INFO - [2022-11-16 17:04:53,021] {dag.py:1833} INFO - Sync 1 DAGs
[2022-11-16 17:04:53,068] {logging_mixin.py:109} INFO - [2022-11-16 17:04:53,068] {dag.py:2306} INFO - Setting next_dagrun for example_skip_dag to 2022-11-14 00:00:00+00:00
[2022-11-16 17:04:53,094] {processor.py:170} INFO - Processing /home/airflow/.local/lib/python3.6/site-packages/airflow/example_dags/example_skip_dag.py took 0.155 seconds
[2022-11-16 17:05:24,859] {processor.py:162} INFO - Started process (PID=105) to work on /home/airflow/.local/lib/python3.6/site-packages/airflow/example_dags/example_skip_dag.py
[2022-11-16 17:05:24,879] {processor.py:613} INFO - Processing file /home/airflow/.local/lib/python3.6/site-packages/airflow/example_dags/example_skip_dag.py for tasks to queue
[2022-11-16 17:05:24,880] {logging_mixin.py:109} INFO - [2022-11-16 17:05:24,880] {dagbag.py:496} INFO - Filling up the DagBag from /home/airflow/.local/lib/python3.6/site-packages/airflow/example_dags/example_skip_dag.py
[2022-11-16 17:05:24,897] {processor.py:623} INFO - DAG(s) dict_keys(['example_skip_dag']) retrieved from /home/airflow/.local/lib/python3.6/site-packages/airflow/example_dags/example_skip_dag.py
[2022-11-16 17:05:24,925] {logging_mixin.py:109} INFO - [2022-11-16 17:05:24,925] {dag.py:1833} INFO - Sync 1 DAGs
[2022-11-16 17:05:24,949] {logging_mixin.py:109} INFO - [2022-11-16 17:05:24,949] {dag.py:2306} INFO - Setting next_dagrun for example_skip_dag to 2022-11-14 00:00:00+00:00
[2022-11-16 17:05:24,966] {processor.py:170} INFO - Processing /home/airflow/.local/lib/python3.6/site-packages/airflow/example_dags/example_skip_dag.py took 0.110 seconds
[2022-11-16 17:05:55,681] {processor.py:162} INFO - Started process (PID=157) to work on /home/airflow/.local/lib/python3.6/site-packages/airflow/example_dags/example_skip_dag.py
[2022-11-16 17:05:55,683] {processor.py:613} INFO - Processing file /home/airflow/.local/lib/python3.6/site-packages/airflow/example_dags/example_skip_dag.py for tasks to queue
[2022-11-16 17:05:55,684] {logging_mixin.py:109} INFO - [2022-11-16 17:05:55,684] {dagbag.py:496} INFO - Filling up the DagBag from /home/airflow/.local/lib/python3.6/site-packages/airflow/example_dags/example_skip_dag.py
[2022-11-16 17:05:55,698] {processor.py:623} INFO - DAG(s) dict_keys(['example_skip_dag']) retrieved from /home/airflow/.local/lib/python3.6/site-packages/airflow/example_dags/example_skip_dag.py
[2022-11-16 17:05:55,725] {logging_mixin.py:109} INFO - [2022-11-16 17:05:55,725] {dag.py:1833} INFO - Sync 1 DAGs
[2022-11-16 17:05:55,750] {logging_mixin.py:109} INFO - [2022-11-16 17:05:55,750] {dag.py:2306} INFO - Setting next_dagrun for example_skip_dag to 2022-11-14 00:00:00+00:00
[2022-11-16 17:05:55,763] {processor.py:170} INFO - Processing /home/airflow/.local/lib/python3.6/site-packages/airflow/example_dags/example_skip_dag.py took 0.087 seconds
