[2022-11-16 16:55:27,183] {processor.py:162} INFO - Started process (PID=279) to work on /home/airflow/.local/lib/python3.6/site-packages/airflow/example_dags/example_task_group_decorator.py
[2022-11-16 16:55:27,185] {processor.py:613} INFO - Processing file /home/airflow/.local/lib/python3.6/site-packages/airflow/example_dags/example_task_group_decorator.py for tasks to queue
[2022-11-16 16:55:27,187] {logging_mixin.py:109} INFO - [2022-11-16 16:55:27,186] {dagbag.py:496} INFO - Filling up the DagBag from /home/airflow/.local/lib/python3.6/site-packages/airflow/example_dags/example_task_group_decorator.py
[2022-11-16 16:55:27,231] {processor.py:623} INFO - DAG(s) dict_keys(['example_task_group_decorator']) retrieved from /home/airflow/.local/lib/python3.6/site-packages/airflow/example_dags/example_task_group_decorator.py
[2022-11-16 16:55:30,065] {logging_mixin.py:109} INFO - [2022-11-16 16:55:30,064] {dag.py:1833} INFO - Sync 1 DAGs
[2022-11-16 16:55:30,079] {logging_mixin.py:109} INFO - [2022-11-16 16:55:30,078] {dag.py:1852} INFO - Creating ORM DAG for example_task_group_decorator
[2022-11-16 16:55:30,086] {logging_mixin.py:109} INFO - [2022-11-16 16:55:30,086] {dag.py:2306} INFO - Setting next_dagrun for example_task_group_decorator to 2022-11-14 00:00:00+00:00
[2022-11-16 16:55:30,101] {processor.py:170} INFO - Processing /home/airflow/.local/lib/python3.6/site-packages/airflow/example_dags/example_task_group_decorator.py took 2.922 seconds
[2022-11-16 16:56:00,541] {processor.py:162} INFO - Started process (PID=395) to work on /home/airflow/.local/lib/python3.6/site-packages/airflow/example_dags/example_task_group_decorator.py
[2022-11-16 16:56:00,545] {processor.py:613} INFO - Processing file /home/airflow/.local/lib/python3.6/site-packages/airflow/example_dags/example_task_group_decorator.py for tasks to queue
[2022-11-16 16:56:00,548] {logging_mixin.py:109} INFO - [2022-11-16 16:56:00,548] {dagbag.py:496} INFO - Filling up the DagBag from /home/airflow/.local/lib/python3.6/site-packages/airflow/example_dags/example_task_group_decorator.py
[2022-11-16 16:56:00,645] {processor.py:623} INFO - DAG(s) dict_keys(['example_task_group_decorator']) retrieved from /home/airflow/.local/lib/python3.6/site-packages/airflow/example_dags/example_task_group_decorator.py
[2022-11-16 16:56:00,958] {logging_mixin.py:109} INFO - [2022-11-16 16:56:00,957] {dag.py:1833} INFO - Sync 1 DAGs
[2022-11-16 16:56:00,977] {logging_mixin.py:109} INFO - [2022-11-16 16:56:00,977] {dag.py:2306} INFO - Setting next_dagrun for example_task_group_decorator to 2022-11-14 00:00:00+00:00
[2022-11-16 16:56:00,993] {processor.py:170} INFO - Processing /home/airflow/.local/lib/python3.6/site-packages/airflow/example_dags/example_task_group_decorator.py took 0.461 seconds
[2022-11-16 16:56:31,160] {processor.py:162} INFO - Started process (PID=456) to work on /home/airflow/.local/lib/python3.6/site-packages/airflow/example_dags/example_task_group_decorator.py
[2022-11-16 16:56:31,162] {processor.py:613} INFO - Processing file /home/airflow/.local/lib/python3.6/site-packages/airflow/example_dags/example_task_group_decorator.py for tasks to queue
[2022-11-16 16:56:31,163] {logging_mixin.py:109} INFO - [2022-11-16 16:56:31,163] {dagbag.py:496} INFO - Filling up the DagBag from /home/airflow/.local/lib/python3.6/site-packages/airflow/example_dags/example_task_group_decorator.py
[2022-11-16 16:56:31,190] {processor.py:623} INFO - DAG(s) dict_keys(['example_task_group_decorator']) retrieved from /home/airflow/.local/lib/python3.6/site-packages/airflow/example_dags/example_task_group_decorator.py
[2022-11-16 16:56:31,419] {logging_mixin.py:109} INFO - [2022-11-16 16:56:31,419] {dag.py:1833} INFO - Sync 1 DAGs
[2022-11-16 16:56:31,436] {logging_mixin.py:109} INFO - [2022-11-16 16:56:31,436] {dag.py:2306} INFO - Setting next_dagrun for example_task_group_decorator to 2022-11-14 00:00:00+00:00
[2022-11-16 16:56:31,458] {processor.py:170} INFO - Processing /home/airflow/.local/lib/python3.6/site-packages/airflow/example_dags/example_task_group_decorator.py took 0.301 seconds
[2022-11-16 16:57:01,635] {processor.py:162} INFO - Started process (PID=507) to work on /home/airflow/.local/lib/python3.6/site-packages/airflow/example_dags/example_task_group_decorator.py
[2022-11-16 16:57:01,639] {processor.py:613} INFO - Processing file /home/airflow/.local/lib/python3.6/site-packages/airflow/example_dags/example_task_group_decorator.py for tasks to queue
[2022-11-16 16:57:01,641] {logging_mixin.py:109} INFO - [2022-11-16 16:57:01,641] {dagbag.py:496} INFO - Filling up the DagBag from /home/airflow/.local/lib/python3.6/site-packages/airflow/example_dags/example_task_group_decorator.py
[2022-11-16 16:57:01,683] {processor.py:623} INFO - DAG(s) dict_keys(['example_task_group_decorator']) retrieved from /home/airflow/.local/lib/python3.6/site-packages/airflow/example_dags/example_task_group_decorator.py
[2022-11-16 16:57:02,074] {logging_mixin.py:109} INFO - [2022-11-16 16:57:02,074] {dag.py:1833} INFO - Sync 1 DAGs
[2022-11-16 16:57:02,111] {logging_mixin.py:109} INFO - [2022-11-16 16:57:02,111] {dag.py:2306} INFO - Setting next_dagrun for example_task_group_decorator to 2022-11-14 00:00:00+00:00
[2022-11-16 16:57:02,140] {processor.py:170} INFO - Processing /home/airflow/.local/lib/python3.6/site-packages/airflow/example_dags/example_task_group_decorator.py took 0.512 seconds
[2022-11-16 16:57:32,368] {processor.py:162} INFO - Started process (PID=558) to work on /home/airflow/.local/lib/python3.6/site-packages/airflow/example_dags/example_task_group_decorator.py
[2022-11-16 16:57:32,370] {processor.py:613} INFO - Processing file /home/airflow/.local/lib/python3.6/site-packages/airflow/example_dags/example_task_group_decorator.py for tasks to queue
[2022-11-16 16:57:32,371] {logging_mixin.py:109} INFO - [2022-11-16 16:57:32,371] {dagbag.py:496} INFO - Filling up the DagBag from /home/airflow/.local/lib/python3.6/site-packages/airflow/example_dags/example_task_group_decorator.py
[2022-11-16 16:57:32,399] {processor.py:623} INFO - DAG(s) dict_keys(['example_task_group_decorator']) retrieved from /home/airflow/.local/lib/python3.6/site-packages/airflow/example_dags/example_task_group_decorator.py
[2022-11-16 16:57:32,616] {logging_mixin.py:109} INFO - [2022-11-16 16:57:32,615] {dag.py:1833} INFO - Sync 1 DAGs
[2022-11-16 16:57:32,632] {logging_mixin.py:109} INFO - [2022-11-16 16:57:32,632] {dag.py:2306} INFO - Setting next_dagrun for example_task_group_decorator to 2022-11-14 00:00:00+00:00
[2022-11-16 16:57:32,647] {processor.py:170} INFO - Processing /home/airflow/.local/lib/python3.6/site-packages/airflow/example_dags/example_task_group_decorator.py took 0.281 seconds
[2022-11-16 16:58:03,120] {processor.py:162} INFO - Started process (PID=619) to work on /home/airflow/.local/lib/python3.6/site-packages/airflow/example_dags/example_task_group_decorator.py
[2022-11-16 16:58:03,124] {processor.py:613} INFO - Processing file /home/airflow/.local/lib/python3.6/site-packages/airflow/example_dags/example_task_group_decorator.py for tasks to queue
[2022-11-16 16:58:03,127] {logging_mixin.py:109} INFO - [2022-11-16 16:58:03,126] {dagbag.py:496} INFO - Filling up the DagBag from /home/airflow/.local/lib/python3.6/site-packages/airflow/example_dags/example_task_group_decorator.py
[2022-11-16 16:58:03,163] {processor.py:623} INFO - DAG(s) dict_keys(['example_task_group_decorator']) retrieved from /home/airflow/.local/lib/python3.6/site-packages/airflow/example_dags/example_task_group_decorator.py
[2022-11-16 16:58:03,430] {logging_mixin.py:109} INFO - [2022-11-16 16:58:03,430] {dag.py:1833} INFO - Sync 1 DAGs
[2022-11-16 16:58:03,452] {logging_mixin.py:109} INFO - [2022-11-16 16:58:03,452] {dag.py:2306} INFO - Setting next_dagrun for example_task_group_decorator to 2022-11-14 00:00:00+00:00
[2022-11-16 16:58:03,478] {processor.py:170} INFO - Processing /home/airflow/.local/lib/python3.6/site-packages/airflow/example_dags/example_task_group_decorator.py took 0.371 seconds
[2022-11-16 16:58:33,690] {processor.py:162} INFO - Started process (PID=670) to work on /home/airflow/.local/lib/python3.6/site-packages/airflow/example_dags/example_task_group_decorator.py
[2022-11-16 16:58:33,694] {processor.py:613} INFO - Processing file /home/airflow/.local/lib/python3.6/site-packages/airflow/example_dags/example_task_group_decorator.py for tasks to queue
[2022-11-16 16:58:33,697] {logging_mixin.py:109} INFO - [2022-11-16 16:58:33,697] {dagbag.py:496} INFO - Filling up the DagBag from /home/airflow/.local/lib/python3.6/site-packages/airflow/example_dags/example_task_group_decorator.py
[2022-11-16 16:58:33,734] {processor.py:623} INFO - DAG(s) dict_keys(['example_task_group_decorator']) retrieved from /home/airflow/.local/lib/python3.6/site-packages/airflow/example_dags/example_task_group_decorator.py
[2022-11-16 16:58:33,981] {logging_mixin.py:109} INFO - [2022-11-16 16:58:33,980] {dag.py:1833} INFO - Sync 1 DAGs
[2022-11-16 16:58:34,000] {logging_mixin.py:109} INFO - [2022-11-16 16:58:34,000] {dag.py:2306} INFO - Setting next_dagrun for example_task_group_decorator to 2022-11-14 00:00:00+00:00
[2022-11-16 16:58:34,021] {processor.py:170} INFO - Processing /home/airflow/.local/lib/python3.6/site-packages/airflow/example_dags/example_task_group_decorator.py took 0.340 seconds
[2022-11-16 16:59:04,119] {processor.py:162} INFO - Started process (PID=730) to work on /home/airflow/.local/lib/python3.6/site-packages/airflow/example_dags/example_task_group_decorator.py
[2022-11-16 16:59:04,121] {processor.py:613} INFO - Processing file /home/airflow/.local/lib/python3.6/site-packages/airflow/example_dags/example_task_group_decorator.py for tasks to queue
[2022-11-16 16:59:04,122] {logging_mixin.py:109} INFO - [2022-11-16 16:59:04,122] {dagbag.py:496} INFO - Filling up the DagBag from /home/airflow/.local/lib/python3.6/site-packages/airflow/example_dags/example_task_group_decorator.py
[2022-11-16 16:59:04,154] {processor.py:623} INFO - DAG(s) dict_keys(['example_task_group_decorator']) retrieved from /home/airflow/.local/lib/python3.6/site-packages/airflow/example_dags/example_task_group_decorator.py
[2022-11-16 16:59:04,410] {logging_mixin.py:109} INFO - [2022-11-16 16:59:04,410] {dag.py:1833} INFO - Sync 1 DAGs
[2022-11-16 16:59:04,426] {logging_mixin.py:109} INFO - [2022-11-16 16:59:04,426] {dag.py:2306} INFO - Setting next_dagrun for example_task_group_decorator to 2022-11-14 00:00:00+00:00
[2022-11-16 16:59:04,442] {processor.py:170} INFO - Processing /home/airflow/.local/lib/python3.6/site-packages/airflow/example_dags/example_task_group_decorator.py took 0.327 seconds
[2022-11-16 16:59:35,448] {processor.py:162} INFO - Started process (PID=782) to work on /home/airflow/.local/lib/python3.6/site-packages/airflow/example_dags/example_task_group_decorator.py
[2022-11-16 16:59:35,450] {processor.py:613} INFO - Processing file /home/airflow/.local/lib/python3.6/site-packages/airflow/example_dags/example_task_group_decorator.py for tasks to queue
[2022-11-16 16:59:35,451] {logging_mixin.py:109} INFO - [2022-11-16 16:59:35,451] {dagbag.py:496} INFO - Filling up the DagBag from /home/airflow/.local/lib/python3.6/site-packages/airflow/example_dags/example_task_group_decorator.py
[2022-11-16 16:59:35,482] {processor.py:623} INFO - DAG(s) dict_keys(['example_task_group_decorator']) retrieved from /home/airflow/.local/lib/python3.6/site-packages/airflow/example_dags/example_task_group_decorator.py
[2022-11-16 16:59:35,707] {logging_mixin.py:109} INFO - [2022-11-16 16:59:35,707] {dag.py:1833} INFO - Sync 1 DAGs
[2022-11-16 16:59:35,720] {logging_mixin.py:109} INFO - [2022-11-16 16:59:35,720] {dag.py:2306} INFO - Setting next_dagrun for example_task_group_decorator to 2022-11-14 00:00:00+00:00
[2022-11-16 16:59:35,736] {processor.py:170} INFO - Processing /home/airflow/.local/lib/python3.6/site-packages/airflow/example_dags/example_task_group_decorator.py took 0.293 seconds
[2022-11-16 17:00:06,063] {processor.py:162} INFO - Started process (PID=833) to work on /home/airflow/.local/lib/python3.6/site-packages/airflow/example_dags/example_task_group_decorator.py
[2022-11-16 17:00:06,067] {processor.py:613} INFO - Processing file /home/airflow/.local/lib/python3.6/site-packages/airflow/example_dags/example_task_group_decorator.py for tasks to queue
[2022-11-16 17:00:06,072] {logging_mixin.py:109} INFO - [2022-11-16 17:00:06,071] {dagbag.py:496} INFO - Filling up the DagBag from /home/airflow/.local/lib/python3.6/site-packages/airflow/example_dags/example_task_group_decorator.py
[2022-11-16 17:00:06,128] {processor.py:623} INFO - DAG(s) dict_keys(['example_task_group_decorator']) retrieved from /home/airflow/.local/lib/python3.6/site-packages/airflow/example_dags/example_task_group_decorator.py
[2022-11-16 17:00:06,391] {logging_mixin.py:109} INFO - [2022-11-16 17:00:06,391] {dag.py:1833} INFO - Sync 1 DAGs
[2022-11-16 17:00:06,407] {logging_mixin.py:109} INFO - [2022-11-16 17:00:06,407] {dag.py:2306} INFO - Setting next_dagrun for example_task_group_decorator to 2022-11-14 00:00:00+00:00
[2022-11-16 17:00:06,422] {processor.py:170} INFO - Processing /home/airflow/.local/lib/python3.6/site-packages/airflow/example_dags/example_task_group_decorator.py took 0.373 seconds
[2022-11-16 17:00:37,393] {processor.py:162} INFO - Started process (PID=894) to work on /home/airflow/.local/lib/python3.6/site-packages/airflow/example_dags/example_task_group_decorator.py
[2022-11-16 17:00:37,398] {processor.py:613} INFO - Processing file /home/airflow/.local/lib/python3.6/site-packages/airflow/example_dags/example_task_group_decorator.py for tasks to queue
[2022-11-16 17:00:37,403] {logging_mixin.py:109} INFO - [2022-11-16 17:00:37,402] {dagbag.py:496} INFO - Filling up the DagBag from /home/airflow/.local/lib/python3.6/site-packages/airflow/example_dags/example_task_group_decorator.py
[2022-11-16 17:00:37,493] {processor.py:623} INFO - DAG(s) dict_keys(['example_task_group_decorator']) retrieved from /home/airflow/.local/lib/python3.6/site-packages/airflow/example_dags/example_task_group_decorator.py
[2022-11-16 17:00:37,805] {logging_mixin.py:109} INFO - [2022-11-16 17:00:37,804] {dag.py:1833} INFO - Sync 1 DAGs
[2022-11-16 17:00:37,820] {logging_mixin.py:109} INFO - [2022-11-16 17:00:37,820] {dag.py:2306} INFO - Setting next_dagrun for example_task_group_decorator to 2022-11-14 00:00:00+00:00
[2022-11-16 17:00:37,834] {processor.py:170} INFO - Processing /home/airflow/.local/lib/python3.6/site-packages/airflow/example_dags/example_task_group_decorator.py took 0.455 seconds
[2022-11-16 17:01:08,774] {processor.py:162} INFO - Started process (PID=945) to work on /home/airflow/.local/lib/python3.6/site-packages/airflow/example_dags/example_task_group_decorator.py
[2022-11-16 17:01:08,777] {processor.py:613} INFO - Processing file /home/airflow/.local/lib/python3.6/site-packages/airflow/example_dags/example_task_group_decorator.py for tasks to queue
[2022-11-16 17:01:08,779] {logging_mixin.py:109} INFO - [2022-11-16 17:01:08,779] {dagbag.py:496} INFO - Filling up the DagBag from /home/airflow/.local/lib/python3.6/site-packages/airflow/example_dags/example_task_group_decorator.py
[2022-11-16 17:01:08,824] {processor.py:623} INFO - DAG(s) dict_keys(['example_task_group_decorator']) retrieved from /home/airflow/.local/lib/python3.6/site-packages/airflow/example_dags/example_task_group_decorator.py
[2022-11-16 17:01:09,101] {logging_mixin.py:109} INFO - [2022-11-16 17:01:09,101] {dag.py:1833} INFO - Sync 1 DAGs
[2022-11-16 17:01:09,120] {logging_mixin.py:109} INFO - [2022-11-16 17:01:09,120] {dag.py:2306} INFO - Setting next_dagrun for example_task_group_decorator to 2022-11-14 00:00:00+00:00
[2022-11-16 17:01:09,138] {processor.py:170} INFO - Processing /home/airflow/.local/lib/python3.6/site-packages/airflow/example_dags/example_task_group_decorator.py took 0.368 seconds
[2022-11-16 17:01:39,463] {processor.py:162} INFO - Started process (PID=1007) to work on /home/airflow/.local/lib/python3.6/site-packages/airflow/example_dags/example_task_group_decorator.py
[2022-11-16 17:01:39,466] {processor.py:613} INFO - Processing file /home/airflow/.local/lib/python3.6/site-packages/airflow/example_dags/example_task_group_decorator.py for tasks to queue
[2022-11-16 17:01:39,468] {logging_mixin.py:109} INFO - [2022-11-16 17:01:39,468] {dagbag.py:496} INFO - Filling up the DagBag from /home/airflow/.local/lib/python3.6/site-packages/airflow/example_dags/example_task_group_decorator.py
[2022-11-16 17:01:39,502] {processor.py:623} INFO - DAG(s) dict_keys(['example_task_group_decorator']) retrieved from /home/airflow/.local/lib/python3.6/site-packages/airflow/example_dags/example_task_group_decorator.py
[2022-11-16 17:01:39,761] {logging_mixin.py:109} INFO - [2022-11-16 17:01:39,760] {dag.py:1833} INFO - Sync 1 DAGs
[2022-11-16 17:01:39,775] {logging_mixin.py:109} INFO - [2022-11-16 17:01:39,775] {dag.py:2306} INFO - Setting next_dagrun for example_task_group_decorator to 2022-11-14 00:00:00+00:00
[2022-11-16 17:01:39,793] {processor.py:170} INFO - Processing /home/airflow/.local/lib/python3.6/site-packages/airflow/example_dags/example_task_group_decorator.py took 0.334 seconds
[2022-11-16 17:02:09,956] {processor.py:162} INFO - Started process (PID=1059) to work on /home/airflow/.local/lib/python3.6/site-packages/airflow/example_dags/example_task_group_decorator.py
[2022-11-16 17:02:09,958] {processor.py:613} INFO - Processing file /home/airflow/.local/lib/python3.6/site-packages/airflow/example_dags/example_task_group_decorator.py for tasks to queue
[2022-11-16 17:02:09,959] {logging_mixin.py:109} INFO - [2022-11-16 17:02:09,959] {dagbag.py:496} INFO - Filling up the DagBag from /home/airflow/.local/lib/python3.6/site-packages/airflow/example_dags/example_task_group_decorator.py
[2022-11-16 17:02:09,992] {processor.py:623} INFO - DAG(s) dict_keys(['example_task_group_decorator']) retrieved from /home/airflow/.local/lib/python3.6/site-packages/airflow/example_dags/example_task_group_decorator.py
[2022-11-16 17:02:10,269] {logging_mixin.py:109} INFO - [2022-11-16 17:02:10,268] {dag.py:1833} INFO - Sync 1 DAGs
[2022-11-16 17:02:10,287] {logging_mixin.py:109} INFO - [2022-11-16 17:02:10,287] {dag.py:2306} INFO - Setting next_dagrun for example_task_group_decorator to 2022-11-14 00:00:00+00:00
[2022-11-16 17:02:10,306] {processor.py:170} INFO - Processing /home/airflow/.local/lib/python3.6/site-packages/airflow/example_dags/example_task_group_decorator.py took 0.355 seconds
[2022-11-16 17:02:40,780] {processor.py:162} INFO - Started process (PID=1109) to work on /home/airflow/.local/lib/python3.6/site-packages/airflow/example_dags/example_task_group_decorator.py
[2022-11-16 17:02:40,782] {processor.py:613} INFO - Processing file /home/airflow/.local/lib/python3.6/site-packages/airflow/example_dags/example_task_group_decorator.py for tasks to queue
[2022-11-16 17:02:40,786] {logging_mixin.py:109} INFO - [2022-11-16 17:02:40,786] {dagbag.py:496} INFO - Filling up the DagBag from /home/airflow/.local/lib/python3.6/site-packages/airflow/example_dags/example_task_group_decorator.py
[2022-11-16 17:02:40,834] {processor.py:623} INFO - DAG(s) dict_keys(['example_task_group_decorator']) retrieved from /home/airflow/.local/lib/python3.6/site-packages/airflow/example_dags/example_task_group_decorator.py
[2022-11-16 17:02:41,136] {logging_mixin.py:109} INFO - [2022-11-16 17:02:41,136] {dag.py:1833} INFO - Sync 1 DAGs
[2022-11-16 17:02:41,153] {logging_mixin.py:109} INFO - [2022-11-16 17:02:41,153] {dag.py:2306} INFO - Setting next_dagrun for example_task_group_decorator to 2022-11-14 00:00:00+00:00
[2022-11-16 17:02:41,168] {processor.py:170} INFO - Processing /home/airflow/.local/lib/python3.6/site-packages/airflow/example_dags/example_task_group_decorator.py took 0.395 seconds
[2022-11-16 17:03:11,231] {processor.py:162} INFO - Started process (PID=1172) to work on /home/airflow/.local/lib/python3.6/site-packages/airflow/example_dags/example_task_group_decorator.py
[2022-11-16 17:03:11,233] {processor.py:613} INFO - Processing file /home/airflow/.local/lib/python3.6/site-packages/airflow/example_dags/example_task_group_decorator.py for tasks to queue
[2022-11-16 17:03:11,234] {logging_mixin.py:109} INFO - [2022-11-16 17:03:11,234] {dagbag.py:496} INFO - Filling up the DagBag from /home/airflow/.local/lib/python3.6/site-packages/airflow/example_dags/example_task_group_decorator.py
[2022-11-16 17:03:11,260] {processor.py:623} INFO - DAG(s) dict_keys(['example_task_group_decorator']) retrieved from /home/airflow/.local/lib/python3.6/site-packages/airflow/example_dags/example_task_group_decorator.py
[2022-11-16 17:03:11,498] {logging_mixin.py:109} INFO - [2022-11-16 17:03:11,498] {dag.py:1833} INFO - Sync 1 DAGs
[2022-11-16 17:03:11,517] {logging_mixin.py:109} INFO - [2022-11-16 17:03:11,517] {dag.py:2306} INFO - Setting next_dagrun for example_task_group_decorator to 2022-11-14 00:00:00+00:00
[2022-11-16 17:03:11,534] {processor.py:170} INFO - Processing /home/airflow/.local/lib/python3.6/site-packages/airflow/example_dags/example_task_group_decorator.py took 0.306 seconds
[2022-11-16 17:04:54,624] {processor.py:162} INFO - Started process (PID=65) to work on /home/airflow/.local/lib/python3.6/site-packages/airflow/example_dags/example_task_group_decorator.py
[2022-11-16 17:04:54,628] {processor.py:613} INFO - Processing file /home/airflow/.local/lib/python3.6/site-packages/airflow/example_dags/example_task_group_decorator.py for tasks to queue
[2022-11-16 17:04:54,630] {logging_mixin.py:109} INFO - [2022-11-16 17:04:54,630] {dagbag.py:496} INFO - Filling up the DagBag from /home/airflow/.local/lib/python3.6/site-packages/airflow/example_dags/example_task_group_decorator.py
[2022-11-16 17:04:54,685] {processor.py:623} INFO - DAG(s) dict_keys(['example_task_group_decorator']) retrieved from /home/airflow/.local/lib/python3.6/site-packages/airflow/example_dags/example_task_group_decorator.py
[2022-11-16 17:04:55,105] {logging_mixin.py:109} INFO - [2022-11-16 17:04:55,104] {dag.py:1833} INFO - Sync 1 DAGs
[2022-11-16 17:04:55,137] {logging_mixin.py:109} INFO - [2022-11-16 17:04:55,137] {dag.py:2306} INFO - Setting next_dagrun for example_task_group_decorator to 2022-11-14 00:00:00+00:00
[2022-11-16 17:04:55,167] {processor.py:170} INFO - Processing /home/airflow/.local/lib/python3.6/site-packages/airflow/example_dags/example_task_group_decorator.py took 0.548 seconds
[2022-11-16 17:05:25,876] {processor.py:162} INFO - Started process (PID=119) to work on /home/airflow/.local/lib/python3.6/site-packages/airflow/example_dags/example_task_group_decorator.py
[2022-11-16 17:05:25,885] {processor.py:613} INFO - Processing file /home/airflow/.local/lib/python3.6/site-packages/airflow/example_dags/example_task_group_decorator.py for tasks to queue
[2022-11-16 17:05:25,887] {logging_mixin.py:109} INFO - [2022-11-16 17:05:25,886] {dagbag.py:496} INFO - Filling up the DagBag from /home/airflow/.local/lib/python3.6/site-packages/airflow/example_dags/example_task_group_decorator.py
[2022-11-16 17:05:25,948] {processor.py:623} INFO - DAG(s) dict_keys(['example_task_group_decorator']) retrieved from /home/airflow/.local/lib/python3.6/site-packages/airflow/example_dags/example_task_group_decorator.py
[2022-11-16 17:05:26,419] {logging_mixin.py:109} INFO - [2022-11-16 17:05:26,418] {dag.py:1833} INFO - Sync 1 DAGs
[2022-11-16 17:05:26,447] {logging_mixin.py:109} INFO - [2022-11-16 17:05:26,447] {dag.py:2306} INFO - Setting next_dagrun for example_task_group_decorator to 2022-11-14 00:00:00+00:00
[2022-11-16 17:05:26,470] {processor.py:170} INFO - Processing /home/airflow/.local/lib/python3.6/site-packages/airflow/example_dags/example_task_group_decorator.py took 0.599 seconds
[2022-11-16 17:05:56,552] {processor.py:162} INFO - Started process (PID=170) to work on /home/airflow/.local/lib/python3.6/site-packages/airflow/example_dags/example_task_group_decorator.py
[2022-11-16 17:05:56,555] {processor.py:613} INFO - Processing file /home/airflow/.local/lib/python3.6/site-packages/airflow/example_dags/example_task_group_decorator.py for tasks to queue
[2022-11-16 17:05:56,557] {logging_mixin.py:109} INFO - [2022-11-16 17:05:56,556] {dagbag.py:496} INFO - Filling up the DagBag from /home/airflow/.local/lib/python3.6/site-packages/airflow/example_dags/example_task_group_decorator.py
[2022-11-16 17:05:56,594] {processor.py:623} INFO - DAG(s) dict_keys(['example_task_group_decorator']) retrieved from /home/airflow/.local/lib/python3.6/site-packages/airflow/example_dags/example_task_group_decorator.py
[2022-11-16 17:05:56,963] {logging_mixin.py:109} INFO - [2022-11-16 17:05:56,963] {dag.py:1833} INFO - Sync 1 DAGs
[2022-11-16 17:05:56,979] {logging_mixin.py:109} INFO - [2022-11-16 17:05:56,978] {dag.py:2306} INFO - Setting next_dagrun for example_task_group_decorator to 2022-11-14 00:00:00+00:00
[2022-11-16 17:05:56,992] {processor.py:170} INFO - Processing /home/airflow/.local/lib/python3.6/site-packages/airflow/example_dags/example_task_group_decorator.py took 0.444 seconds
