[2022-11-16 16:55:24,812] {processor.py:162} INFO - Started process (PID=260) to work on /home/airflow/.local/lib/python3.6/site-packages/airflow/example_dags/example_branch_datetime_operator.py
[2022-11-16 16:55:24,815] {processor.py:613} INFO - Processing file /home/airflow/.local/lib/python3.6/site-packages/airflow/example_dags/example_branch_datetime_operator.py for tasks to queue
[2022-11-16 16:55:24,819] {logging_mixin.py:109} INFO - [2022-11-16 16:55:24,819] {dagbag.py:496} INFO - Filling up the DagBag from /home/airflow/.local/lib/python3.6/site-packages/airflow/example_dags/example_branch_datetime_operator.py
[2022-11-16 16:55:24,873] {processor.py:623} INFO - DAG(s) dict_keys(['example_branch_datetime_operator_2']) retrieved from /home/airflow/.local/lib/python3.6/site-packages/airflow/example_dags/example_branch_datetime_operator.py
[2022-11-16 16:55:27,616] {logging_mixin.py:109} INFO - [2022-11-16 16:55:27,615] {dag.py:1833} INFO - Sync 1 DAGs
[2022-11-16 16:55:27,630] {logging_mixin.py:109} INFO - [2022-11-16 16:55:27,628] {dag.py:1852} INFO - Creating ORM DAG for example_branch_datetime_operator_2
[2022-11-16 16:55:27,642] {logging_mixin.py:109} INFO - [2022-11-16 16:55:27,642] {dag.py:2306} INFO - Setting next_dagrun for example_branch_datetime_operator_2 to 2022-11-14 00:00:00+00:00
[2022-11-16 16:55:27,661] {processor.py:170} INFO - Processing /home/airflow/.local/lib/python3.6/site-packages/airflow/example_dags/example_branch_datetime_operator.py took 2.855 seconds
[2022-11-16 16:55:58,486] {processor.py:162} INFO - Started process (PID=394) to work on /home/airflow/.local/lib/python3.6/site-packages/airflow/example_dags/example_branch_datetime_operator.py
[2022-11-16 16:55:58,488] {processor.py:613} INFO - Processing file /home/airflow/.local/lib/python3.6/site-packages/airflow/example_dags/example_branch_datetime_operator.py for tasks to queue
[2022-11-16 16:55:58,489] {logging_mixin.py:109} INFO - [2022-11-16 16:55:58,489] {dagbag.py:496} INFO - Filling up the DagBag from /home/airflow/.local/lib/python3.6/site-packages/airflow/example_dags/example_branch_datetime_operator.py
[2022-11-16 16:55:58,504] {processor.py:623} INFO - DAG(s) dict_keys(['example_branch_datetime_operator_2']) retrieved from /home/airflow/.local/lib/python3.6/site-packages/airflow/example_dags/example_branch_datetime_operator.py
[2022-11-16 16:55:58,528] {logging_mixin.py:109} INFO - [2022-11-16 16:55:58,527] {dag.py:1833} INFO - Sync 1 DAGs
[2022-11-16 16:55:58,546] {logging_mixin.py:109} INFO - [2022-11-16 16:55:58,545] {dag.py:2306} INFO - Setting next_dagrun for example_branch_datetime_operator_2 to 2022-11-14 00:00:00+00:00
[2022-11-16 16:55:58,557] {processor.py:170} INFO - Processing /home/airflow/.local/lib/python3.6/site-packages/airflow/example_dags/example_branch_datetime_operator.py took 0.076 seconds
[2022-11-16 16:56:29,189] {processor.py:162} INFO - Started process (PID=445) to work on /home/airflow/.local/lib/python3.6/site-packages/airflow/example_dags/example_branch_datetime_operator.py
[2022-11-16 16:56:29,192] {processor.py:613} INFO - Processing file /home/airflow/.local/lib/python3.6/site-packages/airflow/example_dags/example_branch_datetime_operator.py for tasks to queue
[2022-11-16 16:56:29,194] {logging_mixin.py:109} INFO - [2022-11-16 16:56:29,194] {dagbag.py:496} INFO - Filling up the DagBag from /home/airflow/.local/lib/python3.6/site-packages/airflow/example_dags/example_branch_datetime_operator.py
[2022-11-16 16:56:29,220] {processor.py:623} INFO - DAG(s) dict_keys(['example_branch_datetime_operator_2']) retrieved from /home/airflow/.local/lib/python3.6/site-packages/airflow/example_dags/example_branch_datetime_operator.py
[2022-11-16 16:56:29,246] {logging_mixin.py:109} INFO - [2022-11-16 16:56:29,246] {dag.py:1833} INFO - Sync 1 DAGs
[2022-11-16 16:56:29,265] {logging_mixin.py:109} INFO - [2022-11-16 16:56:29,265] {dag.py:2306} INFO - Setting next_dagrun for example_branch_datetime_operator_2 to 2022-11-14 00:00:00+00:00
[2022-11-16 16:56:29,282] {processor.py:170} INFO - Processing /home/airflow/.local/lib/python3.6/site-packages/airflow/example_dags/example_branch_datetime_operator.py took 0.100 seconds
[2022-11-16 16:56:59,448] {processor.py:162} INFO - Started process (PID=506) to work on /home/airflow/.local/lib/python3.6/site-packages/airflow/example_dags/example_branch_datetime_operator.py
[2022-11-16 16:56:59,451] {processor.py:613} INFO - Processing file /home/airflow/.local/lib/python3.6/site-packages/airflow/example_dags/example_branch_datetime_operator.py for tasks to queue
[2022-11-16 16:56:59,452] {logging_mixin.py:109} INFO - [2022-11-16 16:56:59,452] {dagbag.py:496} INFO - Filling up the DagBag from /home/airflow/.local/lib/python3.6/site-packages/airflow/example_dags/example_branch_datetime_operator.py
[2022-11-16 16:56:59,469] {processor.py:623} INFO - DAG(s) dict_keys(['example_branch_datetime_operator_2']) retrieved from /home/airflow/.local/lib/python3.6/site-packages/airflow/example_dags/example_branch_datetime_operator.py
[2022-11-16 16:56:59,492] {logging_mixin.py:109} INFO - [2022-11-16 16:56:59,492] {dag.py:1833} INFO - Sync 1 DAGs
[2022-11-16 16:56:59,512] {logging_mixin.py:109} INFO - [2022-11-16 16:56:59,511] {dag.py:2306} INFO - Setting next_dagrun for example_branch_datetime_operator_2 to 2022-11-14 00:00:00+00:00
[2022-11-16 16:56:59,523] {processor.py:170} INFO - Processing /home/airflow/.local/lib/python3.6/site-packages/airflow/example_dags/example_branch_datetime_operator.py took 0.080 seconds
[2022-11-16 16:57:30,088] {processor.py:162} INFO - Started process (PID=557) to work on /home/airflow/.local/lib/python3.6/site-packages/airflow/example_dags/example_branch_datetime_operator.py
[2022-11-16 16:57:30,091] {processor.py:613} INFO - Processing file /home/airflow/.local/lib/python3.6/site-packages/airflow/example_dags/example_branch_datetime_operator.py for tasks to queue
[2022-11-16 16:57:30,094] {logging_mixin.py:109} INFO - [2022-11-16 16:57:30,093] {dagbag.py:496} INFO - Filling up the DagBag from /home/airflow/.local/lib/python3.6/site-packages/airflow/example_dags/example_branch_datetime_operator.py
[2022-11-16 16:57:30,126] {processor.py:623} INFO - DAG(s) dict_keys(['example_branch_datetime_operator_2']) retrieved from /home/airflow/.local/lib/python3.6/site-packages/airflow/example_dags/example_branch_datetime_operator.py
[2022-11-16 16:57:30,191] {logging_mixin.py:109} INFO - [2022-11-16 16:57:30,191] {dag.py:1833} INFO - Sync 1 DAGs
[2022-11-16 16:57:30,257] {logging_mixin.py:109} INFO - [2022-11-16 16:57:30,256] {dag.py:2306} INFO - Setting next_dagrun for example_branch_datetime_operator_2 to 2022-11-14 00:00:00+00:00
[2022-11-16 16:57:30,292] {processor.py:170} INFO - Processing /home/airflow/.local/lib/python3.6/site-packages/airflow/example_dags/example_branch_datetime_operator.py took 0.213 seconds
[2022-11-16 16:58:01,019] {processor.py:162} INFO - Started process (PID=618) to work on /home/airflow/.local/lib/python3.6/site-packages/airflow/example_dags/example_branch_datetime_operator.py
[2022-11-16 16:58:01,021] {processor.py:613} INFO - Processing file /home/airflow/.local/lib/python3.6/site-packages/airflow/example_dags/example_branch_datetime_operator.py for tasks to queue
[2022-11-16 16:58:01,022] {logging_mixin.py:109} INFO - [2022-11-16 16:58:01,022] {dagbag.py:496} INFO - Filling up the DagBag from /home/airflow/.local/lib/python3.6/site-packages/airflow/example_dags/example_branch_datetime_operator.py
[2022-11-16 16:58:01,039] {processor.py:623} INFO - DAG(s) dict_keys(['example_branch_datetime_operator_2']) retrieved from /home/airflow/.local/lib/python3.6/site-packages/airflow/example_dags/example_branch_datetime_operator.py
[2022-11-16 16:58:01,070] {logging_mixin.py:109} INFO - [2022-11-16 16:58:01,070] {dag.py:1833} INFO - Sync 1 DAGs
[2022-11-16 16:58:01,095] {logging_mixin.py:109} INFO - [2022-11-16 16:58:01,095] {dag.py:2306} INFO - Setting next_dagrun for example_branch_datetime_operator_2 to 2022-11-14 00:00:00+00:00
[2022-11-16 16:58:01,113] {processor.py:170} INFO - Processing /home/airflow/.local/lib/python3.6/site-packages/airflow/example_dags/example_branch_datetime_operator.py took 0.099 seconds
[2022-11-16 16:58:31,401] {processor.py:162} INFO - Started process (PID=669) to work on /home/airflow/.local/lib/python3.6/site-packages/airflow/example_dags/example_branch_datetime_operator.py
[2022-11-16 16:58:31,405] {processor.py:613} INFO - Processing file /home/airflow/.local/lib/python3.6/site-packages/airflow/example_dags/example_branch_datetime_operator.py for tasks to queue
[2022-11-16 16:58:31,409] {logging_mixin.py:109} INFO - [2022-11-16 16:58:31,408] {dagbag.py:496} INFO - Filling up the DagBag from /home/airflow/.local/lib/python3.6/site-packages/airflow/example_dags/example_branch_datetime_operator.py
[2022-11-16 16:58:31,464] {processor.py:623} INFO - DAG(s) dict_keys(['example_branch_datetime_operator_2']) retrieved from /home/airflow/.local/lib/python3.6/site-packages/airflow/example_dags/example_branch_datetime_operator.py
[2022-11-16 16:58:31,535] {logging_mixin.py:109} INFO - [2022-11-16 16:58:31,535] {dag.py:1833} INFO - Sync 1 DAGs
[2022-11-16 16:58:31,564] {logging_mixin.py:109} INFO - [2022-11-16 16:58:31,564] {dag.py:2306} INFO - Setting next_dagrun for example_branch_datetime_operator_2 to 2022-11-14 00:00:00+00:00
[2022-11-16 16:58:31,582] {processor.py:170} INFO - Processing /home/airflow/.local/lib/python3.6/site-packages/airflow/example_dags/example_branch_datetime_operator.py took 0.191 seconds
[2022-11-16 16:59:01,957] {processor.py:162} INFO - Started process (PID=720) to work on /home/airflow/.local/lib/python3.6/site-packages/airflow/example_dags/example_branch_datetime_operator.py
[2022-11-16 16:59:01,961] {processor.py:613} INFO - Processing file /home/airflow/.local/lib/python3.6/site-packages/airflow/example_dags/example_branch_datetime_operator.py for tasks to queue
[2022-11-16 16:59:01,964] {logging_mixin.py:109} INFO - [2022-11-16 16:59:01,964] {dagbag.py:496} INFO - Filling up the DagBag from /home/airflow/.local/lib/python3.6/site-packages/airflow/example_dags/example_branch_datetime_operator.py
[2022-11-16 16:59:02,000] {processor.py:623} INFO - DAG(s) dict_keys(['example_branch_datetime_operator_2']) retrieved from /home/airflow/.local/lib/python3.6/site-packages/airflow/example_dags/example_branch_datetime_operator.py
[2022-11-16 16:59:02,049] {logging_mixin.py:109} INFO - [2022-11-16 16:59:02,049] {dag.py:1833} INFO - Sync 1 DAGs
[2022-11-16 16:59:02,098] {logging_mixin.py:109} INFO - [2022-11-16 16:59:02,097] {dag.py:2306} INFO - Setting next_dagrun for example_branch_datetime_operator_2 to 2022-11-14 00:00:00+00:00
[2022-11-16 16:59:02,121] {processor.py:170} INFO - Processing /home/airflow/.local/lib/python3.6/site-packages/airflow/example_dags/example_branch_datetime_operator.py took 0.174 seconds
[2022-11-16 16:59:32,307] {processor.py:162} INFO - Started process (PID=781) to work on /home/airflow/.local/lib/python3.6/site-packages/airflow/example_dags/example_branch_datetime_operator.py
[2022-11-16 16:59:32,309] {processor.py:613} INFO - Processing file /home/airflow/.local/lib/python3.6/site-packages/airflow/example_dags/example_branch_datetime_operator.py for tasks to queue
[2022-11-16 16:59:32,311] {logging_mixin.py:109} INFO - [2022-11-16 16:59:32,311] {dagbag.py:496} INFO - Filling up the DagBag from /home/airflow/.local/lib/python3.6/site-packages/airflow/example_dags/example_branch_datetime_operator.py
[2022-11-16 16:59:32,328] {processor.py:623} INFO - DAG(s) dict_keys(['example_branch_datetime_operator_2']) retrieved from /home/airflow/.local/lib/python3.6/site-packages/airflow/example_dags/example_branch_datetime_operator.py
[2022-11-16 16:59:32,360] {logging_mixin.py:109} INFO - [2022-11-16 16:59:32,360] {dag.py:1833} INFO - Sync 1 DAGs
[2022-11-16 16:59:32,386] {logging_mixin.py:109} INFO - [2022-11-16 16:59:32,386] {dag.py:2306} INFO - Setting next_dagrun for example_branch_datetime_operator_2 to 2022-11-14 00:00:00+00:00
[2022-11-16 16:59:32,402] {processor.py:170} INFO - Processing /home/airflow/.local/lib/python3.6/site-packages/airflow/example_dags/example_branch_datetime_operator.py took 0.102 seconds
[2022-11-16 17:00:02,847] {processor.py:162} INFO - Started process (PID=832) to work on /home/airflow/.local/lib/python3.6/site-packages/airflow/example_dags/example_branch_datetime_operator.py
[2022-11-16 17:00:02,848] {processor.py:613} INFO - Processing file /home/airflow/.local/lib/python3.6/site-packages/airflow/example_dags/example_branch_datetime_operator.py for tasks to queue
[2022-11-16 17:00:02,850] {logging_mixin.py:109} INFO - [2022-11-16 17:00:02,849] {dagbag.py:496} INFO - Filling up the DagBag from /home/airflow/.local/lib/python3.6/site-packages/airflow/example_dags/example_branch_datetime_operator.py
[2022-11-16 17:00:02,865] {processor.py:623} INFO - DAG(s) dict_keys(['example_branch_datetime_operator_2']) retrieved from /home/airflow/.local/lib/python3.6/site-packages/airflow/example_dags/example_branch_datetime_operator.py
[2022-11-16 17:00:02,897] {logging_mixin.py:109} INFO - [2022-11-16 17:00:02,897] {dag.py:1833} INFO - Sync 1 DAGs
[2022-11-16 17:00:02,922] {logging_mixin.py:109} INFO - [2022-11-16 17:00:02,922] {dag.py:2306} INFO - Setting next_dagrun for example_branch_datetime_operator_2 to 2022-11-14 00:00:00+00:00
[2022-11-16 17:00:02,937] {processor.py:170} INFO - Processing /home/airflow/.local/lib/python3.6/site-packages/airflow/example_dags/example_branch_datetime_operator.py took 0.094 seconds
[2022-11-16 17:00:33,287] {processor.py:162} INFO - Started process (PID=892) to work on /home/airflow/.local/lib/python3.6/site-packages/airflow/example_dags/example_branch_datetime_operator.py
[2022-11-16 17:00:33,289] {processor.py:613} INFO - Processing file /home/airflow/.local/lib/python3.6/site-packages/airflow/example_dags/example_branch_datetime_operator.py for tasks to queue
[2022-11-16 17:00:33,290] {logging_mixin.py:109} INFO - [2022-11-16 17:00:33,289] {dagbag.py:496} INFO - Filling up the DagBag from /home/airflow/.local/lib/python3.6/site-packages/airflow/example_dags/example_branch_datetime_operator.py
[2022-11-16 17:00:33,303] {processor.py:623} INFO - DAG(s) dict_keys(['example_branch_datetime_operator_2']) retrieved from /home/airflow/.local/lib/python3.6/site-packages/airflow/example_dags/example_branch_datetime_operator.py
[2022-11-16 17:00:33,327] {logging_mixin.py:109} INFO - [2022-11-16 17:00:33,327] {dag.py:1833} INFO - Sync 1 DAGs
[2022-11-16 17:00:33,348] {logging_mixin.py:109} INFO - [2022-11-16 17:00:33,348] {dag.py:2306} INFO - Setting next_dagrun for example_branch_datetime_operator_2 to 2022-11-14 00:00:00+00:00
[2022-11-16 17:00:33,363] {processor.py:170} INFO - Processing /home/airflow/.local/lib/python3.6/site-packages/airflow/example_dags/example_branch_datetime_operator.py took 0.080 seconds
[2022-11-16 17:01:03,689] {processor.py:162} INFO - Started process (PID=944) to work on /home/airflow/.local/lib/python3.6/site-packages/airflow/example_dags/example_branch_datetime_operator.py
[2022-11-16 17:01:03,691] {processor.py:613} INFO - Processing file /home/airflow/.local/lib/python3.6/site-packages/airflow/example_dags/example_branch_datetime_operator.py for tasks to queue
[2022-11-16 17:01:03,692] {logging_mixin.py:109} INFO - [2022-11-16 17:01:03,692] {dagbag.py:496} INFO - Filling up the DagBag from /home/airflow/.local/lib/python3.6/site-packages/airflow/example_dags/example_branch_datetime_operator.py
[2022-11-16 17:01:03,711] {processor.py:623} INFO - DAG(s) dict_keys(['example_branch_datetime_operator_2']) retrieved from /home/airflow/.local/lib/python3.6/site-packages/airflow/example_dags/example_branch_datetime_operator.py
[2022-11-16 17:01:03,747] {logging_mixin.py:109} INFO - [2022-11-16 17:01:03,746] {dag.py:1833} INFO - Sync 1 DAGs
[2022-11-16 17:01:03,773] {logging_mixin.py:109} INFO - [2022-11-16 17:01:03,773] {dag.py:2306} INFO - Setting next_dagrun for example_branch_datetime_operator_2 to 2022-11-14 00:00:00+00:00
[2022-11-16 17:01:03,789] {processor.py:170} INFO - Processing /home/airflow/.local/lib/python3.6/site-packages/airflow/example_dags/example_branch_datetime_operator.py took 0.105 seconds
[2022-11-16 17:01:34,370] {processor.py:162} INFO - Started process (PID=995) to work on /home/airflow/.local/lib/python3.6/site-packages/airflow/example_dags/example_branch_datetime_operator.py
[2022-11-16 17:01:34,374] {processor.py:613} INFO - Processing file /home/airflow/.local/lib/python3.6/site-packages/airflow/example_dags/example_branch_datetime_operator.py for tasks to queue
[2022-11-16 17:01:34,377] {logging_mixin.py:109} INFO - [2022-11-16 17:01:34,376] {dagbag.py:496} INFO - Filling up the DagBag from /home/airflow/.local/lib/python3.6/site-packages/airflow/example_dags/example_branch_datetime_operator.py
[2022-11-16 17:01:34,407] {processor.py:623} INFO - DAG(s) dict_keys(['example_branch_datetime_operator_2']) retrieved from /home/airflow/.local/lib/python3.6/site-packages/airflow/example_dags/example_branch_datetime_operator.py
[2022-11-16 17:01:34,458] {logging_mixin.py:109} INFO - [2022-11-16 17:01:34,458] {dag.py:1833} INFO - Sync 1 DAGs
[2022-11-16 17:01:34,503] {logging_mixin.py:109} INFO - [2022-11-16 17:01:34,503] {dag.py:2306} INFO - Setting next_dagrun for example_branch_datetime_operator_2 to 2022-11-14 00:00:00+00:00
[2022-11-16 17:01:34,526] {processor.py:170} INFO - Processing /home/airflow/.local/lib/python3.6/site-packages/airflow/example_dags/example_branch_datetime_operator.py took 0.163 seconds
[2022-11-16 17:02:04,671] {processor.py:162} INFO - Started process (PID=1057) to work on /home/airflow/.local/lib/python3.6/site-packages/airflow/example_dags/example_branch_datetime_operator.py
[2022-11-16 17:02:04,673] {processor.py:613} INFO - Processing file /home/airflow/.local/lib/python3.6/site-packages/airflow/example_dags/example_branch_datetime_operator.py for tasks to queue
[2022-11-16 17:02:04,674] {logging_mixin.py:109} INFO - [2022-11-16 17:02:04,674] {dagbag.py:496} INFO - Filling up the DagBag from /home/airflow/.local/lib/python3.6/site-packages/airflow/example_dags/example_branch_datetime_operator.py
[2022-11-16 17:02:04,689] {processor.py:623} INFO - DAG(s) dict_keys(['example_branch_datetime_operator_2']) retrieved from /home/airflow/.local/lib/python3.6/site-packages/airflow/example_dags/example_branch_datetime_operator.py
[2022-11-16 17:02:04,722] {logging_mixin.py:109} INFO - [2022-11-16 17:02:04,722] {dag.py:1833} INFO - Sync 1 DAGs
[2022-11-16 17:02:04,744] {logging_mixin.py:109} INFO - [2022-11-16 17:02:04,744] {dag.py:2306} INFO - Setting next_dagrun for example_branch_datetime_operator_2 to 2022-11-14 00:00:00+00:00
[2022-11-16 17:02:04,756] {processor.py:170} INFO - Processing /home/airflow/.local/lib/python3.6/site-packages/airflow/example_dags/example_branch_datetime_operator.py took 0.090 seconds
[2022-11-16 17:02:35,618] {processor.py:162} INFO - Started process (PID=1108) to work on /home/airflow/.local/lib/python3.6/site-packages/airflow/example_dags/example_branch_datetime_operator.py
[2022-11-16 17:02:35,620] {processor.py:613} INFO - Processing file /home/airflow/.local/lib/python3.6/site-packages/airflow/example_dags/example_branch_datetime_operator.py for tasks to queue
[2022-11-16 17:02:35,622] {logging_mixin.py:109} INFO - [2022-11-16 17:02:35,622] {dagbag.py:496} INFO - Filling up the DagBag from /home/airflow/.local/lib/python3.6/site-packages/airflow/example_dags/example_branch_datetime_operator.py
[2022-11-16 17:02:35,653] {processor.py:623} INFO - DAG(s) dict_keys(['example_branch_datetime_operator_2']) retrieved from /home/airflow/.local/lib/python3.6/site-packages/airflow/example_dags/example_branch_datetime_operator.py
[2022-11-16 17:02:35,768] {logging_mixin.py:109} INFO - [2022-11-16 17:02:35,768] {dag.py:1833} INFO - Sync 1 DAGs
[2022-11-16 17:02:35,827] {logging_mixin.py:109} INFO - [2022-11-16 17:02:35,826] {dag.py:2306} INFO - Setting next_dagrun for example_branch_datetime_operator_2 to 2022-11-14 00:00:00+00:00
[2022-11-16 17:02:35,842] {processor.py:170} INFO - Processing /home/airflow/.local/lib/python3.6/site-packages/airflow/example_dags/example_branch_datetime_operator.py took 0.229 seconds
[2022-11-16 17:03:06,064] {processor.py:162} INFO - Started process (PID=1160) to work on /home/airflow/.local/lib/python3.6/site-packages/airflow/example_dags/example_branch_datetime_operator.py
[2022-11-16 17:03:06,066] {processor.py:613} INFO - Processing file /home/airflow/.local/lib/python3.6/site-packages/airflow/example_dags/example_branch_datetime_operator.py for tasks to queue
[2022-11-16 17:03:06,067] {logging_mixin.py:109} INFO - [2022-11-16 17:03:06,067] {dagbag.py:496} INFO - Filling up the DagBag from /home/airflow/.local/lib/python3.6/site-packages/airflow/example_dags/example_branch_datetime_operator.py
[2022-11-16 17:03:06,079] {processor.py:623} INFO - DAG(s) dict_keys(['example_branch_datetime_operator_2']) retrieved from /home/airflow/.local/lib/python3.6/site-packages/airflow/example_dags/example_branch_datetime_operator.py
[2022-11-16 17:03:06,232] {logging_mixin.py:109} INFO - [2022-11-16 17:03:06,231] {dag.py:1833} INFO - Sync 1 DAGs
[2022-11-16 17:03:06,283] {logging_mixin.py:109} INFO - [2022-11-16 17:03:06,283] {dag.py:2306} INFO - Setting next_dagrun for example_branch_datetime_operator_2 to 2022-11-14 00:00:00+00:00
[2022-11-16 17:03:06,304] {processor.py:170} INFO - Processing /home/airflow/.local/lib/python3.6/site-packages/airflow/example_dags/example_branch_datetime_operator.py took 0.244 seconds
[2022-11-16 17:04:54,476] {processor.py:162} INFO - Started process (PID=64) to work on /home/airflow/.local/lib/python3.6/site-packages/airflow/example_dags/example_branch_datetime_operator.py
[2022-11-16 17:04:54,478] {processor.py:613} INFO - Processing file /home/airflow/.local/lib/python3.6/site-packages/airflow/example_dags/example_branch_datetime_operator.py for tasks to queue
[2022-11-16 17:04:54,479] {logging_mixin.py:109} INFO - [2022-11-16 17:04:54,479] {dagbag.py:496} INFO - Filling up the DagBag from /home/airflow/.local/lib/python3.6/site-packages/airflow/example_dags/example_branch_datetime_operator.py
[2022-11-16 17:04:54,505] {processor.py:623} INFO - DAG(s) dict_keys(['example_branch_datetime_operator_2']) retrieved from /home/airflow/.local/lib/python3.6/site-packages/airflow/example_dags/example_branch_datetime_operator.py
[2022-11-16 17:04:54,576] {logging_mixin.py:109} INFO - [2022-11-16 17:04:54,576] {dag.py:1833} INFO - Sync 1 DAGs
[2022-11-16 17:04:54,656] {logging_mixin.py:109} INFO - [2022-11-16 17:04:54,656] {dag.py:2306} INFO - Setting next_dagrun for example_branch_datetime_operator_2 to 2022-11-14 00:00:00+00:00
[2022-11-16 17:04:54,673] {processor.py:170} INFO - Processing /home/airflow/.local/lib/python3.6/site-packages/airflow/example_dags/example_branch_datetime_operator.py took 0.202 seconds
[2022-11-16 17:05:25,615] {processor.py:162} INFO - Started process (PID=116) to work on /home/airflow/.local/lib/python3.6/site-packages/airflow/example_dags/example_branch_datetime_operator.py
[2022-11-16 17:05:25,618] {processor.py:613} INFO - Processing file /home/airflow/.local/lib/python3.6/site-packages/airflow/example_dags/example_branch_datetime_operator.py for tasks to queue
[2022-11-16 17:05:25,620] {logging_mixin.py:109} INFO - [2022-11-16 17:05:25,620] {dagbag.py:496} INFO - Filling up the DagBag from /home/airflow/.local/lib/python3.6/site-packages/airflow/example_dags/example_branch_datetime_operator.py
[2022-11-16 17:05:25,640] {processor.py:623} INFO - DAG(s) dict_keys(['example_branch_datetime_operator_2']) retrieved from /home/airflow/.local/lib/python3.6/site-packages/airflow/example_dags/example_branch_datetime_operator.py
[2022-11-16 17:05:25,732] {logging_mixin.py:109} INFO - [2022-11-16 17:05:25,731] {dag.py:1833} INFO - Sync 1 DAGs
[2022-11-16 17:05:25,756] {logging_mixin.py:109} INFO - [2022-11-16 17:05:25,755] {dag.py:2306} INFO - Setting next_dagrun for example_branch_datetime_operator_2 to 2022-11-14 00:00:00+00:00
[2022-11-16 17:05:25,768] {processor.py:170} INFO - Processing /home/airflow/.local/lib/python3.6/site-packages/airflow/example_dags/example_branch_datetime_operator.py took 0.160 seconds
[2022-11-16 17:05:56,413] {processor.py:162} INFO - Started process (PID=168) to work on /home/airflow/.local/lib/python3.6/site-packages/airflow/example_dags/example_branch_datetime_operator.py
[2022-11-16 17:05:56,415] {processor.py:613} INFO - Processing file /home/airflow/.local/lib/python3.6/site-packages/airflow/example_dags/example_branch_datetime_operator.py for tasks to queue
[2022-11-16 17:05:56,416] {logging_mixin.py:109} INFO - [2022-11-16 17:05:56,416] {dagbag.py:496} INFO - Filling up the DagBag from /home/airflow/.local/lib/python3.6/site-packages/airflow/example_dags/example_branch_datetime_operator.py
[2022-11-16 17:05:56,436] {processor.py:623} INFO - DAG(s) dict_keys(['example_branch_datetime_operator_2']) retrieved from /home/airflow/.local/lib/python3.6/site-packages/airflow/example_dags/example_branch_datetime_operator.py
[2022-11-16 17:05:56,474] {logging_mixin.py:109} INFO - [2022-11-16 17:05:56,474] {dag.py:1833} INFO - Sync 1 DAGs
[2022-11-16 17:05:56,503] {logging_mixin.py:109} INFO - [2022-11-16 17:05:56,503] {dag.py:2306} INFO - Setting next_dagrun for example_branch_datetime_operator_2 to 2022-11-14 00:00:00+00:00
[2022-11-16 17:05:56,519] {processor.py:170} INFO - Processing /home/airflow/.local/lib/python3.6/site-packages/airflow/example_dags/example_branch_datetime_operator.py took 0.113 seconds
