[2022-11-16 16:55:03,422] {processor.py:162} INFO - Started process (PID=134) to work on /home/airflow/.local/lib/python3.6/site-packages/airflow/example_dags/example_kubernetes_executor_config.py
[2022-11-16 16:55:03,478] {processor.py:613} INFO - Processing file /home/airflow/.local/lib/python3.6/site-packages/airflow/example_dags/example_kubernetes_executor_config.py for tasks to queue
[2022-11-16 16:55:03,502] {logging_mixin.py:109} INFO - [2022-11-16 16:55:03,494] {dagbag.py:496} INFO - Filling up the DagBag from /home/airflow/.local/lib/python3.6/site-packages/airflow/example_dags/example_kubernetes_executor_config.py
[2022-11-16 16:55:03,696] {processor.py:623} INFO - DAG(s) dict_keys(['example_kubernetes_executor_config']) retrieved from /home/airflow/.local/lib/python3.6/site-packages/airflow/example_dags/example_kubernetes_executor_config.py
[2022-11-16 16:55:09,395] {logging_mixin.py:109} INFO - [2022-11-16 16:55:09,393] {dag.py:1833} INFO - Sync 1 DAGs
[2022-11-16 16:55:09,410] {logging_mixin.py:109} INFO - [2022-11-16 16:55:09,408] {dag.py:1852} INFO - Creating ORM DAG for example_kubernetes_executor_config
[2022-11-16 16:55:09,417] {logging_mixin.py:109} INFO - [2022-11-16 16:55:09,417] {dag.py:2306} INFO - Setting next_dagrun for example_kubernetes_executor_config to None
[2022-11-16 16:55:09,434] {processor.py:170} INFO - Processing /home/airflow/.local/lib/python3.6/site-packages/airflow/example_dags/example_kubernetes_executor_config.py took 6.062 seconds
[2022-11-16 16:55:41,459] {processor.py:162} INFO - Started process (PID=371) to work on /home/airflow/.local/lib/python3.6/site-packages/airflow/example_dags/example_kubernetes_executor_config.py
[2022-11-16 16:55:41,461] {processor.py:613} INFO - Processing file /home/airflow/.local/lib/python3.6/site-packages/airflow/example_dags/example_kubernetes_executor_config.py for tasks to queue
[2022-11-16 16:55:41,463] {logging_mixin.py:109} INFO - [2022-11-16 16:55:41,463] {dagbag.py:496} INFO - Filling up the DagBag from /home/airflow/.local/lib/python3.6/site-packages/airflow/example_dags/example_kubernetes_executor_config.py
[2022-11-16 16:55:41,488] {processor.py:623} INFO - DAG(s) dict_keys(['example_kubernetes_executor_config']) retrieved from /home/airflow/.local/lib/python3.6/site-packages/airflow/example_dags/example_kubernetes_executor_config.py
[2022-11-16 16:55:41,528] {logging_mixin.py:109} INFO - [2022-11-16 16:55:41,528] {dag.py:1833} INFO - Sync 1 DAGs
[2022-11-16 16:55:41,553] {logging_mixin.py:109} INFO - [2022-11-16 16:55:41,553] {dag.py:2306} INFO - Setting next_dagrun for example_kubernetes_executor_config to None
[2022-11-16 16:55:41,571] {processor.py:170} INFO - Processing /home/airflow/.local/lib/python3.6/site-packages/airflow/example_dags/example_kubernetes_executor_config.py took 0.117 seconds
[2022-11-16 16:56:11,638] {processor.py:162} INFO - Started process (PID=421) to work on /home/airflow/.local/lib/python3.6/site-packages/airflow/example_dags/example_kubernetes_executor_config.py
[2022-11-16 16:56:11,640] {processor.py:613} INFO - Processing file /home/airflow/.local/lib/python3.6/site-packages/airflow/example_dags/example_kubernetes_executor_config.py for tasks to queue
[2022-11-16 16:56:11,642] {logging_mixin.py:109} INFO - [2022-11-16 16:56:11,642] {dagbag.py:496} INFO - Filling up the DagBag from /home/airflow/.local/lib/python3.6/site-packages/airflow/example_dags/example_kubernetes_executor_config.py
[2022-11-16 16:56:11,667] {processor.py:623} INFO - DAG(s) dict_keys(['example_kubernetes_executor_config']) retrieved from /home/airflow/.local/lib/python3.6/site-packages/airflow/example_dags/example_kubernetes_executor_config.py
[2022-11-16 16:56:11,699] {logging_mixin.py:109} INFO - [2022-11-16 16:56:11,699] {dag.py:1833} INFO - Sync 1 DAGs
[2022-11-16 16:56:11,720] {logging_mixin.py:109} INFO - [2022-11-16 16:56:11,720] {dag.py:2306} INFO - Setting next_dagrun for example_kubernetes_executor_config to None
[2022-11-16 16:56:11,732] {processor.py:170} INFO - Processing /home/airflow/.local/lib/python3.6/site-packages/airflow/example_dags/example_kubernetes_executor_config.py took 0.102 seconds
[2022-11-16 16:56:42,634] {processor.py:162} INFO - Started process (PID=477) to work on /home/airflow/.local/lib/python3.6/site-packages/airflow/example_dags/example_kubernetes_executor_config.py
[2022-11-16 16:56:42,637] {processor.py:613} INFO - Processing file /home/airflow/.local/lib/python3.6/site-packages/airflow/example_dags/example_kubernetes_executor_config.py for tasks to queue
[2022-11-16 16:56:42,639] {logging_mixin.py:109} INFO - [2022-11-16 16:56:42,638] {dagbag.py:496} INFO - Filling up the DagBag from /home/airflow/.local/lib/python3.6/site-packages/airflow/example_dags/example_kubernetes_executor_config.py
[2022-11-16 16:56:42,660] {processor.py:623} INFO - DAG(s) dict_keys(['example_kubernetes_executor_config']) retrieved from /home/airflow/.local/lib/python3.6/site-packages/airflow/example_dags/example_kubernetes_executor_config.py
[2022-11-16 16:56:42,695] {logging_mixin.py:109} INFO - [2022-11-16 16:56:42,694] {dag.py:1833} INFO - Sync 1 DAGs
[2022-11-16 16:56:42,716] {logging_mixin.py:109} INFO - [2022-11-16 16:56:42,716] {dag.py:2306} INFO - Setting next_dagrun for example_kubernetes_executor_config to None
[2022-11-16 16:56:42,730] {processor.py:170} INFO - Processing /home/airflow/.local/lib/python3.6/site-packages/airflow/example_dags/example_kubernetes_executor_config.py took 0.101 seconds
[2022-11-16 16:57:12,952] {processor.py:162} INFO - Started process (PID=531) to work on /home/airflow/.local/lib/python3.6/site-packages/airflow/example_dags/example_kubernetes_executor_config.py
[2022-11-16 16:57:12,955] {processor.py:613} INFO - Processing file /home/airflow/.local/lib/python3.6/site-packages/airflow/example_dags/example_kubernetes_executor_config.py for tasks to queue
[2022-11-16 16:57:12,957] {logging_mixin.py:109} INFO - [2022-11-16 16:57:12,957] {dagbag.py:496} INFO - Filling up the DagBag from /home/airflow/.local/lib/python3.6/site-packages/airflow/example_dags/example_kubernetes_executor_config.py
[2022-11-16 16:57:13,004] {processor.py:623} INFO - DAG(s) dict_keys(['example_kubernetes_executor_config']) retrieved from /home/airflow/.local/lib/python3.6/site-packages/airflow/example_dags/example_kubernetes_executor_config.py
[2022-11-16 16:57:13,061] {logging_mixin.py:109} INFO - [2022-11-16 16:57:13,061] {dag.py:1833} INFO - Sync 1 DAGs
[2022-11-16 16:57:13,101] {logging_mixin.py:109} INFO - [2022-11-16 16:57:13,100] {dag.py:2306} INFO - Setting next_dagrun for example_kubernetes_executor_config to None
[2022-11-16 16:57:13,123] {processor.py:170} INFO - Processing /home/airflow/.local/lib/python3.6/site-packages/airflow/example_dags/example_kubernetes_executor_config.py took 0.181 seconds
[2022-11-16 16:57:43,354] {processor.py:162} INFO - Started process (PID=581) to work on /home/airflow/.local/lib/python3.6/site-packages/airflow/example_dags/example_kubernetes_executor_config.py
[2022-11-16 16:57:43,355] {processor.py:613} INFO - Processing file /home/airflow/.local/lib/python3.6/site-packages/airflow/example_dags/example_kubernetes_executor_config.py for tasks to queue
[2022-11-16 16:57:43,357] {logging_mixin.py:109} INFO - [2022-11-16 16:57:43,357] {dagbag.py:496} INFO - Filling up the DagBag from /home/airflow/.local/lib/python3.6/site-packages/airflow/example_dags/example_kubernetes_executor_config.py
[2022-11-16 16:57:43,382] {processor.py:623} INFO - DAG(s) dict_keys(['example_kubernetes_executor_config']) retrieved from /home/airflow/.local/lib/python3.6/site-packages/airflow/example_dags/example_kubernetes_executor_config.py
[2022-11-16 16:57:43,418] {logging_mixin.py:109} INFO - [2022-11-16 16:57:43,418] {dag.py:1833} INFO - Sync 1 DAGs
[2022-11-16 16:57:43,444] {logging_mixin.py:109} INFO - [2022-11-16 16:57:43,443] {dag.py:2306} INFO - Setting next_dagrun for example_kubernetes_executor_config to None
[2022-11-16 16:57:43,461] {processor.py:170} INFO - Processing /home/airflow/.local/lib/python3.6/site-packages/airflow/example_dags/example_kubernetes_executor_config.py took 0.110 seconds
[2022-11-16 16:58:13,753] {processor.py:162} INFO - Started process (PID=642) to work on /home/airflow/.local/lib/python3.6/site-packages/airflow/example_dags/example_kubernetes_executor_config.py
[2022-11-16 16:58:13,755] {processor.py:613} INFO - Processing file /home/airflow/.local/lib/python3.6/site-packages/airflow/example_dags/example_kubernetes_executor_config.py for tasks to queue
[2022-11-16 16:58:13,756] {logging_mixin.py:109} INFO - [2022-11-16 16:58:13,756] {dagbag.py:496} INFO - Filling up the DagBag from /home/airflow/.local/lib/python3.6/site-packages/airflow/example_dags/example_kubernetes_executor_config.py
[2022-11-16 16:58:13,773] {processor.py:623} INFO - DAG(s) dict_keys(['example_kubernetes_executor_config']) retrieved from /home/airflow/.local/lib/python3.6/site-packages/airflow/example_dags/example_kubernetes_executor_config.py
[2022-11-16 16:58:13,803] {logging_mixin.py:109} INFO - [2022-11-16 16:58:13,803] {dag.py:1833} INFO - Sync 1 DAGs
[2022-11-16 16:58:13,823] {logging_mixin.py:109} INFO - [2022-11-16 16:58:13,823] {dag.py:2306} INFO - Setting next_dagrun for example_kubernetes_executor_config to None
[2022-11-16 16:58:13,838] {processor.py:170} INFO - Processing /home/airflow/.local/lib/python3.6/site-packages/airflow/example_dags/example_kubernetes_executor_config.py took 0.089 seconds
[2022-11-16 16:58:44,386] {processor.py:162} INFO - Started process (PID=693) to work on /home/airflow/.local/lib/python3.6/site-packages/airflow/example_dags/example_kubernetes_executor_config.py
[2022-11-16 16:58:44,388] {processor.py:613} INFO - Processing file /home/airflow/.local/lib/python3.6/site-packages/airflow/example_dags/example_kubernetes_executor_config.py for tasks to queue
[2022-11-16 16:58:44,389] {logging_mixin.py:109} INFO - [2022-11-16 16:58:44,389] {dagbag.py:496} INFO - Filling up the DagBag from /home/airflow/.local/lib/python3.6/site-packages/airflow/example_dags/example_kubernetes_executor_config.py
[2022-11-16 16:58:44,404] {processor.py:623} INFO - DAG(s) dict_keys(['example_kubernetes_executor_config']) retrieved from /home/airflow/.local/lib/python3.6/site-packages/airflow/example_dags/example_kubernetes_executor_config.py
[2022-11-16 16:58:44,430] {logging_mixin.py:109} INFO - [2022-11-16 16:58:44,430] {dag.py:1833} INFO - Sync 1 DAGs
[2022-11-16 16:58:44,447] {logging_mixin.py:109} INFO - [2022-11-16 16:58:44,447] {dag.py:2306} INFO - Setting next_dagrun for example_kubernetes_executor_config to None
[2022-11-16 16:58:44,460] {processor.py:170} INFO - Processing /home/airflow/.local/lib/python3.6/site-packages/airflow/example_dags/example_kubernetes_executor_config.py took 0.077 seconds
[2022-11-16 16:59:14,780] {processor.py:162} INFO - Started process (PID=744) to work on /home/airflow/.local/lib/python3.6/site-packages/airflow/example_dags/example_kubernetes_executor_config.py
[2022-11-16 16:59:14,782] {processor.py:613} INFO - Processing file /home/airflow/.local/lib/python3.6/site-packages/airflow/example_dags/example_kubernetes_executor_config.py for tasks to queue
[2022-11-16 16:59:14,783] {logging_mixin.py:109} INFO - [2022-11-16 16:59:14,783] {dagbag.py:496} INFO - Filling up the DagBag from /home/airflow/.local/lib/python3.6/site-packages/airflow/example_dags/example_kubernetes_executor_config.py
[2022-11-16 16:59:14,800] {processor.py:623} INFO - DAG(s) dict_keys(['example_kubernetes_executor_config']) retrieved from /home/airflow/.local/lib/python3.6/site-packages/airflow/example_dags/example_kubernetes_executor_config.py
[2022-11-16 16:59:14,826] {logging_mixin.py:109} INFO - [2022-11-16 16:59:14,826] {dag.py:1833} INFO - Sync 1 DAGs
[2022-11-16 16:59:14,845] {logging_mixin.py:109} INFO - [2022-11-16 16:59:14,845] {dag.py:2306} INFO - Setting next_dagrun for example_kubernetes_executor_config to None
[2022-11-16 16:59:14,859] {processor.py:170} INFO - Processing /home/airflow/.local/lib/python3.6/site-packages/airflow/example_dags/example_kubernetes_executor_config.py took 0.083 seconds
[2022-11-16 16:59:45,433] {processor.py:162} INFO - Started process (PID=805) to work on /home/airflow/.local/lib/python3.6/site-packages/airflow/example_dags/example_kubernetes_executor_config.py
[2022-11-16 16:59:45,436] {processor.py:613} INFO - Processing file /home/airflow/.local/lib/python3.6/site-packages/airflow/example_dags/example_kubernetes_executor_config.py for tasks to queue
[2022-11-16 16:59:45,438] {logging_mixin.py:109} INFO - [2022-11-16 16:59:45,438] {dagbag.py:496} INFO - Filling up the DagBag from /home/airflow/.local/lib/python3.6/site-packages/airflow/example_dags/example_kubernetes_executor_config.py
[2022-11-16 16:59:45,471] {processor.py:623} INFO - DAG(s) dict_keys(['example_kubernetes_executor_config']) retrieved from /home/airflow/.local/lib/python3.6/site-packages/airflow/example_dags/example_kubernetes_executor_config.py
[2022-11-16 16:59:45,559] {logging_mixin.py:109} INFO - [2022-11-16 16:59:45,559] {dag.py:1833} INFO - Sync 1 DAGs
[2022-11-16 16:59:45,600] {logging_mixin.py:109} INFO - [2022-11-16 16:59:45,599] {dag.py:2306} INFO - Setting next_dagrun for example_kubernetes_executor_config to None
[2022-11-16 16:59:45,631] {processor.py:170} INFO - Processing /home/airflow/.local/lib/python3.6/site-packages/airflow/example_dags/example_kubernetes_executor_config.py took 0.206 seconds
[2022-11-16 17:00:15,755] {processor.py:162} INFO - Started process (PID=856) to work on /home/airflow/.local/lib/python3.6/site-packages/airflow/example_dags/example_kubernetes_executor_config.py
[2022-11-16 17:00:15,757] {processor.py:613} INFO - Processing file /home/airflow/.local/lib/python3.6/site-packages/airflow/example_dags/example_kubernetes_executor_config.py for tasks to queue
[2022-11-16 17:00:15,758] {logging_mixin.py:109} INFO - [2022-11-16 17:00:15,758] {dagbag.py:496} INFO - Filling up the DagBag from /home/airflow/.local/lib/python3.6/site-packages/airflow/example_dags/example_kubernetes_executor_config.py
[2022-11-16 17:00:15,781] {processor.py:623} INFO - DAG(s) dict_keys(['example_kubernetes_executor_config']) retrieved from /home/airflow/.local/lib/python3.6/site-packages/airflow/example_dags/example_kubernetes_executor_config.py
[2022-11-16 17:00:15,810] {logging_mixin.py:109} INFO - [2022-11-16 17:00:15,809] {dag.py:1833} INFO - Sync 1 DAGs
[2022-11-16 17:00:15,831] {logging_mixin.py:109} INFO - [2022-11-16 17:00:15,831] {dag.py:2306} INFO - Setting next_dagrun for example_kubernetes_executor_config to None
[2022-11-16 17:00:15,845] {processor.py:170} INFO - Processing /home/airflow/.local/lib/python3.6/site-packages/airflow/example_dags/example_kubernetes_executor_config.py took 0.094 seconds
[2022-11-16 17:00:45,931] {processor.py:162} INFO - Started process (PID=916) to work on /home/airflow/.local/lib/python3.6/site-packages/airflow/example_dags/example_kubernetes_executor_config.py
[2022-11-16 17:00:45,932] {processor.py:613} INFO - Processing file /home/airflow/.local/lib/python3.6/site-packages/airflow/example_dags/example_kubernetes_executor_config.py for tasks to queue
[2022-11-16 17:00:45,934] {logging_mixin.py:109} INFO - [2022-11-16 17:00:45,934] {dagbag.py:496} INFO - Filling up the DagBag from /home/airflow/.local/lib/python3.6/site-packages/airflow/example_dags/example_kubernetes_executor_config.py
[2022-11-16 17:00:45,952] {processor.py:623} INFO - DAG(s) dict_keys(['example_kubernetes_executor_config']) retrieved from /home/airflow/.local/lib/python3.6/site-packages/airflow/example_dags/example_kubernetes_executor_config.py
[2022-11-16 17:00:45,983] {logging_mixin.py:109} INFO - [2022-11-16 17:00:45,983] {dag.py:1833} INFO - Sync 1 DAGs
[2022-11-16 17:00:46,003] {logging_mixin.py:109} INFO - [2022-11-16 17:00:46,003] {dag.py:2306} INFO - Setting next_dagrun for example_kubernetes_executor_config to None
[2022-11-16 17:00:46,016] {processor.py:170} INFO - Processing /home/airflow/.local/lib/python3.6/site-packages/airflow/example_dags/example_kubernetes_executor_config.py took 0.090 seconds
[2022-11-16 17:01:16,485] {processor.py:162} INFO - Started process (PID=968) to work on /home/airflow/.local/lib/python3.6/site-packages/airflow/example_dags/example_kubernetes_executor_config.py
[2022-11-16 17:01:16,488] {processor.py:613} INFO - Processing file /home/airflow/.local/lib/python3.6/site-packages/airflow/example_dags/example_kubernetes_executor_config.py for tasks to queue
[2022-11-16 17:01:16,489] {logging_mixin.py:109} INFO - [2022-11-16 17:01:16,489] {dagbag.py:496} INFO - Filling up the DagBag from /home/airflow/.local/lib/python3.6/site-packages/airflow/example_dags/example_kubernetes_executor_config.py
[2022-11-16 17:01:16,510] {processor.py:623} INFO - DAG(s) dict_keys(['example_kubernetes_executor_config']) retrieved from /home/airflow/.local/lib/python3.6/site-packages/airflow/example_dags/example_kubernetes_executor_config.py
[2022-11-16 17:01:16,543] {logging_mixin.py:109} INFO - [2022-11-16 17:01:16,542] {dag.py:1833} INFO - Sync 1 DAGs
[2022-11-16 17:01:16,572] {logging_mixin.py:109} INFO - [2022-11-16 17:01:16,572] {dag.py:2306} INFO - Setting next_dagrun for example_kubernetes_executor_config to None
[2022-11-16 17:01:16,589] {processor.py:170} INFO - Processing /home/airflow/.local/lib/python3.6/site-packages/airflow/example_dags/example_kubernetes_executor_config.py took 0.108 seconds
[2022-11-16 17:01:46,779] {processor.py:162} INFO - Started process (PID=1020) to work on /home/airflow/.local/lib/python3.6/site-packages/airflow/example_dags/example_kubernetes_executor_config.py
[2022-11-16 17:01:46,781] {processor.py:613} INFO - Processing file /home/airflow/.local/lib/python3.6/site-packages/airflow/example_dags/example_kubernetes_executor_config.py for tasks to queue
[2022-11-16 17:01:46,782] {logging_mixin.py:109} INFO - [2022-11-16 17:01:46,782] {dagbag.py:496} INFO - Filling up the DagBag from /home/airflow/.local/lib/python3.6/site-packages/airflow/example_dags/example_kubernetes_executor_config.py
[2022-11-16 17:01:46,799] {processor.py:623} INFO - DAG(s) dict_keys(['example_kubernetes_executor_config']) retrieved from /home/airflow/.local/lib/python3.6/site-packages/airflow/example_dags/example_kubernetes_executor_config.py
[2022-11-16 17:01:46,827] {logging_mixin.py:109} INFO - [2022-11-16 17:01:46,826] {dag.py:1833} INFO - Sync 1 DAGs
[2022-11-16 17:01:46,845] {logging_mixin.py:109} INFO - [2022-11-16 17:01:46,845] {dag.py:2306} INFO - Setting next_dagrun for example_kubernetes_executor_config to None
[2022-11-16 17:01:46,859] {processor.py:170} INFO - Processing /home/airflow/.local/lib/python3.6/site-packages/airflow/example_dags/example_kubernetes_executor_config.py took 0.083 seconds
[2022-11-16 17:02:17,403] {processor.py:162} INFO - Started process (PID=1081) to work on /home/airflow/.local/lib/python3.6/site-packages/airflow/example_dags/example_kubernetes_executor_config.py
[2022-11-16 17:02:17,405] {processor.py:613} INFO - Processing file /home/airflow/.local/lib/python3.6/site-packages/airflow/example_dags/example_kubernetes_executor_config.py for tasks to queue
[2022-11-16 17:02:17,406] {logging_mixin.py:109} INFO - [2022-11-16 17:02:17,406] {dagbag.py:496} INFO - Filling up the DagBag from /home/airflow/.local/lib/python3.6/site-packages/airflow/example_dags/example_kubernetes_executor_config.py
[2022-11-16 17:02:17,425] {processor.py:623} INFO - DAG(s) dict_keys(['example_kubernetes_executor_config']) retrieved from /home/airflow/.local/lib/python3.6/site-packages/airflow/example_dags/example_kubernetes_executor_config.py
[2022-11-16 17:02:17,452] {logging_mixin.py:109} INFO - [2022-11-16 17:02:17,452] {dag.py:1833} INFO - Sync 1 DAGs
[2022-11-16 17:02:17,476] {logging_mixin.py:109} INFO - [2022-11-16 17:02:17,476] {dag.py:2306} INFO - Setting next_dagrun for example_kubernetes_executor_config to None
[2022-11-16 17:02:17,490] {processor.py:170} INFO - Processing /home/airflow/.local/lib/python3.6/site-packages/airflow/example_dags/example_kubernetes_executor_config.py took 0.092 seconds
[2022-11-16 17:02:47,822] {processor.py:162} INFO - Started process (PID=1132) to work on /home/airflow/.local/lib/python3.6/site-packages/airflow/example_dags/example_kubernetes_executor_config.py
[2022-11-16 17:02:47,823] {processor.py:613} INFO - Processing file /home/airflow/.local/lib/python3.6/site-packages/airflow/example_dags/example_kubernetes_executor_config.py for tasks to queue
[2022-11-16 17:02:47,825] {logging_mixin.py:109} INFO - [2022-11-16 17:02:47,825] {dagbag.py:496} INFO - Filling up the DagBag from /home/airflow/.local/lib/python3.6/site-packages/airflow/example_dags/example_kubernetes_executor_config.py
[2022-11-16 17:02:47,842] {processor.py:623} INFO - DAG(s) dict_keys(['example_kubernetes_executor_config']) retrieved from /home/airflow/.local/lib/python3.6/site-packages/airflow/example_dags/example_kubernetes_executor_config.py
[2022-11-16 17:02:47,870] {logging_mixin.py:109} INFO - [2022-11-16 17:02:47,870] {dag.py:1833} INFO - Sync 1 DAGs
[2022-11-16 17:02:47,888] {logging_mixin.py:109} INFO - [2022-11-16 17:02:47,888] {dag.py:2306} INFO - Setting next_dagrun for example_kubernetes_executor_config to None
[2022-11-16 17:02:47,900] {processor.py:170} INFO - Processing /home/airflow/.local/lib/python3.6/site-packages/airflow/example_dags/example_kubernetes_executor_config.py took 0.083 seconds
[2022-11-16 17:03:18,328] {processor.py:162} INFO - Started process (PID=1184) to work on /home/airflow/.local/lib/python3.6/site-packages/airflow/example_dags/example_kubernetes_executor_config.py
[2022-11-16 17:03:18,330] {processor.py:613} INFO - Processing file /home/airflow/.local/lib/python3.6/site-packages/airflow/example_dags/example_kubernetes_executor_config.py for tasks to queue
[2022-11-16 17:03:18,331] {logging_mixin.py:109} INFO - [2022-11-16 17:03:18,331] {dagbag.py:496} INFO - Filling up the DagBag from /home/airflow/.local/lib/python3.6/site-packages/airflow/example_dags/example_kubernetes_executor_config.py
[2022-11-16 17:03:18,347] {processor.py:623} INFO - DAG(s) dict_keys(['example_kubernetes_executor_config']) retrieved from /home/airflow/.local/lib/python3.6/site-packages/airflow/example_dags/example_kubernetes_executor_config.py
[2022-11-16 17:03:18,374] {logging_mixin.py:109} INFO - [2022-11-16 17:03:18,374] {dag.py:1833} INFO - Sync 1 DAGs
[2022-11-16 17:03:18,393] {logging_mixin.py:109} INFO - [2022-11-16 17:03:18,393] {dag.py:2306} INFO - Setting next_dagrun for example_kubernetes_executor_config to None
[2022-11-16 17:03:18,404] {processor.py:170} INFO - Processing /home/airflow/.local/lib/python3.6/site-packages/airflow/example_dags/example_kubernetes_executor_config.py took 0.080 seconds
[2022-11-16 17:04:52,641] {processor.py:162} INFO - Started process (PID=51) to work on /home/airflow/.local/lib/python3.6/site-packages/airflow/example_dags/example_kubernetes_executor_config.py
[2022-11-16 17:04:52,648] {processor.py:613} INFO - Processing file /home/airflow/.local/lib/python3.6/site-packages/airflow/example_dags/example_kubernetes_executor_config.py for tasks to queue
[2022-11-16 17:04:52,650] {logging_mixin.py:109} INFO - [2022-11-16 17:04:52,649] {dagbag.py:496} INFO - Filling up the DagBag from /home/airflow/.local/lib/python3.6/site-packages/airflow/example_dags/example_kubernetes_executor_config.py
[2022-11-16 17:04:52,681] {processor.py:623} INFO - DAG(s) dict_keys(['example_kubernetes_executor_config']) retrieved from /home/airflow/.local/lib/python3.6/site-packages/airflow/example_dags/example_kubernetes_executor_config.py
[2022-11-16 17:04:52,725] {logging_mixin.py:109} INFO - [2022-11-16 17:04:52,725] {dag.py:1833} INFO - Sync 1 DAGs
[2022-11-16 17:04:52,761] {logging_mixin.py:109} INFO - [2022-11-16 17:04:52,760] {dag.py:2306} INFO - Setting next_dagrun for example_kubernetes_executor_config to None
[2022-11-16 17:04:52,778] {processor.py:170} INFO - Processing /home/airflow/.local/lib/python3.6/site-packages/airflow/example_dags/example_kubernetes_executor_config.py took 0.142 seconds
[2022-11-16 17:05:24,629] {processor.py:162} INFO - Started process (PID=103) to work on /home/airflow/.local/lib/python3.6/site-packages/airflow/example_dags/example_kubernetes_executor_config.py
[2022-11-16 17:05:24,691] {processor.py:613} INFO - Processing file /home/airflow/.local/lib/python3.6/site-packages/airflow/example_dags/example_kubernetes_executor_config.py for tasks to queue
[2022-11-16 17:05:24,695] {logging_mixin.py:109} INFO - [2022-11-16 17:05:24,694] {dagbag.py:496} INFO - Filling up the DagBag from /home/airflow/.local/lib/python3.6/site-packages/airflow/example_dags/example_kubernetes_executor_config.py
[2022-11-16 17:05:24,747] {processor.py:623} INFO - DAG(s) dict_keys(['example_kubernetes_executor_config']) retrieved from /home/airflow/.local/lib/python3.6/site-packages/airflow/example_dags/example_kubernetes_executor_config.py
[2022-11-16 17:05:24,793] {logging_mixin.py:109} INFO - [2022-11-16 17:05:24,792] {dag.py:1833} INFO - Sync 1 DAGs
[2022-11-16 17:05:24,814] {logging_mixin.py:109} INFO - [2022-11-16 17:05:24,814] {dag.py:2306} INFO - Setting next_dagrun for example_kubernetes_executor_config to None
[2022-11-16 17:05:24,829] {processor.py:170} INFO - Processing /home/airflow/.local/lib/python3.6/site-packages/airflow/example_dags/example_kubernetes_executor_config.py took 0.205 seconds
[2022-11-16 17:05:55,533] {processor.py:162} INFO - Started process (PID=155) to work on /home/airflow/.local/lib/python3.6/site-packages/airflow/example_dags/example_kubernetes_executor_config.py
[2022-11-16 17:05:55,535] {processor.py:613} INFO - Processing file /home/airflow/.local/lib/python3.6/site-packages/airflow/example_dags/example_kubernetes_executor_config.py for tasks to queue
[2022-11-16 17:05:55,537] {logging_mixin.py:109} INFO - [2022-11-16 17:05:55,536] {dagbag.py:496} INFO - Filling up the DagBag from /home/airflow/.local/lib/python3.6/site-packages/airflow/example_dags/example_kubernetes_executor_config.py
[2022-11-16 17:05:55,555] {processor.py:623} INFO - DAG(s) dict_keys(['example_kubernetes_executor_config']) retrieved from /home/airflow/.local/lib/python3.6/site-packages/airflow/example_dags/example_kubernetes_executor_config.py
[2022-11-16 17:05:55,588] {logging_mixin.py:109} INFO - [2022-11-16 17:05:55,588] {dag.py:1833} INFO - Sync 1 DAGs
[2022-11-16 17:05:55,608] {logging_mixin.py:109} INFO - [2022-11-16 17:05:55,608] {dag.py:2306} INFO - Setting next_dagrun for example_kubernetes_executor_config to None
[2022-11-16 17:05:55,619] {processor.py:170} INFO - Processing /home/airflow/.local/lib/python3.6/site-packages/airflow/example_dags/example_kubernetes_executor_config.py took 0.091 seconds
