[2022-11-16 16:55:39,238] {processor.py:162} INFO - Started process (PID=349) to work on /home/airflow/.local/lib/python3.6/site-packages/airflow/example_dags/example_xcomargs.py
[2022-11-16 16:55:39,240] {processor.py:613} INFO - Processing file /home/airflow/.local/lib/python3.6/site-packages/airflow/example_dags/example_xcomargs.py for tasks to queue
[2022-11-16 16:55:39,241] {logging_mixin.py:109} INFO - [2022-11-16 16:55:39,241] {dagbag.py:496} INFO - Filling up the DagBag from /home/airflow/.local/lib/python3.6/site-packages/airflow/example_dags/example_xcomargs.py
[2022-11-16 16:55:39,265] {processor.py:623} INFO - DAG(s) dict_keys(['example_xcom_args', 'example_xcom_args_with_operators']) retrieved from /home/airflow/.local/lib/python3.6/site-packages/airflow/example_dags/example_xcomargs.py
[2022-11-16 16:55:42,125] {logging_mixin.py:109} INFO - [2022-11-16 16:55:42,124] {dag.py:1833} INFO - Sync 2 DAGs
[2022-11-16 16:55:42,135] {logging_mixin.py:109} INFO - [2022-11-16 16:55:42,134] {dag.py:1852} INFO - Creating ORM DAG for example_xcom_args_with_operators
[2022-11-16 16:55:42,136] {logging_mixin.py:109} INFO - [2022-11-16 16:55:42,136] {dag.py:1852} INFO - Creating ORM DAG for example_xcom_args
[2022-11-16 16:55:42,147] {logging_mixin.py:109} INFO - [2022-11-16 16:55:42,147] {dag.py:2306} INFO - Setting next_dagrun for example_xcom_args to None
[2022-11-16 16:55:42,149] {logging_mixin.py:109} INFO - [2022-11-16 16:55:42,149] {dag.py:2306} INFO - Setting next_dagrun for example_xcom_args_with_operators to None
[2022-11-16 16:55:42,176] {processor.py:170} INFO - Processing /home/airflow/.local/lib/python3.6/site-packages/airflow/example_dags/example_xcomargs.py took 2.941 seconds
[2022-11-16 16:56:12,786] {processor.py:162} INFO - Started process (PID=423) to work on /home/airflow/.local/lib/python3.6/site-packages/airflow/example_dags/example_xcomargs.py
[2022-11-16 16:56:12,788] {processor.py:613} INFO - Processing file /home/airflow/.local/lib/python3.6/site-packages/airflow/example_dags/example_xcomargs.py for tasks to queue
[2022-11-16 16:56:12,789] {logging_mixin.py:109} INFO - [2022-11-16 16:56:12,789] {dagbag.py:496} INFO - Filling up the DagBag from /home/airflow/.local/lib/python3.6/site-packages/airflow/example_dags/example_xcomargs.py
[2022-11-16 16:56:12,813] {processor.py:623} INFO - DAG(s) dict_keys(['example_xcom_args', 'example_xcom_args_with_operators']) retrieved from /home/airflow/.local/lib/python3.6/site-packages/airflow/example_dags/example_xcomargs.py
[2022-11-16 16:56:13,094] {logging_mixin.py:109} INFO - [2022-11-16 16:56:13,094] {dag.py:1833} INFO - Sync 2 DAGs
[2022-11-16 16:56:13,113] {logging_mixin.py:109} INFO - [2022-11-16 16:56:13,113] {dag.py:2306} INFO - Setting next_dagrun for example_xcom_args to None
[2022-11-16 16:56:13,115] {logging_mixin.py:109} INFO - [2022-11-16 16:56:13,114] {dag.py:2306} INFO - Setting next_dagrun for example_xcom_args_with_operators to None
[2022-11-16 16:56:13,130] {processor.py:170} INFO - Processing /home/airflow/.local/lib/python3.6/site-packages/airflow/example_dags/example_xcomargs.py took 0.347 seconds
[2022-11-16 16:56:43,949] {processor.py:162} INFO - Started process (PID=486) to work on /home/airflow/.local/lib/python3.6/site-packages/airflow/example_dags/example_xcomargs.py
[2022-11-16 16:56:43,951] {processor.py:613} INFO - Processing file /home/airflow/.local/lib/python3.6/site-packages/airflow/example_dags/example_xcomargs.py for tasks to queue
[2022-11-16 16:56:43,953] {logging_mixin.py:109} INFO - [2022-11-16 16:56:43,952] {dagbag.py:496} INFO - Filling up the DagBag from /home/airflow/.local/lib/python3.6/site-packages/airflow/example_dags/example_xcomargs.py
[2022-11-16 16:56:43,974] {processor.py:623} INFO - DAG(s) dict_keys(['example_xcom_args', 'example_xcom_args_with_operators']) retrieved from /home/airflow/.local/lib/python3.6/site-packages/airflow/example_dags/example_xcomargs.py
[2022-11-16 16:56:44,193] {logging_mixin.py:109} INFO - [2022-11-16 16:56:44,193] {dag.py:1833} INFO - Sync 2 DAGs
[2022-11-16 16:56:44,209] {logging_mixin.py:109} INFO - [2022-11-16 16:56:44,209] {dag.py:2306} INFO - Setting next_dagrun for example_xcom_args to None
[2022-11-16 16:56:44,210] {logging_mixin.py:109} INFO - [2022-11-16 16:56:44,210] {dag.py:2306} INFO - Setting next_dagrun for example_xcom_args_with_operators to None
[2022-11-16 16:56:44,224] {processor.py:170} INFO - Processing /home/airflow/.local/lib/python3.6/site-packages/airflow/example_dags/example_xcomargs.py took 0.278 seconds
[2022-11-16 16:57:14,722] {processor.py:162} INFO - Started process (PID=537) to work on /home/airflow/.local/lib/python3.6/site-packages/airflow/example_dags/example_xcomargs.py
[2022-11-16 16:57:14,726] {processor.py:613} INFO - Processing file /home/airflow/.local/lib/python3.6/site-packages/airflow/example_dags/example_xcomargs.py for tasks to queue
[2022-11-16 16:57:14,728] {logging_mixin.py:109} INFO - [2022-11-16 16:57:14,728] {dagbag.py:496} INFO - Filling up the DagBag from /home/airflow/.local/lib/python3.6/site-packages/airflow/example_dags/example_xcomargs.py
[2022-11-16 16:57:14,788] {processor.py:623} INFO - DAG(s) dict_keys(['example_xcom_args', 'example_xcom_args_with_operators']) retrieved from /home/airflow/.local/lib/python3.6/site-packages/airflow/example_dags/example_xcomargs.py
[2022-11-16 16:57:15,216] {logging_mixin.py:109} INFO - [2022-11-16 16:57:15,216] {dag.py:1833} INFO - Sync 2 DAGs
[2022-11-16 16:57:15,236] {logging_mixin.py:109} INFO - [2022-11-16 16:57:15,235] {dag.py:2306} INFO - Setting next_dagrun for example_xcom_args to None
[2022-11-16 16:57:15,237] {logging_mixin.py:109} INFO - [2022-11-16 16:57:15,237] {dag.py:2306} INFO - Setting next_dagrun for example_xcom_args_with_operators to None
[2022-11-16 16:57:15,255] {processor.py:170} INFO - Processing /home/airflow/.local/lib/python3.6/site-packages/airflow/example_dags/example_xcomargs.py took 0.539 seconds
[2022-11-16 16:57:46,016] {processor.py:162} INFO - Started process (PID=595) to work on /home/airflow/.local/lib/python3.6/site-packages/airflow/example_dags/example_xcomargs.py
[2022-11-16 16:57:46,020] {processor.py:613} INFO - Processing file /home/airflow/.local/lib/python3.6/site-packages/airflow/example_dags/example_xcomargs.py for tasks to queue
[2022-11-16 16:57:46,022] {logging_mixin.py:109} INFO - [2022-11-16 16:57:46,021] {dagbag.py:496} INFO - Filling up the DagBag from /home/airflow/.local/lib/python3.6/site-packages/airflow/example_dags/example_xcomargs.py
[2022-11-16 16:57:46,051] {processor.py:623} INFO - DAG(s) dict_keys(['example_xcom_args', 'example_xcom_args_with_operators']) retrieved from /home/airflow/.local/lib/python3.6/site-packages/airflow/example_dags/example_xcomargs.py
[2022-11-16 16:57:46,378] {logging_mixin.py:109} INFO - [2022-11-16 16:57:46,378] {dag.py:1833} INFO - Sync 2 DAGs
[2022-11-16 16:57:46,397] {logging_mixin.py:109} INFO - [2022-11-16 16:57:46,396] {dag.py:2306} INFO - Setting next_dagrun for example_xcom_args to None
[2022-11-16 16:57:46,400] {logging_mixin.py:109} INFO - [2022-11-16 16:57:46,399] {dag.py:2306} INFO - Setting next_dagrun for example_xcom_args_with_operators to None
[2022-11-16 16:57:46,419] {processor.py:170} INFO - Processing /home/airflow/.local/lib/python3.6/site-packages/airflow/example_dags/example_xcomargs.py took 0.409 seconds
[2022-11-16 16:58:16,569] {processor.py:162} INFO - Started process (PID=649) to work on /home/airflow/.local/lib/python3.6/site-packages/airflow/example_dags/example_xcomargs.py
[2022-11-16 16:58:16,571] {processor.py:613} INFO - Processing file /home/airflow/.local/lib/python3.6/site-packages/airflow/example_dags/example_xcomargs.py for tasks to queue
[2022-11-16 16:58:16,573] {logging_mixin.py:109} INFO - [2022-11-16 16:58:16,573] {dagbag.py:496} INFO - Filling up the DagBag from /home/airflow/.local/lib/python3.6/site-packages/airflow/example_dags/example_xcomargs.py
[2022-11-16 16:58:16,620] {processor.py:623} INFO - DAG(s) dict_keys(['example_xcom_args', 'example_xcom_args_with_operators']) retrieved from /home/airflow/.local/lib/python3.6/site-packages/airflow/example_dags/example_xcomargs.py
[2022-11-16 16:58:16,891] {logging_mixin.py:109} INFO - [2022-11-16 16:58:16,891] {dag.py:1833} INFO - Sync 2 DAGs
[2022-11-16 16:58:16,912] {logging_mixin.py:109} INFO - [2022-11-16 16:58:16,912] {dag.py:2306} INFO - Setting next_dagrun for example_xcom_args to None
[2022-11-16 16:58:16,913] {logging_mixin.py:109} INFO - [2022-11-16 16:58:16,913] {dag.py:2306} INFO - Setting next_dagrun for example_xcom_args_with_operators to None
[2022-11-16 16:58:16,931] {processor.py:170} INFO - Processing /home/airflow/.local/lib/python3.6/site-packages/airflow/example_dags/example_xcomargs.py took 0.368 seconds
[2022-11-16 16:58:47,178] {processor.py:162} INFO - Started process (PID=700) to work on /home/airflow/.local/lib/python3.6/site-packages/airflow/example_dags/example_xcomargs.py
[2022-11-16 16:58:47,182] {processor.py:613} INFO - Processing file /home/airflow/.local/lib/python3.6/site-packages/airflow/example_dags/example_xcomargs.py for tasks to queue
[2022-11-16 16:58:47,185] {logging_mixin.py:109} INFO - [2022-11-16 16:58:47,185] {dagbag.py:496} INFO - Filling up the DagBag from /home/airflow/.local/lib/python3.6/site-packages/airflow/example_dags/example_xcomargs.py
[2022-11-16 16:58:47,264] {processor.py:623} INFO - DAG(s) dict_keys(['example_xcom_args', 'example_xcom_args_with_operators']) retrieved from /home/airflow/.local/lib/python3.6/site-packages/airflow/example_dags/example_xcomargs.py
[2022-11-16 16:58:47,559] {logging_mixin.py:109} INFO - [2022-11-16 16:58:47,559] {dag.py:1833} INFO - Sync 2 DAGs
[2022-11-16 16:58:47,580] {logging_mixin.py:109} INFO - [2022-11-16 16:58:47,580] {dag.py:2306} INFO - Setting next_dagrun for example_xcom_args to None
[2022-11-16 16:58:47,582] {logging_mixin.py:109} INFO - [2022-11-16 16:58:47,582] {dag.py:2306} INFO - Setting next_dagrun for example_xcom_args_with_operators to None
[2022-11-16 16:58:47,608] {processor.py:170} INFO - Processing /home/airflow/.local/lib/python3.6/site-packages/airflow/example_dags/example_xcomargs.py took 0.439 seconds
[2022-11-16 16:59:17,677] {processor.py:162} INFO - Started process (PID=761) to work on /home/airflow/.local/lib/python3.6/site-packages/airflow/example_dags/example_xcomargs.py
[2022-11-16 16:59:17,680] {processor.py:613} INFO - Processing file /home/airflow/.local/lib/python3.6/site-packages/airflow/example_dags/example_xcomargs.py for tasks to queue
[2022-11-16 16:59:17,682] {logging_mixin.py:109} INFO - [2022-11-16 16:59:17,682] {dagbag.py:496} INFO - Filling up the DagBag from /home/airflow/.local/lib/python3.6/site-packages/airflow/example_dags/example_xcomargs.py
[2022-11-16 16:59:17,719] {processor.py:623} INFO - DAG(s) dict_keys(['example_xcom_args', 'example_xcom_args_with_operators']) retrieved from /home/airflow/.local/lib/python3.6/site-packages/airflow/example_dags/example_xcomargs.py
[2022-11-16 16:59:18,037] {logging_mixin.py:109} INFO - [2022-11-16 16:59:18,036] {dag.py:1833} INFO - Sync 2 DAGs
[2022-11-16 16:59:18,059] {logging_mixin.py:109} INFO - [2022-11-16 16:59:18,059] {dag.py:2306} INFO - Setting next_dagrun for example_xcom_args to None
[2022-11-16 16:59:18,061] {logging_mixin.py:109} INFO - [2022-11-16 16:59:18,061] {dag.py:2306} INFO - Setting next_dagrun for example_xcom_args_with_operators to None
[2022-11-16 16:59:18,080] {processor.py:170} INFO - Processing /home/airflow/.local/lib/python3.6/site-packages/airflow/example_dags/example_xcomargs.py took 0.413 seconds
[2022-11-16 16:59:48,139] {processor.py:162} INFO - Started process (PID=812) to work on /home/airflow/.local/lib/python3.6/site-packages/airflow/example_dags/example_xcomargs.py
[2022-11-16 16:59:48,142] {processor.py:613} INFO - Processing file /home/airflow/.local/lib/python3.6/site-packages/airflow/example_dags/example_xcomargs.py for tasks to queue
[2022-11-16 16:59:48,143] {logging_mixin.py:109} INFO - [2022-11-16 16:59:48,143] {dagbag.py:496} INFO - Filling up the DagBag from /home/airflow/.local/lib/python3.6/site-packages/airflow/example_dags/example_xcomargs.py
[2022-11-16 16:59:48,171] {processor.py:623} INFO - DAG(s) dict_keys(['example_xcom_args', 'example_xcom_args_with_operators']) retrieved from /home/airflow/.local/lib/python3.6/site-packages/airflow/example_dags/example_xcomargs.py
[2022-11-16 16:59:48,460] {logging_mixin.py:109} INFO - [2022-11-16 16:59:48,460] {dag.py:1833} INFO - Sync 2 DAGs
[2022-11-16 16:59:48,477] {logging_mixin.py:109} INFO - [2022-11-16 16:59:48,477] {dag.py:2306} INFO - Setting next_dagrun for example_xcom_args to None
[2022-11-16 16:59:48,479] {logging_mixin.py:109} INFO - [2022-11-16 16:59:48,479] {dag.py:2306} INFO - Setting next_dagrun for example_xcom_args_with_operators to None
[2022-11-16 16:59:48,497] {processor.py:170} INFO - Processing /home/airflow/.local/lib/python3.6/site-packages/airflow/example_dags/example_xcomargs.py took 0.362 seconds
[2022-11-16 17:00:19,536] {processor.py:162} INFO - Started process (PID=863) to work on /home/airflow/.local/lib/python3.6/site-packages/airflow/example_dags/example_xcomargs.py
[2022-11-16 17:00:19,541] {processor.py:613} INFO - Processing file /home/airflow/.local/lib/python3.6/site-packages/airflow/example_dags/example_xcomargs.py for tasks to queue
[2022-11-16 17:00:19,544] {logging_mixin.py:109} INFO - [2022-11-16 17:00:19,544] {dagbag.py:496} INFO - Filling up the DagBag from /home/airflow/.local/lib/python3.6/site-packages/airflow/example_dags/example_xcomargs.py
[2022-11-16 17:00:19,583] {processor.py:623} INFO - DAG(s) dict_keys(['example_xcom_args', 'example_xcom_args_with_operators']) retrieved from /home/airflow/.local/lib/python3.6/site-packages/airflow/example_dags/example_xcomargs.py
[2022-11-16 17:00:19,885] {logging_mixin.py:109} INFO - [2022-11-16 17:00:19,885] {dag.py:1833} INFO - Sync 2 DAGs
[2022-11-16 17:00:19,908] {logging_mixin.py:109} INFO - [2022-11-16 17:00:19,908] {dag.py:2306} INFO - Setting next_dagrun for example_xcom_args to None
[2022-11-16 17:00:19,910] {logging_mixin.py:109} INFO - [2022-11-16 17:00:19,910] {dag.py:2306} INFO - Setting next_dagrun for example_xcom_args_with_operators to None
[2022-11-16 17:00:19,935] {processor.py:170} INFO - Processing /home/airflow/.local/lib/python3.6/site-packages/airflow/example_dags/example_xcomargs.py took 0.409 seconds
[2022-11-16 17:00:50,697] {processor.py:162} INFO - Started process (PID=924) to work on /home/airflow/.local/lib/python3.6/site-packages/airflow/example_dags/example_xcomargs.py
[2022-11-16 17:00:50,703] {processor.py:613} INFO - Processing file /home/airflow/.local/lib/python3.6/site-packages/airflow/example_dags/example_xcomargs.py for tasks to queue
[2022-11-16 17:00:50,706] {logging_mixin.py:109} INFO - [2022-11-16 17:00:50,706] {dagbag.py:496} INFO - Filling up the DagBag from /home/airflow/.local/lib/python3.6/site-packages/airflow/example_dags/example_xcomargs.py
[2022-11-16 17:00:50,805] {processor.py:623} INFO - DAG(s) dict_keys(['example_xcom_args', 'example_xcom_args_with_operators']) retrieved from /home/airflow/.local/lib/python3.6/site-packages/airflow/example_dags/example_xcomargs.py
[2022-11-16 17:00:51,117] {logging_mixin.py:109} INFO - [2022-11-16 17:00:51,117] {dag.py:1833} INFO - Sync 2 DAGs
[2022-11-16 17:00:51,136] {logging_mixin.py:109} INFO - [2022-11-16 17:00:51,135] {dag.py:2306} INFO - Setting next_dagrun for example_xcom_args to None
[2022-11-16 17:00:51,137] {logging_mixin.py:109} INFO - [2022-11-16 17:00:51,137] {dag.py:2306} INFO - Setting next_dagrun for example_xcom_args_with_operators to None
[2022-11-16 17:00:51,154] {processor.py:170} INFO - Processing /home/airflow/.local/lib/python3.6/site-packages/airflow/example_dags/example_xcomargs.py took 0.471 seconds
[2022-11-16 17:01:21,391] {processor.py:162} INFO - Started process (PID=976) to work on /home/airflow/.local/lib/python3.6/site-packages/airflow/example_dags/example_xcomargs.py
[2022-11-16 17:01:21,398] {processor.py:613} INFO - Processing file /home/airflow/.local/lib/python3.6/site-packages/airflow/example_dags/example_xcomargs.py for tasks to queue
[2022-11-16 17:01:21,401] {logging_mixin.py:109} INFO - [2022-11-16 17:01:21,400] {dagbag.py:496} INFO - Filling up the DagBag from /home/airflow/.local/lib/python3.6/site-packages/airflow/example_dags/example_xcomargs.py
[2022-11-16 17:01:21,432] {processor.py:623} INFO - DAG(s) dict_keys(['example_xcom_args', 'example_xcom_args_with_operators']) retrieved from /home/airflow/.local/lib/python3.6/site-packages/airflow/example_dags/example_xcomargs.py
[2022-11-16 17:01:21,813] {logging_mixin.py:109} INFO - [2022-11-16 17:01:21,813] {dag.py:1833} INFO - Sync 2 DAGs
[2022-11-16 17:01:21,831] {logging_mixin.py:109} INFO - [2022-11-16 17:01:21,831] {dag.py:2306} INFO - Setting next_dagrun for example_xcom_args to None
[2022-11-16 17:01:21,832] {logging_mixin.py:109} INFO - [2022-11-16 17:01:21,832] {dag.py:2306} INFO - Setting next_dagrun for example_xcom_args_with_operators to None
[2022-11-16 17:01:21,851] {processor.py:170} INFO - Processing /home/airflow/.local/lib/python3.6/site-packages/airflow/example_dags/example_xcomargs.py took 0.474 seconds
[2022-11-16 17:01:52,650] {processor.py:162} INFO - Started process (PID=1038) to work on /home/airflow/.local/lib/python3.6/site-packages/airflow/example_dags/example_xcomargs.py
[2022-11-16 17:01:52,652] {processor.py:613} INFO - Processing file /home/airflow/.local/lib/python3.6/site-packages/airflow/example_dags/example_xcomargs.py for tasks to queue
[2022-11-16 17:01:52,653] {logging_mixin.py:109} INFO - [2022-11-16 17:01:52,653] {dagbag.py:496} INFO - Filling up the DagBag from /home/airflow/.local/lib/python3.6/site-packages/airflow/example_dags/example_xcomargs.py
[2022-11-16 17:01:52,680] {processor.py:623} INFO - DAG(s) dict_keys(['example_xcom_args', 'example_xcom_args_with_operators']) retrieved from /home/airflow/.local/lib/python3.6/site-packages/airflow/example_dags/example_xcomargs.py
[2022-11-16 17:01:52,973] {logging_mixin.py:109} INFO - [2022-11-16 17:01:52,972] {dag.py:1833} INFO - Sync 2 DAGs
[2022-11-16 17:01:53,001] {logging_mixin.py:109} INFO - [2022-11-16 17:01:53,000] {dag.py:2306} INFO - Setting next_dagrun for example_xcom_args to None
[2022-11-16 17:01:53,003] {logging_mixin.py:109} INFO - [2022-11-16 17:01:53,003] {dag.py:2306} INFO - Setting next_dagrun for example_xcom_args_with_operators to None
[2022-11-16 17:01:53,028] {processor.py:170} INFO - Processing /home/airflow/.local/lib/python3.6/site-packages/airflow/example_dags/example_xcomargs.py took 0.383 seconds
[2022-11-16 17:02:23,889] {processor.py:162} INFO - Started process (PID=1089) to work on /home/airflow/.local/lib/python3.6/site-packages/airflow/example_dags/example_xcomargs.py
[2022-11-16 17:02:23,893] {processor.py:613} INFO - Processing file /home/airflow/.local/lib/python3.6/site-packages/airflow/example_dags/example_xcomargs.py for tasks to queue
[2022-11-16 17:02:23,896] {logging_mixin.py:109} INFO - [2022-11-16 17:02:23,896] {dagbag.py:496} INFO - Filling up the DagBag from /home/airflow/.local/lib/python3.6/site-packages/airflow/example_dags/example_xcomargs.py
[2022-11-16 17:02:23,926] {processor.py:623} INFO - DAG(s) dict_keys(['example_xcom_args', 'example_xcom_args_with_operators']) retrieved from /home/airflow/.local/lib/python3.6/site-packages/airflow/example_dags/example_xcomargs.py
[2022-11-16 17:02:24,189] {logging_mixin.py:109} INFO - [2022-11-16 17:02:24,189] {dag.py:1833} INFO - Sync 2 DAGs
[2022-11-16 17:02:24,205] {logging_mixin.py:109} INFO - [2022-11-16 17:02:24,205] {dag.py:2306} INFO - Setting next_dagrun for example_xcom_args to None
[2022-11-16 17:02:24,207] {logging_mixin.py:109} INFO - [2022-11-16 17:02:24,207] {dag.py:2306} INFO - Setting next_dagrun for example_xcom_args_with_operators to None
[2022-11-16 17:02:24,227] {processor.py:170} INFO - Processing /home/airflow/.local/lib/python3.6/site-packages/airflow/example_dags/example_xcomargs.py took 0.350 seconds
[2022-11-16 17:02:54,381] {processor.py:162} INFO - Started process (PID=1150) to work on /home/airflow/.local/lib/python3.6/site-packages/airflow/example_dags/example_xcomargs.py
[2022-11-16 17:02:54,382] {processor.py:613} INFO - Processing file /home/airflow/.local/lib/python3.6/site-packages/airflow/example_dags/example_xcomargs.py for tasks to queue
[2022-11-16 17:02:54,384] {logging_mixin.py:109} INFO - [2022-11-16 17:02:54,383] {dagbag.py:496} INFO - Filling up the DagBag from /home/airflow/.local/lib/python3.6/site-packages/airflow/example_dags/example_xcomargs.py
[2022-11-16 17:02:54,404] {processor.py:623} INFO - DAG(s) dict_keys(['example_xcom_args', 'example_xcom_args_with_operators']) retrieved from /home/airflow/.local/lib/python3.6/site-packages/airflow/example_dags/example_xcomargs.py
[2022-11-16 17:02:54,433] {logging_mixin.py:109} INFO - [2022-11-16 17:02:54,433] {dag.py:1833} INFO - Sync 2 DAGs
[2022-11-16 17:02:54,451] {logging_mixin.py:109} INFO - [2022-11-16 17:02:54,451] {dag.py:2306} INFO - Setting next_dagrun for example_xcom_args to None
[2022-11-16 17:02:54,453] {logging_mixin.py:109} INFO - [2022-11-16 17:02:54,453] {dag.py:2306} INFO - Setting next_dagrun for example_xcom_args_with_operators to None
[2022-11-16 17:02:54,466] {processor.py:170} INFO - Processing /home/airflow/.local/lib/python3.6/site-packages/airflow/example_dags/example_xcomargs.py took 0.088 seconds
[2022-11-16 17:03:24,702] {processor.py:162} INFO - Started process (PID=1203) to work on /home/airflow/.local/lib/python3.6/site-packages/airflow/example_dags/example_xcomargs.py
[2022-11-16 17:03:24,704] {processor.py:613} INFO - Processing file /home/airflow/.local/lib/python3.6/site-packages/airflow/example_dags/example_xcomargs.py for tasks to queue
[2022-11-16 17:03:24,705] {logging_mixin.py:109} INFO - [2022-11-16 17:03:24,704] {dagbag.py:496} INFO - Filling up the DagBag from /home/airflow/.local/lib/python3.6/site-packages/airflow/example_dags/example_xcomargs.py
[2022-11-16 17:03:24,724] {processor.py:623} INFO - DAG(s) dict_keys(['example_xcom_args', 'example_xcom_args_with_operators']) retrieved from /home/airflow/.local/lib/python3.6/site-packages/airflow/example_dags/example_xcomargs.py
[2022-11-16 17:03:24,949] {logging_mixin.py:109} INFO - [2022-11-16 17:03:24,949] {dag.py:1833} INFO - Sync 2 DAGs
[2022-11-16 17:03:24,962] {logging_mixin.py:109} INFO - [2022-11-16 17:03:24,962] {dag.py:2306} INFO - Setting next_dagrun for example_xcom_args to None
[2022-11-16 17:03:24,963] {logging_mixin.py:109} INFO - [2022-11-16 17:03:24,963] {dag.py:2306} INFO - Setting next_dagrun for example_xcom_args_with_operators to None
[2022-11-16 17:03:24,977] {processor.py:170} INFO - Processing /home/airflow/.local/lib/python3.6/site-packages/airflow/example_dags/example_xcomargs.py took 0.278 seconds
[2022-11-16 17:04:55,556] {processor.py:162} INFO - Started process (PID=72) to work on /home/airflow/.local/lib/python3.6/site-packages/airflow/example_dags/example_xcomargs.py
[2022-11-16 17:04:55,559] {processor.py:613} INFO - Processing file /home/airflow/.local/lib/python3.6/site-packages/airflow/example_dags/example_xcomargs.py for tasks to queue
[2022-11-16 17:04:55,565] {logging_mixin.py:109} INFO - [2022-11-16 17:04:55,564] {dagbag.py:496} INFO - Filling up the DagBag from /home/airflow/.local/lib/python3.6/site-packages/airflow/example_dags/example_xcomargs.py
[2022-11-16 17:04:55,607] {processor.py:623} INFO - DAG(s) dict_keys(['example_xcom_args', 'example_xcom_args_with_operators']) retrieved from /home/airflow/.local/lib/python3.6/site-packages/airflow/example_dags/example_xcomargs.py
[2022-11-16 17:04:55,991] {logging_mixin.py:109} INFO - [2022-11-16 17:04:55,991] {dag.py:1833} INFO - Sync 2 DAGs
[2022-11-16 17:04:56,016] {logging_mixin.py:109} INFO - [2022-11-16 17:04:56,016] {dag.py:2306} INFO - Setting next_dagrun for example_xcom_args to None
[2022-11-16 17:04:56,020] {logging_mixin.py:109} INFO - [2022-11-16 17:04:56,020] {dag.py:2306} INFO - Setting next_dagrun for example_xcom_args_with_operators to None
[2022-11-16 17:04:56,047] {processor.py:170} INFO - Processing /home/airflow/.local/lib/python3.6/site-packages/airflow/example_dags/example_xcomargs.py took 0.497 seconds
[2022-11-16 17:05:26,663] {processor.py:162} INFO - Started process (PID=125) to work on /home/airflow/.local/lib/python3.6/site-packages/airflow/example_dags/example_xcomargs.py
[2022-11-16 17:05:26,666] {processor.py:613} INFO - Processing file /home/airflow/.local/lib/python3.6/site-packages/airflow/example_dags/example_xcomargs.py for tasks to queue
[2022-11-16 17:05:26,668] {logging_mixin.py:109} INFO - [2022-11-16 17:05:26,667] {dagbag.py:496} INFO - Filling up the DagBag from /home/airflow/.local/lib/python3.6/site-packages/airflow/example_dags/example_xcomargs.py
[2022-11-16 17:05:26,699] {processor.py:623} INFO - DAG(s) dict_keys(['example_xcom_args', 'example_xcom_args_with_operators']) retrieved from /home/airflow/.local/lib/python3.6/site-packages/airflow/example_dags/example_xcomargs.py
[2022-11-16 17:05:26,925] {logging_mixin.py:109} INFO - [2022-11-16 17:05:26,925] {dag.py:1833} INFO - Sync 2 DAGs
[2022-11-16 17:05:26,942] {logging_mixin.py:109} INFO - [2022-11-16 17:05:26,942] {dag.py:2306} INFO - Setting next_dagrun for example_xcom_args to None
[2022-11-16 17:05:26,943] {logging_mixin.py:109} INFO - [2022-11-16 17:05:26,943] {dag.py:2306} INFO - Setting next_dagrun for example_xcom_args_with_operators to None
[2022-11-16 17:05:26,958] {processor.py:170} INFO - Processing /home/airflow/.local/lib/python3.6/site-packages/airflow/example_dags/example_xcomargs.py took 0.299 seconds
[2022-11-16 17:05:57,303] {processor.py:162} INFO - Started process (PID=176) to work on /home/airflow/.local/lib/python3.6/site-packages/airflow/example_dags/example_xcomargs.py
[2022-11-16 17:05:57,309] {processor.py:613} INFO - Processing file /home/airflow/.local/lib/python3.6/site-packages/airflow/example_dags/example_xcomargs.py for tasks to queue
[2022-11-16 17:05:57,311] {logging_mixin.py:109} INFO - [2022-11-16 17:05:57,311] {dagbag.py:496} INFO - Filling up the DagBag from /home/airflow/.local/lib/python3.6/site-packages/airflow/example_dags/example_xcomargs.py
[2022-11-16 17:05:57,363] {processor.py:623} INFO - DAG(s) dict_keys(['example_xcom_args', 'example_xcom_args_with_operators']) retrieved from /home/airflow/.local/lib/python3.6/site-packages/airflow/example_dags/example_xcomargs.py
[2022-11-16 17:05:57,402] {logging_mixin.py:109} INFO - [2022-11-16 17:05:57,402] {dag.py:1833} INFO - Sync 2 DAGs
[2022-11-16 17:05:57,428] {logging_mixin.py:109} INFO - [2022-11-16 17:05:57,428] {dag.py:2306} INFO - Setting next_dagrun for example_xcom_args to None
[2022-11-16 17:05:57,430] {logging_mixin.py:109} INFO - [2022-11-16 17:05:57,430] {dag.py:2306} INFO - Setting next_dagrun for example_xcom_args_with_operators to None
[2022-11-16 17:05:57,446] {processor.py:170} INFO - Processing /home/airflow/.local/lib/python3.6/site-packages/airflow/example_dags/example_xcomargs.py took 0.157 seconds
