[2022-11-16 16:55:33,449] {processor.py:162} INFO - Started process (PID=306) to work on /home/airflow/.local/lib/python3.6/site-packages/airflow/example_dags/example_latest_only_with_trigger.py
[2022-11-16 16:55:33,451] {processor.py:613} INFO - Processing file /home/airflow/.local/lib/python3.6/site-packages/airflow/example_dags/example_latest_only_with_trigger.py for tasks to queue
[2022-11-16 16:55:33,452] {logging_mixin.py:109} INFO - [2022-11-16 16:55:33,452] {dagbag.py:496} INFO - Filling up the DagBag from /home/airflow/.local/lib/python3.6/site-packages/airflow/example_dags/example_latest_only_with_trigger.py
[2022-11-16 16:55:33,500] {processor.py:623} INFO - DAG(s) dict_keys(['latest_only_with_trigger']) retrieved from /home/airflow/.local/lib/python3.6/site-packages/airflow/example_dags/example_latest_only_with_trigger.py
[2022-11-16 16:55:36,445] {logging_mixin.py:109} INFO - [2022-11-16 16:55:36,443] {dag.py:1833} INFO - Sync 1 DAGs
[2022-11-16 16:55:36,458] {logging_mixin.py:109} INFO - [2022-11-16 16:55:36,457] {dag.py:1852} INFO - Creating ORM DAG for latest_only_with_trigger
[2022-11-16 16:55:36,466] {logging_mixin.py:109} INFO - [2022-11-16 16:55:36,466] {dag.py:2306} INFO - Setting next_dagrun for latest_only_with_trigger to 2022-11-14 00:00:00+00:00
[2022-11-16 16:55:36,484] {processor.py:170} INFO - Processing /home/airflow/.local/lib/python3.6/site-packages/airflow/example_dags/example_latest_only_with_trigger.py took 3.040 seconds
[2022-11-16 16:56:06,788] {processor.py:162} INFO - Started process (PID=408) to work on /home/airflow/.local/lib/python3.6/site-packages/airflow/example_dags/example_latest_only_with_trigger.py
[2022-11-16 16:56:06,790] {processor.py:613} INFO - Processing file /home/airflow/.local/lib/python3.6/site-packages/airflow/example_dags/example_latest_only_with_trigger.py for tasks to queue
[2022-11-16 16:56:06,791] {logging_mixin.py:109} INFO - [2022-11-16 16:56:06,791] {dagbag.py:496} INFO - Filling up the DagBag from /home/airflow/.local/lib/python3.6/site-packages/airflow/example_dags/example_latest_only_with_trigger.py
[2022-11-16 16:56:06,803] {processor.py:623} INFO - DAG(s) dict_keys(['latest_only_with_trigger']) retrieved from /home/airflow/.local/lib/python3.6/site-packages/airflow/example_dags/example_latest_only_with_trigger.py
[2022-11-16 16:56:06,826] {logging_mixin.py:109} INFO - [2022-11-16 16:56:06,826] {dag.py:1833} INFO - Sync 1 DAGs
[2022-11-16 16:56:06,842] {logging_mixin.py:109} INFO - [2022-11-16 16:56:06,842] {dag.py:2306} INFO - Setting next_dagrun for latest_only_with_trigger to 2022-11-14 00:00:00+00:00
[2022-11-16 16:56:06,854] {processor.py:170} INFO - Processing /home/airflow/.local/lib/python3.6/site-packages/airflow/example_dags/example_latest_only_with_trigger.py took 0.070 seconds
[2022-11-16 16:56:37,615] {processor.py:162} INFO - Started process (PID=459) to work on /home/airflow/.local/lib/python3.6/site-packages/airflow/example_dags/example_latest_only_with_trigger.py
[2022-11-16 16:56:37,618] {processor.py:613} INFO - Processing file /home/airflow/.local/lib/python3.6/site-packages/airflow/example_dags/example_latest_only_with_trigger.py for tasks to queue
[2022-11-16 16:56:37,621] {logging_mixin.py:109} INFO - [2022-11-16 16:56:37,621] {dagbag.py:496} INFO - Filling up the DagBag from /home/airflow/.local/lib/python3.6/site-packages/airflow/example_dags/example_latest_only_with_trigger.py
[2022-11-16 16:56:37,644] {processor.py:623} INFO - DAG(s) dict_keys(['latest_only_with_trigger']) retrieved from /home/airflow/.local/lib/python3.6/site-packages/airflow/example_dags/example_latest_only_with_trigger.py
[2022-11-16 16:56:37,796] {logging_mixin.py:109} INFO - [2022-11-16 16:56:37,795] {dag.py:1833} INFO - Sync 1 DAGs
[2022-11-16 16:56:37,855] {logging_mixin.py:109} INFO - [2022-11-16 16:56:37,855] {dag.py:2306} INFO - Setting next_dagrun for latest_only_with_trigger to 2022-11-14 00:00:00+00:00
[2022-11-16 16:56:37,878] {processor.py:170} INFO - Processing /home/airflow/.local/lib/python3.6/site-packages/airflow/example_dags/example_latest_only_with_trigger.py took 0.269 seconds
[2022-11-16 16:57:08,755] {processor.py:162} INFO - Started process (PID=520) to work on /home/airflow/.local/lib/python3.6/site-packages/airflow/example_dags/example_latest_only_with_trigger.py
[2022-11-16 16:57:08,756] {processor.py:613} INFO - Processing file /home/airflow/.local/lib/python3.6/site-packages/airflow/example_dags/example_latest_only_with_trigger.py for tasks to queue
[2022-11-16 16:57:08,758] {logging_mixin.py:109} INFO - [2022-11-16 16:57:08,758] {dagbag.py:496} INFO - Filling up the DagBag from /home/airflow/.local/lib/python3.6/site-packages/airflow/example_dags/example_latest_only_with_trigger.py
[2022-11-16 16:57:08,771] {processor.py:623} INFO - DAG(s) dict_keys(['latest_only_with_trigger']) retrieved from /home/airflow/.local/lib/python3.6/site-packages/airflow/example_dags/example_latest_only_with_trigger.py
[2022-11-16 16:57:08,796] {logging_mixin.py:109} INFO - [2022-11-16 16:57:08,795] {dag.py:1833} INFO - Sync 1 DAGs
[2022-11-16 16:57:08,825] {logging_mixin.py:109} INFO - [2022-11-16 16:57:08,825] {dag.py:2306} INFO - Setting next_dagrun for latest_only_with_trigger to 2022-11-14 00:00:00+00:00
[2022-11-16 16:57:08,839] {processor.py:170} INFO - Processing /home/airflow/.local/lib/python3.6/site-packages/airflow/example_dags/example_latest_only_with_trigger.py took 0.088 seconds
[2022-11-16 16:57:39,602] {processor.py:162} INFO - Started process (PID=571) to work on /home/airflow/.local/lib/python3.6/site-packages/airflow/example_dags/example_latest_only_with_trigger.py
[2022-11-16 16:57:39,606] {processor.py:613} INFO - Processing file /home/airflow/.local/lib/python3.6/site-packages/airflow/example_dags/example_latest_only_with_trigger.py for tasks to queue
[2022-11-16 16:57:39,610] {logging_mixin.py:109} INFO - [2022-11-16 16:57:39,610] {dagbag.py:496} INFO - Filling up the DagBag from /home/airflow/.local/lib/python3.6/site-packages/airflow/example_dags/example_latest_only_with_trigger.py
[2022-11-16 16:57:39,670] {processor.py:623} INFO - DAG(s) dict_keys(['latest_only_with_trigger']) retrieved from /home/airflow/.local/lib/python3.6/site-packages/airflow/example_dags/example_latest_only_with_trigger.py
[2022-11-16 16:57:39,705] {logging_mixin.py:109} INFO - [2022-11-16 16:57:39,705] {dag.py:1833} INFO - Sync 1 DAGs
[2022-11-16 16:57:39,725] {logging_mixin.py:109} INFO - [2022-11-16 16:57:39,725] {dag.py:2306} INFO - Setting next_dagrun for latest_only_with_trigger to 2022-11-14 00:00:00+00:00
[2022-11-16 16:57:39,741] {processor.py:170} INFO - Processing /home/airflow/.local/lib/python3.6/site-packages/airflow/example_dags/example_latest_only_with_trigger.py took 0.150 seconds
[2022-11-16 16:58:10,212] {processor.py:162} INFO - Started process (PID=622) to work on /home/airflow/.local/lib/python3.6/site-packages/airflow/example_dags/example_latest_only_with_trigger.py
[2022-11-16 16:58:10,214] {processor.py:613} INFO - Processing file /home/airflow/.local/lib/python3.6/site-packages/airflow/example_dags/example_latest_only_with_trigger.py for tasks to queue
[2022-11-16 16:58:10,215] {logging_mixin.py:109} INFO - [2022-11-16 16:58:10,215] {dagbag.py:496} INFO - Filling up the DagBag from /home/airflow/.local/lib/python3.6/site-packages/airflow/example_dags/example_latest_only_with_trigger.py
[2022-11-16 16:58:10,233] {processor.py:623} INFO - DAG(s) dict_keys(['latest_only_with_trigger']) retrieved from /home/airflow/.local/lib/python3.6/site-packages/airflow/example_dags/example_latest_only_with_trigger.py
[2022-11-16 16:58:10,273] {logging_mixin.py:109} INFO - [2022-11-16 16:58:10,272] {dag.py:1833} INFO - Sync 1 DAGs
[2022-11-16 16:58:10,299] {logging_mixin.py:109} INFO - [2022-11-16 16:58:10,298] {dag.py:2306} INFO - Setting next_dagrun for latest_only_with_trigger to 2022-11-14 00:00:00+00:00
[2022-11-16 16:58:10,315] {processor.py:170} INFO - Processing /home/airflow/.local/lib/python3.6/site-packages/airflow/example_dags/example_latest_only_with_trigger.py took 0.107 seconds
[2022-11-16 16:58:40,880] {processor.py:162} INFO - Started process (PID=683) to work on /home/airflow/.local/lib/python3.6/site-packages/airflow/example_dags/example_latest_only_with_trigger.py
[2022-11-16 16:58:40,881] {processor.py:613} INFO - Processing file /home/airflow/.local/lib/python3.6/site-packages/airflow/example_dags/example_latest_only_with_trigger.py for tasks to queue
[2022-11-16 16:58:40,883] {logging_mixin.py:109} INFO - [2022-11-16 16:58:40,883] {dagbag.py:496} INFO - Filling up the DagBag from /home/airflow/.local/lib/python3.6/site-packages/airflow/example_dags/example_latest_only_with_trigger.py
[2022-11-16 16:58:40,896] {processor.py:623} INFO - DAG(s) dict_keys(['latest_only_with_trigger']) retrieved from /home/airflow/.local/lib/python3.6/site-packages/airflow/example_dags/example_latest_only_with_trigger.py
[2022-11-16 16:58:40,922] {logging_mixin.py:109} INFO - [2022-11-16 16:58:40,921] {dag.py:1833} INFO - Sync 1 DAGs
[2022-11-16 16:58:40,939] {logging_mixin.py:109} INFO - [2022-11-16 16:58:40,939] {dag.py:2306} INFO - Setting next_dagrun for latest_only_with_trigger to 2022-11-14 00:00:00+00:00
[2022-11-16 16:58:40,955] {processor.py:170} INFO - Processing /home/airflow/.local/lib/python3.6/site-packages/airflow/example_dags/example_latest_only_with_trigger.py took 0.079 seconds
[2022-11-16 16:59:11,248] {processor.py:162} INFO - Started process (PID=734) to work on /home/airflow/.local/lib/python3.6/site-packages/airflow/example_dags/example_latest_only_with_trigger.py
[2022-11-16 16:59:11,253] {processor.py:613} INFO - Processing file /home/airflow/.local/lib/python3.6/site-packages/airflow/example_dags/example_latest_only_with_trigger.py for tasks to queue
[2022-11-16 16:59:11,255] {logging_mixin.py:109} INFO - [2022-11-16 16:59:11,255] {dagbag.py:496} INFO - Filling up the DagBag from /home/airflow/.local/lib/python3.6/site-packages/airflow/example_dags/example_latest_only_with_trigger.py
[2022-11-16 16:59:11,275] {processor.py:623} INFO - DAG(s) dict_keys(['latest_only_with_trigger']) retrieved from /home/airflow/.local/lib/python3.6/site-packages/airflow/example_dags/example_latest_only_with_trigger.py
[2022-11-16 16:59:11,308] {logging_mixin.py:109} INFO - [2022-11-16 16:59:11,308] {dag.py:1833} INFO - Sync 1 DAGs
[2022-11-16 16:59:11,331] {logging_mixin.py:109} INFO - [2022-11-16 16:59:11,331] {dag.py:2306} INFO - Setting next_dagrun for latest_only_with_trigger to 2022-11-14 00:00:00+00:00
[2022-11-16 16:59:11,348] {processor.py:170} INFO - Processing /home/airflow/.local/lib/python3.6/site-packages/airflow/example_dags/example_latest_only_with_trigger.py took 0.114 seconds
[2022-11-16 16:59:41,726] {processor.py:162} INFO - Started process (PID=792) to work on /home/airflow/.local/lib/python3.6/site-packages/airflow/example_dags/example_latest_only_with_trigger.py
[2022-11-16 16:59:41,728] {processor.py:613} INFO - Processing file /home/airflow/.local/lib/python3.6/site-packages/airflow/example_dags/example_latest_only_with_trigger.py for tasks to queue
[2022-11-16 16:59:41,729] {logging_mixin.py:109} INFO - [2022-11-16 16:59:41,729] {dagbag.py:496} INFO - Filling up the DagBag from /home/airflow/.local/lib/python3.6/site-packages/airflow/example_dags/example_latest_only_with_trigger.py
[2022-11-16 16:59:41,743] {processor.py:623} INFO - DAG(s) dict_keys(['latest_only_with_trigger']) retrieved from /home/airflow/.local/lib/python3.6/site-packages/airflow/example_dags/example_latest_only_with_trigger.py
[2022-11-16 16:59:41,770] {logging_mixin.py:109} INFO - [2022-11-16 16:59:41,770] {dag.py:1833} INFO - Sync 1 DAGs
[2022-11-16 16:59:41,788] {logging_mixin.py:109} INFO - [2022-11-16 16:59:41,788] {dag.py:2306} INFO - Setting next_dagrun for latest_only_with_trigger to 2022-11-14 00:00:00+00:00
[2022-11-16 16:59:41,803] {processor.py:170} INFO - Processing /home/airflow/.local/lib/python3.6/site-packages/airflow/example_dags/example_latest_only_with_trigger.py took 0.079 seconds
[2022-11-16 17:00:12,120] {processor.py:162} INFO - Started process (PID=846) to work on /home/airflow/.local/lib/python3.6/site-packages/airflow/example_dags/example_latest_only_with_trigger.py
[2022-11-16 17:00:12,125] {processor.py:613} INFO - Processing file /home/airflow/.local/lib/python3.6/site-packages/airflow/example_dags/example_latest_only_with_trigger.py for tasks to queue
[2022-11-16 17:00:12,129] {logging_mixin.py:109} INFO - [2022-11-16 17:00:12,128] {dagbag.py:496} INFO - Filling up the DagBag from /home/airflow/.local/lib/python3.6/site-packages/airflow/example_dags/example_latest_only_with_trigger.py
[2022-11-16 17:00:12,190] {processor.py:623} INFO - DAG(s) dict_keys(['latest_only_with_trigger']) retrieved from /home/airflow/.local/lib/python3.6/site-packages/airflow/example_dags/example_latest_only_with_trigger.py
[2022-11-16 17:00:12,278] {logging_mixin.py:109} INFO - [2022-11-16 17:00:12,277] {dag.py:1833} INFO - Sync 1 DAGs
[2022-11-16 17:00:12,322] {logging_mixin.py:109} INFO - [2022-11-16 17:00:12,322] {dag.py:2306} INFO - Setting next_dagrun for latest_only_with_trigger to 2022-11-14 00:00:00+00:00
[2022-11-16 17:00:12,339] {processor.py:170} INFO - Processing /home/airflow/.local/lib/python3.6/site-packages/airflow/example_dags/example_latest_only_with_trigger.py took 0.235 seconds
[2022-11-16 17:00:42,459] {processor.py:162} INFO - Started process (PID=897) to work on /home/airflow/.local/lib/python3.6/site-packages/airflow/example_dags/example_latest_only_with_trigger.py
[2022-11-16 17:00:42,460] {processor.py:613} INFO - Processing file /home/airflow/.local/lib/python3.6/site-packages/airflow/example_dags/example_latest_only_with_trigger.py for tasks to queue
[2022-11-16 17:00:42,461] {logging_mixin.py:109} INFO - [2022-11-16 17:00:42,461] {dagbag.py:496} INFO - Filling up the DagBag from /home/airflow/.local/lib/python3.6/site-packages/airflow/example_dags/example_latest_only_with_trigger.py
[2022-11-16 17:00:42,477] {processor.py:623} INFO - DAG(s) dict_keys(['latest_only_with_trigger']) retrieved from /home/airflow/.local/lib/python3.6/site-packages/airflow/example_dags/example_latest_only_with_trigger.py
[2022-11-16 17:00:42,506] {logging_mixin.py:109} INFO - [2022-11-16 17:00:42,506] {dag.py:1833} INFO - Sync 1 DAGs
[2022-11-16 17:00:42,524] {logging_mixin.py:109} INFO - [2022-11-16 17:00:42,524] {dag.py:2306} INFO - Setting next_dagrun for latest_only_with_trigger to 2022-11-14 00:00:00+00:00
[2022-11-16 17:00:42,538] {processor.py:170} INFO - Processing /home/airflow/.local/lib/python3.6/site-packages/airflow/example_dags/example_latest_only_with_trigger.py took 0.083 seconds
[2022-11-16 17:01:12,934] {processor.py:162} INFO - Started process (PID=958) to work on /home/airflow/.local/lib/python3.6/site-packages/airflow/example_dags/example_latest_only_with_trigger.py
[2022-11-16 17:01:12,936] {processor.py:613} INFO - Processing file /home/airflow/.local/lib/python3.6/site-packages/airflow/example_dags/example_latest_only_with_trigger.py for tasks to queue
[2022-11-16 17:01:12,938] {logging_mixin.py:109} INFO - [2022-11-16 17:01:12,938] {dagbag.py:496} INFO - Filling up the DagBag from /home/airflow/.local/lib/python3.6/site-packages/airflow/example_dags/example_latest_only_with_trigger.py
[2022-11-16 17:01:12,955] {processor.py:623} INFO - DAG(s) dict_keys(['latest_only_with_trigger']) retrieved from /home/airflow/.local/lib/python3.6/site-packages/airflow/example_dags/example_latest_only_with_trigger.py
[2022-11-16 17:01:12,984] {logging_mixin.py:109} INFO - [2022-11-16 17:01:12,983] {dag.py:1833} INFO - Sync 1 DAGs
[2022-11-16 17:01:13,005] {logging_mixin.py:109} INFO - [2022-11-16 17:01:13,005] {dag.py:2306} INFO - Setting next_dagrun for latest_only_with_trigger to 2022-11-14 00:00:00+00:00
[2022-11-16 17:01:13,025] {processor.py:170} INFO - Processing /home/airflow/.local/lib/python3.6/site-packages/airflow/example_dags/example_latest_only_with_trigger.py took 0.096 seconds
[2022-11-16 17:01:43,902] {processor.py:162} INFO - Started process (PID=1010) to work on /home/airflow/.local/lib/python3.6/site-packages/airflow/example_dags/example_latest_only_with_trigger.py
[2022-11-16 17:01:43,908] {processor.py:613} INFO - Processing file /home/airflow/.local/lib/python3.6/site-packages/airflow/example_dags/example_latest_only_with_trigger.py for tasks to queue
[2022-11-16 17:01:43,912] {logging_mixin.py:109} INFO - [2022-11-16 17:01:43,912] {dagbag.py:496} INFO - Filling up the DagBag from /home/airflow/.local/lib/python3.6/site-packages/airflow/example_dags/example_latest_only_with_trigger.py
[2022-11-16 17:01:44,000] {processor.py:623} INFO - DAG(s) dict_keys(['latest_only_with_trigger']) retrieved from /home/airflow/.local/lib/python3.6/site-packages/airflow/example_dags/example_latest_only_with_trigger.py
[2022-11-16 17:01:44,035] {logging_mixin.py:109} INFO - [2022-11-16 17:01:44,035] {dag.py:1833} INFO - Sync 1 DAGs
[2022-11-16 17:01:44,053] {logging_mixin.py:109} INFO - [2022-11-16 17:01:44,053] {dag.py:2306} INFO - Setting next_dagrun for latest_only_with_trigger to 2022-11-14 00:00:00+00:00
[2022-11-16 17:01:44,066] {processor.py:170} INFO - Processing /home/airflow/.local/lib/python3.6/site-packages/airflow/example_dags/example_latest_only_with_trigger.py took 0.176 seconds
[2022-11-16 17:02:14,217] {processor.py:162} INFO - Started process (PID=1061) to work on /home/airflow/.local/lib/python3.6/site-packages/airflow/example_dags/example_latest_only_with_trigger.py
[2022-11-16 17:02:14,223] {processor.py:613} INFO - Processing file /home/airflow/.local/lib/python3.6/site-packages/airflow/example_dags/example_latest_only_with_trigger.py for tasks to queue
[2022-11-16 17:02:14,227] {logging_mixin.py:109} INFO - [2022-11-16 17:02:14,226] {dagbag.py:496} INFO - Filling up the DagBag from /home/airflow/.local/lib/python3.6/site-packages/airflow/example_dags/example_latest_only_with_trigger.py
[2022-11-16 17:02:14,280] {processor.py:623} INFO - DAG(s) dict_keys(['latest_only_with_trigger']) retrieved from /home/airflow/.local/lib/python3.6/site-packages/airflow/example_dags/example_latest_only_with_trigger.py
[2022-11-16 17:02:14,369] {logging_mixin.py:109} INFO - [2022-11-16 17:02:14,368] {dag.py:1833} INFO - Sync 1 DAGs
[2022-11-16 17:02:14,444] {logging_mixin.py:109} INFO - [2022-11-16 17:02:14,443] {dag.py:2306} INFO - Setting next_dagrun for latest_only_with_trigger to 2022-11-14 00:00:00+00:00
[2022-11-16 17:02:14,472] {processor.py:170} INFO - Processing /home/airflow/.local/lib/python3.6/site-packages/airflow/example_dags/example_latest_only_with_trigger.py took 0.268 seconds
[2022-11-16 17:02:45,223] {processor.py:162} INFO - Started process (PID=1122) to work on /home/airflow/.local/lib/python3.6/site-packages/airflow/example_dags/example_latest_only_with_trigger.py
[2022-11-16 17:02:45,225] {processor.py:613} INFO - Processing file /home/airflow/.local/lib/python3.6/site-packages/airflow/example_dags/example_latest_only_with_trigger.py for tasks to queue
[2022-11-16 17:02:45,226] {logging_mixin.py:109} INFO - [2022-11-16 17:02:45,226] {dagbag.py:496} INFO - Filling up the DagBag from /home/airflow/.local/lib/python3.6/site-packages/airflow/example_dags/example_latest_only_with_trigger.py
[2022-11-16 17:02:45,247] {processor.py:623} INFO - DAG(s) dict_keys(['latest_only_with_trigger']) retrieved from /home/airflow/.local/lib/python3.6/site-packages/airflow/example_dags/example_latest_only_with_trigger.py
[2022-11-16 17:02:45,282] {logging_mixin.py:109} INFO - [2022-11-16 17:02:45,282] {dag.py:1833} INFO - Sync 1 DAGs
[2022-11-16 17:02:45,310] {logging_mixin.py:109} INFO - [2022-11-16 17:02:45,309] {dag.py:2306} INFO - Setting next_dagrun for latest_only_with_trigger to 2022-11-14 00:00:00+00:00
[2022-11-16 17:02:45,328] {processor.py:170} INFO - Processing /home/airflow/.local/lib/python3.6/site-packages/airflow/example_dags/example_latest_only_with_trigger.py took 0.110 seconds
[2022-11-16 17:03:15,620] {processor.py:162} INFO - Started process (PID=1174) to work on /home/airflow/.local/lib/python3.6/site-packages/airflow/example_dags/example_latest_only_with_trigger.py
[2022-11-16 17:03:15,623] {processor.py:613} INFO - Processing file /home/airflow/.local/lib/python3.6/site-packages/airflow/example_dags/example_latest_only_with_trigger.py for tasks to queue
[2022-11-16 17:03:15,625] {logging_mixin.py:109} INFO - [2022-11-16 17:03:15,625] {dagbag.py:496} INFO - Filling up the DagBag from /home/airflow/.local/lib/python3.6/site-packages/airflow/example_dags/example_latest_only_with_trigger.py
[2022-11-16 17:03:15,654] {processor.py:623} INFO - DAG(s) dict_keys(['latest_only_with_trigger']) retrieved from /home/airflow/.local/lib/python3.6/site-packages/airflow/example_dags/example_latest_only_with_trigger.py
[2022-11-16 17:03:15,705] {logging_mixin.py:109} INFO - [2022-11-16 17:03:15,705] {dag.py:1833} INFO - Sync 1 DAGs
[2022-11-16 17:03:15,744] {logging_mixin.py:109} INFO - [2022-11-16 17:03:15,744] {dag.py:2306} INFO - Setting next_dagrun for latest_only_with_trigger to 2022-11-14 00:00:00+00:00
[2022-11-16 17:03:15,770] {processor.py:170} INFO - Processing /home/airflow/.local/lib/python3.6/site-packages/airflow/example_dags/example_latest_only_with_trigger.py took 0.157 seconds
[2022-11-16 17:04:55,029] {processor.py:162} INFO - Started process (PID=68) to work on /home/airflow/.local/lib/python3.6/site-packages/airflow/example_dags/example_latest_only_with_trigger.py
[2022-11-16 17:04:55,032] {processor.py:613} INFO - Processing file /home/airflow/.local/lib/python3.6/site-packages/airflow/example_dags/example_latest_only_with_trigger.py for tasks to queue
[2022-11-16 17:04:55,033] {logging_mixin.py:109} INFO - [2022-11-16 17:04:55,033] {dagbag.py:496} INFO - Filling up the DagBag from /home/airflow/.local/lib/python3.6/site-packages/airflow/example_dags/example_latest_only_with_trigger.py
[2022-11-16 17:04:55,055] {processor.py:623} INFO - DAG(s) dict_keys(['latest_only_with_trigger']) retrieved from /home/airflow/.local/lib/python3.6/site-packages/airflow/example_dags/example_latest_only_with_trigger.py
[2022-11-16 17:04:55,093] {logging_mixin.py:109} INFO - [2022-11-16 17:04:55,092] {dag.py:1833} INFO - Sync 1 DAGs
[2022-11-16 17:04:55,123] {logging_mixin.py:109} INFO - [2022-11-16 17:04:55,123] {dag.py:2306} INFO - Setting next_dagrun for latest_only_with_trigger to 2022-11-14 00:00:00+00:00
[2022-11-16 17:04:55,152] {processor.py:170} INFO - Processing /home/airflow/.local/lib/python3.6/site-packages/airflow/example_dags/example_latest_only_with_trigger.py took 0.128 seconds
[2022-11-16 17:05:25,974] {processor.py:162} INFO - Started process (PID=120) to work on /home/airflow/.local/lib/python3.6/site-packages/airflow/example_dags/example_latest_only_with_trigger.py
[2022-11-16 17:05:25,994] {processor.py:613} INFO - Processing file /home/airflow/.local/lib/python3.6/site-packages/airflow/example_dags/example_latest_only_with_trigger.py for tasks to queue
[2022-11-16 17:05:26,009] {logging_mixin.py:109} INFO - [2022-11-16 17:05:26,008] {dagbag.py:496} INFO - Filling up the DagBag from /home/airflow/.local/lib/python3.6/site-packages/airflow/example_dags/example_latest_only_with_trigger.py
[2022-11-16 17:05:26,031] {processor.py:623} INFO - DAG(s) dict_keys(['latest_only_with_trigger']) retrieved from /home/airflow/.local/lib/python3.6/site-packages/airflow/example_dags/example_latest_only_with_trigger.py
[2022-11-16 17:05:26,065] {logging_mixin.py:109} INFO - [2022-11-16 17:05:26,065] {dag.py:1833} INFO - Sync 1 DAGs
[2022-11-16 17:05:26,086] {logging_mixin.py:109} INFO - [2022-11-16 17:05:26,086] {dag.py:2306} INFO - Setting next_dagrun for latest_only_with_trigger to 2022-11-14 00:00:00+00:00
[2022-11-16 17:05:26,099] {processor.py:170} INFO - Processing /home/airflow/.local/lib/python3.6/site-packages/airflow/example_dags/example_latest_only_with_trigger.py took 0.130 seconds
[2022-11-16 17:05:56,749] {processor.py:162} INFO - Started process (PID=172) to work on /home/airflow/.local/lib/python3.6/site-packages/airflow/example_dags/example_latest_only_with_trigger.py
[2022-11-16 17:05:56,751] {processor.py:613} INFO - Processing file /home/airflow/.local/lib/python3.6/site-packages/airflow/example_dags/example_latest_only_with_trigger.py for tasks to queue
[2022-11-16 17:05:56,753] {logging_mixin.py:109} INFO - [2022-11-16 17:05:56,753] {dagbag.py:496} INFO - Filling up the DagBag from /home/airflow/.local/lib/python3.6/site-packages/airflow/example_dags/example_latest_only_with_trigger.py
[2022-11-16 17:05:56,771] {processor.py:623} INFO - DAG(s) dict_keys(['latest_only_with_trigger']) retrieved from /home/airflow/.local/lib/python3.6/site-packages/airflow/example_dags/example_latest_only_with_trigger.py
[2022-11-16 17:05:56,826] {logging_mixin.py:109} INFO - [2022-11-16 17:05:56,826] {dag.py:1833} INFO - Sync 1 DAGs
[2022-11-16 17:05:56,869] {logging_mixin.py:109} INFO - [2022-11-16 17:05:56,865] {dag.py:2306} INFO - Setting next_dagrun for latest_only_with_trigger to 2022-11-14 00:00:00+00:00
[2022-11-16 17:05:56,888] {processor.py:170} INFO - Processing /home/airflow/.local/lib/python3.6/site-packages/airflow/example_dags/example_latest_only_with_trigger.py took 0.145 seconds
