[2022-11-16 16:55:24,307] {processor.py:162} INFO - Started process (PID=252) to work on /home/airflow/.local/lib/python3.6/site-packages/airflow/example_dags/example_bash_operator.py
[2022-11-16 16:55:24,309] {processor.py:613} INFO - Processing file /home/airflow/.local/lib/python3.6/site-packages/airflow/example_dags/example_bash_operator.py for tasks to queue
[2022-11-16 16:55:24,310] {logging_mixin.py:109} INFO - [2022-11-16 16:55:24,310] {dagbag.py:496} INFO - Filling up the DagBag from /home/airflow/.local/lib/python3.6/site-packages/airflow/example_dags/example_bash_operator.py
[2022-11-16 16:55:24,335] {processor.py:623} INFO - DAG(s) dict_keys(['example_bash_operator']) retrieved from /home/airflow/.local/lib/python3.6/site-packages/airflow/example_dags/example_bash_operator.py
[2022-11-16 16:55:27,093] {logging_mixin.py:109} INFO - [2022-11-16 16:55:27,092] {dag.py:1833} INFO - Sync 1 DAGs
[2022-11-16 16:55:27,105] {logging_mixin.py:109} INFO - [2022-11-16 16:55:27,104] {dag.py:1852} INFO - Creating ORM DAG for example_bash_operator
[2022-11-16 16:55:27,118] {logging_mixin.py:109} INFO - [2022-11-16 16:55:27,118] {dag.py:2306} INFO - Setting next_dagrun for example_bash_operator to 2022-11-14 00:00:00+00:00
[2022-11-16 16:55:27,133] {processor.py:170} INFO - Processing /home/airflow/.local/lib/python3.6/site-packages/airflow/example_dags/example_bash_operator.py took 2.831 seconds
[2022-11-16 16:55:57,493] {processor.py:162} INFO - Started process (PID=393) to work on /home/airflow/.local/lib/python3.6/site-packages/airflow/example_dags/example_bash_operator.py
[2022-11-16 16:55:57,495] {processor.py:613} INFO - Processing file /home/airflow/.local/lib/python3.6/site-packages/airflow/example_dags/example_bash_operator.py for tasks to queue
[2022-11-16 16:55:57,496] {logging_mixin.py:109} INFO - [2022-11-16 16:55:57,496] {dagbag.py:496} INFO - Filling up the DagBag from /home/airflow/.local/lib/python3.6/site-packages/airflow/example_dags/example_bash_operator.py
[2022-11-16 16:55:57,514] {processor.py:623} INFO - DAG(s) dict_keys(['example_bash_operator']) retrieved from /home/airflow/.local/lib/python3.6/site-packages/airflow/example_dags/example_bash_operator.py
[2022-11-16 16:55:57,537] {logging_mixin.py:109} INFO - [2022-11-16 16:55:57,536] {dag.py:1833} INFO - Sync 1 DAGs
[2022-11-16 16:55:57,556] {logging_mixin.py:109} INFO - [2022-11-16 16:55:57,556] {dag.py:2306} INFO - Setting next_dagrun for example_bash_operator to 2022-11-14 00:00:00+00:00
[2022-11-16 16:55:57,569] {processor.py:170} INFO - Processing /home/airflow/.local/lib/python3.6/site-packages/airflow/example_dags/example_bash_operator.py took 0.080 seconds
[2022-11-16 16:56:28,014] {processor.py:162} INFO - Started process (PID=444) to work on /home/airflow/.local/lib/python3.6/site-packages/airflow/example_dags/example_bash_operator.py
[2022-11-16 16:56:28,017] {processor.py:613} INFO - Processing file /home/airflow/.local/lib/python3.6/site-packages/airflow/example_dags/example_bash_operator.py for tasks to queue
[2022-11-16 16:56:28,019] {logging_mixin.py:109} INFO - [2022-11-16 16:56:28,019] {dagbag.py:496} INFO - Filling up the DagBag from /home/airflow/.local/lib/python3.6/site-packages/airflow/example_dags/example_bash_operator.py
[2022-11-16 16:56:28,041] {processor.py:623} INFO - DAG(s) dict_keys(['example_bash_operator']) retrieved from /home/airflow/.local/lib/python3.6/site-packages/airflow/example_dags/example_bash_operator.py
[2022-11-16 16:56:28,066] {logging_mixin.py:109} INFO - [2022-11-16 16:56:28,066] {dag.py:1833} INFO - Sync 1 DAGs
[2022-11-16 16:56:28,088] {logging_mixin.py:109} INFO - [2022-11-16 16:56:28,087] {dag.py:2306} INFO - Setting next_dagrun for example_bash_operator to 2022-11-14 00:00:00+00:00
[2022-11-16 16:56:28,099] {processor.py:170} INFO - Processing /home/airflow/.local/lib/python3.6/site-packages/airflow/example_dags/example_bash_operator.py took 0.096 seconds
[2022-11-16 16:56:58,344] {processor.py:162} INFO - Started process (PID=505) to work on /home/airflow/.local/lib/python3.6/site-packages/airflow/example_dags/example_bash_operator.py
[2022-11-16 16:56:58,352] {processor.py:613} INFO - Processing file /home/airflow/.local/lib/python3.6/site-packages/airflow/example_dags/example_bash_operator.py for tasks to queue
[2022-11-16 16:56:58,357] {logging_mixin.py:109} INFO - [2022-11-16 16:56:58,357] {dagbag.py:496} INFO - Filling up the DagBag from /home/airflow/.local/lib/python3.6/site-packages/airflow/example_dags/example_bash_operator.py
[2022-11-16 16:56:58,421] {processor.py:623} INFO - DAG(s) dict_keys(['example_bash_operator']) retrieved from /home/airflow/.local/lib/python3.6/site-packages/airflow/example_dags/example_bash_operator.py
[2022-11-16 16:56:58,526] {logging_mixin.py:109} INFO - [2022-11-16 16:56:58,526] {dag.py:1833} INFO - Sync 1 DAGs
[2022-11-16 16:56:58,597] {logging_mixin.py:109} INFO - [2022-11-16 16:56:58,596] {dag.py:2306} INFO - Setting next_dagrun for example_bash_operator to 2022-11-14 00:00:00+00:00
[2022-11-16 16:56:58,614] {processor.py:170} INFO - Processing /home/airflow/.local/lib/python3.6/site-packages/airflow/example_dags/example_bash_operator.py took 0.288 seconds
[2022-11-16 16:57:29,024] {processor.py:162} INFO - Started process (PID=556) to work on /home/airflow/.local/lib/python3.6/site-packages/airflow/example_dags/example_bash_operator.py
[2022-11-16 16:57:29,025] {processor.py:613} INFO - Processing file /home/airflow/.local/lib/python3.6/site-packages/airflow/example_dags/example_bash_operator.py for tasks to queue
[2022-11-16 16:57:29,026] {logging_mixin.py:109} INFO - [2022-11-16 16:57:29,026] {dagbag.py:496} INFO - Filling up the DagBag from /home/airflow/.local/lib/python3.6/site-packages/airflow/example_dags/example_bash_operator.py
[2022-11-16 16:57:29,042] {processor.py:623} INFO - DAG(s) dict_keys(['example_bash_operator']) retrieved from /home/airflow/.local/lib/python3.6/site-packages/airflow/example_dags/example_bash_operator.py
[2022-11-16 16:57:29,066] {logging_mixin.py:109} INFO - [2022-11-16 16:57:29,065] {dag.py:1833} INFO - Sync 1 DAGs
[2022-11-16 16:57:29,086] {logging_mixin.py:109} INFO - [2022-11-16 16:57:29,086] {dag.py:2306} INFO - Setting next_dagrun for example_bash_operator to 2022-11-14 00:00:00+00:00
[2022-11-16 16:57:29,098] {processor.py:170} INFO - Processing /home/airflow/.local/lib/python3.6/site-packages/airflow/example_dags/example_bash_operator.py took 0.078 seconds
[2022-11-16 16:57:59,934] {processor.py:162} INFO - Started process (PID=616) to work on /home/airflow/.local/lib/python3.6/site-packages/airflow/example_dags/example_bash_operator.py
[2022-11-16 16:57:59,936] {processor.py:613} INFO - Processing file /home/airflow/.local/lib/python3.6/site-packages/airflow/example_dags/example_bash_operator.py for tasks to queue
[2022-11-16 16:57:59,937] {logging_mixin.py:109} INFO - [2022-11-16 16:57:59,937] {dagbag.py:496} INFO - Filling up the DagBag from /home/airflow/.local/lib/python3.6/site-packages/airflow/example_dags/example_bash_operator.py
[2022-11-16 16:57:59,958] {processor.py:623} INFO - DAG(s) dict_keys(['example_bash_operator']) retrieved from /home/airflow/.local/lib/python3.6/site-packages/airflow/example_dags/example_bash_operator.py
[2022-11-16 16:57:59,992] {logging_mixin.py:109} INFO - [2022-11-16 16:57:59,992] {dag.py:1833} INFO - Sync 1 DAGs
[2022-11-16 16:58:00,022] {logging_mixin.py:109} INFO - [2022-11-16 16:58:00,022] {dag.py:2306} INFO - Setting next_dagrun for example_bash_operator to 2022-11-14 00:00:00+00:00
[2022-11-16 16:58:00,038] {processor.py:170} INFO - Processing /home/airflow/.local/lib/python3.6/site-packages/airflow/example_dags/example_bash_operator.py took 0.109 seconds
[2022-11-16 16:58:30,227] {processor.py:162} INFO - Started process (PID=668) to work on /home/airflow/.local/lib/python3.6/site-packages/airflow/example_dags/example_bash_operator.py
[2022-11-16 16:58:30,229] {processor.py:613} INFO - Processing file /home/airflow/.local/lib/python3.6/site-packages/airflow/example_dags/example_bash_operator.py for tasks to queue
[2022-11-16 16:58:30,231] {logging_mixin.py:109} INFO - [2022-11-16 16:58:30,231] {dagbag.py:496} INFO - Filling up the DagBag from /home/airflow/.local/lib/python3.6/site-packages/airflow/example_dags/example_bash_operator.py
[2022-11-16 16:58:30,250] {processor.py:623} INFO - DAG(s) dict_keys(['example_bash_operator']) retrieved from /home/airflow/.local/lib/python3.6/site-packages/airflow/example_dags/example_bash_operator.py
[2022-11-16 16:58:30,283] {logging_mixin.py:109} INFO - [2022-11-16 16:58:30,283] {dag.py:1833} INFO - Sync 1 DAGs
[2022-11-16 16:58:30,311] {logging_mixin.py:109} INFO - [2022-11-16 16:58:30,310] {dag.py:2306} INFO - Setting next_dagrun for example_bash_operator to 2022-11-14 00:00:00+00:00
[2022-11-16 16:58:30,324] {processor.py:170} INFO - Processing /home/airflow/.local/lib/python3.6/site-packages/airflow/example_dags/example_bash_operator.py took 0.102 seconds
[2022-11-16 16:59:00,924] {processor.py:162} INFO - Started process (PID=719) to work on /home/airflow/.local/lib/python3.6/site-packages/airflow/example_dags/example_bash_operator.py
[2022-11-16 16:59:00,929] {processor.py:613} INFO - Processing file /home/airflow/.local/lib/python3.6/site-packages/airflow/example_dags/example_bash_operator.py for tasks to queue
[2022-11-16 16:59:00,933] {logging_mixin.py:109} INFO - [2022-11-16 16:59:00,932] {dagbag.py:496} INFO - Filling up the DagBag from /home/airflow/.local/lib/python3.6/site-packages/airflow/example_dags/example_bash_operator.py
[2022-11-16 16:59:00,975] {processor.py:623} INFO - DAG(s) dict_keys(['example_bash_operator']) retrieved from /home/airflow/.local/lib/python3.6/site-packages/airflow/example_dags/example_bash_operator.py
[2022-11-16 16:59:01,015] {logging_mixin.py:109} INFO - [2022-11-16 16:59:01,015] {dag.py:1833} INFO - Sync 1 DAGs
[2022-11-16 16:59:01,046] {logging_mixin.py:109} INFO - [2022-11-16 16:59:01,046] {dag.py:2306} INFO - Setting next_dagrun for example_bash_operator to 2022-11-14 00:00:00+00:00
[2022-11-16 16:59:01,061] {processor.py:170} INFO - Processing /home/airflow/.local/lib/python3.6/site-packages/airflow/example_dags/example_bash_operator.py took 0.150 seconds
[2022-11-16 16:59:31,282] {processor.py:162} INFO - Started process (PID=780) to work on /home/airflow/.local/lib/python3.6/site-packages/airflow/example_dags/example_bash_operator.py
[2022-11-16 16:59:31,285] {processor.py:613} INFO - Processing file /home/airflow/.local/lib/python3.6/site-packages/airflow/example_dags/example_bash_operator.py for tasks to queue
[2022-11-16 16:59:31,287] {logging_mixin.py:109} INFO - [2022-11-16 16:59:31,287] {dagbag.py:496} INFO - Filling up the DagBag from /home/airflow/.local/lib/python3.6/site-packages/airflow/example_dags/example_bash_operator.py
[2022-11-16 16:59:31,313] {processor.py:623} INFO - DAG(s) dict_keys(['example_bash_operator']) retrieved from /home/airflow/.local/lib/python3.6/site-packages/airflow/example_dags/example_bash_operator.py
[2022-11-16 16:59:31,339] {logging_mixin.py:109} INFO - [2022-11-16 16:59:31,339] {dag.py:1833} INFO - Sync 1 DAGs
[2022-11-16 16:59:31,358] {logging_mixin.py:109} INFO - [2022-11-16 16:59:31,358] {dag.py:2306} INFO - Setting next_dagrun for example_bash_operator to 2022-11-14 00:00:00+00:00
[2022-11-16 16:59:31,369] {processor.py:170} INFO - Processing /home/airflow/.local/lib/python3.6/site-packages/airflow/example_dags/example_bash_operator.py took 0.098 seconds
[2022-11-16 17:00:01,840] {processor.py:162} INFO - Started process (PID=831) to work on /home/airflow/.local/lib/python3.6/site-packages/airflow/example_dags/example_bash_operator.py
[2022-11-16 17:00:01,841] {processor.py:613} INFO - Processing file /home/airflow/.local/lib/python3.6/site-packages/airflow/example_dags/example_bash_operator.py for tasks to queue
[2022-11-16 17:00:01,843] {logging_mixin.py:109} INFO - [2022-11-16 17:00:01,842] {dagbag.py:496} INFO - Filling up the DagBag from /home/airflow/.local/lib/python3.6/site-packages/airflow/example_dags/example_bash_operator.py
[2022-11-16 17:00:01,860] {processor.py:623} INFO - DAG(s) dict_keys(['example_bash_operator']) retrieved from /home/airflow/.local/lib/python3.6/site-packages/airflow/example_dags/example_bash_operator.py
[2022-11-16 17:00:01,886] {logging_mixin.py:109} INFO - [2022-11-16 17:00:01,886] {dag.py:1833} INFO - Sync 1 DAGs
[2022-11-16 17:00:01,908] {logging_mixin.py:109} INFO - [2022-11-16 17:00:01,908] {dag.py:2306} INFO - Setting next_dagrun for example_bash_operator to 2022-11-14 00:00:00+00:00
[2022-11-16 17:00:01,923] {processor.py:170} INFO - Processing /home/airflow/.local/lib/python3.6/site-packages/airflow/example_dags/example_bash_operator.py took 0.088 seconds
[2022-11-16 17:00:32,225] {processor.py:162} INFO - Started process (PID=882) to work on /home/airflow/.local/lib/python3.6/site-packages/airflow/example_dags/example_bash_operator.py
[2022-11-16 17:00:32,231] {processor.py:613} INFO - Processing file /home/airflow/.local/lib/python3.6/site-packages/airflow/example_dags/example_bash_operator.py for tasks to queue
[2022-11-16 17:00:32,234] {logging_mixin.py:109} INFO - [2022-11-16 17:00:32,234] {dagbag.py:496} INFO - Filling up the DagBag from /home/airflow/.local/lib/python3.6/site-packages/airflow/example_dags/example_bash_operator.py
[2022-11-16 17:00:32,305] {processor.py:623} INFO - DAG(s) dict_keys(['example_bash_operator']) retrieved from /home/airflow/.local/lib/python3.6/site-packages/airflow/example_dags/example_bash_operator.py
[2022-11-16 17:00:32,364] {logging_mixin.py:109} INFO - [2022-11-16 17:00:32,364] {dag.py:1833} INFO - Sync 1 DAGs
[2022-11-16 17:00:32,403] {logging_mixin.py:109} INFO - [2022-11-16 17:00:32,403] {dag.py:2306} INFO - Setting next_dagrun for example_bash_operator to 2022-11-14 00:00:00+00:00
[2022-11-16 17:00:32,421] {processor.py:170} INFO - Processing /home/airflow/.local/lib/python3.6/site-packages/airflow/example_dags/example_bash_operator.py took 0.212 seconds
[2022-11-16 17:01:02,546] {processor.py:162} INFO - Started process (PID=943) to work on /home/airflow/.local/lib/python3.6/site-packages/airflow/example_dags/example_bash_operator.py
[2022-11-16 17:01:02,549] {processor.py:613} INFO - Processing file /home/airflow/.local/lib/python3.6/site-packages/airflow/example_dags/example_bash_operator.py for tasks to queue
[2022-11-16 17:01:02,551] {logging_mixin.py:109} INFO - [2022-11-16 17:01:02,550] {dagbag.py:496} INFO - Filling up the DagBag from /home/airflow/.local/lib/python3.6/site-packages/airflow/example_dags/example_bash_operator.py
[2022-11-16 17:01:02,601] {processor.py:623} INFO - DAG(s) dict_keys(['example_bash_operator']) retrieved from /home/airflow/.local/lib/python3.6/site-packages/airflow/example_dags/example_bash_operator.py
[2022-11-16 17:01:02,634] {logging_mixin.py:109} INFO - [2022-11-16 17:01:02,634] {dag.py:1833} INFO - Sync 1 DAGs
[2022-11-16 17:01:02,669] {logging_mixin.py:109} INFO - [2022-11-16 17:01:02,669] {dag.py:2306} INFO - Setting next_dagrun for example_bash_operator to 2022-11-14 00:00:00+00:00
[2022-11-16 17:01:02,686] {processor.py:170} INFO - Processing /home/airflow/.local/lib/python3.6/site-packages/airflow/example_dags/example_bash_operator.py took 0.147 seconds
[2022-11-16 17:01:33,225] {processor.py:162} INFO - Started process (PID=994) to work on /home/airflow/.local/lib/python3.6/site-packages/airflow/example_dags/example_bash_operator.py
[2022-11-16 17:01:33,228] {processor.py:613} INFO - Processing file /home/airflow/.local/lib/python3.6/site-packages/airflow/example_dags/example_bash_operator.py for tasks to queue
[2022-11-16 17:01:33,230] {logging_mixin.py:109} INFO - [2022-11-16 17:01:33,230] {dagbag.py:496} INFO - Filling up the DagBag from /home/airflow/.local/lib/python3.6/site-packages/airflow/example_dags/example_bash_operator.py
[2022-11-16 17:01:33,248] {processor.py:623} INFO - DAG(s) dict_keys(['example_bash_operator']) retrieved from /home/airflow/.local/lib/python3.6/site-packages/airflow/example_dags/example_bash_operator.py
[2022-11-16 17:01:33,315] {logging_mixin.py:109} INFO - [2022-11-16 17:01:33,315] {dag.py:1833} INFO - Sync 1 DAGs
[2022-11-16 17:01:33,374] {logging_mixin.py:109} INFO - [2022-11-16 17:01:33,373] {dag.py:2306} INFO - Setting next_dagrun for example_bash_operator to 2022-11-14 00:00:00+00:00
[2022-11-16 17:01:33,393] {processor.py:170} INFO - Processing /home/airflow/.local/lib/python3.6/site-packages/airflow/example_dags/example_bash_operator.py took 0.173 seconds
[2022-11-16 17:02:03,659] {processor.py:162} INFO - Started process (PID=1056) to work on /home/airflow/.local/lib/python3.6/site-packages/airflow/example_dags/example_bash_operator.py
[2022-11-16 17:02:03,660] {processor.py:613} INFO - Processing file /home/airflow/.local/lib/python3.6/site-packages/airflow/example_dags/example_bash_operator.py for tasks to queue
[2022-11-16 17:02:03,662] {logging_mixin.py:109} INFO - [2022-11-16 17:02:03,662] {dagbag.py:496} INFO - Filling up the DagBag from /home/airflow/.local/lib/python3.6/site-packages/airflow/example_dags/example_bash_operator.py
[2022-11-16 17:02:03,681] {processor.py:623} INFO - DAG(s) dict_keys(['example_bash_operator']) retrieved from /home/airflow/.local/lib/python3.6/site-packages/airflow/example_dags/example_bash_operator.py
[2022-11-16 17:02:03,708] {logging_mixin.py:109} INFO - [2022-11-16 17:02:03,708] {dag.py:1833} INFO - Sync 1 DAGs
[2022-11-16 17:02:03,732] {logging_mixin.py:109} INFO - [2022-11-16 17:02:03,732] {dag.py:2306} INFO - Setting next_dagrun for example_bash_operator to 2022-11-14 00:00:00+00:00
[2022-11-16 17:02:03,748] {processor.py:170} INFO - Processing /home/airflow/.local/lib/python3.6/site-packages/airflow/example_dags/example_bash_operator.py took 0.093 seconds
[2022-11-16 17:02:34,522] {processor.py:162} INFO - Started process (PID=1107) to work on /home/airflow/.local/lib/python3.6/site-packages/airflow/example_dags/example_bash_operator.py
[2022-11-16 17:02:34,526] {processor.py:613} INFO - Processing file /home/airflow/.local/lib/python3.6/site-packages/airflow/example_dags/example_bash_operator.py for tasks to queue
[2022-11-16 17:02:34,528] {logging_mixin.py:109} INFO - [2022-11-16 17:02:34,528] {dagbag.py:496} INFO - Filling up the DagBag from /home/airflow/.local/lib/python3.6/site-packages/airflow/example_dags/example_bash_operator.py
[2022-11-16 17:02:34,555] {processor.py:623} INFO - DAG(s) dict_keys(['example_bash_operator']) retrieved from /home/airflow/.local/lib/python3.6/site-packages/airflow/example_dags/example_bash_operator.py
[2022-11-16 17:02:34,593] {logging_mixin.py:109} INFO - [2022-11-16 17:02:34,593] {dag.py:1833} INFO - Sync 1 DAGs
[2022-11-16 17:02:34,634] {logging_mixin.py:109} INFO - [2022-11-16 17:02:34,634] {dag.py:2306} INFO - Setting next_dagrun for example_bash_operator to 2022-11-14 00:00:00+00:00
[2022-11-16 17:02:34,660] {processor.py:170} INFO - Processing /home/airflow/.local/lib/python3.6/site-packages/airflow/example_dags/example_bash_operator.py took 0.148 seconds
[2022-11-16 17:03:04,889] {processor.py:162} INFO - Started process (PID=1159) to work on /home/airflow/.local/lib/python3.6/site-packages/airflow/example_dags/example_bash_operator.py
[2022-11-16 17:03:04,893] {processor.py:613} INFO - Processing file /home/airflow/.local/lib/python3.6/site-packages/airflow/example_dags/example_bash_operator.py for tasks to queue
[2022-11-16 17:03:04,897] {logging_mixin.py:109} INFO - [2022-11-16 17:03:04,896] {dagbag.py:496} INFO - Filling up the DagBag from /home/airflow/.local/lib/python3.6/site-packages/airflow/example_dags/example_bash_operator.py
[2022-11-16 17:03:04,937] {processor.py:623} INFO - DAG(s) dict_keys(['example_bash_operator']) retrieved from /home/airflow/.local/lib/python3.6/site-packages/airflow/example_dags/example_bash_operator.py
[2022-11-16 17:03:04,980] {logging_mixin.py:109} INFO - [2022-11-16 17:03:04,980] {dag.py:1833} INFO - Sync 1 DAGs
[2022-11-16 17:03:05,012] {logging_mixin.py:109} INFO - [2022-11-16 17:03:05,011] {dag.py:2306} INFO - Setting next_dagrun for example_bash_operator to 2022-11-14 00:00:00+00:00
[2022-11-16 17:03:05,029] {processor.py:170} INFO - Processing /home/airflow/.local/lib/python3.6/site-packages/airflow/example_dags/example_bash_operator.py took 0.151 seconds
[2022-11-16 17:04:54,361] {processor.py:162} INFO - Started process (PID=63) to work on /home/airflow/.local/lib/python3.6/site-packages/airflow/example_dags/example_bash_operator.py
[2022-11-16 17:04:54,368] {processor.py:613} INFO - Processing file /home/airflow/.local/lib/python3.6/site-packages/airflow/example_dags/example_bash_operator.py for tasks to queue
[2022-11-16 17:04:54,372] {logging_mixin.py:109} INFO - [2022-11-16 17:04:54,372] {dagbag.py:496} INFO - Filling up the DagBag from /home/airflow/.local/lib/python3.6/site-packages/airflow/example_dags/example_bash_operator.py
[2022-11-16 17:04:54,408] {processor.py:623} INFO - DAG(s) dict_keys(['example_bash_operator']) retrieved from /home/airflow/.local/lib/python3.6/site-packages/airflow/example_dags/example_bash_operator.py
[2022-11-16 17:04:54,456] {logging_mixin.py:109} INFO - [2022-11-16 17:04:54,456] {dag.py:1833} INFO - Sync 1 DAGs
[2022-11-16 17:04:54,498] {logging_mixin.py:109} INFO - [2022-11-16 17:04:54,498] {dag.py:2306} INFO - Setting next_dagrun for example_bash_operator to 2022-11-14 00:00:00+00:00
[2022-11-16 17:04:54,527] {processor.py:170} INFO - Processing /home/airflow/.local/lib/python3.6/site-packages/airflow/example_dags/example_bash_operator.py took 0.181 seconds
[2022-11-16 17:05:25,488] {processor.py:162} INFO - Started process (PID=115) to work on /home/airflow/.local/lib/python3.6/site-packages/airflow/example_dags/example_bash_operator.py
[2022-11-16 17:05:25,492] {processor.py:613} INFO - Processing file /home/airflow/.local/lib/python3.6/site-packages/airflow/example_dags/example_bash_operator.py for tasks to queue
[2022-11-16 17:05:25,493] {logging_mixin.py:109} INFO - [2022-11-16 17:05:25,493] {dagbag.py:496} INFO - Filling up the DagBag from /home/airflow/.local/lib/python3.6/site-packages/airflow/example_dags/example_bash_operator.py
[2022-11-16 17:05:25,511] {processor.py:623} INFO - DAG(s) dict_keys(['example_bash_operator']) retrieved from /home/airflow/.local/lib/python3.6/site-packages/airflow/example_dags/example_bash_operator.py
[2022-11-16 17:05:25,549] {logging_mixin.py:109} INFO - [2022-11-16 17:05:25,549] {dag.py:1833} INFO - Sync 1 DAGs
[2022-11-16 17:05:25,572] {logging_mixin.py:109} INFO - [2022-11-16 17:05:25,572] {dag.py:2306} INFO - Setting next_dagrun for example_bash_operator to 2022-11-14 00:00:00+00:00
[2022-11-16 17:05:25,586] {processor.py:170} INFO - Processing /home/airflow/.local/lib/python3.6/site-packages/airflow/example_dags/example_bash_operator.py took 0.101 seconds
[2022-11-16 17:05:56,303] {processor.py:162} INFO - Started process (PID=167) to work on /home/airflow/.local/lib/python3.6/site-packages/airflow/example_dags/example_bash_operator.py
[2022-11-16 17:05:56,306] {processor.py:613} INFO - Processing file /home/airflow/.local/lib/python3.6/site-packages/airflow/example_dags/example_bash_operator.py for tasks to queue
[2022-11-16 17:05:56,307] {logging_mixin.py:109} INFO - [2022-11-16 17:05:56,307] {dagbag.py:496} INFO - Filling up the DagBag from /home/airflow/.local/lib/python3.6/site-packages/airflow/example_dags/example_bash_operator.py
[2022-11-16 17:05:56,336] {processor.py:623} INFO - DAG(s) dict_keys(['example_bash_operator']) retrieved from /home/airflow/.local/lib/python3.6/site-packages/airflow/example_dags/example_bash_operator.py
[2022-11-16 17:05:56,373] {logging_mixin.py:109} INFO - [2022-11-16 17:05:56,372] {dag.py:1833} INFO - Sync 1 DAGs
[2022-11-16 17:05:56,415] {logging_mixin.py:109} INFO - [2022-11-16 17:05:56,415] {dag.py:2306} INFO - Setting next_dagrun for example_bash_operator to 2022-11-14 00:00:00+00:00
[2022-11-16 17:05:56,432] {processor.py:170} INFO - Processing /home/airflow/.local/lib/python3.6/site-packages/airflow/example_dags/example_bash_operator.py took 0.133 seconds
