[2022-11-16 16:54:49,554] {processor.py:162} INFO - Started process (PID=89) to work on /home/airflow/.local/lib/python3.6/site-packages/airflow/example_dags/example_branch_labels.py
[2022-11-16 16:54:49,558] {processor.py:613} INFO - Processing file /home/airflow/.local/lib/python3.6/site-packages/airflow/example_dags/example_branch_labels.py for tasks to queue
[2022-11-16 16:54:49,563] {logging_mixin.py:109} INFO - [2022-11-16 16:54:49,563] {dagbag.py:496} INFO - Filling up the DagBag from /home/airflow/.local/lib/python3.6/site-packages/airflow/example_dags/example_branch_labels.py
[2022-11-16 16:54:49,639] {processor.py:623} INFO - DAG(s) dict_keys(['example_branch_labels']) retrieved from /home/airflow/.local/lib/python3.6/site-packages/airflow/example_dags/example_branch_labels.py
[2022-11-16 16:54:56,485] {logging_mixin.py:109} INFO - [2022-11-16 16:54:56,483] {dag.py:1833} INFO - Sync 1 DAGs
[2022-11-16 16:54:56,508] {logging_mixin.py:109} INFO - [2022-11-16 16:54:56,505] {dag.py:1852} INFO - Creating ORM DAG for example_branch_labels
[2022-11-16 16:54:56,525] {logging_mixin.py:109} INFO - [2022-11-16 16:54:56,525] {dag.py:2306} INFO - Setting next_dagrun for example_branch_labels to 2022-11-14 00:00:00+00:00
[2022-11-16 16:54:56,593] {processor.py:170} INFO - Processing /home/airflow/.local/lib/python3.6/site-packages/airflow/example_dags/example_branch_labels.py took 7.047 seconds
[2022-11-16 16:55:40,734] {processor.py:162} INFO - Started process (PID=366) to work on /home/airflow/.local/lib/python3.6/site-packages/airflow/example_dags/example_branch_labels.py
[2022-11-16 16:55:40,736] {processor.py:613} INFO - Processing file /home/airflow/.local/lib/python3.6/site-packages/airflow/example_dags/example_branch_labels.py for tasks to queue
[2022-11-16 16:55:40,737] {logging_mixin.py:109} INFO - [2022-11-16 16:55:40,737] {dagbag.py:496} INFO - Filling up the DagBag from /home/airflow/.local/lib/python3.6/site-packages/airflow/example_dags/example_branch_labels.py
[2022-11-16 16:55:40,755] {processor.py:623} INFO - DAG(s) dict_keys(['example_branch_labels']) retrieved from /home/airflow/.local/lib/python3.6/site-packages/airflow/example_dags/example_branch_labels.py
[2022-11-16 16:55:40,781] {logging_mixin.py:109} INFO - [2022-11-16 16:55:40,781] {dag.py:1833} INFO - Sync 1 DAGs
[2022-11-16 16:55:40,804] {logging_mixin.py:109} INFO - [2022-11-16 16:55:40,804] {dag.py:2306} INFO - Setting next_dagrun for example_branch_labels to 2022-11-14 00:00:00+00:00
[2022-11-16 16:55:40,817] {processor.py:170} INFO - Processing /home/airflow/.local/lib/python3.6/site-packages/airflow/example_dags/example_branch_labels.py took 0.089 seconds
[2022-11-16 16:56:11,184] {processor.py:162} INFO - Started process (PID=415) to work on /home/airflow/.local/lib/python3.6/site-packages/airflow/example_dags/example_branch_labels.py
[2022-11-16 16:56:11,186] {processor.py:613} INFO - Processing file /home/airflow/.local/lib/python3.6/site-packages/airflow/example_dags/example_branch_labels.py for tasks to queue
[2022-11-16 16:56:11,187] {logging_mixin.py:109} INFO - [2022-11-16 16:56:11,187] {dagbag.py:496} INFO - Filling up the DagBag from /home/airflow/.local/lib/python3.6/site-packages/airflow/example_dags/example_branch_labels.py
[2022-11-16 16:56:11,206] {processor.py:623} INFO - DAG(s) dict_keys(['example_branch_labels']) retrieved from /home/airflow/.local/lib/python3.6/site-packages/airflow/example_dags/example_branch_labels.py
[2022-11-16 16:56:11,233] {logging_mixin.py:109} INFO - [2022-11-16 16:56:11,233] {dag.py:1833} INFO - Sync 1 DAGs
[2022-11-16 16:56:11,254] {logging_mixin.py:109} INFO - [2022-11-16 16:56:11,253] {dag.py:2306} INFO - Setting next_dagrun for example_branch_labels to 2022-11-14 00:00:00+00:00
[2022-11-16 16:56:11,265] {processor.py:170} INFO - Processing /home/airflow/.local/lib/python3.6/site-packages/airflow/example_dags/example_branch_labels.py took 0.085 seconds
[2022-11-16 16:56:42,198] {processor.py:162} INFO - Started process (PID=466) to work on /home/airflow/.local/lib/python3.6/site-packages/airflow/example_dags/example_branch_labels.py
[2022-11-16 16:56:42,201] {processor.py:613} INFO - Processing file /home/airflow/.local/lib/python3.6/site-packages/airflow/example_dags/example_branch_labels.py for tasks to queue
[2022-11-16 16:56:42,203] {logging_mixin.py:109} INFO - [2022-11-16 16:56:42,203] {dagbag.py:496} INFO - Filling up the DagBag from /home/airflow/.local/lib/python3.6/site-packages/airflow/example_dags/example_branch_labels.py
[2022-11-16 16:56:42,224] {processor.py:623} INFO - DAG(s) dict_keys(['example_branch_labels']) retrieved from /home/airflow/.local/lib/python3.6/site-packages/airflow/example_dags/example_branch_labels.py
[2022-11-16 16:56:42,265] {logging_mixin.py:109} INFO - [2022-11-16 16:56:42,265] {dag.py:1833} INFO - Sync 1 DAGs
[2022-11-16 16:56:42,309] {logging_mixin.py:109} INFO - [2022-11-16 16:56:42,308] {dag.py:2306} INFO - Setting next_dagrun for example_branch_labels to 2022-11-14 00:00:00+00:00
[2022-11-16 16:56:42,330] {processor.py:170} INFO - Processing /home/airflow/.local/lib/python3.6/site-packages/airflow/example_dags/example_branch_labels.py took 0.139 seconds
[2022-11-16 16:57:12,471] {processor.py:162} INFO - Started process (PID=527) to work on /home/airflow/.local/lib/python3.6/site-packages/airflow/example_dags/example_branch_labels.py
[2022-11-16 16:57:12,473] {processor.py:613} INFO - Processing file /home/airflow/.local/lib/python3.6/site-packages/airflow/example_dags/example_branch_labels.py for tasks to queue
[2022-11-16 16:57:12,474] {logging_mixin.py:109} INFO - [2022-11-16 16:57:12,474] {dagbag.py:496} INFO - Filling up the DagBag from /home/airflow/.local/lib/python3.6/site-packages/airflow/example_dags/example_branch_labels.py
[2022-11-16 16:57:12,492] {processor.py:623} INFO - DAG(s) dict_keys(['example_branch_labels']) retrieved from /home/airflow/.local/lib/python3.6/site-packages/airflow/example_dags/example_branch_labels.py
[2022-11-16 16:57:12,532] {logging_mixin.py:109} INFO - [2022-11-16 16:57:12,531] {dag.py:1833} INFO - Sync 1 DAGs
[2022-11-16 16:57:12,554] {logging_mixin.py:109} INFO - [2022-11-16 16:57:12,554] {dag.py:2306} INFO - Setting next_dagrun for example_branch_labels to 2022-11-14 00:00:00+00:00
[2022-11-16 16:57:12,567] {processor.py:170} INFO - Processing /home/airflow/.local/lib/python3.6/site-packages/airflow/example_dags/example_branch_labels.py took 0.100 seconds
[2022-11-16 16:57:43,195] {processor.py:162} INFO - Started process (PID=578) to work on /home/airflow/.local/lib/python3.6/site-packages/airflow/example_dags/example_branch_labels.py
[2022-11-16 16:57:43,196] {processor.py:613} INFO - Processing file /home/airflow/.local/lib/python3.6/site-packages/airflow/example_dags/example_branch_labels.py for tasks to queue
[2022-11-16 16:57:43,198] {logging_mixin.py:109} INFO - [2022-11-16 16:57:43,198] {dagbag.py:496} INFO - Filling up the DagBag from /home/airflow/.local/lib/python3.6/site-packages/airflow/example_dags/example_branch_labels.py
[2022-11-16 16:57:43,218] {processor.py:623} INFO - DAG(s) dict_keys(['example_branch_labels']) retrieved from /home/airflow/.local/lib/python3.6/site-packages/airflow/example_dags/example_branch_labels.py
[2022-11-16 16:57:43,251] {logging_mixin.py:109} INFO - [2022-11-16 16:57:43,251] {dag.py:1833} INFO - Sync 1 DAGs
[2022-11-16 16:57:43,283] {logging_mixin.py:109} INFO - [2022-11-16 16:57:43,282] {dag.py:2306} INFO - Setting next_dagrun for example_branch_labels to 2022-11-14 00:00:00+00:00
[2022-11-16 16:57:43,294] {processor.py:170} INFO - Processing /home/airflow/.local/lib/python3.6/site-packages/airflow/example_dags/example_branch_labels.py took 0.103 seconds
[2022-11-16 16:58:13,607] {processor.py:162} INFO - Started process (PID=639) to work on /home/airflow/.local/lib/python3.6/site-packages/airflow/example_dags/example_branch_labels.py
[2022-11-16 16:58:13,609] {processor.py:613} INFO - Processing file /home/airflow/.local/lib/python3.6/site-packages/airflow/example_dags/example_branch_labels.py for tasks to queue
[2022-11-16 16:58:13,610] {logging_mixin.py:109} INFO - [2022-11-16 16:58:13,610] {dagbag.py:496} INFO - Filling up the DagBag from /home/airflow/.local/lib/python3.6/site-packages/airflow/example_dags/example_branch_labels.py
[2022-11-16 16:58:13,631] {processor.py:623} INFO - DAG(s) dict_keys(['example_branch_labels']) retrieved from /home/airflow/.local/lib/python3.6/site-packages/airflow/example_dags/example_branch_labels.py
[2022-11-16 16:58:13,659] {logging_mixin.py:109} INFO - [2022-11-16 16:58:13,659] {dag.py:1833} INFO - Sync 1 DAGs
[2022-11-16 16:58:13,689] {logging_mixin.py:109} INFO - [2022-11-16 16:58:13,689] {dag.py:2306} INFO - Setting next_dagrun for example_branch_labels to 2022-11-14 00:00:00+00:00
[2022-11-16 16:58:13,703] {processor.py:170} INFO - Processing /home/airflow/.local/lib/python3.6/site-packages/airflow/example_dags/example_branch_labels.py took 0.100 seconds
[2022-11-16 16:58:44,274] {processor.py:162} INFO - Started process (PID=690) to work on /home/airflow/.local/lib/python3.6/site-packages/airflow/example_dags/example_branch_labels.py
[2022-11-16 16:58:44,276] {processor.py:613} INFO - Processing file /home/airflow/.local/lib/python3.6/site-packages/airflow/example_dags/example_branch_labels.py for tasks to queue
[2022-11-16 16:58:44,277] {logging_mixin.py:109} INFO - [2022-11-16 16:58:44,277] {dagbag.py:496} INFO - Filling up the DagBag from /home/airflow/.local/lib/python3.6/site-packages/airflow/example_dags/example_branch_labels.py
[2022-11-16 16:58:44,290] {processor.py:623} INFO - DAG(s) dict_keys(['example_branch_labels']) retrieved from /home/airflow/.local/lib/python3.6/site-packages/airflow/example_dags/example_branch_labels.py
[2022-11-16 16:58:44,313] {logging_mixin.py:109} INFO - [2022-11-16 16:58:44,313] {dag.py:1833} INFO - Sync 1 DAGs
[2022-11-16 16:58:44,338] {logging_mixin.py:109} INFO - [2022-11-16 16:58:44,338] {dag.py:2306} INFO - Setting next_dagrun for example_branch_labels to 2022-11-14 00:00:00+00:00
[2022-11-16 16:58:44,349] {processor.py:170} INFO - Processing /home/airflow/.local/lib/python3.6/site-packages/airflow/example_dags/example_branch_labels.py took 0.078 seconds
[2022-11-16 16:59:14,654] {processor.py:162} INFO - Started process (PID=741) to work on /home/airflow/.local/lib/python3.6/site-packages/airflow/example_dags/example_branch_labels.py
[2022-11-16 16:59:14,656] {processor.py:613} INFO - Processing file /home/airflow/.local/lib/python3.6/site-packages/airflow/example_dags/example_branch_labels.py for tasks to queue
[2022-11-16 16:59:14,657] {logging_mixin.py:109} INFO - [2022-11-16 16:59:14,657] {dagbag.py:496} INFO - Filling up the DagBag from /home/airflow/.local/lib/python3.6/site-packages/airflow/example_dags/example_branch_labels.py
[2022-11-16 16:59:14,673] {processor.py:623} INFO - DAG(s) dict_keys(['example_branch_labels']) retrieved from /home/airflow/.local/lib/python3.6/site-packages/airflow/example_dags/example_branch_labels.py
[2022-11-16 16:59:14,700] {logging_mixin.py:109} INFO - [2022-11-16 16:59:14,700] {dag.py:1833} INFO - Sync 1 DAGs
[2022-11-16 16:59:14,723] {logging_mixin.py:109} INFO - [2022-11-16 16:59:14,723] {dag.py:2306} INFO - Setting next_dagrun for example_branch_labels to 2022-11-14 00:00:00+00:00
[2022-11-16 16:59:14,734] {processor.py:170} INFO - Processing /home/airflow/.local/lib/python3.6/site-packages/airflow/example_dags/example_branch_labels.py took 0.084 seconds
[2022-11-16 16:59:45,215] {processor.py:162} INFO - Started process (PID=802) to work on /home/airflow/.local/lib/python3.6/site-packages/airflow/example_dags/example_branch_labels.py
[2022-11-16 16:59:45,220] {processor.py:613} INFO - Processing file /home/airflow/.local/lib/python3.6/site-packages/airflow/example_dags/example_branch_labels.py for tasks to queue
[2022-11-16 16:59:45,223] {logging_mixin.py:109} INFO - [2022-11-16 16:59:45,222] {dagbag.py:496} INFO - Filling up the DagBag from /home/airflow/.local/lib/python3.6/site-packages/airflow/example_dags/example_branch_labels.py
[2022-11-16 16:59:45,269] {processor.py:623} INFO - DAG(s) dict_keys(['example_branch_labels']) retrieved from /home/airflow/.local/lib/python3.6/site-packages/airflow/example_dags/example_branch_labels.py
[2022-11-16 16:59:45,318] {logging_mixin.py:109} INFO - [2022-11-16 16:59:45,317] {dag.py:1833} INFO - Sync 1 DAGs
[2022-11-16 16:59:45,345] {logging_mixin.py:109} INFO - [2022-11-16 16:59:45,345] {dag.py:2306} INFO - Setting next_dagrun for example_branch_labels to 2022-11-14 00:00:00+00:00
[2022-11-16 16:59:45,357] {processor.py:170} INFO - Processing /home/airflow/.local/lib/python3.6/site-packages/airflow/example_dags/example_branch_labels.py took 0.153 seconds
[2022-11-16 17:00:15,610] {processor.py:162} INFO - Started process (PID=853) to work on /home/airflow/.local/lib/python3.6/site-packages/airflow/example_dags/example_branch_labels.py
[2022-11-16 17:00:15,611] {processor.py:613} INFO - Processing file /home/airflow/.local/lib/python3.6/site-packages/airflow/example_dags/example_branch_labels.py for tasks to queue
[2022-11-16 17:00:15,613] {logging_mixin.py:109} INFO - [2022-11-16 17:00:15,612] {dagbag.py:496} INFO - Filling up the DagBag from /home/airflow/.local/lib/python3.6/site-packages/airflow/example_dags/example_branch_labels.py
[2022-11-16 17:00:15,636] {processor.py:623} INFO - DAG(s) dict_keys(['example_branch_labels']) retrieved from /home/airflow/.local/lib/python3.6/site-packages/airflow/example_dags/example_branch_labels.py
[2022-11-16 17:00:15,664] {logging_mixin.py:109} INFO - [2022-11-16 17:00:15,663] {dag.py:1833} INFO - Sync 1 DAGs
[2022-11-16 17:00:15,691] {logging_mixin.py:109} INFO - [2022-11-16 17:00:15,690] {dag.py:2306} INFO - Setting next_dagrun for example_branch_labels to 2022-11-14 00:00:00+00:00
[2022-11-16 17:00:15,712] {processor.py:170} INFO - Processing /home/airflow/.local/lib/python3.6/site-packages/airflow/example_dags/example_branch_labels.py took 0.106 seconds
[2022-11-16 17:00:45,804] {processor.py:162} INFO - Started process (PID=911) to work on /home/airflow/.local/lib/python3.6/site-packages/airflow/example_dags/example_branch_labels.py
[2022-11-16 17:00:45,806] {processor.py:613} INFO - Processing file /home/airflow/.local/lib/python3.6/site-packages/airflow/example_dags/example_branch_labels.py for tasks to queue
[2022-11-16 17:00:45,807] {logging_mixin.py:109} INFO - [2022-11-16 17:00:45,807] {dagbag.py:496} INFO - Filling up the DagBag from /home/airflow/.local/lib/python3.6/site-packages/airflow/example_dags/example_branch_labels.py
[2022-11-16 17:00:45,824] {processor.py:623} INFO - DAG(s) dict_keys(['example_branch_labels']) retrieved from /home/airflow/.local/lib/python3.6/site-packages/airflow/example_dags/example_branch_labels.py
[2022-11-16 17:00:45,852] {logging_mixin.py:109} INFO - [2022-11-16 17:00:45,851] {dag.py:1833} INFO - Sync 1 DAGs
[2022-11-16 17:00:45,874] {logging_mixin.py:109} INFO - [2022-11-16 17:00:45,874] {dag.py:2306} INFO - Setting next_dagrun for example_branch_labels to 2022-11-14 00:00:00+00:00
[2022-11-16 17:00:45,891] {processor.py:170} INFO - Processing /home/airflow/.local/lib/python3.6/site-packages/airflow/example_dags/example_branch_labels.py took 0.092 seconds
[2022-11-16 17:01:16,359] {processor.py:162} INFO - Started process (PID=965) to work on /home/airflow/.local/lib/python3.6/site-packages/airflow/example_dags/example_branch_labels.py
[2022-11-16 17:01:16,362] {processor.py:613} INFO - Processing file /home/airflow/.local/lib/python3.6/site-packages/airflow/example_dags/example_branch_labels.py for tasks to queue
[2022-11-16 17:01:16,364] {logging_mixin.py:109} INFO - [2022-11-16 17:01:16,363] {dagbag.py:496} INFO - Filling up the DagBag from /home/airflow/.local/lib/python3.6/site-packages/airflow/example_dags/example_branch_labels.py
[2022-11-16 17:01:16,380] {processor.py:623} INFO - DAG(s) dict_keys(['example_branch_labels']) retrieved from /home/airflow/.local/lib/python3.6/site-packages/airflow/example_dags/example_branch_labels.py
[2022-11-16 17:01:16,406] {logging_mixin.py:109} INFO - [2022-11-16 17:01:16,405] {dag.py:1833} INFO - Sync 1 DAGs
[2022-11-16 17:01:16,428] {logging_mixin.py:109} INFO - [2022-11-16 17:01:16,428] {dag.py:2306} INFO - Setting next_dagrun for example_branch_labels to 2022-11-14 00:00:00+00:00
[2022-11-16 17:01:16,440] {processor.py:170} INFO - Processing /home/airflow/.local/lib/python3.6/site-packages/airflow/example_dags/example_branch_labels.py took 0.085 seconds
[2022-11-16 17:01:46,595] {processor.py:162} INFO - Started process (PID=1017) to work on /home/airflow/.local/lib/python3.6/site-packages/airflow/example_dags/example_branch_labels.py
[2022-11-16 17:01:46,597] {processor.py:613} INFO - Processing file /home/airflow/.local/lib/python3.6/site-packages/airflow/example_dags/example_branch_labels.py for tasks to queue
[2022-11-16 17:01:46,599] {logging_mixin.py:109} INFO - [2022-11-16 17:01:46,598] {dagbag.py:496} INFO - Filling up the DagBag from /home/airflow/.local/lib/python3.6/site-packages/airflow/example_dags/example_branch_labels.py
[2022-11-16 17:01:46,622] {processor.py:623} INFO - DAG(s) dict_keys(['example_branch_labels']) retrieved from /home/airflow/.local/lib/python3.6/site-packages/airflow/example_dags/example_branch_labels.py
[2022-11-16 17:01:46,663] {logging_mixin.py:109} INFO - [2022-11-16 17:01:46,663] {dag.py:1833} INFO - Sync 1 DAGs
[2022-11-16 17:01:46,694] {logging_mixin.py:109} INFO - [2022-11-16 17:01:46,694] {dag.py:2306} INFO - Setting next_dagrun for example_branch_labels to 2022-11-14 00:00:00+00:00
[2022-11-16 17:01:46,714] {processor.py:170} INFO - Processing /home/airflow/.local/lib/python3.6/site-packages/airflow/example_dags/example_branch_labels.py took 0.124 seconds
[2022-11-16 17:02:17,188] {processor.py:162} INFO - Started process (PID=1078) to work on /home/airflow/.local/lib/python3.6/site-packages/airflow/example_dags/example_branch_labels.py
[2022-11-16 17:02:17,190] {processor.py:613} INFO - Processing file /home/airflow/.local/lib/python3.6/site-packages/airflow/example_dags/example_branch_labels.py for tasks to queue
[2022-11-16 17:02:17,191] {logging_mixin.py:109} INFO - [2022-11-16 17:02:17,191] {dagbag.py:496} INFO - Filling up the DagBag from /home/airflow/.local/lib/python3.6/site-packages/airflow/example_dags/example_branch_labels.py
[2022-11-16 17:02:17,205] {processor.py:623} INFO - DAG(s) dict_keys(['example_branch_labels']) retrieved from /home/airflow/.local/lib/python3.6/site-packages/airflow/example_dags/example_branch_labels.py
[2022-11-16 17:02:17,229] {logging_mixin.py:109} INFO - [2022-11-16 17:02:17,229] {dag.py:1833} INFO - Sync 1 DAGs
[2022-11-16 17:02:17,249] {logging_mixin.py:109} INFO - [2022-11-16 17:02:17,249] {dag.py:2306} INFO - Setting next_dagrun for example_branch_labels to 2022-11-14 00:00:00+00:00
[2022-11-16 17:02:17,261] {processor.py:170} INFO - Processing /home/airflow/.local/lib/python3.6/site-packages/airflow/example_dags/example_branch_labels.py took 0.076 seconds
[2022-11-16 17:02:47,626] {processor.py:162} INFO - Started process (PID=1128) to work on /home/airflow/.local/lib/python3.6/site-packages/airflow/example_dags/example_branch_labels.py
[2022-11-16 17:02:47,627] {processor.py:613} INFO - Processing file /home/airflow/.local/lib/python3.6/site-packages/airflow/example_dags/example_branch_labels.py for tasks to queue
[2022-11-16 17:02:47,629] {logging_mixin.py:109} INFO - [2022-11-16 17:02:47,629] {dagbag.py:496} INFO - Filling up the DagBag from /home/airflow/.local/lib/python3.6/site-packages/airflow/example_dags/example_branch_labels.py
[2022-11-16 17:02:47,642] {processor.py:623} INFO - DAG(s) dict_keys(['example_branch_labels']) retrieved from /home/airflow/.local/lib/python3.6/site-packages/airflow/example_dags/example_branch_labels.py
[2022-11-16 17:02:47,667] {logging_mixin.py:109} INFO - [2022-11-16 17:02:47,666] {dag.py:1833} INFO - Sync 1 DAGs
[2022-11-16 17:02:47,687] {logging_mixin.py:109} INFO - [2022-11-16 17:02:47,687] {dag.py:2306} INFO - Setting next_dagrun for example_branch_labels to 2022-11-14 00:00:00+00:00
[2022-11-16 17:02:47,698] {processor.py:170} INFO - Processing /home/airflow/.local/lib/python3.6/site-packages/airflow/example_dags/example_branch_labels.py took 0.076 seconds
[2022-11-16 17:03:18,134] {processor.py:162} INFO - Started process (PID=1180) to work on /home/airflow/.local/lib/python3.6/site-packages/airflow/example_dags/example_branch_labels.py
[2022-11-16 17:03:18,136] {processor.py:613} INFO - Processing file /home/airflow/.local/lib/python3.6/site-packages/airflow/example_dags/example_branch_labels.py for tasks to queue
[2022-11-16 17:03:18,137] {logging_mixin.py:109} INFO - [2022-11-16 17:03:18,137] {dagbag.py:496} INFO - Filling up the DagBag from /home/airflow/.local/lib/python3.6/site-packages/airflow/example_dags/example_branch_labels.py
[2022-11-16 17:03:18,151] {processor.py:623} INFO - DAG(s) dict_keys(['example_branch_labels']) retrieved from /home/airflow/.local/lib/python3.6/site-packages/airflow/example_dags/example_branch_labels.py
[2022-11-16 17:03:18,175] {logging_mixin.py:109} INFO - [2022-11-16 17:03:18,175] {dag.py:1833} INFO - Sync 1 DAGs
[2022-11-16 17:03:18,196] {logging_mixin.py:109} INFO - [2022-11-16 17:03:18,196] {dag.py:2306} INFO - Setting next_dagrun for example_branch_labels to 2022-11-14 00:00:00+00:00
[2022-11-16 17:03:18,207] {processor.py:170} INFO - Processing /home/airflow/.local/lib/python3.6/site-packages/airflow/example_dags/example_branch_labels.py took 0.076 seconds
[2022-11-16 17:04:52,137] {processor.py:162} INFO - Started process (PID=47) to work on /home/airflow/.local/lib/python3.6/site-packages/airflow/example_dags/example_branch_labels.py
[2022-11-16 17:04:52,139] {processor.py:613} INFO - Processing file /home/airflow/.local/lib/python3.6/site-packages/airflow/example_dags/example_branch_labels.py for tasks to queue
[2022-11-16 17:04:52,140] {logging_mixin.py:109} INFO - [2022-11-16 17:04:52,140] {dagbag.py:496} INFO - Filling up the DagBag from /home/airflow/.local/lib/python3.6/site-packages/airflow/example_dags/example_branch_labels.py
[2022-11-16 17:04:52,161] {processor.py:623} INFO - DAG(s) dict_keys(['example_branch_labels']) retrieved from /home/airflow/.local/lib/python3.6/site-packages/airflow/example_dags/example_branch_labels.py
[2022-11-16 17:04:52,204] {logging_mixin.py:109} INFO - [2022-11-16 17:04:52,204] {dag.py:1833} INFO - Sync 1 DAGs
[2022-11-16 17:04:52,242] {logging_mixin.py:109} INFO - [2022-11-16 17:04:52,242] {dag.py:2306} INFO - Setting next_dagrun for example_branch_labels to 2022-11-14 00:00:00+00:00
[2022-11-16 17:04:52,278] {processor.py:170} INFO - Processing /home/airflow/.local/lib/python3.6/site-packages/airflow/example_dags/example_branch_labels.py took 0.147 seconds
[2022-11-16 17:05:23,588] {processor.py:162} INFO - Started process (PID=99) to work on /home/airflow/.local/lib/python3.6/site-packages/airflow/example_dags/example_branch_labels.py
[2022-11-16 17:05:23,590] {processor.py:613} INFO - Processing file /home/airflow/.local/lib/python3.6/site-packages/airflow/example_dags/example_branch_labels.py for tasks to queue
[2022-11-16 17:05:23,592] {logging_mixin.py:109} INFO - [2022-11-16 17:05:23,592] {dagbag.py:496} INFO - Filling up the DagBag from /home/airflow/.local/lib/python3.6/site-packages/airflow/example_dags/example_branch_labels.py
[2022-11-16 17:05:23,613] {processor.py:623} INFO - DAG(s) dict_keys(['example_branch_labels']) retrieved from /home/airflow/.local/lib/python3.6/site-packages/airflow/example_dags/example_branch_labels.py
[2022-11-16 17:05:23,644] {logging_mixin.py:109} INFO - [2022-11-16 17:05:23,644] {dag.py:1833} INFO - Sync 1 DAGs
[2022-11-16 17:05:23,672] {logging_mixin.py:109} INFO - [2022-11-16 17:05:23,671] {dag.py:2306} INFO - Setting next_dagrun for example_branch_labels to 2022-11-14 00:00:00+00:00
[2022-11-16 17:05:23,693] {processor.py:170} INFO - Processing /home/airflow/.local/lib/python3.6/site-packages/airflow/example_dags/example_branch_labels.py took 0.110 seconds
[2022-11-16 17:05:54,131] {processor.py:162} INFO - Started process (PID=151) to work on /home/airflow/.local/lib/python3.6/site-packages/airflow/example_dags/example_branch_labels.py
[2022-11-16 17:05:54,134] {processor.py:613} INFO - Processing file /home/airflow/.local/lib/python3.6/site-packages/airflow/example_dags/example_branch_labels.py for tasks to queue
[2022-11-16 17:05:54,135] {logging_mixin.py:109} INFO - [2022-11-16 17:05:54,135] {dagbag.py:496} INFO - Filling up the DagBag from /home/airflow/.local/lib/python3.6/site-packages/airflow/example_dags/example_branch_labels.py
[2022-11-16 17:05:54,153] {processor.py:623} INFO - DAG(s) dict_keys(['example_branch_labels']) retrieved from /home/airflow/.local/lib/python3.6/site-packages/airflow/example_dags/example_branch_labels.py
[2022-11-16 17:05:54,186] {logging_mixin.py:109} INFO - [2022-11-16 17:05:54,186] {dag.py:1833} INFO - Sync 1 DAGs
[2022-11-16 17:05:54,225] {logging_mixin.py:109} INFO - [2022-11-16 17:05:54,225] {dag.py:2306} INFO - Setting next_dagrun for example_branch_labels to 2022-11-14 00:00:00+00:00
[2022-11-16 17:05:54,241] {processor.py:170} INFO - Processing /home/airflow/.local/lib/python3.6/site-packages/airflow/example_dags/example_branch_labels.py took 0.115 seconds
