[2022-11-16 16:54:57,122] {processor.py:162} INFO - Started process (PID=117) to work on /home/airflow/.local/lib/python3.6/site-packages/airflow/example_dags/example_complex.py
[2022-11-16 16:54:57,125] {processor.py:613} INFO - Processing file /home/airflow/.local/lib/python3.6/site-packages/airflow/example_dags/example_complex.py for tasks to queue
[2022-11-16 16:54:57,127] {logging_mixin.py:109} INFO - [2022-11-16 16:54:57,126] {dagbag.py:496} INFO - Filling up the DagBag from /home/airflow/.local/lib/python3.6/site-packages/airflow/example_dags/example_complex.py
[2022-11-16 16:54:57,209] {processor.py:623} INFO - DAG(s) dict_keys(['example_complex']) retrieved from /home/airflow/.local/lib/python3.6/site-packages/airflow/example_dags/example_complex.py
[2022-11-16 16:55:03,306] {logging_mixin.py:109} INFO - [2022-11-16 16:55:03,303] {dag.py:1833} INFO - Sync 1 DAGs
[2022-11-16 16:55:03,334] {logging_mixin.py:109} INFO - [2022-11-16 16:55:03,332] {dag.py:1852} INFO - Creating ORM DAG for example_complex
[2022-11-16 16:55:03,344] {logging_mixin.py:109} INFO - [2022-11-16 16:55:03,344] {dag.py:2306} INFO - Setting next_dagrun for example_complex to None
[2022-11-16 16:55:03,378] {processor.py:170} INFO - Processing /home/airflow/.local/lib/python3.6/site-packages/airflow/example_dags/example_complex.py took 6.263 seconds
[2022-11-16 16:55:41,328] {processor.py:162} INFO - Started process (PID=370) to work on /home/airflow/.local/lib/python3.6/site-packages/airflow/example_dags/example_complex.py
[2022-11-16 16:55:41,330] {processor.py:613} INFO - Processing file /home/airflow/.local/lib/python3.6/site-packages/airflow/example_dags/example_complex.py for tasks to queue
[2022-11-16 16:55:41,332] {logging_mixin.py:109} INFO - [2022-11-16 16:55:41,332] {dagbag.py:496} INFO - Filling up the DagBag from /home/airflow/.local/lib/python3.6/site-packages/airflow/example_dags/example_complex.py
[2022-11-16 16:55:41,355] {processor.py:623} INFO - DAG(s) dict_keys(['example_complex']) retrieved from /home/airflow/.local/lib/python3.6/site-packages/airflow/example_dags/example_complex.py
[2022-11-16 16:55:41,386] {logging_mixin.py:109} INFO - [2022-11-16 16:55:41,386] {dag.py:1833} INFO - Sync 1 DAGs
[2022-11-16 16:55:41,410] {logging_mixin.py:109} INFO - [2022-11-16 16:55:41,409] {dag.py:2306} INFO - Setting next_dagrun for example_complex to None
[2022-11-16 16:55:41,429] {processor.py:170} INFO - Processing /home/airflow/.local/lib/python3.6/site-packages/airflow/example_dags/example_complex.py took 0.105 seconds
[2022-11-16 16:56:11,475] {processor.py:162} INFO - Started process (PID=420) to work on /home/airflow/.local/lib/python3.6/site-packages/airflow/example_dags/example_complex.py
[2022-11-16 16:56:11,477] {processor.py:613} INFO - Processing file /home/airflow/.local/lib/python3.6/site-packages/airflow/example_dags/example_complex.py for tasks to queue
[2022-11-16 16:56:11,478] {logging_mixin.py:109} INFO - [2022-11-16 16:56:11,478] {dagbag.py:496} INFO - Filling up the DagBag from /home/airflow/.local/lib/python3.6/site-packages/airflow/example_dags/example_complex.py
[2022-11-16 16:56:11,514] {processor.py:623} INFO - DAG(s) dict_keys(['example_complex']) retrieved from /home/airflow/.local/lib/python3.6/site-packages/airflow/example_dags/example_complex.py
[2022-11-16 16:56:11,560] {logging_mixin.py:109} INFO - [2022-11-16 16:56:11,560] {dag.py:1833} INFO - Sync 1 DAGs
[2022-11-16 16:56:11,582] {logging_mixin.py:109} INFO - [2022-11-16 16:56:11,581] {dag.py:2306} INFO - Setting next_dagrun for example_complex to None
[2022-11-16 16:56:11,595] {processor.py:170} INFO - Processing /home/airflow/.local/lib/python3.6/site-packages/airflow/example_dags/example_complex.py took 0.126 seconds
[2022-11-16 16:56:42,500] {processor.py:162} INFO - Started process (PID=476) to work on /home/airflow/.local/lib/python3.6/site-packages/airflow/example_dags/example_complex.py
[2022-11-16 16:56:42,502] {processor.py:613} INFO - Processing file /home/airflow/.local/lib/python3.6/site-packages/airflow/example_dags/example_complex.py for tasks to queue
[2022-11-16 16:56:42,503] {logging_mixin.py:109} INFO - [2022-11-16 16:56:42,503] {dagbag.py:496} INFO - Filling up the DagBag from /home/airflow/.local/lib/python3.6/site-packages/airflow/example_dags/example_complex.py
[2022-11-16 16:56:42,535] {processor.py:623} INFO - DAG(s) dict_keys(['example_complex']) retrieved from /home/airflow/.local/lib/python3.6/site-packages/airflow/example_dags/example_complex.py
[2022-11-16 16:56:42,569] {logging_mixin.py:109} INFO - [2022-11-16 16:56:42,568] {dag.py:1833} INFO - Sync 1 DAGs
[2022-11-16 16:56:42,589] {logging_mixin.py:109} INFO - [2022-11-16 16:56:42,589] {dag.py:2306} INFO - Setting next_dagrun for example_complex to None
[2022-11-16 16:56:42,606] {processor.py:170} INFO - Processing /home/airflow/.local/lib/python3.6/site-packages/airflow/example_dags/example_complex.py took 0.110 seconds
[2022-11-16 16:57:12,687] {processor.py:162} INFO - Started process (PID=529) to work on /home/airflow/.local/lib/python3.6/site-packages/airflow/example_dags/example_complex.py
[2022-11-16 16:57:12,690] {processor.py:613} INFO - Processing file /home/airflow/.local/lib/python3.6/site-packages/airflow/example_dags/example_complex.py for tasks to queue
[2022-11-16 16:57:12,692] {logging_mixin.py:109} INFO - [2022-11-16 16:57:12,692] {dagbag.py:496} INFO - Filling up the DagBag from /home/airflow/.local/lib/python3.6/site-packages/airflow/example_dags/example_complex.py
[2022-11-16 16:57:12,752] {processor.py:623} INFO - DAG(s) dict_keys(['example_complex']) retrieved from /home/airflow/.local/lib/python3.6/site-packages/airflow/example_dags/example_complex.py
[2022-11-16 16:57:12,816] {logging_mixin.py:109} INFO - [2022-11-16 16:57:12,815] {dag.py:1833} INFO - Sync 1 DAGs
[2022-11-16 16:57:12,853] {logging_mixin.py:109} INFO - [2022-11-16 16:57:12,853] {dag.py:2306} INFO - Setting next_dagrun for example_complex to None
[2022-11-16 16:57:12,881] {processor.py:170} INFO - Processing /home/airflow/.local/lib/python3.6/site-packages/airflow/example_dags/example_complex.py took 0.201 seconds
[2022-11-16 16:57:43,320] {processor.py:162} INFO - Started process (PID=580) to work on /home/airflow/.local/lib/python3.6/site-packages/airflow/example_dags/example_complex.py
[2022-11-16 16:57:43,322] {processor.py:613} INFO - Processing file /home/airflow/.local/lib/python3.6/site-packages/airflow/example_dags/example_complex.py for tasks to queue
[2022-11-16 16:57:43,323] {logging_mixin.py:109} INFO - [2022-11-16 16:57:43,323] {dagbag.py:496} INFO - Filling up the DagBag from /home/airflow/.local/lib/python3.6/site-packages/airflow/example_dags/example_complex.py
[2022-11-16 16:57:43,356] {processor.py:623} INFO - DAG(s) dict_keys(['example_complex']) retrieved from /home/airflow/.local/lib/python3.6/site-packages/airflow/example_dags/example_complex.py
[2022-11-16 16:57:43,395] {logging_mixin.py:109} INFO - [2022-11-16 16:57:43,395] {dag.py:1833} INFO - Sync 1 DAGs
[2022-11-16 16:57:43,425] {logging_mixin.py:109} INFO - [2022-11-16 16:57:43,425] {dag.py:2306} INFO - Setting next_dagrun for example_complex to None
[2022-11-16 16:57:43,443] {processor.py:170} INFO - Processing /home/airflow/.local/lib/python3.6/site-packages/airflow/example_dags/example_complex.py took 0.126 seconds
[2022-11-16 16:58:13,735] {processor.py:162} INFO - Started process (PID=641) to work on /home/airflow/.local/lib/python3.6/site-packages/airflow/example_dags/example_complex.py
[2022-11-16 16:58:13,736] {processor.py:613} INFO - Processing file /home/airflow/.local/lib/python3.6/site-packages/airflow/example_dags/example_complex.py for tasks to queue
[2022-11-16 16:58:13,738] {logging_mixin.py:109} INFO - [2022-11-16 16:58:13,738] {dagbag.py:496} INFO - Filling up the DagBag from /home/airflow/.local/lib/python3.6/site-packages/airflow/example_dags/example_complex.py
[2022-11-16 16:58:13,773] {processor.py:623} INFO - DAG(s) dict_keys(['example_complex']) retrieved from /home/airflow/.local/lib/python3.6/site-packages/airflow/example_dags/example_complex.py
[2022-11-16 16:58:13,807] {logging_mixin.py:109} INFO - [2022-11-16 16:58:13,807] {dag.py:1833} INFO - Sync 1 DAGs
[2022-11-16 16:58:13,830] {logging_mixin.py:109} INFO - [2022-11-16 16:58:13,830] {dag.py:2306} INFO - Setting next_dagrun for example_complex to None
[2022-11-16 16:58:13,846] {processor.py:170} INFO - Processing /home/airflow/.local/lib/python3.6/site-packages/airflow/example_dags/example_complex.py took 0.117 seconds
[2022-11-16 16:58:44,373] {processor.py:162} INFO - Started process (PID=692) to work on /home/airflow/.local/lib/python3.6/site-packages/airflow/example_dags/example_complex.py
[2022-11-16 16:58:44,375] {processor.py:613} INFO - Processing file /home/airflow/.local/lib/python3.6/site-packages/airflow/example_dags/example_complex.py for tasks to queue
[2022-11-16 16:58:44,376] {logging_mixin.py:109} INFO - [2022-11-16 16:58:44,376] {dagbag.py:496} INFO - Filling up the DagBag from /home/airflow/.local/lib/python3.6/site-packages/airflow/example_dags/example_complex.py
[2022-11-16 16:58:44,399] {processor.py:623} INFO - DAG(s) dict_keys(['example_complex']) retrieved from /home/airflow/.local/lib/python3.6/site-packages/airflow/example_dags/example_complex.py
[2022-11-16 16:58:44,428] {logging_mixin.py:109} INFO - [2022-11-16 16:58:44,428] {dag.py:1833} INFO - Sync 1 DAGs
[2022-11-16 16:58:44,445] {logging_mixin.py:109} INFO - [2022-11-16 16:58:44,445] {dag.py:2306} INFO - Setting next_dagrun for example_complex to None
[2022-11-16 16:58:44,459] {processor.py:170} INFO - Processing /home/airflow/.local/lib/python3.6/site-packages/airflow/example_dags/example_complex.py took 0.089 seconds
[2022-11-16 16:59:14,759] {processor.py:162} INFO - Started process (PID=743) to work on /home/airflow/.local/lib/python3.6/site-packages/airflow/example_dags/example_complex.py
[2022-11-16 16:59:14,761] {processor.py:613} INFO - Processing file /home/airflow/.local/lib/python3.6/site-packages/airflow/example_dags/example_complex.py for tasks to queue
[2022-11-16 16:59:14,762] {logging_mixin.py:109} INFO - [2022-11-16 16:59:14,762] {dagbag.py:496} INFO - Filling up the DagBag from /home/airflow/.local/lib/python3.6/site-packages/airflow/example_dags/example_complex.py
[2022-11-16 16:59:14,787] {processor.py:623} INFO - DAG(s) dict_keys(['example_complex']) retrieved from /home/airflow/.local/lib/python3.6/site-packages/airflow/example_dags/example_complex.py
[2022-11-16 16:59:14,817] {logging_mixin.py:109} INFO - [2022-11-16 16:59:14,817] {dag.py:1833} INFO - Sync 1 DAGs
[2022-11-16 16:59:14,835] {logging_mixin.py:109} INFO - [2022-11-16 16:59:14,835] {dag.py:2306} INFO - Setting next_dagrun for example_complex to None
[2022-11-16 16:59:14,851] {processor.py:170} INFO - Processing /home/airflow/.local/lib/python3.6/site-packages/airflow/example_dags/example_complex.py took 0.097 seconds
[2022-11-16 16:59:45,414] {processor.py:162} INFO - Started process (PID=804) to work on /home/airflow/.local/lib/python3.6/site-packages/airflow/example_dags/example_complex.py
[2022-11-16 16:59:45,417] {processor.py:613} INFO - Processing file /home/airflow/.local/lib/python3.6/site-packages/airflow/example_dags/example_complex.py for tasks to queue
[2022-11-16 16:59:45,419] {logging_mixin.py:109} INFO - [2022-11-16 16:59:45,419] {dagbag.py:496} INFO - Filling up the DagBag from /home/airflow/.local/lib/python3.6/site-packages/airflow/example_dags/example_complex.py
[2022-11-16 16:59:45,471] {processor.py:623} INFO - DAG(s) dict_keys(['example_complex']) retrieved from /home/airflow/.local/lib/python3.6/site-packages/airflow/example_dags/example_complex.py
[2022-11-16 16:59:45,558] {logging_mixin.py:109} INFO - [2022-11-16 16:59:45,557] {dag.py:1833} INFO - Sync 1 DAGs
[2022-11-16 16:59:45,603] {logging_mixin.py:109} INFO - [2022-11-16 16:59:45,603] {dag.py:2306} INFO - Setting next_dagrun for example_complex to None
[2022-11-16 16:59:45,635] {processor.py:170} INFO - Processing /home/airflow/.local/lib/python3.6/site-packages/airflow/example_dags/example_complex.py took 0.235 seconds
[2022-11-16 17:00:15,740] {processor.py:162} INFO - Started process (PID=855) to work on /home/airflow/.local/lib/python3.6/site-packages/airflow/example_dags/example_complex.py
[2022-11-16 17:00:15,742] {processor.py:613} INFO - Processing file /home/airflow/.local/lib/python3.6/site-packages/airflow/example_dags/example_complex.py for tasks to queue
[2022-11-16 17:00:15,743] {logging_mixin.py:109} INFO - [2022-11-16 17:00:15,743] {dagbag.py:496} INFO - Filling up the DagBag from /home/airflow/.local/lib/python3.6/site-packages/airflow/example_dags/example_complex.py
[2022-11-16 17:00:15,774] {processor.py:623} INFO - DAG(s) dict_keys(['example_complex']) retrieved from /home/airflow/.local/lib/python3.6/site-packages/airflow/example_dags/example_complex.py
[2022-11-16 17:00:15,807] {logging_mixin.py:109} INFO - [2022-11-16 17:00:15,807] {dag.py:1833} INFO - Sync 1 DAGs
[2022-11-16 17:00:15,828] {logging_mixin.py:109} INFO - [2022-11-16 17:00:15,828] {dag.py:2306} INFO - Setting next_dagrun for example_complex to None
[2022-11-16 17:00:15,845] {processor.py:170} INFO - Processing /home/airflow/.local/lib/python3.6/site-packages/airflow/example_dags/example_complex.py took 0.109 seconds
[2022-11-16 17:00:45,920] {processor.py:162} INFO - Started process (PID=915) to work on /home/airflow/.local/lib/python3.6/site-packages/airflow/example_dags/example_complex.py
[2022-11-16 17:00:45,922] {processor.py:613} INFO - Processing file /home/airflow/.local/lib/python3.6/site-packages/airflow/example_dags/example_complex.py for tasks to queue
[2022-11-16 17:00:45,924] {logging_mixin.py:109} INFO - [2022-11-16 17:00:45,924] {dagbag.py:496} INFO - Filling up the DagBag from /home/airflow/.local/lib/python3.6/site-packages/airflow/example_dags/example_complex.py
[2022-11-16 17:00:45,953] {processor.py:623} INFO - DAG(s) dict_keys(['example_complex']) retrieved from /home/airflow/.local/lib/python3.6/site-packages/airflow/example_dags/example_complex.py
[2022-11-16 17:00:45,987] {logging_mixin.py:109} INFO - [2022-11-16 17:00:45,987] {dag.py:1833} INFO - Sync 1 DAGs
[2022-11-16 17:00:46,006] {logging_mixin.py:109} INFO - [2022-11-16 17:00:46,005] {dag.py:2306} INFO - Setting next_dagrun for example_complex to None
[2022-11-16 17:00:46,020] {processor.py:170} INFO - Processing /home/airflow/.local/lib/python3.6/site-packages/airflow/example_dags/example_complex.py took 0.106 seconds
[2022-11-16 17:01:16,469] {processor.py:162} INFO - Started process (PID=967) to work on /home/airflow/.local/lib/python3.6/site-packages/airflow/example_dags/example_complex.py
[2022-11-16 17:01:16,472] {processor.py:613} INFO - Processing file /home/airflow/.local/lib/python3.6/site-packages/airflow/example_dags/example_complex.py for tasks to queue
[2022-11-16 17:01:16,474] {logging_mixin.py:109} INFO - [2022-11-16 17:01:16,473] {dagbag.py:496} INFO - Filling up the DagBag from /home/airflow/.local/lib/python3.6/site-packages/airflow/example_dags/example_complex.py
[2022-11-16 17:01:16,511] {processor.py:623} INFO - DAG(s) dict_keys(['example_complex']) retrieved from /home/airflow/.local/lib/python3.6/site-packages/airflow/example_dags/example_complex.py
[2022-11-16 17:01:16,548] {logging_mixin.py:109} INFO - [2022-11-16 17:01:16,548] {dag.py:1833} INFO - Sync 1 DAGs
[2022-11-16 17:01:16,578] {logging_mixin.py:109} INFO - [2022-11-16 17:01:16,578] {dag.py:2306} INFO - Setting next_dagrun for example_complex to None
[2022-11-16 17:01:16,596] {processor.py:170} INFO - Processing /home/airflow/.local/lib/python3.6/site-packages/airflow/example_dags/example_complex.py took 0.132 seconds
[2022-11-16 17:01:46,755] {processor.py:162} INFO - Started process (PID=1019) to work on /home/airflow/.local/lib/python3.6/site-packages/airflow/example_dags/example_complex.py
[2022-11-16 17:01:46,757] {processor.py:613} INFO - Processing file /home/airflow/.local/lib/python3.6/site-packages/airflow/example_dags/example_complex.py for tasks to queue
[2022-11-16 17:01:46,758] {logging_mixin.py:109} INFO - [2022-11-16 17:01:46,758] {dagbag.py:496} INFO - Filling up the DagBag from /home/airflow/.local/lib/python3.6/site-packages/airflow/example_dags/example_complex.py
[2022-11-16 17:01:46,784] {processor.py:623} INFO - DAG(s) dict_keys(['example_complex']) retrieved from /home/airflow/.local/lib/python3.6/site-packages/airflow/example_dags/example_complex.py
[2022-11-16 17:01:46,813] {logging_mixin.py:109} INFO - [2022-11-16 17:01:46,813] {dag.py:1833} INFO - Sync 1 DAGs
[2022-11-16 17:01:46,831] {logging_mixin.py:109} INFO - [2022-11-16 17:01:46,831] {dag.py:2306} INFO - Setting next_dagrun for example_complex to None
[2022-11-16 17:01:46,846] {processor.py:170} INFO - Processing /home/airflow/.local/lib/python3.6/site-packages/airflow/example_dags/example_complex.py took 0.097 seconds
[2022-11-16 17:02:17,294] {processor.py:162} INFO - Started process (PID=1080) to work on /home/airflow/.local/lib/python3.6/site-packages/airflow/example_dags/example_complex.py
[2022-11-16 17:02:17,296] {processor.py:613} INFO - Processing file /home/airflow/.local/lib/python3.6/site-packages/airflow/example_dags/example_complex.py for tasks to queue
[2022-11-16 17:02:17,297] {logging_mixin.py:109} INFO - [2022-11-16 17:02:17,297] {dagbag.py:496} INFO - Filling up the DagBag from /home/airflow/.local/lib/python3.6/site-packages/airflow/example_dags/example_complex.py
[2022-11-16 17:02:17,321] {processor.py:623} INFO - DAG(s) dict_keys(['example_complex']) retrieved from /home/airflow/.local/lib/python3.6/site-packages/airflow/example_dags/example_complex.py
[2022-11-16 17:02:17,354] {logging_mixin.py:109} INFO - [2022-11-16 17:02:17,353] {dag.py:1833} INFO - Sync 1 DAGs
[2022-11-16 17:02:17,374] {logging_mixin.py:109} INFO - [2022-11-16 17:02:17,373] {dag.py:2306} INFO - Setting next_dagrun for example_complex to None
[2022-11-16 17:02:17,393] {processor.py:170} INFO - Processing /home/airflow/.local/lib/python3.6/site-packages/airflow/example_dags/example_complex.py took 0.103 seconds
[2022-11-16 17:02:47,767] {processor.py:162} INFO - Started process (PID=1131) to work on /home/airflow/.local/lib/python3.6/site-packages/airflow/example_dags/example_complex.py
[2022-11-16 17:02:47,769] {processor.py:613} INFO - Processing file /home/airflow/.local/lib/python3.6/site-packages/airflow/example_dags/example_complex.py for tasks to queue
[2022-11-16 17:02:47,770] {logging_mixin.py:109} INFO - [2022-11-16 17:02:47,770] {dagbag.py:496} INFO - Filling up the DagBag from /home/airflow/.local/lib/python3.6/site-packages/airflow/example_dags/example_complex.py
[2022-11-16 17:02:47,793] {processor.py:623} INFO - DAG(s) dict_keys(['example_complex']) retrieved from /home/airflow/.local/lib/python3.6/site-packages/airflow/example_dags/example_complex.py
[2022-11-16 17:02:47,825] {logging_mixin.py:109} INFO - [2022-11-16 17:02:47,825] {dag.py:1833} INFO - Sync 1 DAGs
[2022-11-16 17:02:47,843] {logging_mixin.py:109} INFO - [2022-11-16 17:02:47,843] {dag.py:2306} INFO - Setting next_dagrun for example_complex to None
[2022-11-16 17:02:47,856] {processor.py:170} INFO - Processing /home/airflow/.local/lib/python3.6/site-packages/airflow/example_dags/example_complex.py took 0.093 seconds
[2022-11-16 17:03:18,270] {processor.py:162} INFO - Started process (PID=1183) to work on /home/airflow/.local/lib/python3.6/site-packages/airflow/example_dags/example_complex.py
[2022-11-16 17:03:18,271] {processor.py:613} INFO - Processing file /home/airflow/.local/lib/python3.6/site-packages/airflow/example_dags/example_complex.py for tasks to queue
[2022-11-16 17:03:18,272] {logging_mixin.py:109} INFO - [2022-11-16 17:03:18,272] {dagbag.py:496} INFO - Filling up the DagBag from /home/airflow/.local/lib/python3.6/site-packages/airflow/example_dags/example_complex.py
[2022-11-16 17:03:18,295] {processor.py:623} INFO - DAG(s) dict_keys(['example_complex']) retrieved from /home/airflow/.local/lib/python3.6/site-packages/airflow/example_dags/example_complex.py
[2022-11-16 17:03:18,324] {logging_mixin.py:109} INFO - [2022-11-16 17:03:18,324] {dag.py:1833} INFO - Sync 1 DAGs
[2022-11-16 17:03:18,342] {logging_mixin.py:109} INFO - [2022-11-16 17:03:18,342] {dag.py:2306} INFO - Setting next_dagrun for example_complex to None
[2022-11-16 17:03:18,355] {processor.py:170} INFO - Processing /home/airflow/.local/lib/python3.6/site-packages/airflow/example_dags/example_complex.py took 0.089 seconds
[2022-11-16 17:04:52,470] {processor.py:162} INFO - Started process (PID=50) to work on /home/airflow/.local/lib/python3.6/site-packages/airflow/example_dags/example_complex.py
[2022-11-16 17:04:52,472] {processor.py:613} INFO - Processing file /home/airflow/.local/lib/python3.6/site-packages/airflow/example_dags/example_complex.py for tasks to queue
[2022-11-16 17:04:52,474] {logging_mixin.py:109} INFO - [2022-11-16 17:04:52,474] {dagbag.py:496} INFO - Filling up the DagBag from /home/airflow/.local/lib/python3.6/site-packages/airflow/example_dags/example_complex.py
[2022-11-16 17:04:52,509] {processor.py:623} INFO - DAG(s) dict_keys(['example_complex']) retrieved from /home/airflow/.local/lib/python3.6/site-packages/airflow/example_dags/example_complex.py
[2022-11-16 17:04:52,558] {logging_mixin.py:109} INFO - [2022-11-16 17:04:52,557] {dag.py:1833} INFO - Sync 1 DAGs
[2022-11-16 17:04:52,585] {logging_mixin.py:109} INFO - [2022-11-16 17:04:52,585] {dag.py:2306} INFO - Setting next_dagrun for example_complex to None
[2022-11-16 17:04:52,603] {processor.py:170} INFO - Processing /home/airflow/.local/lib/python3.6/site-packages/airflow/example_dags/example_complex.py took 0.138 seconds
[2022-11-16 17:05:24,519] {processor.py:162} INFO - Started process (PID=102) to work on /home/airflow/.local/lib/python3.6/site-packages/airflow/example_dags/example_complex.py
[2022-11-16 17:05:24,521] {processor.py:613} INFO - Processing file /home/airflow/.local/lib/python3.6/site-packages/airflow/example_dags/example_complex.py for tasks to queue
[2022-11-16 17:05:24,522] {logging_mixin.py:109} INFO - [2022-11-16 17:05:24,522] {dagbag.py:496} INFO - Filling up the DagBag from /home/airflow/.local/lib/python3.6/site-packages/airflow/example_dags/example_complex.py
[2022-11-16 17:05:24,550] {processor.py:623} INFO - DAG(s) dict_keys(['example_complex']) retrieved from /home/airflow/.local/lib/python3.6/site-packages/airflow/example_dags/example_complex.py
[2022-11-16 17:05:24,602] {logging_mixin.py:109} INFO - [2022-11-16 17:05:24,602] {dag.py:1833} INFO - Sync 1 DAGs
[2022-11-16 17:05:24,624] {logging_mixin.py:109} INFO - [2022-11-16 17:05:24,624] {dag.py:2306} INFO - Setting next_dagrun for example_complex to None
[2022-11-16 17:05:24,639] {processor.py:170} INFO - Processing /home/airflow/.local/lib/python3.6/site-packages/airflow/example_dags/example_complex.py took 0.125 seconds
[2022-11-16 17:05:55,346] {processor.py:162} INFO - Started process (PID=154) to work on /home/airflow/.local/lib/python3.6/site-packages/airflow/example_dags/example_complex.py
[2022-11-16 17:05:55,349] {processor.py:613} INFO - Processing file /home/airflow/.local/lib/python3.6/site-packages/airflow/example_dags/example_complex.py for tasks to queue
[2022-11-16 17:05:55,350] {logging_mixin.py:109} INFO - [2022-11-16 17:05:55,350] {dagbag.py:496} INFO - Filling up the DagBag from /home/airflow/.local/lib/python3.6/site-packages/airflow/example_dags/example_complex.py
[2022-11-16 17:05:55,404] {processor.py:623} INFO - DAG(s) dict_keys(['example_complex']) retrieved from /home/airflow/.local/lib/python3.6/site-packages/airflow/example_dags/example_complex.py
[2022-11-16 17:05:55,453] {logging_mixin.py:109} INFO - [2022-11-16 17:05:55,453] {dag.py:1833} INFO - Sync 1 DAGs
[2022-11-16 17:05:55,487] {logging_mixin.py:109} INFO - [2022-11-16 17:05:55,487] {dag.py:2306} INFO - Setting next_dagrun for example_complex to None
[2022-11-16 17:05:55,504] {processor.py:170} INFO - Processing /home/airflow/.local/lib/python3.6/site-packages/airflow/example_dags/example_complex.py took 0.165 seconds
