[2022-11-16 16:55:37,414] {processor.py:162} INFO - Started process (PID=333) to work on /home/airflow/.local/lib/python3.6/site-packages/airflow/example_dags/example_external_task_marker_dag.py
[2022-11-16 16:55:37,416] {processor.py:613} INFO - Processing file /home/airflow/.local/lib/python3.6/site-packages/airflow/example_dags/example_external_task_marker_dag.py for tasks to queue
[2022-11-16 16:55:37,417] {logging_mixin.py:109} INFO - [2022-11-16 16:55:37,417] {dagbag.py:496} INFO - Filling up the DagBag from /home/airflow/.local/lib/python3.6/site-packages/airflow/example_dags/example_external_task_marker_dag.py
[2022-11-16 16:55:37,539] {processor.py:623} INFO - DAG(s) dict_keys(['example_external_task_marker_parent', 'example_external_task_marker_child']) retrieved from /home/airflow/.local/lib/python3.6/site-packages/airflow/example_dags/example_external_task_marker_dag.py
[2022-11-16 16:55:40,033] {logging_mixin.py:109} INFO - [2022-11-16 16:55:40,031] {dag.py:1833} INFO - Sync 2 DAGs
[2022-11-16 16:55:40,048] {logging_mixin.py:109} INFO - [2022-11-16 16:55:40,047] {dag.py:1852} INFO - Creating ORM DAG for example_external_task_marker_child
[2022-11-16 16:55:40,049] {logging_mixin.py:109} INFO - [2022-11-16 16:55:40,049] {dag.py:1852} INFO - Creating ORM DAG for example_external_task_marker_parent
[2022-11-16 16:55:40,059] {logging_mixin.py:109} INFO - [2022-11-16 16:55:40,059] {dag.py:2306} INFO - Setting next_dagrun for example_external_task_marker_child to None
[2022-11-16 16:55:40,060] {logging_mixin.py:109} INFO - [2022-11-16 16:55:40,060] {dag.py:2306} INFO - Setting next_dagrun for example_external_task_marker_parent to None
[2022-11-16 16:55:40,073] {processor.py:170} INFO - Processing /home/airflow/.local/lib/python3.6/site-packages/airflow/example_dags/example_external_task_marker_dag.py took 2.664 seconds
[2022-11-16 16:56:11,203] {processor.py:162} INFO - Started process (PID=416) to work on /home/airflow/.local/lib/python3.6/site-packages/airflow/example_dags/example_external_task_marker_dag.py
[2022-11-16 16:56:11,204] {processor.py:613} INFO - Processing file /home/airflow/.local/lib/python3.6/site-packages/airflow/example_dags/example_external_task_marker_dag.py for tasks to queue
[2022-11-16 16:56:11,205] {logging_mixin.py:109} INFO - [2022-11-16 16:56:11,205] {dagbag.py:496} INFO - Filling up the DagBag from /home/airflow/.local/lib/python3.6/site-packages/airflow/example_dags/example_external_task_marker_dag.py
[2022-11-16 16:56:11,220] {processor.py:623} INFO - DAG(s) dict_keys(['example_external_task_marker_parent', 'example_external_task_marker_child']) retrieved from /home/airflow/.local/lib/python3.6/site-packages/airflow/example_dags/example_external_task_marker_dag.py
[2022-11-16 16:56:11,250] {logging_mixin.py:109} INFO - [2022-11-16 16:56:11,249] {dag.py:1833} INFO - Sync 2 DAGs
[2022-11-16 16:56:11,269] {logging_mixin.py:109} INFO - [2022-11-16 16:56:11,268] {dag.py:2306} INFO - Setting next_dagrun for example_external_task_marker_child to None
[2022-11-16 16:56:11,270] {logging_mixin.py:109} INFO - [2022-11-16 16:56:11,270] {dag.py:2306} INFO - Setting next_dagrun for example_external_task_marker_parent to None
[2022-11-16 16:56:11,285] {processor.py:170} INFO - Processing /home/airflow/.local/lib/python3.6/site-packages/airflow/example_dags/example_external_task_marker_dag.py took 0.085 seconds
[2022-11-16 16:56:42,652] {processor.py:162} INFO - Started process (PID=478) to work on /home/airflow/.local/lib/python3.6/site-packages/airflow/example_dags/example_external_task_marker_dag.py
[2022-11-16 16:56:42,655] {processor.py:613} INFO - Processing file /home/airflow/.local/lib/python3.6/site-packages/airflow/example_dags/example_external_task_marker_dag.py for tasks to queue
[2022-11-16 16:56:42,657] {logging_mixin.py:109} INFO - [2022-11-16 16:56:42,657] {dagbag.py:496} INFO - Filling up the DagBag from /home/airflow/.local/lib/python3.6/site-packages/airflow/example_dags/example_external_task_marker_dag.py
[2022-11-16 16:56:42,675] {processor.py:623} INFO - DAG(s) dict_keys(['example_external_task_marker_parent', 'example_external_task_marker_child']) retrieved from /home/airflow/.local/lib/python3.6/site-packages/airflow/example_dags/example_external_task_marker_dag.py
[2022-11-16 16:56:42,710] {logging_mixin.py:109} INFO - [2022-11-16 16:56:42,710] {dag.py:1833} INFO - Sync 2 DAGs
[2022-11-16 16:56:42,729] {logging_mixin.py:109} INFO - [2022-11-16 16:56:42,728] {dag.py:2306} INFO - Setting next_dagrun for example_external_task_marker_child to None
[2022-11-16 16:56:42,730] {logging_mixin.py:109} INFO - [2022-11-16 16:56:42,730] {dag.py:2306} INFO - Setting next_dagrun for example_external_task_marker_parent to None
[2022-11-16 16:56:42,745] {processor.py:170} INFO - Processing /home/airflow/.local/lib/python3.6/site-packages/airflow/example_dags/example_external_task_marker_dag.py took 0.097 seconds
[2022-11-16 16:57:13,155] {processor.py:162} INFO - Started process (PID=532) to work on /home/airflow/.local/lib/python3.6/site-packages/airflow/example_dags/example_external_task_marker_dag.py
[2022-11-16 16:57:13,157] {processor.py:613} INFO - Processing file /home/airflow/.local/lib/python3.6/site-packages/airflow/example_dags/example_external_task_marker_dag.py for tasks to queue
[2022-11-16 16:57:13,159] {logging_mixin.py:109} INFO - [2022-11-16 16:57:13,159] {dagbag.py:496} INFO - Filling up the DagBag from /home/airflow/.local/lib/python3.6/site-packages/airflow/example_dags/example_external_task_marker_dag.py
[2022-11-16 16:57:13,181] {processor.py:623} INFO - DAG(s) dict_keys(['example_external_task_marker_parent', 'example_external_task_marker_child']) retrieved from /home/airflow/.local/lib/python3.6/site-packages/airflow/example_dags/example_external_task_marker_dag.py
[2022-11-16 16:57:13,219] {logging_mixin.py:109} INFO - [2022-11-16 16:57:13,219] {dag.py:1833} INFO - Sync 2 DAGs
[2022-11-16 16:57:13,243] {logging_mixin.py:109} INFO - [2022-11-16 16:57:13,243] {dag.py:2306} INFO - Setting next_dagrun for example_external_task_marker_child to None
[2022-11-16 16:57:13,245] {logging_mixin.py:109} INFO - [2022-11-16 16:57:13,245] {dag.py:2306} INFO - Setting next_dagrun for example_external_task_marker_parent to None
[2022-11-16 16:57:13,277] {processor.py:170} INFO - Processing /home/airflow/.local/lib/python3.6/site-packages/airflow/example_dags/example_external_task_marker_dag.py took 0.127 seconds
[2022-11-16 16:57:43,473] {processor.py:162} INFO - Started process (PID=582) to work on /home/airflow/.local/lib/python3.6/site-packages/airflow/example_dags/example_external_task_marker_dag.py
[2022-11-16 16:57:43,474] {processor.py:613} INFO - Processing file /home/airflow/.local/lib/python3.6/site-packages/airflow/example_dags/example_external_task_marker_dag.py for tasks to queue
[2022-11-16 16:57:43,476] {logging_mixin.py:109} INFO - [2022-11-16 16:57:43,476] {dagbag.py:496} INFO - Filling up the DagBag from /home/airflow/.local/lib/python3.6/site-packages/airflow/example_dags/example_external_task_marker_dag.py
[2022-11-16 16:57:43,495] {processor.py:623} INFO - DAG(s) dict_keys(['example_external_task_marker_parent', 'example_external_task_marker_child']) retrieved from /home/airflow/.local/lib/python3.6/site-packages/airflow/example_dags/example_external_task_marker_dag.py
[2022-11-16 16:57:43,532] {logging_mixin.py:109} INFO - [2022-11-16 16:57:43,532] {dag.py:1833} INFO - Sync 2 DAGs
[2022-11-16 16:57:43,574] {logging_mixin.py:109} INFO - [2022-11-16 16:57:43,574] {dag.py:2306} INFO - Setting next_dagrun for example_external_task_marker_child to None
[2022-11-16 16:57:43,576] {logging_mixin.py:109} INFO - [2022-11-16 16:57:43,576] {dag.py:2306} INFO - Setting next_dagrun for example_external_task_marker_parent to None
[2022-11-16 16:57:43,592] {processor.py:170} INFO - Processing /home/airflow/.local/lib/python3.6/site-packages/airflow/example_dags/example_external_task_marker_dag.py took 0.124 seconds
[2022-11-16 16:58:13,868] {processor.py:162} INFO - Started process (PID=643) to work on /home/airflow/.local/lib/python3.6/site-packages/airflow/example_dags/example_external_task_marker_dag.py
[2022-11-16 16:58:13,871] {processor.py:613} INFO - Processing file /home/airflow/.local/lib/python3.6/site-packages/airflow/example_dags/example_external_task_marker_dag.py for tasks to queue
[2022-11-16 16:58:13,873] {logging_mixin.py:109} INFO - [2022-11-16 16:58:13,873] {dagbag.py:496} INFO - Filling up the DagBag from /home/airflow/.local/lib/python3.6/site-packages/airflow/example_dags/example_external_task_marker_dag.py
[2022-11-16 16:58:13,892] {processor.py:623} INFO - DAG(s) dict_keys(['example_external_task_marker_parent', 'example_external_task_marker_child']) retrieved from /home/airflow/.local/lib/python3.6/site-packages/airflow/example_dags/example_external_task_marker_dag.py
[2022-11-16 16:58:13,927] {logging_mixin.py:109} INFO - [2022-11-16 16:58:13,926] {dag.py:1833} INFO - Sync 2 DAGs
[2022-11-16 16:58:13,948] {logging_mixin.py:109} INFO - [2022-11-16 16:58:13,948] {dag.py:2306} INFO - Setting next_dagrun for example_external_task_marker_child to None
[2022-11-16 16:58:13,949] {logging_mixin.py:109} INFO - [2022-11-16 16:58:13,949] {dag.py:2306} INFO - Setting next_dagrun for example_external_task_marker_parent to None
[2022-11-16 16:58:13,965] {processor.py:170} INFO - Processing /home/airflow/.local/lib/python3.6/site-packages/airflow/example_dags/example_external_task_marker_dag.py took 0.101 seconds
[2022-11-16 16:58:44,717] {processor.py:162} INFO - Started process (PID=696) to work on /home/airflow/.local/lib/python3.6/site-packages/airflow/example_dags/example_external_task_marker_dag.py
[2022-11-16 16:58:44,720] {processor.py:613} INFO - Processing file /home/airflow/.local/lib/python3.6/site-packages/airflow/example_dags/example_external_task_marker_dag.py for tasks to queue
[2022-11-16 16:58:44,721] {logging_mixin.py:109} INFO - [2022-11-16 16:58:44,721] {dagbag.py:496} INFO - Filling up the DagBag from /home/airflow/.local/lib/python3.6/site-packages/airflow/example_dags/example_external_task_marker_dag.py
[2022-11-16 16:58:44,740] {processor.py:623} INFO - DAG(s) dict_keys(['example_external_task_marker_parent', 'example_external_task_marker_child']) retrieved from /home/airflow/.local/lib/python3.6/site-packages/airflow/example_dags/example_external_task_marker_dag.py
[2022-11-16 16:58:44,768] {logging_mixin.py:109} INFO - [2022-11-16 16:58:44,768] {dag.py:1833} INFO - Sync 2 DAGs
[2022-11-16 16:58:44,786] {logging_mixin.py:109} INFO - [2022-11-16 16:58:44,786] {dag.py:2306} INFO - Setting next_dagrun for example_external_task_marker_child to None
[2022-11-16 16:58:44,787] {logging_mixin.py:109} INFO - [2022-11-16 16:58:44,787] {dag.py:2306} INFO - Setting next_dagrun for example_external_task_marker_parent to None
[2022-11-16 16:58:44,798] {processor.py:170} INFO - Processing /home/airflow/.local/lib/python3.6/site-packages/airflow/example_dags/example_external_task_marker_dag.py took 0.087 seconds
[2022-11-16 16:59:14,887] {processor.py:162} INFO - Started process (PID=746) to work on /home/airflow/.local/lib/python3.6/site-packages/airflow/example_dags/example_external_task_marker_dag.py
[2022-11-16 16:59:14,889] {processor.py:613} INFO - Processing file /home/airflow/.local/lib/python3.6/site-packages/airflow/example_dags/example_external_task_marker_dag.py for tasks to queue
[2022-11-16 16:59:14,890] {logging_mixin.py:109} INFO - [2022-11-16 16:59:14,890] {dagbag.py:496} INFO - Filling up the DagBag from /home/airflow/.local/lib/python3.6/site-packages/airflow/example_dags/example_external_task_marker_dag.py
[2022-11-16 16:59:14,904] {processor.py:623} INFO - DAG(s) dict_keys(['example_external_task_marker_parent', 'example_external_task_marker_child']) retrieved from /home/airflow/.local/lib/python3.6/site-packages/airflow/example_dags/example_external_task_marker_dag.py
[2022-11-16 16:59:14,933] {logging_mixin.py:109} INFO - [2022-11-16 16:59:14,933] {dag.py:1833} INFO - Sync 2 DAGs
[2022-11-16 16:59:14,953] {logging_mixin.py:109} INFO - [2022-11-16 16:59:14,953] {dag.py:2306} INFO - Setting next_dagrun for example_external_task_marker_child to None
[2022-11-16 16:59:14,954] {logging_mixin.py:109} INFO - [2022-11-16 16:59:14,954] {dag.py:2306} INFO - Setting next_dagrun for example_external_task_marker_parent to None
[2022-11-16 16:59:14,968] {processor.py:170} INFO - Processing /home/airflow/.local/lib/python3.6/site-packages/airflow/example_dags/example_external_task_marker_dag.py took 0.084 seconds
[2022-11-16 16:59:45,802] {processor.py:162} INFO - Started process (PID=807) to work on /home/airflow/.local/lib/python3.6/site-packages/airflow/example_dags/example_external_task_marker_dag.py
[2022-11-16 16:59:45,804] {processor.py:613} INFO - Processing file /home/airflow/.local/lib/python3.6/site-packages/airflow/example_dags/example_external_task_marker_dag.py for tasks to queue
[2022-11-16 16:59:45,805] {logging_mixin.py:109} INFO - [2022-11-16 16:59:45,805] {dagbag.py:496} INFO - Filling up the DagBag from /home/airflow/.local/lib/python3.6/site-packages/airflow/example_dags/example_external_task_marker_dag.py
[2022-11-16 16:59:45,821] {processor.py:623} INFO - DAG(s) dict_keys(['example_external_task_marker_parent', 'example_external_task_marker_child']) retrieved from /home/airflow/.local/lib/python3.6/site-packages/airflow/example_dags/example_external_task_marker_dag.py
[2022-11-16 16:59:45,854] {logging_mixin.py:109} INFO - [2022-11-16 16:59:45,854] {dag.py:1833} INFO - Sync 2 DAGs
[2022-11-16 16:59:45,879] {logging_mixin.py:109} INFO - [2022-11-16 16:59:45,879] {dag.py:2306} INFO - Setting next_dagrun for example_external_task_marker_child to None
[2022-11-16 16:59:45,881] {logging_mixin.py:109} INFO - [2022-11-16 16:59:45,880] {dag.py:2306} INFO - Setting next_dagrun for example_external_task_marker_parent to None
[2022-11-16 16:59:45,896] {processor.py:170} INFO - Processing /home/airflow/.local/lib/python3.6/site-packages/airflow/example_dags/example_external_task_marker_dag.py took 0.097 seconds
[2022-11-16 17:00:16,093] {processor.py:162} INFO - Started process (PID=859) to work on /home/airflow/.local/lib/python3.6/site-packages/airflow/example_dags/example_external_task_marker_dag.py
[2022-11-16 17:00:16,095] {processor.py:613} INFO - Processing file /home/airflow/.local/lib/python3.6/site-packages/airflow/example_dags/example_external_task_marker_dag.py for tasks to queue
[2022-11-16 17:00:16,096] {logging_mixin.py:109} INFO - [2022-11-16 17:00:16,096] {dagbag.py:496} INFO - Filling up the DagBag from /home/airflow/.local/lib/python3.6/site-packages/airflow/example_dags/example_external_task_marker_dag.py
[2022-11-16 17:00:16,123] {processor.py:623} INFO - DAG(s) dict_keys(['example_external_task_marker_parent', 'example_external_task_marker_child']) retrieved from /home/airflow/.local/lib/python3.6/site-packages/airflow/example_dags/example_external_task_marker_dag.py
[2022-11-16 17:00:16,159] {logging_mixin.py:109} INFO - [2022-11-16 17:00:16,159] {dag.py:1833} INFO - Sync 2 DAGs
[2022-11-16 17:00:16,183] {logging_mixin.py:109} INFO - [2022-11-16 17:00:16,183] {dag.py:2306} INFO - Setting next_dagrun for example_external_task_marker_child to None
[2022-11-16 17:00:16,185] {logging_mixin.py:109} INFO - [2022-11-16 17:00:16,185] {dag.py:2306} INFO - Setting next_dagrun for example_external_task_marker_parent to None
[2022-11-16 17:00:16,201] {processor.py:170} INFO - Processing /home/airflow/.local/lib/python3.6/site-packages/airflow/example_dags/example_external_task_marker_dag.py took 0.113 seconds
[2022-11-16 17:00:46,250] {processor.py:162} INFO - Started process (PID=919) to work on /home/airflow/.local/lib/python3.6/site-packages/airflow/example_dags/example_external_task_marker_dag.py
[2022-11-16 17:00:46,252] {processor.py:613} INFO - Processing file /home/airflow/.local/lib/python3.6/site-packages/airflow/example_dags/example_external_task_marker_dag.py for tasks to queue
[2022-11-16 17:00:46,253] {logging_mixin.py:109} INFO - [2022-11-16 17:00:46,253] {dagbag.py:496} INFO - Filling up the DagBag from /home/airflow/.local/lib/python3.6/site-packages/airflow/example_dags/example_external_task_marker_dag.py
[2022-11-16 17:00:46,266] {processor.py:623} INFO - DAG(s) dict_keys(['example_external_task_marker_parent', 'example_external_task_marker_child']) retrieved from /home/airflow/.local/lib/python3.6/site-packages/airflow/example_dags/example_external_task_marker_dag.py
[2022-11-16 17:00:46,298] {logging_mixin.py:109} INFO - [2022-11-16 17:00:46,298] {dag.py:1833} INFO - Sync 2 DAGs
[2022-11-16 17:00:46,317] {logging_mixin.py:109} INFO - [2022-11-16 17:00:46,317] {dag.py:2306} INFO - Setting next_dagrun for example_external_task_marker_child to None
[2022-11-16 17:00:46,319] {logging_mixin.py:109} INFO - [2022-11-16 17:00:46,319] {dag.py:2306} INFO - Setting next_dagrun for example_external_task_marker_parent to None
[2022-11-16 17:00:46,336] {processor.py:170} INFO - Processing /home/airflow/.local/lib/python3.6/site-packages/airflow/example_dags/example_external_task_marker_dag.py took 0.090 seconds
[2022-11-16 17:01:16,626] {processor.py:162} INFO - Started process (PID=970) to work on /home/airflow/.local/lib/python3.6/site-packages/airflow/example_dags/example_external_task_marker_dag.py
[2022-11-16 17:01:16,629] {processor.py:613} INFO - Processing file /home/airflow/.local/lib/python3.6/site-packages/airflow/example_dags/example_external_task_marker_dag.py for tasks to queue
[2022-11-16 17:01:16,631] {logging_mixin.py:109} INFO - [2022-11-16 17:01:16,631] {dagbag.py:496} INFO - Filling up the DagBag from /home/airflow/.local/lib/python3.6/site-packages/airflow/example_dags/example_external_task_marker_dag.py
[2022-11-16 17:01:16,654] {processor.py:623} INFO - DAG(s) dict_keys(['example_external_task_marker_parent', 'example_external_task_marker_child']) retrieved from /home/airflow/.local/lib/python3.6/site-packages/airflow/example_dags/example_external_task_marker_dag.py
[2022-11-16 17:01:16,683] {logging_mixin.py:109} INFO - [2022-11-16 17:01:16,683] {dag.py:1833} INFO - Sync 2 DAGs
[2022-11-16 17:01:16,702] {logging_mixin.py:109} INFO - [2022-11-16 17:01:16,702] {dag.py:2306} INFO - Setting next_dagrun for example_external_task_marker_child to None
[2022-11-16 17:01:16,703] {logging_mixin.py:109} INFO - [2022-11-16 17:01:16,703] {dag.py:2306} INFO - Setting next_dagrun for example_external_task_marker_parent to None
[2022-11-16 17:01:16,716] {processor.py:170} INFO - Processing /home/airflow/.local/lib/python3.6/site-packages/airflow/example_dags/example_external_task_marker_dag.py took 0.094 seconds
[2022-11-16 17:01:46,885] {processor.py:162} INFO - Started process (PID=1022) to work on /home/airflow/.local/lib/python3.6/site-packages/airflow/example_dags/example_external_task_marker_dag.py
[2022-11-16 17:01:46,886] {processor.py:613} INFO - Processing file /home/airflow/.local/lib/python3.6/site-packages/airflow/example_dags/example_external_task_marker_dag.py for tasks to queue
[2022-11-16 17:01:46,887] {logging_mixin.py:109} INFO - [2022-11-16 17:01:46,887] {dagbag.py:496} INFO - Filling up the DagBag from /home/airflow/.local/lib/python3.6/site-packages/airflow/example_dags/example_external_task_marker_dag.py
[2022-11-16 17:01:46,903] {processor.py:623} INFO - DAG(s) dict_keys(['example_external_task_marker_parent', 'example_external_task_marker_child']) retrieved from /home/airflow/.local/lib/python3.6/site-packages/airflow/example_dags/example_external_task_marker_dag.py
[2022-11-16 17:01:46,934] {logging_mixin.py:109} INFO - [2022-11-16 17:01:46,934] {dag.py:1833} INFO - Sync 2 DAGs
[2022-11-16 17:01:46,955] {logging_mixin.py:109} INFO - [2022-11-16 17:01:46,955] {dag.py:2306} INFO - Setting next_dagrun for example_external_task_marker_child to None
[2022-11-16 17:01:46,957] {logging_mixin.py:109} INFO - [2022-11-16 17:01:46,957] {dag.py:2306} INFO - Setting next_dagrun for example_external_task_marker_parent to None
[2022-11-16 17:01:46,971] {processor.py:170} INFO - Processing /home/airflow/.local/lib/python3.6/site-packages/airflow/example_dags/example_external_task_marker_dag.py took 0.090 seconds
[2022-11-16 17:02:17,519] {processor.py:162} INFO - Started process (PID=1083) to work on /home/airflow/.local/lib/python3.6/site-packages/airflow/example_dags/example_external_task_marker_dag.py
[2022-11-16 17:02:17,522] {processor.py:613} INFO - Processing file /home/airflow/.local/lib/python3.6/site-packages/airflow/example_dags/example_external_task_marker_dag.py for tasks to queue
[2022-11-16 17:02:17,524] {logging_mixin.py:109} INFO - [2022-11-16 17:02:17,523] {dagbag.py:496} INFO - Filling up the DagBag from /home/airflow/.local/lib/python3.6/site-packages/airflow/example_dags/example_external_task_marker_dag.py
[2022-11-16 17:02:17,546] {processor.py:623} INFO - DAG(s) dict_keys(['example_external_task_marker_parent', 'example_external_task_marker_child']) retrieved from /home/airflow/.local/lib/python3.6/site-packages/airflow/example_dags/example_external_task_marker_dag.py
[2022-11-16 17:02:17,591] {logging_mixin.py:109} INFO - [2022-11-16 17:02:17,590] {dag.py:1833} INFO - Sync 2 DAGs
[2022-11-16 17:02:17,614] {logging_mixin.py:109} INFO - [2022-11-16 17:02:17,614] {dag.py:2306} INFO - Setting next_dagrun for example_external_task_marker_child to None
[2022-11-16 17:02:17,616] {logging_mixin.py:109} INFO - [2022-11-16 17:02:17,616] {dag.py:2306} INFO - Setting next_dagrun for example_external_task_marker_parent to None
[2022-11-16 17:02:17,629] {processor.py:170} INFO - Processing /home/airflow/.local/lib/python3.6/site-packages/airflow/example_dags/example_external_task_marker_dag.py took 0.116 seconds
[2022-11-16 17:02:47,925] {processor.py:162} INFO - Started process (PID=1134) to work on /home/airflow/.local/lib/python3.6/site-packages/airflow/example_dags/example_external_task_marker_dag.py
[2022-11-16 17:02:47,926] {processor.py:613} INFO - Processing file /home/airflow/.local/lib/python3.6/site-packages/airflow/example_dags/example_external_task_marker_dag.py for tasks to queue
[2022-11-16 17:02:47,928] {logging_mixin.py:109} INFO - [2022-11-16 17:02:47,928] {dagbag.py:496} INFO - Filling up the DagBag from /home/airflow/.local/lib/python3.6/site-packages/airflow/example_dags/example_external_task_marker_dag.py
[2022-11-16 17:02:47,942] {processor.py:623} INFO - DAG(s) dict_keys(['example_external_task_marker_parent', 'example_external_task_marker_child']) retrieved from /home/airflow/.local/lib/python3.6/site-packages/airflow/example_dags/example_external_task_marker_dag.py
[2022-11-16 17:02:47,970] {logging_mixin.py:109} INFO - [2022-11-16 17:02:47,970] {dag.py:1833} INFO - Sync 2 DAGs
[2022-11-16 17:02:47,989] {logging_mixin.py:109} INFO - [2022-11-16 17:02:47,989] {dag.py:2306} INFO - Setting next_dagrun for example_external_task_marker_child to None
[2022-11-16 17:02:47,990] {logging_mixin.py:109} INFO - [2022-11-16 17:02:47,990] {dag.py:2306} INFO - Setting next_dagrun for example_external_task_marker_parent to None
[2022-11-16 17:02:48,003] {processor.py:170} INFO - Processing /home/airflow/.local/lib/python3.6/site-packages/airflow/example_dags/example_external_task_marker_dag.py took 0.081 seconds
[2022-11-16 17:03:18,428] {processor.py:162} INFO - Started process (PID=1186) to work on /home/airflow/.local/lib/python3.6/site-packages/airflow/example_dags/example_external_task_marker_dag.py
[2022-11-16 17:03:18,430] {processor.py:613} INFO - Processing file /home/airflow/.local/lib/python3.6/site-packages/airflow/example_dags/example_external_task_marker_dag.py for tasks to queue
[2022-11-16 17:03:18,431] {logging_mixin.py:109} INFO - [2022-11-16 17:03:18,430] {dagbag.py:496} INFO - Filling up the DagBag from /home/airflow/.local/lib/python3.6/site-packages/airflow/example_dags/example_external_task_marker_dag.py
[2022-11-16 17:03:18,446] {processor.py:623} INFO - DAG(s) dict_keys(['example_external_task_marker_parent', 'example_external_task_marker_child']) retrieved from /home/airflow/.local/lib/python3.6/site-packages/airflow/example_dags/example_external_task_marker_dag.py
[2022-11-16 17:03:18,476] {logging_mixin.py:109} INFO - [2022-11-16 17:03:18,476] {dag.py:1833} INFO - Sync 2 DAGs
[2022-11-16 17:03:18,495] {logging_mixin.py:109} INFO - [2022-11-16 17:03:18,495] {dag.py:2306} INFO - Setting next_dagrun for example_external_task_marker_child to None
[2022-11-16 17:03:18,496] {logging_mixin.py:109} INFO - [2022-11-16 17:03:18,496] {dag.py:2306} INFO - Setting next_dagrun for example_external_task_marker_parent to None
[2022-11-16 17:03:18,509] {processor.py:170} INFO - Processing /home/airflow/.local/lib/python3.6/site-packages/airflow/example_dags/example_external_task_marker_dag.py took 0.084 seconds
[2022-11-16 17:04:55,470] {processor.py:162} INFO - Started process (PID=71) to work on /home/airflow/.local/lib/python3.6/site-packages/airflow/example_dags/example_external_task_marker_dag.py
[2022-11-16 17:04:55,474] {processor.py:613} INFO - Processing file /home/airflow/.local/lib/python3.6/site-packages/airflow/example_dags/example_external_task_marker_dag.py for tasks to queue
[2022-11-16 17:04:55,478] {logging_mixin.py:109} INFO - [2022-11-16 17:04:55,477] {dagbag.py:496} INFO - Filling up the DagBag from /home/airflow/.local/lib/python3.6/site-packages/airflow/example_dags/example_external_task_marker_dag.py
[2022-11-16 17:04:55,508] {processor.py:623} INFO - DAG(s) dict_keys(['example_external_task_marker_parent', 'example_external_task_marker_child']) retrieved from /home/airflow/.local/lib/python3.6/site-packages/airflow/example_dags/example_external_task_marker_dag.py
[2022-11-16 17:04:55,570] {logging_mixin.py:109} INFO - [2022-11-16 17:04:55,570] {dag.py:1833} INFO - Sync 2 DAGs
[2022-11-16 17:04:55,601] {logging_mixin.py:109} INFO - [2022-11-16 17:04:55,601] {dag.py:2306} INFO - Setting next_dagrun for example_external_task_marker_child to None
[2022-11-16 17:04:55,604] {logging_mixin.py:109} INFO - [2022-11-16 17:04:55,604] {dag.py:2306} INFO - Setting next_dagrun for example_external_task_marker_parent to None
[2022-11-16 17:04:55,621] {processor.py:170} INFO - Processing /home/airflow/.local/lib/python3.6/site-packages/airflow/example_dags/example_external_task_marker_dag.py took 0.160 seconds
[2022-11-16 17:05:26,506] {processor.py:162} INFO - Started process (PID=123) to work on /home/airflow/.local/lib/python3.6/site-packages/airflow/example_dags/example_external_task_marker_dag.py
[2022-11-16 17:05:26,512] {processor.py:613} INFO - Processing file /home/airflow/.local/lib/python3.6/site-packages/airflow/example_dags/example_external_task_marker_dag.py for tasks to queue
[2022-11-16 17:05:26,517] {logging_mixin.py:109} INFO - [2022-11-16 17:05:26,517] {dagbag.py:496} INFO - Filling up the DagBag from /home/airflow/.local/lib/python3.6/site-packages/airflow/example_dags/example_external_task_marker_dag.py
[2022-11-16 17:05:26,543] {processor.py:623} INFO - DAG(s) dict_keys(['example_external_task_marker_parent', 'example_external_task_marker_child']) retrieved from /home/airflow/.local/lib/python3.6/site-packages/airflow/example_dags/example_external_task_marker_dag.py
[2022-11-16 17:05:26,592] {logging_mixin.py:109} INFO - [2022-11-16 17:05:26,592] {dag.py:1833} INFO - Sync 2 DAGs
[2022-11-16 17:05:26,618] {logging_mixin.py:109} INFO - [2022-11-16 17:05:26,618] {dag.py:2306} INFO - Setting next_dagrun for example_external_task_marker_child to None
[2022-11-16 17:05:26,620] {logging_mixin.py:109} INFO - [2022-11-16 17:05:26,620] {dag.py:2306} INFO - Setting next_dagrun for example_external_task_marker_parent to None
[2022-11-16 17:05:26,634] {processor.py:170} INFO - Processing /home/airflow/.local/lib/python3.6/site-packages/airflow/example_dags/example_external_task_marker_dag.py took 0.133 seconds
[2022-11-16 17:05:57,302] {processor.py:162} INFO - Started process (PID=175) to work on /home/airflow/.local/lib/python3.6/site-packages/airflow/example_dags/example_external_task_marker_dag.py
[2022-11-16 17:05:57,308] {processor.py:613} INFO - Processing file /home/airflow/.local/lib/python3.6/site-packages/airflow/example_dags/example_external_task_marker_dag.py for tasks to queue
[2022-11-16 17:05:57,311] {logging_mixin.py:109} INFO - [2022-11-16 17:05:57,311] {dagbag.py:496} INFO - Filling up the DagBag from /home/airflow/.local/lib/python3.6/site-packages/airflow/example_dags/example_external_task_marker_dag.py
[2022-11-16 17:05:57,349] {processor.py:623} INFO - DAG(s) dict_keys(['example_external_task_marker_parent', 'example_external_task_marker_child']) retrieved from /home/airflow/.local/lib/python3.6/site-packages/airflow/example_dags/example_external_task_marker_dag.py
[2022-11-16 17:05:57,393] {logging_mixin.py:109} INFO - [2022-11-16 17:05:57,393] {dag.py:1833} INFO - Sync 2 DAGs
[2022-11-16 17:05:57,418] {logging_mixin.py:109} INFO - [2022-11-16 17:05:57,418] {dag.py:2306} INFO - Setting next_dagrun for example_external_task_marker_child to None
[2022-11-16 17:05:57,420] {logging_mixin.py:109} INFO - [2022-11-16 17:05:57,420] {dag.py:2306} INFO - Setting next_dagrun for example_external_task_marker_parent to None
[2022-11-16 17:05:57,436] {processor.py:170} INFO - Processing /home/airflow/.local/lib/python3.6/site-packages/airflow/example_dags/example_external_task_marker_dag.py took 0.148 seconds
