[2022-11-16 16:55:22,145] {processor.py:162} INFO - Started process (PID=242) to work on /home/airflow/.local/lib/python3.6/site-packages/airflow/example_dags/example_nested_branch_dag.py
[2022-11-16 16:55:22,147] {processor.py:613} INFO - Processing file /home/airflow/.local/lib/python3.6/site-packages/airflow/example_dags/example_nested_branch_dag.py for tasks to queue
[2022-11-16 16:55:22,148] {logging_mixin.py:109} INFO - [2022-11-16 16:55:22,148] {dagbag.py:496} INFO - Filling up the DagBag from /home/airflow/.local/lib/python3.6/site-packages/airflow/example_dags/example_nested_branch_dag.py
[2022-11-16 16:55:22,168] {processor.py:623} INFO - DAG(s) dict_keys(['example_nested_branch_dag']) retrieved from /home/airflow/.local/lib/python3.6/site-packages/airflow/example_dags/example_nested_branch_dag.py
[2022-11-16 16:55:24,684] {logging_mixin.py:109} INFO - [2022-11-16 16:55:24,682] {dag.py:1833} INFO - Sync 1 DAGs
[2022-11-16 16:55:24,699] {logging_mixin.py:109} INFO - [2022-11-16 16:55:24,697] {dag.py:1852} INFO - Creating ORM DAG for example_nested_branch_dag
[2022-11-16 16:55:24,712] {logging_mixin.py:109} INFO - [2022-11-16 16:55:24,712] {dag.py:2306} INFO - Setting next_dagrun for example_nested_branch_dag to 2022-11-14 00:00:00+00:00
[2022-11-16 16:55:24,729] {processor.py:170} INFO - Processing /home/airflow/.local/lib/python3.6/site-packages/airflow/example_dags/example_nested_branch_dag.py took 2.587 seconds
[2022-11-16 16:55:55,376] {processor.py:162} INFO - Started process (PID=392) to work on /home/airflow/.local/lib/python3.6/site-packages/airflow/example_dags/example_nested_branch_dag.py
[2022-11-16 16:55:55,379] {processor.py:613} INFO - Processing file /home/airflow/.local/lib/python3.6/site-packages/airflow/example_dags/example_nested_branch_dag.py for tasks to queue
[2022-11-16 16:55:55,382] {logging_mixin.py:109} INFO - [2022-11-16 16:55:55,382] {dagbag.py:496} INFO - Filling up the DagBag from /home/airflow/.local/lib/python3.6/site-packages/airflow/example_dags/example_nested_branch_dag.py
[2022-11-16 16:55:55,434] {processor.py:623} INFO - DAG(s) dict_keys(['example_nested_branch_dag']) retrieved from /home/airflow/.local/lib/python3.6/site-packages/airflow/example_dags/example_nested_branch_dag.py
[2022-11-16 16:55:55,499] {logging_mixin.py:109} INFO - [2022-11-16 16:55:55,498] {dag.py:1833} INFO - Sync 1 DAGs
[2022-11-16 16:55:55,557] {logging_mixin.py:109} INFO - [2022-11-16 16:55:55,557] {dag.py:2306} INFO - Setting next_dagrun for example_nested_branch_dag to 2022-11-14 00:00:00+00:00
[2022-11-16 16:55:55,591] {processor.py:170} INFO - Processing /home/airflow/.local/lib/python3.6/site-packages/airflow/example_dags/example_nested_branch_dag.py took 0.226 seconds
[2022-11-16 16:56:25,941] {processor.py:162} INFO - Started process (PID=443) to work on /home/airflow/.local/lib/python3.6/site-packages/airflow/example_dags/example_nested_branch_dag.py
[2022-11-16 16:56:25,949] {processor.py:613} INFO - Processing file /home/airflow/.local/lib/python3.6/site-packages/airflow/example_dags/example_nested_branch_dag.py for tasks to queue
[2022-11-16 16:56:25,961] {logging_mixin.py:109} INFO - [2022-11-16 16:56:25,961] {dagbag.py:496} INFO - Filling up the DagBag from /home/airflow/.local/lib/python3.6/site-packages/airflow/example_dags/example_nested_branch_dag.py
[2022-11-16 16:56:25,995] {processor.py:623} INFO - DAG(s) dict_keys(['example_nested_branch_dag']) retrieved from /home/airflow/.local/lib/python3.6/site-packages/airflow/example_dags/example_nested_branch_dag.py
[2022-11-16 16:56:26,030] {logging_mixin.py:109} INFO - [2022-11-16 16:56:26,030] {dag.py:1833} INFO - Sync 1 DAGs
[2022-11-16 16:56:26,060] {logging_mixin.py:109} INFO - [2022-11-16 16:56:26,060] {dag.py:2306} INFO - Setting next_dagrun for example_nested_branch_dag to 2022-11-14 00:00:00+00:00
[2022-11-16 16:56:26,074] {processor.py:170} INFO - Processing /home/airflow/.local/lib/python3.6/site-packages/airflow/example_dags/example_nested_branch_dag.py took 0.154 seconds
[2022-11-16 16:56:56,263] {processor.py:162} INFO - Started process (PID=504) to work on /home/airflow/.local/lib/python3.6/site-packages/airflow/example_dags/example_nested_branch_dag.py
[2022-11-16 16:56:56,265] {processor.py:613} INFO - Processing file /home/airflow/.local/lib/python3.6/site-packages/airflow/example_dags/example_nested_branch_dag.py for tasks to queue
[2022-11-16 16:56:56,266] {logging_mixin.py:109} INFO - [2022-11-16 16:56:56,266] {dagbag.py:496} INFO - Filling up the DagBag from /home/airflow/.local/lib/python3.6/site-packages/airflow/example_dags/example_nested_branch_dag.py
[2022-11-16 16:56:56,284] {processor.py:623} INFO - DAG(s) dict_keys(['example_nested_branch_dag']) retrieved from /home/airflow/.local/lib/python3.6/site-packages/airflow/example_dags/example_nested_branch_dag.py
[2022-11-16 16:56:56,307] {logging_mixin.py:109} INFO - [2022-11-16 16:56:56,307] {dag.py:1833} INFO - Sync 1 DAGs
[2022-11-16 16:56:56,327] {logging_mixin.py:109} INFO - [2022-11-16 16:56:56,327] {dag.py:2306} INFO - Setting next_dagrun for example_nested_branch_dag to 2022-11-14 00:00:00+00:00
[2022-11-16 16:56:56,341] {processor.py:170} INFO - Processing /home/airflow/.local/lib/python3.6/site-packages/airflow/example_dags/example_nested_branch_dag.py took 0.084 seconds
[2022-11-16 16:57:26,833] {processor.py:162} INFO - Started process (PID=555) to work on /home/airflow/.local/lib/python3.6/site-packages/airflow/example_dags/example_nested_branch_dag.py
[2022-11-16 16:57:26,837] {processor.py:613} INFO - Processing file /home/airflow/.local/lib/python3.6/site-packages/airflow/example_dags/example_nested_branch_dag.py for tasks to queue
[2022-11-16 16:57:26,839] {logging_mixin.py:109} INFO - [2022-11-16 16:57:26,839] {dagbag.py:496} INFO - Filling up the DagBag from /home/airflow/.local/lib/python3.6/site-packages/airflow/example_dags/example_nested_branch_dag.py
[2022-11-16 16:57:26,866] {processor.py:623} INFO - DAG(s) dict_keys(['example_nested_branch_dag']) retrieved from /home/airflow/.local/lib/python3.6/site-packages/airflow/example_dags/example_nested_branch_dag.py
[2022-11-16 16:57:26,907] {logging_mixin.py:109} INFO - [2022-11-16 16:57:26,907] {dag.py:1833} INFO - Sync 1 DAGs
[2022-11-16 16:57:26,942] {logging_mixin.py:109} INFO - [2022-11-16 16:57:26,941] {dag.py:2306} INFO - Setting next_dagrun for example_nested_branch_dag to 2022-11-14 00:00:00+00:00
[2022-11-16 16:57:26,961] {processor.py:170} INFO - Processing /home/airflow/.local/lib/python3.6/site-packages/airflow/example_dags/example_nested_branch_dag.py took 0.133 seconds
[2022-11-16 16:57:57,684] {processor.py:162} INFO - Started process (PID=606) to work on /home/airflow/.local/lib/python3.6/site-packages/airflow/example_dags/example_nested_branch_dag.py
[2022-11-16 16:57:57,689] {processor.py:613} INFO - Processing file /home/airflow/.local/lib/python3.6/site-packages/airflow/example_dags/example_nested_branch_dag.py for tasks to queue
[2022-11-16 16:57:57,693] {logging_mixin.py:109} INFO - [2022-11-16 16:57:57,693] {dagbag.py:496} INFO - Filling up the DagBag from /home/airflow/.local/lib/python3.6/site-packages/airflow/example_dags/example_nested_branch_dag.py
[2022-11-16 16:57:57,755] {processor.py:623} INFO - DAG(s) dict_keys(['example_nested_branch_dag']) retrieved from /home/airflow/.local/lib/python3.6/site-packages/airflow/example_dags/example_nested_branch_dag.py
[2022-11-16 16:57:57,868] {logging_mixin.py:109} INFO - [2022-11-16 16:57:57,868] {dag.py:1833} INFO - Sync 1 DAGs
[2022-11-16 16:57:57,930] {logging_mixin.py:109} INFO - [2022-11-16 16:57:57,930] {dag.py:2306} INFO - Setting next_dagrun for example_nested_branch_dag to 2022-11-14 00:00:00+00:00
[2022-11-16 16:57:57,957] {processor.py:170} INFO - Processing /home/airflow/.local/lib/python3.6/site-packages/airflow/example_dags/example_nested_branch_dag.py took 0.286 seconds
[2022-11-16 16:58:28,202] {processor.py:162} INFO - Started process (PID=667) to work on /home/airflow/.local/lib/python3.6/site-packages/airflow/example_dags/example_nested_branch_dag.py
[2022-11-16 16:58:28,203] {processor.py:613} INFO - Processing file /home/airflow/.local/lib/python3.6/site-packages/airflow/example_dags/example_nested_branch_dag.py for tasks to queue
[2022-11-16 16:58:28,204] {logging_mixin.py:109} INFO - [2022-11-16 16:58:28,204] {dagbag.py:496} INFO - Filling up the DagBag from /home/airflow/.local/lib/python3.6/site-packages/airflow/example_dags/example_nested_branch_dag.py
[2022-11-16 16:58:28,222] {processor.py:623} INFO - DAG(s) dict_keys(['example_nested_branch_dag']) retrieved from /home/airflow/.local/lib/python3.6/site-packages/airflow/example_dags/example_nested_branch_dag.py
[2022-11-16 16:58:28,249] {logging_mixin.py:109} INFO - [2022-11-16 16:58:28,249] {dag.py:1833} INFO - Sync 1 DAGs
[2022-11-16 16:58:28,270] {logging_mixin.py:109} INFO - [2022-11-16 16:58:28,269] {dag.py:2306} INFO - Setting next_dagrun for example_nested_branch_dag to 2022-11-14 00:00:00+00:00
[2022-11-16 16:58:28,285] {processor.py:170} INFO - Processing /home/airflow/.local/lib/python3.6/site-packages/airflow/example_dags/example_nested_branch_dag.py took 0.087 seconds
[2022-11-16 16:58:58,749] {processor.py:162} INFO - Started process (PID=718) to work on /home/airflow/.local/lib/python3.6/site-packages/airflow/example_dags/example_nested_branch_dag.py
[2022-11-16 16:58:58,751] {processor.py:613} INFO - Processing file /home/airflow/.local/lib/python3.6/site-packages/airflow/example_dags/example_nested_branch_dag.py for tasks to queue
[2022-11-16 16:58:58,753] {logging_mixin.py:109} INFO - [2022-11-16 16:58:58,753] {dagbag.py:496} INFO - Filling up the DagBag from /home/airflow/.local/lib/python3.6/site-packages/airflow/example_dags/example_nested_branch_dag.py
[2022-11-16 16:58:58,782] {processor.py:623} INFO - DAG(s) dict_keys(['example_nested_branch_dag']) retrieved from /home/airflow/.local/lib/python3.6/site-packages/airflow/example_dags/example_nested_branch_dag.py
[2022-11-16 16:58:58,809] {logging_mixin.py:109} INFO - [2022-11-16 16:58:58,809] {dag.py:1833} INFO - Sync 1 DAGs
[2022-11-16 16:58:58,829] {logging_mixin.py:109} INFO - [2022-11-16 16:58:58,829] {dag.py:2306} INFO - Setting next_dagrun for example_nested_branch_dag to 2022-11-14 00:00:00+00:00
[2022-11-16 16:58:58,840] {processor.py:170} INFO - Processing /home/airflow/.local/lib/python3.6/site-packages/airflow/example_dags/example_nested_branch_dag.py took 0.095 seconds
[2022-11-16 16:59:29,044] {processor.py:162} INFO - Started process (PID=776) to work on /home/airflow/.local/lib/python3.6/site-packages/airflow/example_dags/example_nested_branch_dag.py
[2022-11-16 16:59:29,046] {processor.py:613} INFO - Processing file /home/airflow/.local/lib/python3.6/site-packages/airflow/example_dags/example_nested_branch_dag.py for tasks to queue
[2022-11-16 16:59:29,047] {logging_mixin.py:109} INFO - [2022-11-16 16:59:29,047] {dagbag.py:496} INFO - Filling up the DagBag from /home/airflow/.local/lib/python3.6/site-packages/airflow/example_dags/example_nested_branch_dag.py
[2022-11-16 16:59:29,065] {processor.py:623} INFO - DAG(s) dict_keys(['example_nested_branch_dag']) retrieved from /home/airflow/.local/lib/python3.6/site-packages/airflow/example_dags/example_nested_branch_dag.py
[2022-11-16 16:59:29,093] {logging_mixin.py:109} INFO - [2022-11-16 16:59:29,093] {dag.py:1833} INFO - Sync 1 DAGs
[2022-11-16 16:59:29,120] {logging_mixin.py:109} INFO - [2022-11-16 16:59:29,119] {dag.py:2306} INFO - Setting next_dagrun for example_nested_branch_dag to 2022-11-14 00:00:00+00:00
[2022-11-16 16:59:29,133] {processor.py:170} INFO - Processing /home/airflow/.local/lib/python3.6/site-packages/airflow/example_dags/example_nested_branch_dag.py took 0.093 seconds
[2022-11-16 16:59:59,830] {processor.py:162} INFO - Started process (PID=830) to work on /home/airflow/.local/lib/python3.6/site-packages/airflow/example_dags/example_nested_branch_dag.py
[2022-11-16 16:59:59,832] {processor.py:613} INFO - Processing file /home/airflow/.local/lib/python3.6/site-packages/airflow/example_dags/example_nested_branch_dag.py for tasks to queue
[2022-11-16 16:59:59,833] {logging_mixin.py:109} INFO - [2022-11-16 16:59:59,833] {dagbag.py:496} INFO - Filling up the DagBag from /home/airflow/.local/lib/python3.6/site-packages/airflow/example_dags/example_nested_branch_dag.py
[2022-11-16 16:59:59,852] {processor.py:623} INFO - DAG(s) dict_keys(['example_nested_branch_dag']) retrieved from /home/airflow/.local/lib/python3.6/site-packages/airflow/example_dags/example_nested_branch_dag.py
[2022-11-16 16:59:59,885] {logging_mixin.py:109} INFO - [2022-11-16 16:59:59,884] {dag.py:1833} INFO - Sync 1 DAGs
[2022-11-16 16:59:59,909] {logging_mixin.py:109} INFO - [2022-11-16 16:59:59,909] {dag.py:2306} INFO - Setting next_dagrun for example_nested_branch_dag to 2022-11-14 00:00:00+00:00
[2022-11-16 16:59:59,927] {processor.py:170} INFO - Processing /home/airflow/.local/lib/python3.6/site-packages/airflow/example_dags/example_nested_branch_dag.py took 0.101 seconds
[2022-11-16 17:00:30,118] {processor.py:162} INFO - Started process (PID=881) to work on /home/airflow/.local/lib/python3.6/site-packages/airflow/example_dags/example_nested_branch_dag.py
[2022-11-16 17:00:30,121] {processor.py:613} INFO - Processing file /home/airflow/.local/lib/python3.6/site-packages/airflow/example_dags/example_nested_branch_dag.py for tasks to queue
[2022-11-16 17:00:30,122] {logging_mixin.py:109} INFO - [2022-11-16 17:00:30,122] {dagbag.py:496} INFO - Filling up the DagBag from /home/airflow/.local/lib/python3.6/site-packages/airflow/example_dags/example_nested_branch_dag.py
[2022-11-16 17:00:30,142] {processor.py:623} INFO - DAG(s) dict_keys(['example_nested_branch_dag']) retrieved from /home/airflow/.local/lib/python3.6/site-packages/airflow/example_dags/example_nested_branch_dag.py
[2022-11-16 17:00:30,178] {logging_mixin.py:109} INFO - [2022-11-16 17:00:30,178] {dag.py:1833} INFO - Sync 1 DAGs
[2022-11-16 17:00:30,209] {logging_mixin.py:109} INFO - [2022-11-16 17:00:30,209] {dag.py:2306} INFO - Setting next_dagrun for example_nested_branch_dag to 2022-11-14 00:00:00+00:00
[2022-11-16 17:00:30,227] {processor.py:170} INFO - Processing /home/airflow/.local/lib/python3.6/site-packages/airflow/example_dags/example_nested_branch_dag.py took 0.112 seconds
[2022-11-16 17:01:00,523] {processor.py:162} INFO - Started process (PID=942) to work on /home/airflow/.local/lib/python3.6/site-packages/airflow/example_dags/example_nested_branch_dag.py
[2022-11-16 17:01:00,525] {processor.py:613} INFO - Processing file /home/airflow/.local/lib/python3.6/site-packages/airflow/example_dags/example_nested_branch_dag.py for tasks to queue
[2022-11-16 17:01:00,530] {logging_mixin.py:109} INFO - [2022-11-16 17:01:00,530] {dagbag.py:496} INFO - Filling up the DagBag from /home/airflow/.local/lib/python3.6/site-packages/airflow/example_dags/example_nested_branch_dag.py
[2022-11-16 17:01:00,562] {processor.py:623} INFO - DAG(s) dict_keys(['example_nested_branch_dag']) retrieved from /home/airflow/.local/lib/python3.6/site-packages/airflow/example_dags/example_nested_branch_dag.py
[2022-11-16 17:01:00,590] {logging_mixin.py:109} INFO - [2022-11-16 17:01:00,590] {dag.py:1833} INFO - Sync 1 DAGs
[2022-11-16 17:01:00,619] {logging_mixin.py:109} INFO - [2022-11-16 17:01:00,618] {dag.py:2306} INFO - Setting next_dagrun for example_nested_branch_dag to 2022-11-14 00:00:00+00:00
[2022-11-16 17:01:00,633] {processor.py:170} INFO - Processing /home/airflow/.local/lib/python3.6/site-packages/airflow/example_dags/example_nested_branch_dag.py took 0.117 seconds
[2022-11-16 17:01:31,170] {processor.py:162} INFO - Started process (PID=993) to work on /home/airflow/.local/lib/python3.6/site-packages/airflow/example_dags/example_nested_branch_dag.py
[2022-11-16 17:01:31,176] {processor.py:613} INFO - Processing file /home/airflow/.local/lib/python3.6/site-packages/airflow/example_dags/example_nested_branch_dag.py for tasks to queue
[2022-11-16 17:01:31,179] {logging_mixin.py:109} INFO - [2022-11-16 17:01:31,178] {dagbag.py:496} INFO - Filling up the DagBag from /home/airflow/.local/lib/python3.6/site-packages/airflow/example_dags/example_nested_branch_dag.py
[2022-11-16 17:01:31,212] {processor.py:623} INFO - DAG(s) dict_keys(['example_nested_branch_dag']) retrieved from /home/airflow/.local/lib/python3.6/site-packages/airflow/example_dags/example_nested_branch_dag.py
[2022-11-16 17:01:31,252] {logging_mixin.py:109} INFO - [2022-11-16 17:01:31,252] {dag.py:1833} INFO - Sync 1 DAGs
[2022-11-16 17:01:31,278] {logging_mixin.py:109} INFO - [2022-11-16 17:01:31,278] {dag.py:2306} INFO - Setting next_dagrun for example_nested_branch_dag to 2022-11-14 00:00:00+00:00
[2022-11-16 17:01:31,292] {processor.py:170} INFO - Processing /home/airflow/.local/lib/python3.6/site-packages/airflow/example_dags/example_nested_branch_dag.py took 0.129 seconds
[2022-11-16 17:02:01,655] {processor.py:162} INFO - Started process (PID=1045) to work on /home/airflow/.local/lib/python3.6/site-packages/airflow/example_dags/example_nested_branch_dag.py
[2022-11-16 17:02:01,657] {processor.py:613} INFO - Processing file /home/airflow/.local/lib/python3.6/site-packages/airflow/example_dags/example_nested_branch_dag.py for tasks to queue
[2022-11-16 17:02:01,658] {logging_mixin.py:109} INFO - [2022-11-16 17:02:01,658] {dagbag.py:496} INFO - Filling up the DagBag from /home/airflow/.local/lib/python3.6/site-packages/airflow/example_dags/example_nested_branch_dag.py
[2022-11-16 17:02:01,677] {processor.py:623} INFO - DAG(s) dict_keys(['example_nested_branch_dag']) retrieved from /home/airflow/.local/lib/python3.6/site-packages/airflow/example_dags/example_nested_branch_dag.py
[2022-11-16 17:02:01,706] {logging_mixin.py:109} INFO - [2022-11-16 17:02:01,706] {dag.py:1833} INFO - Sync 1 DAGs
[2022-11-16 17:02:01,732] {logging_mixin.py:109} INFO - [2022-11-16 17:02:01,732] {dag.py:2306} INFO - Setting next_dagrun for example_nested_branch_dag to 2022-11-14 00:00:00+00:00
[2022-11-16 17:02:01,749] {processor.py:170} INFO - Processing /home/airflow/.local/lib/python3.6/site-packages/airflow/example_dags/example_nested_branch_dag.py took 0.099 seconds
[2022-11-16 17:02:32,459] {processor.py:162} INFO - Started process (PID=1106) to work on /home/airflow/.local/lib/python3.6/site-packages/airflow/example_dags/example_nested_branch_dag.py
[2022-11-16 17:02:32,461] {processor.py:613} INFO - Processing file /home/airflow/.local/lib/python3.6/site-packages/airflow/example_dags/example_nested_branch_dag.py for tasks to queue
[2022-11-16 17:02:32,462] {logging_mixin.py:109} INFO - [2022-11-16 17:02:32,462] {dagbag.py:496} INFO - Filling up the DagBag from /home/airflow/.local/lib/python3.6/site-packages/airflow/example_dags/example_nested_branch_dag.py
[2022-11-16 17:02:32,480] {processor.py:623} INFO - DAG(s) dict_keys(['example_nested_branch_dag']) retrieved from /home/airflow/.local/lib/python3.6/site-packages/airflow/example_dags/example_nested_branch_dag.py
[2022-11-16 17:02:32,508] {logging_mixin.py:109} INFO - [2022-11-16 17:02:32,508] {dag.py:1833} INFO - Sync 1 DAGs
[2022-11-16 17:02:32,530] {logging_mixin.py:109} INFO - [2022-11-16 17:02:32,530] {dag.py:2306} INFO - Setting next_dagrun for example_nested_branch_dag to 2022-11-14 00:00:00+00:00
[2022-11-16 17:02:32,545] {processor.py:170} INFO - Processing /home/airflow/.local/lib/python3.6/site-packages/airflow/example_dags/example_nested_branch_dag.py took 0.092 seconds
[2022-11-16 17:03:02,863] {processor.py:162} INFO - Started process (PID=1158) to work on /home/airflow/.local/lib/python3.6/site-packages/airflow/example_dags/example_nested_branch_dag.py
[2022-11-16 17:03:02,867] {processor.py:613} INFO - Processing file /home/airflow/.local/lib/python3.6/site-packages/airflow/example_dags/example_nested_branch_dag.py for tasks to queue
[2022-11-16 17:03:02,870] {logging_mixin.py:109} INFO - [2022-11-16 17:03:02,870] {dagbag.py:496} INFO - Filling up the DagBag from /home/airflow/.local/lib/python3.6/site-packages/airflow/example_dags/example_nested_branch_dag.py
[2022-11-16 17:03:02,901] {processor.py:623} INFO - DAG(s) dict_keys(['example_nested_branch_dag']) retrieved from /home/airflow/.local/lib/python3.6/site-packages/airflow/example_dags/example_nested_branch_dag.py
[2022-11-16 17:03:02,939] {logging_mixin.py:109} INFO - [2022-11-16 17:03:02,939] {dag.py:1833} INFO - Sync 1 DAGs
[2022-11-16 17:03:02,979] {logging_mixin.py:109} INFO - [2022-11-16 17:03:02,979] {dag.py:2306} INFO - Setting next_dagrun for example_nested_branch_dag to 2022-11-14 00:00:00+00:00
[2022-11-16 17:03:02,994] {processor.py:170} INFO - Processing /home/airflow/.local/lib/python3.6/site-packages/airflow/example_dags/example_nested_branch_dag.py took 0.140 seconds
[2022-11-16 17:03:33,371] {processor.py:162} INFO - Started process (PID=1220) to work on /home/airflow/.local/lib/python3.6/site-packages/airflow/example_dags/example_nested_branch_dag.py
[2022-11-16 17:03:33,374] {processor.py:613} INFO - Processing file /home/airflow/.local/lib/python3.6/site-packages/airflow/example_dags/example_nested_branch_dag.py for tasks to queue
[2022-11-16 17:03:33,376] {logging_mixin.py:109} INFO - [2022-11-16 17:03:33,375] {dagbag.py:496} INFO - Filling up the DagBag from /home/airflow/.local/lib/python3.6/site-packages/airflow/example_dags/example_nested_branch_dag.py
[2022-11-16 17:03:33,405] {processor.py:623} INFO - DAG(s) dict_keys(['example_nested_branch_dag']) retrieved from /home/airflow/.local/lib/python3.6/site-packages/airflow/example_dags/example_nested_branch_dag.py
[2022-11-16 17:03:33,446] {logging_mixin.py:109} INFO - [2022-11-16 17:03:33,446] {dag.py:1833} INFO - Sync 1 DAGs
[2022-11-16 17:03:33,470] {logging_mixin.py:109} INFO - [2022-11-16 17:03:33,470] {dag.py:2306} INFO - Setting next_dagrun for example_nested_branch_dag to 2022-11-14 00:00:00+00:00
[2022-11-16 17:03:33,484] {processor.py:170} INFO - Processing /home/airflow/.local/lib/python3.6/site-packages/airflow/example_dags/example_nested_branch_dag.py took 0.119 seconds
[2022-11-16 17:04:54,157] {processor.py:162} INFO - Started process (PID=62) to work on /home/airflow/.local/lib/python3.6/site-packages/airflow/example_dags/example_nested_branch_dag.py
[2022-11-16 17:04:54,163] {processor.py:613} INFO - Processing file /home/airflow/.local/lib/python3.6/site-packages/airflow/example_dags/example_nested_branch_dag.py for tasks to queue
[2022-11-16 17:04:54,165] {logging_mixin.py:109} INFO - [2022-11-16 17:04:54,165] {dagbag.py:496} INFO - Filling up the DagBag from /home/airflow/.local/lib/python3.6/site-packages/airflow/example_dags/example_nested_branch_dag.py
[2022-11-16 17:04:54,193] {processor.py:623} INFO - DAG(s) dict_keys(['example_nested_branch_dag']) retrieved from /home/airflow/.local/lib/python3.6/site-packages/airflow/example_dags/example_nested_branch_dag.py
[2022-11-16 17:04:54,237] {logging_mixin.py:109} INFO - [2022-11-16 17:04:54,237] {dag.py:1833} INFO - Sync 1 DAGs
[2022-11-16 17:04:54,276] {logging_mixin.py:109} INFO - [2022-11-16 17:04:54,275] {dag.py:2306} INFO - Setting next_dagrun for example_nested_branch_dag to 2022-11-14 00:00:00+00:00
[2022-11-16 17:04:54,294] {processor.py:170} INFO - Processing /home/airflow/.local/lib/python3.6/site-packages/airflow/example_dags/example_nested_branch_dag.py took 0.145 seconds
[2022-11-16 17:05:25,439] {processor.py:162} INFO - Started process (PID=114) to work on /home/airflow/.local/lib/python3.6/site-packages/airflow/example_dags/example_nested_branch_dag.py
[2022-11-16 17:05:25,504] {processor.py:613} INFO - Processing file /home/airflow/.local/lib/python3.6/site-packages/airflow/example_dags/example_nested_branch_dag.py for tasks to queue
[2022-11-16 17:05:25,505] {logging_mixin.py:109} INFO - [2022-11-16 17:05:25,505] {dagbag.py:496} INFO - Filling up the DagBag from /home/airflow/.local/lib/python3.6/site-packages/airflow/example_dags/example_nested_branch_dag.py
[2022-11-16 17:05:25,525] {processor.py:623} INFO - DAG(s) dict_keys(['example_nested_branch_dag']) retrieved from /home/airflow/.local/lib/python3.6/site-packages/airflow/example_dags/example_nested_branch_dag.py
[2022-11-16 17:05:25,564] {logging_mixin.py:109} INFO - [2022-11-16 17:05:25,564] {dag.py:1833} INFO - Sync 1 DAGs
[2022-11-16 17:05:25,587] {logging_mixin.py:109} INFO - [2022-11-16 17:05:25,586] {dag.py:2306} INFO - Setting next_dagrun for example_nested_branch_dag to 2022-11-14 00:00:00+00:00
[2022-11-16 17:05:25,606] {processor.py:170} INFO - Processing /home/airflow/.local/lib/python3.6/site-packages/airflow/example_dags/example_nested_branch_dag.py took 0.171 seconds
[2022-11-16 17:05:56,238] {processor.py:162} INFO - Started process (PID=166) to work on /home/airflow/.local/lib/python3.6/site-packages/airflow/example_dags/example_nested_branch_dag.py
[2022-11-16 17:05:56,243] {processor.py:613} INFO - Processing file /home/airflow/.local/lib/python3.6/site-packages/airflow/example_dags/example_nested_branch_dag.py for tasks to queue
[2022-11-16 17:05:56,245] {logging_mixin.py:109} INFO - [2022-11-16 17:05:56,245] {dagbag.py:496} INFO - Filling up the DagBag from /home/airflow/.local/lib/python3.6/site-packages/airflow/example_dags/example_nested_branch_dag.py
[2022-11-16 17:05:56,284] {processor.py:623} INFO - DAG(s) dict_keys(['example_nested_branch_dag']) retrieved from /home/airflow/.local/lib/python3.6/site-packages/airflow/example_dags/example_nested_branch_dag.py
[2022-11-16 17:05:56,326] {logging_mixin.py:109} INFO - [2022-11-16 17:05:56,326] {dag.py:1833} INFO - Sync 1 DAGs
[2022-11-16 17:05:56,357] {logging_mixin.py:109} INFO - [2022-11-16 17:05:56,356] {dag.py:2306} INFO - Setting next_dagrun for example_nested_branch_dag to 2022-11-14 00:00:00+00:00
[2022-11-16 17:05:56,376] {processor.py:170} INFO - Processing /home/airflow/.local/lib/python3.6/site-packages/airflow/example_dags/example_nested_branch_dag.py took 0.144 seconds
