[2022-11-16 16:55:12,515] {processor.py:162} INFO - Started process (PID=170) to work on /home/airflow/.local/lib/python3.6/site-packages/airflow/example_dags/tutorial_taskflow_api_etl.py
[2022-11-16 16:55:12,518] {processor.py:613} INFO - Processing file /home/airflow/.local/lib/python3.6/site-packages/airflow/example_dags/tutorial_taskflow_api_etl.py for tasks to queue
[2022-11-16 16:55:12,520] {logging_mixin.py:109} INFO - [2022-11-16 16:55:12,519] {dagbag.py:496} INFO - Filling up the DagBag from /home/airflow/.local/lib/python3.6/site-packages/airflow/example_dags/tutorial_taskflow_api_etl.py
[2022-11-16 16:55:12,566] {processor.py:623} INFO - DAG(s) dict_keys(['tutorial_taskflow_api_etl']) retrieved from /home/airflow/.local/lib/python3.6/site-packages/airflow/example_dags/tutorial_taskflow_api_etl.py
[2022-11-16 16:55:15,691] {logging_mixin.py:109} INFO - [2022-11-16 16:55:15,689] {dag.py:1833} INFO - Sync 1 DAGs
[2022-11-16 16:55:15,706] {logging_mixin.py:109} INFO - [2022-11-16 16:55:15,704] {dag.py:1852} INFO - Creating ORM DAG for tutorial_taskflow_api_etl
[2022-11-16 16:55:15,713] {logging_mixin.py:109} INFO - [2022-11-16 16:55:15,713] {dag.py:2306} INFO - Setting next_dagrun for tutorial_taskflow_api_etl to None
[2022-11-16 16:55:15,732] {processor.py:170} INFO - Processing /home/airflow/.local/lib/python3.6/site-packages/airflow/example_dags/tutorial_taskflow_api_etl.py took 3.226 seconds
[2022-11-16 16:55:45,881] {processor.py:162} INFO - Started process (PID=375) to work on /home/airflow/.local/lib/python3.6/site-packages/airflow/example_dags/tutorial_taskflow_api_etl.py
[2022-11-16 16:55:45,882] {processor.py:613} INFO - Processing file /home/airflow/.local/lib/python3.6/site-packages/airflow/example_dags/tutorial_taskflow_api_etl.py for tasks to queue
[2022-11-16 16:55:45,884] {logging_mixin.py:109} INFO - [2022-11-16 16:55:45,883] {dagbag.py:496} INFO - Filling up the DagBag from /home/airflow/.local/lib/python3.6/site-packages/airflow/example_dags/tutorial_taskflow_api_etl.py
[2022-11-16 16:55:45,902] {processor.py:623} INFO - DAG(s) dict_keys(['tutorial_taskflow_api_etl']) retrieved from /home/airflow/.local/lib/python3.6/site-packages/airflow/example_dags/tutorial_taskflow_api_etl.py
[2022-11-16 16:55:46,122] {logging_mixin.py:109} INFO - [2022-11-16 16:55:46,122] {dag.py:1833} INFO - Sync 1 DAGs
[2022-11-16 16:55:46,142] {logging_mixin.py:109} INFO - [2022-11-16 16:55:46,142] {dag.py:2306} INFO - Setting next_dagrun for tutorial_taskflow_api_etl to None
[2022-11-16 16:55:46,158] {processor.py:170} INFO - Processing /home/airflow/.local/lib/python3.6/site-packages/airflow/example_dags/tutorial_taskflow_api_etl.py took 0.281 seconds
[2022-11-16 16:56:16,382] {processor.py:162} INFO - Started process (PID=427) to work on /home/airflow/.local/lib/python3.6/site-packages/airflow/example_dags/tutorial_taskflow_api_etl.py
[2022-11-16 16:56:16,385] {processor.py:613} INFO - Processing file /home/airflow/.local/lib/python3.6/site-packages/airflow/example_dags/tutorial_taskflow_api_etl.py for tasks to queue
[2022-11-16 16:56:16,386] {logging_mixin.py:109} INFO - [2022-11-16 16:56:16,386] {dagbag.py:496} INFO - Filling up the DagBag from /home/airflow/.local/lib/python3.6/site-packages/airflow/example_dags/tutorial_taskflow_api_etl.py
[2022-11-16 16:56:16,412] {processor.py:623} INFO - DAG(s) dict_keys(['tutorial_taskflow_api_etl']) retrieved from /home/airflow/.local/lib/python3.6/site-packages/airflow/example_dags/tutorial_taskflow_api_etl.py
[2022-11-16 16:56:16,833] {logging_mixin.py:109} INFO - [2022-11-16 16:56:16,833] {dag.py:1833} INFO - Sync 1 DAGs
[2022-11-16 16:56:16,868] {logging_mixin.py:109} INFO - [2022-11-16 16:56:16,868] {dag.py:2306} INFO - Setting next_dagrun for tutorial_taskflow_api_etl to None
[2022-11-16 16:56:16,920] {processor.py:170} INFO - Processing /home/airflow/.local/lib/python3.6/site-packages/airflow/example_dags/tutorial_taskflow_api_etl.py took 0.545 seconds
[2022-11-16 16:56:47,007] {processor.py:162} INFO - Started process (PID=487) to work on /home/airflow/.local/lib/python3.6/site-packages/airflow/example_dags/tutorial_taskflow_api_etl.py
[2022-11-16 16:56:47,013] {processor.py:613} INFO - Processing file /home/airflow/.local/lib/python3.6/site-packages/airflow/example_dags/tutorial_taskflow_api_etl.py for tasks to queue
[2022-11-16 16:56:47,017] {logging_mixin.py:109} INFO - [2022-11-16 16:56:47,016] {dagbag.py:496} INFO - Filling up the DagBag from /home/airflow/.local/lib/python3.6/site-packages/airflow/example_dags/tutorial_taskflow_api_etl.py
[2022-11-16 16:56:47,078] {processor.py:623} INFO - DAG(s) dict_keys(['tutorial_taskflow_api_etl']) retrieved from /home/airflow/.local/lib/python3.6/site-packages/airflow/example_dags/tutorial_taskflow_api_etl.py
[2022-11-16 16:56:47,585] {logging_mixin.py:109} INFO - [2022-11-16 16:56:47,584] {dag.py:1833} INFO - Sync 1 DAGs
[2022-11-16 16:56:47,600] {logging_mixin.py:109} INFO - [2022-11-16 16:56:47,600] {dag.py:2306} INFO - Setting next_dagrun for tutorial_taskflow_api_etl to None
[2022-11-16 16:56:47,617] {processor.py:170} INFO - Processing /home/airflow/.local/lib/python3.6/site-packages/airflow/example_dags/tutorial_taskflow_api_etl.py took 0.621 seconds
[2022-11-16 16:57:17,672] {processor.py:162} INFO - Started process (PID=539) to work on /home/airflow/.local/lib/python3.6/site-packages/airflow/example_dags/tutorial_taskflow_api_etl.py
[2022-11-16 16:57:17,675] {processor.py:613} INFO - Processing file /home/airflow/.local/lib/python3.6/site-packages/airflow/example_dags/tutorial_taskflow_api_etl.py for tasks to queue
[2022-11-16 16:57:17,678] {logging_mixin.py:109} INFO - [2022-11-16 16:57:17,677] {dagbag.py:496} INFO - Filling up the DagBag from /home/airflow/.local/lib/python3.6/site-packages/airflow/example_dags/tutorial_taskflow_api_etl.py
[2022-11-16 16:57:17,705] {processor.py:623} INFO - DAG(s) dict_keys(['tutorial_taskflow_api_etl']) retrieved from /home/airflow/.local/lib/python3.6/site-packages/airflow/example_dags/tutorial_taskflow_api_etl.py
[2022-11-16 16:57:17,979] {logging_mixin.py:109} INFO - [2022-11-16 16:57:17,978] {dag.py:1833} INFO - Sync 1 DAGs
[2022-11-16 16:57:17,996] {logging_mixin.py:109} INFO - [2022-11-16 16:57:17,995] {dag.py:2306} INFO - Setting next_dagrun for tutorial_taskflow_api_etl to None
[2022-11-16 16:57:18,013] {processor.py:170} INFO - Processing /home/airflow/.local/lib/python3.6/site-packages/airflow/example_dags/tutorial_taskflow_api_etl.py took 0.350 seconds
[2022-11-16 16:57:48,106] {processor.py:162} INFO - Started process (PID=599) to work on /home/airflow/.local/lib/python3.6/site-packages/airflow/example_dags/tutorial_taskflow_api_etl.py
[2022-11-16 16:57:48,108] {processor.py:613} INFO - Processing file /home/airflow/.local/lib/python3.6/site-packages/airflow/example_dags/tutorial_taskflow_api_etl.py for tasks to queue
[2022-11-16 16:57:48,110] {logging_mixin.py:109} INFO - [2022-11-16 16:57:48,109] {dagbag.py:496} INFO - Filling up the DagBag from /home/airflow/.local/lib/python3.6/site-packages/airflow/example_dags/tutorial_taskflow_api_etl.py
[2022-11-16 16:57:48,138] {processor.py:623} INFO - DAG(s) dict_keys(['tutorial_taskflow_api_etl']) retrieved from /home/airflow/.local/lib/python3.6/site-packages/airflow/example_dags/tutorial_taskflow_api_etl.py
[2022-11-16 16:57:48,467] {logging_mixin.py:109} INFO - [2022-11-16 16:57:48,467] {dag.py:1833} INFO - Sync 1 DAGs
[2022-11-16 16:57:48,495] {logging_mixin.py:109} INFO - [2022-11-16 16:57:48,495] {dag.py:2306} INFO - Setting next_dagrun for tutorial_taskflow_api_etl to None
[2022-11-16 16:57:48,512] {processor.py:170} INFO - Processing /home/airflow/.local/lib/python3.6/site-packages/airflow/example_dags/tutorial_taskflow_api_etl.py took 0.410 seconds
[2022-11-16 16:58:18,620] {processor.py:162} INFO - Started process (PID=650) to work on /home/airflow/.local/lib/python3.6/site-packages/airflow/example_dags/tutorial_taskflow_api_etl.py
[2022-11-16 16:58:18,623] {processor.py:613} INFO - Processing file /home/airflow/.local/lib/python3.6/site-packages/airflow/example_dags/tutorial_taskflow_api_etl.py for tasks to queue
[2022-11-16 16:58:18,626] {logging_mixin.py:109} INFO - [2022-11-16 16:58:18,625] {dagbag.py:496} INFO - Filling up the DagBag from /home/airflow/.local/lib/python3.6/site-packages/airflow/example_dags/tutorial_taskflow_api_etl.py
[2022-11-16 16:58:18,655] {processor.py:623} INFO - DAG(s) dict_keys(['tutorial_taskflow_api_etl']) retrieved from /home/airflow/.local/lib/python3.6/site-packages/airflow/example_dags/tutorial_taskflow_api_etl.py
[2022-11-16 16:58:18,680] {logging_mixin.py:109} INFO - [2022-11-16 16:58:18,680] {dag.py:1833} INFO - Sync 1 DAGs
[2022-11-16 16:58:18,700] {logging_mixin.py:109} INFO - [2022-11-16 16:58:18,700] {dag.py:2306} INFO - Setting next_dagrun for tutorial_taskflow_api_etl to None
[2022-11-16 16:58:18,713] {processor.py:170} INFO - Processing /home/airflow/.local/lib/python3.6/site-packages/airflow/example_dags/tutorial_taskflow_api_etl.py took 0.107 seconds
[2022-11-16 16:58:49,230] {processor.py:162} INFO - Started process (PID=701) to work on /home/airflow/.local/lib/python3.6/site-packages/airflow/example_dags/tutorial_taskflow_api_etl.py
[2022-11-16 16:58:49,236] {processor.py:613} INFO - Processing file /home/airflow/.local/lib/python3.6/site-packages/airflow/example_dags/tutorial_taskflow_api_etl.py for tasks to queue
[2022-11-16 16:58:49,239] {logging_mixin.py:109} INFO - [2022-11-16 16:58:49,239] {dagbag.py:496} INFO - Filling up the DagBag from /home/airflow/.local/lib/python3.6/site-packages/airflow/example_dags/tutorial_taskflow_api_etl.py
[2022-11-16 16:58:49,300] {processor.py:623} INFO - DAG(s) dict_keys(['tutorial_taskflow_api_etl']) retrieved from /home/airflow/.local/lib/python3.6/site-packages/airflow/example_dags/tutorial_taskflow_api_etl.py
[2022-11-16 16:58:49,649] {logging_mixin.py:109} INFO - [2022-11-16 16:58:49,648] {dag.py:1833} INFO - Sync 1 DAGs
[2022-11-16 16:58:49,667] {logging_mixin.py:109} INFO - [2022-11-16 16:58:49,667] {dag.py:2306} INFO - Setting next_dagrun for tutorial_taskflow_api_etl to None
[2022-11-16 16:58:49,685] {processor.py:170} INFO - Processing /home/airflow/.local/lib/python3.6/site-packages/airflow/example_dags/tutorial_taskflow_api_etl.py took 0.469 seconds
[2022-11-16 16:59:20,256] {processor.py:162} INFO - Started process (PID=763) to work on /home/airflow/.local/lib/python3.6/site-packages/airflow/example_dags/tutorial_taskflow_api_etl.py
[2022-11-16 16:59:20,261] {processor.py:613} INFO - Processing file /home/airflow/.local/lib/python3.6/site-packages/airflow/example_dags/tutorial_taskflow_api_etl.py for tasks to queue
[2022-11-16 16:59:20,262] {logging_mixin.py:109} INFO - [2022-11-16 16:59:20,262] {dagbag.py:496} INFO - Filling up the DagBag from /home/airflow/.local/lib/python3.6/site-packages/airflow/example_dags/tutorial_taskflow_api_etl.py
[2022-11-16 16:59:20,291] {processor.py:623} INFO - DAG(s) dict_keys(['tutorial_taskflow_api_etl']) retrieved from /home/airflow/.local/lib/python3.6/site-packages/airflow/example_dags/tutorial_taskflow_api_etl.py
[2022-11-16 16:59:20,629] {logging_mixin.py:109} INFO - [2022-11-16 16:59:20,628] {dag.py:1833} INFO - Sync 1 DAGs
[2022-11-16 16:59:20,650] {logging_mixin.py:109} INFO - [2022-11-16 16:59:20,650] {dag.py:2306} INFO - Setting next_dagrun for tutorial_taskflow_api_etl to None
[2022-11-16 16:59:20,666] {processor.py:170} INFO - Processing /home/airflow/.local/lib/python3.6/site-packages/airflow/example_dags/tutorial_taskflow_api_etl.py took 0.421 seconds
[2022-11-16 16:59:51,175] {processor.py:162} INFO - Started process (PID=814) to work on /home/airflow/.local/lib/python3.6/site-packages/airflow/example_dags/tutorial_taskflow_api_etl.py
[2022-11-16 16:59:51,178] {processor.py:613} INFO - Processing file /home/airflow/.local/lib/python3.6/site-packages/airflow/example_dags/tutorial_taskflow_api_etl.py for tasks to queue
[2022-11-16 16:59:51,181] {logging_mixin.py:109} INFO - [2022-11-16 16:59:51,180] {dagbag.py:496} INFO - Filling up the DagBag from /home/airflow/.local/lib/python3.6/site-packages/airflow/example_dags/tutorial_taskflow_api_etl.py
[2022-11-16 16:59:51,219] {processor.py:623} INFO - DAG(s) dict_keys(['tutorial_taskflow_api_etl']) retrieved from /home/airflow/.local/lib/python3.6/site-packages/airflow/example_dags/tutorial_taskflow_api_etl.py
[2022-11-16 16:59:51,519] {logging_mixin.py:109} INFO - [2022-11-16 16:59:51,519] {dag.py:1833} INFO - Sync 1 DAGs
[2022-11-16 16:59:51,547] {logging_mixin.py:109} INFO - [2022-11-16 16:59:51,547] {dag.py:2306} INFO - Setting next_dagrun for tutorial_taskflow_api_etl to None
[2022-11-16 16:59:51,571] {processor.py:170} INFO - Processing /home/airflow/.local/lib/python3.6/site-packages/airflow/example_dags/tutorial_taskflow_api_etl.py took 0.401 seconds
[2022-11-16 17:00:21,633] {processor.py:162} INFO - Started process (PID=875) to work on /home/airflow/.local/lib/python3.6/site-packages/airflow/example_dags/tutorial_taskflow_api_etl.py
[2022-11-16 17:00:21,635] {processor.py:613} INFO - Processing file /home/airflow/.local/lib/python3.6/site-packages/airflow/example_dags/tutorial_taskflow_api_etl.py for tasks to queue
[2022-11-16 17:00:21,636] {logging_mixin.py:109} INFO - [2022-11-16 17:00:21,636] {dagbag.py:496} INFO - Filling up the DagBag from /home/airflow/.local/lib/python3.6/site-packages/airflow/example_dags/tutorial_taskflow_api_etl.py
[2022-11-16 17:00:21,655] {processor.py:623} INFO - DAG(s) dict_keys(['tutorial_taskflow_api_etl']) retrieved from /home/airflow/.local/lib/python3.6/site-packages/airflow/example_dags/tutorial_taskflow_api_etl.py
[2022-11-16 17:00:21,923] {logging_mixin.py:109} INFO - [2022-11-16 17:00:21,923] {dag.py:1833} INFO - Sync 1 DAGs
[2022-11-16 17:00:21,940] {logging_mixin.py:109} INFO - [2022-11-16 17:00:21,940] {dag.py:2306} INFO - Setting next_dagrun for tutorial_taskflow_api_etl to None
[2022-11-16 17:00:21,958] {processor.py:170} INFO - Processing /home/airflow/.local/lib/python3.6/site-packages/airflow/example_dags/tutorial_taskflow_api_etl.py took 0.329 seconds
[2022-11-16 17:00:52,121] {processor.py:162} INFO - Started process (PID=926) to work on /home/airflow/.local/lib/python3.6/site-packages/airflow/example_dags/tutorial_taskflow_api_etl.py
[2022-11-16 17:00:52,127] {processor.py:613} INFO - Processing file /home/airflow/.local/lib/python3.6/site-packages/airflow/example_dags/tutorial_taskflow_api_etl.py for tasks to queue
[2022-11-16 17:00:52,131] {logging_mixin.py:109} INFO - [2022-11-16 17:00:52,130] {dagbag.py:496} INFO - Filling up the DagBag from /home/airflow/.local/lib/python3.6/site-packages/airflow/example_dags/tutorial_taskflow_api_etl.py
[2022-11-16 17:00:52,195] {processor.py:623} INFO - DAG(s) dict_keys(['tutorial_taskflow_api_etl']) retrieved from /home/airflow/.local/lib/python3.6/site-packages/airflow/example_dags/tutorial_taskflow_api_etl.py
[2022-11-16 17:00:52,503] {logging_mixin.py:109} INFO - [2022-11-16 17:00:52,503] {dag.py:1833} INFO - Sync 1 DAGs
[2022-11-16 17:00:52,519] {logging_mixin.py:109} INFO - [2022-11-16 17:00:52,519] {dag.py:2306} INFO - Setting next_dagrun for tutorial_taskflow_api_etl to None
[2022-11-16 17:00:52,534] {processor.py:170} INFO - Processing /home/airflow/.local/lib/python3.6/site-packages/airflow/example_dags/tutorial_taskflow_api_etl.py took 0.431 seconds
[2022-11-16 17:01:22,640] {processor.py:162} INFO - Started process (PID=977) to work on /home/airflow/.local/lib/python3.6/site-packages/airflow/example_dags/tutorial_taskflow_api_etl.py
[2022-11-16 17:01:22,643] {processor.py:613} INFO - Processing file /home/airflow/.local/lib/python3.6/site-packages/airflow/example_dags/tutorial_taskflow_api_etl.py for tasks to queue
[2022-11-16 17:01:22,645] {logging_mixin.py:109} INFO - [2022-11-16 17:01:22,645] {dagbag.py:496} INFO - Filling up the DagBag from /home/airflow/.local/lib/python3.6/site-packages/airflow/example_dags/tutorial_taskflow_api_etl.py
[2022-11-16 17:01:22,669] {processor.py:623} INFO - DAG(s) dict_keys(['tutorial_taskflow_api_etl']) retrieved from /home/airflow/.local/lib/python3.6/site-packages/airflow/example_dags/tutorial_taskflow_api_etl.py
[2022-11-16 17:01:23,022] {logging_mixin.py:109} INFO - [2022-11-16 17:01:23,022] {dag.py:1833} INFO - Sync 1 DAGs
[2022-11-16 17:01:23,046] {logging_mixin.py:109} INFO - [2022-11-16 17:01:23,046] {dag.py:2306} INFO - Setting next_dagrun for tutorial_taskflow_api_etl to None
[2022-11-16 17:01:23,060] {processor.py:170} INFO - Processing /home/airflow/.local/lib/python3.6/site-packages/airflow/example_dags/tutorial_taskflow_api_etl.py took 0.424 seconds
[2022-11-16 17:01:53,817] {processor.py:162} INFO - Started process (PID=1039) to work on /home/airflow/.local/lib/python3.6/site-packages/airflow/example_dags/tutorial_taskflow_api_etl.py
[2022-11-16 17:01:53,820] {processor.py:613} INFO - Processing file /home/airflow/.local/lib/python3.6/site-packages/airflow/example_dags/tutorial_taskflow_api_etl.py for tasks to queue
[2022-11-16 17:01:53,822] {logging_mixin.py:109} INFO - [2022-11-16 17:01:53,822] {dagbag.py:496} INFO - Filling up the DagBag from /home/airflow/.local/lib/python3.6/site-packages/airflow/example_dags/tutorial_taskflow_api_etl.py
[2022-11-16 17:01:53,857] {processor.py:623} INFO - DAG(s) dict_keys(['tutorial_taskflow_api_etl']) retrieved from /home/airflow/.local/lib/python3.6/site-packages/airflow/example_dags/tutorial_taskflow_api_etl.py
[2022-11-16 17:01:54,185] {logging_mixin.py:109} INFO - [2022-11-16 17:01:54,185] {dag.py:1833} INFO - Sync 1 DAGs
[2022-11-16 17:01:54,207] {logging_mixin.py:109} INFO - [2022-11-16 17:01:54,207] {dag.py:2306} INFO - Setting next_dagrun for tutorial_taskflow_api_etl to None
[2022-11-16 17:01:54,236] {processor.py:170} INFO - Processing /home/airflow/.local/lib/python3.6/site-packages/airflow/example_dags/tutorial_taskflow_api_etl.py took 0.430 seconds
[2022-11-16 17:02:25,030] {processor.py:162} INFO - Started process (PID=1090) to work on /home/airflow/.local/lib/python3.6/site-packages/airflow/example_dags/tutorial_taskflow_api_etl.py
[2022-11-16 17:02:25,036] {processor.py:613} INFO - Processing file /home/airflow/.local/lib/python3.6/site-packages/airflow/example_dags/tutorial_taskflow_api_etl.py for tasks to queue
[2022-11-16 17:02:25,040] {logging_mixin.py:109} INFO - [2022-11-16 17:02:25,040] {dagbag.py:496} INFO - Filling up the DagBag from /home/airflow/.local/lib/python3.6/site-packages/airflow/example_dags/tutorial_taskflow_api_etl.py
[2022-11-16 17:02:25,089] {processor.py:623} INFO - DAG(s) dict_keys(['tutorial_taskflow_api_etl']) retrieved from /home/airflow/.local/lib/python3.6/site-packages/airflow/example_dags/tutorial_taskflow_api_etl.py
[2022-11-16 17:02:25,118] {logging_mixin.py:109} INFO - [2022-11-16 17:02:25,118] {dag.py:1833} INFO - Sync 1 DAGs
[2022-11-16 17:02:25,139] {logging_mixin.py:109} INFO - [2022-11-16 17:02:25,139] {dag.py:2306} INFO - Setting next_dagrun for tutorial_taskflow_api_etl to None
[2022-11-16 17:02:25,157] {processor.py:170} INFO - Processing /home/airflow/.local/lib/python3.6/site-packages/airflow/example_dags/tutorial_taskflow_api_etl.py took 0.141 seconds
[2022-11-16 17:02:55,378] {processor.py:162} INFO - Started process (PID=1152) to work on /home/airflow/.local/lib/python3.6/site-packages/airflow/example_dags/tutorial_taskflow_api_etl.py
[2022-11-16 17:02:55,380] {processor.py:613} INFO - Processing file /home/airflow/.local/lib/python3.6/site-packages/airflow/example_dags/tutorial_taskflow_api_etl.py for tasks to queue
[2022-11-16 17:02:55,382] {logging_mixin.py:109} INFO - [2022-11-16 17:02:55,382] {dagbag.py:496} INFO - Filling up the DagBag from /home/airflow/.local/lib/python3.6/site-packages/airflow/example_dags/tutorial_taskflow_api_etl.py
[2022-11-16 17:02:55,404] {processor.py:623} INFO - DAG(s) dict_keys(['tutorial_taskflow_api_etl']) retrieved from /home/airflow/.local/lib/python3.6/site-packages/airflow/example_dags/tutorial_taskflow_api_etl.py
[2022-11-16 17:02:55,672] {logging_mixin.py:109} INFO - [2022-11-16 17:02:55,671] {dag.py:1833} INFO - Sync 1 DAGs
[2022-11-16 17:02:55,687] {logging_mixin.py:109} INFO - [2022-11-16 17:02:55,687] {dag.py:2306} INFO - Setting next_dagrun for tutorial_taskflow_api_etl to None
[2022-11-16 17:02:55,702] {processor.py:170} INFO - Processing /home/airflow/.local/lib/python3.6/site-packages/airflow/example_dags/tutorial_taskflow_api_etl.py took 0.328 seconds
[2022-11-16 17:03:25,873] {processor.py:162} INFO - Started process (PID=1204) to work on /home/airflow/.local/lib/python3.6/site-packages/airflow/example_dags/tutorial_taskflow_api_etl.py
[2022-11-16 17:03:25,875] {processor.py:613} INFO - Processing file /home/airflow/.local/lib/python3.6/site-packages/airflow/example_dags/tutorial_taskflow_api_etl.py for tasks to queue
[2022-11-16 17:03:25,876] {logging_mixin.py:109} INFO - [2022-11-16 17:03:25,876] {dagbag.py:496} INFO - Filling up the DagBag from /home/airflow/.local/lib/python3.6/site-packages/airflow/example_dags/tutorial_taskflow_api_etl.py
[2022-11-16 17:03:25,901] {processor.py:623} INFO - DAG(s) dict_keys(['tutorial_taskflow_api_etl']) retrieved from /home/airflow/.local/lib/python3.6/site-packages/airflow/example_dags/tutorial_taskflow_api_etl.py
[2022-11-16 17:03:26,195] {logging_mixin.py:109} INFO - [2022-11-16 17:03:26,195] {dag.py:1833} INFO - Sync 1 DAGs
[2022-11-16 17:03:26,217] {logging_mixin.py:109} INFO - [2022-11-16 17:03:26,217] {dag.py:2306} INFO - Setting next_dagrun for tutorial_taskflow_api_etl to None
[2022-11-16 17:03:26,230] {processor.py:170} INFO - Processing /home/airflow/.local/lib/python3.6/site-packages/airflow/example_dags/tutorial_taskflow_api_etl.py took 0.360 seconds
[2022-11-16 17:04:53,141] {processor.py:162} INFO - Started process (PID=55) to work on /home/airflow/.local/lib/python3.6/site-packages/airflow/example_dags/tutorial_taskflow_api_etl.py
[2022-11-16 17:04:53,145] {processor.py:613} INFO - Processing file /home/airflow/.local/lib/python3.6/site-packages/airflow/example_dags/tutorial_taskflow_api_etl.py for tasks to queue
[2022-11-16 17:04:53,147] {logging_mixin.py:109} INFO - [2022-11-16 17:04:53,147] {dagbag.py:496} INFO - Filling up the DagBag from /home/airflow/.local/lib/python3.6/site-packages/airflow/example_dags/tutorial_taskflow_api_etl.py
[2022-11-16 17:04:53,179] {processor.py:623} INFO - DAG(s) dict_keys(['tutorial_taskflow_api_etl']) retrieved from /home/airflow/.local/lib/python3.6/site-packages/airflow/example_dags/tutorial_taskflow_api_etl.py
[2022-11-16 17:04:53,646] {logging_mixin.py:109} INFO - [2022-11-16 17:04:53,637] {dag.py:1833} INFO - Sync 1 DAGs
[2022-11-16 17:04:53,684] {logging_mixin.py:109} INFO - [2022-11-16 17:04:53,684] {dag.py:2306} INFO - Setting next_dagrun for tutorial_taskflow_api_etl to None
[2022-11-16 17:04:53,711] {processor.py:170} INFO - Processing /home/airflow/.local/lib/python3.6/site-packages/airflow/example_dags/tutorial_taskflow_api_etl.py took 0.576 seconds
[2022-11-16 17:05:25,072] {processor.py:162} INFO - Started process (PID=109) to work on /home/airflow/.local/lib/python3.6/site-packages/airflow/example_dags/tutorial_taskflow_api_etl.py
[2022-11-16 17:05:25,088] {processor.py:613} INFO - Processing file /home/airflow/.local/lib/python3.6/site-packages/airflow/example_dags/tutorial_taskflow_api_etl.py for tasks to queue
[2022-11-16 17:05:25,090] {logging_mixin.py:109} INFO - [2022-11-16 17:05:25,089] {dagbag.py:496} INFO - Filling up the DagBag from /home/airflow/.local/lib/python3.6/site-packages/airflow/example_dags/tutorial_taskflow_api_etl.py
[2022-11-16 17:05:25,110] {processor.py:623} INFO - DAG(s) dict_keys(['tutorial_taskflow_api_etl']) retrieved from /home/airflow/.local/lib/python3.6/site-packages/airflow/example_dags/tutorial_taskflow_api_etl.py
[2022-11-16 17:05:25,139] {logging_mixin.py:109} INFO - [2022-11-16 17:05:25,138] {dag.py:1833} INFO - Sync 1 DAGs
[2022-11-16 17:05:25,164] {logging_mixin.py:109} INFO - [2022-11-16 17:05:25,164] {dag.py:2306} INFO - Setting next_dagrun for tutorial_taskflow_api_etl to None
[2022-11-16 17:05:25,179] {processor.py:170} INFO - Processing /home/airflow/.local/lib/python3.6/site-packages/airflow/example_dags/tutorial_taskflow_api_etl.py took 0.111 seconds
[2022-11-16 17:05:55,897] {processor.py:162} INFO - Started process (PID=161) to work on /home/airflow/.local/lib/python3.6/site-packages/airflow/example_dags/tutorial_taskflow_api_etl.py
[2022-11-16 17:05:55,899] {processor.py:613} INFO - Processing file /home/airflow/.local/lib/python3.6/site-packages/airflow/example_dags/tutorial_taskflow_api_etl.py for tasks to queue
[2022-11-16 17:05:55,900] {logging_mixin.py:109} INFO - [2022-11-16 17:05:55,900] {dagbag.py:496} INFO - Filling up the DagBag from /home/airflow/.local/lib/python3.6/site-packages/airflow/example_dags/tutorial_taskflow_api_etl.py
[2022-11-16 17:05:55,921] {processor.py:623} INFO - DAG(s) dict_keys(['tutorial_taskflow_api_etl']) retrieved from /home/airflow/.local/lib/python3.6/site-packages/airflow/example_dags/tutorial_taskflow_api_etl.py
[2022-11-16 17:05:55,950] {logging_mixin.py:109} INFO - [2022-11-16 17:05:55,949] {dag.py:1833} INFO - Sync 1 DAGs
[2022-11-16 17:05:55,973] {logging_mixin.py:109} INFO - [2022-11-16 17:05:55,973] {dag.py:2306} INFO - Setting next_dagrun for tutorial_taskflow_api_etl to None
[2022-11-16 17:05:55,986] {processor.py:170} INFO - Processing /home/airflow/.local/lib/python3.6/site-packages/airflow/example_dags/tutorial_taskflow_api_etl.py took 0.093 seconds
