[2022-11-16 16:55:12,516] {processor.py:162} INFO - Started process (PID=171) to work on /home/airflow/.local/lib/python3.6/site-packages/airflow/example_dags/tutorial.py
[2022-11-16 16:55:12,519] {processor.py:613} INFO - Processing file /home/airflow/.local/lib/python3.6/site-packages/airflow/example_dags/tutorial.py for tasks to queue
[2022-11-16 16:55:12,521] {logging_mixin.py:109} INFO - [2022-11-16 16:55:12,521] {dagbag.py:496} INFO - Filling up the DagBag from /home/airflow/.local/lib/python3.6/site-packages/airflow/example_dags/tutorial.py
[2022-11-16 16:55:12,554] {processor.py:623} INFO - DAG(s) dict_keys(['tutorial']) retrieved from /home/airflow/.local/lib/python3.6/site-packages/airflow/example_dags/tutorial.py
[2022-11-16 16:55:15,679] {logging_mixin.py:109} INFO - [2022-11-16 16:55:15,678] {dag.py:1833} INFO - Sync 1 DAGs
[2022-11-16 16:55:15,693] {logging_mixin.py:109} INFO - [2022-11-16 16:55:15,692] {dag.py:1852} INFO - Creating ORM DAG for tutorial
[2022-11-16 16:55:15,702] {logging_mixin.py:109} INFO - [2022-11-16 16:55:15,701] {dag.py:2306} INFO - Setting next_dagrun for tutorial to 2022-11-14 00:00:00+00:00
[2022-11-16 16:55:15,718] {processor.py:170} INFO - Processing /home/airflow/.local/lib/python3.6/site-packages/airflow/example_dags/tutorial.py took 3.211 seconds
[2022-11-16 16:55:45,881] {processor.py:162} INFO - Started process (PID=376) to work on /home/airflow/.local/lib/python3.6/site-packages/airflow/example_dags/tutorial.py
[2022-11-16 16:55:45,882] {processor.py:613} INFO - Processing file /home/airflow/.local/lib/python3.6/site-packages/airflow/example_dags/tutorial.py for tasks to queue
[2022-11-16 16:55:45,884] {logging_mixin.py:109} INFO - [2022-11-16 16:55:45,883] {dagbag.py:496} INFO - Filling up the DagBag from /home/airflow/.local/lib/python3.6/site-packages/airflow/example_dags/tutorial.py
[2022-11-16 16:55:45,897] {processor.py:623} INFO - DAG(s) dict_keys(['tutorial']) retrieved from /home/airflow/.local/lib/python3.6/site-packages/airflow/example_dags/tutorial.py
[2022-11-16 16:55:45,925] {logging_mixin.py:109} INFO - [2022-11-16 16:55:45,925] {dag.py:1833} INFO - Sync 1 DAGs
[2022-11-16 16:55:45,943] {logging_mixin.py:109} INFO - [2022-11-16 16:55:45,943] {dag.py:2306} INFO - Setting next_dagrun for tutorial to 2022-11-14 00:00:00+00:00
[2022-11-16 16:55:45,956] {processor.py:170} INFO - Processing /home/airflow/.local/lib/python3.6/site-packages/airflow/example_dags/tutorial.py took 0.080 seconds
[2022-11-16 16:56:16,187] {processor.py:162} INFO - Started process (PID=426) to work on /home/airflow/.local/lib/python3.6/site-packages/airflow/example_dags/tutorial.py
[2022-11-16 16:56:16,191] {processor.py:613} INFO - Processing file /home/airflow/.local/lib/python3.6/site-packages/airflow/example_dags/tutorial.py for tasks to queue
[2022-11-16 16:56:16,194] {logging_mixin.py:109} INFO - [2022-11-16 16:56:16,194] {dagbag.py:496} INFO - Filling up the DagBag from /home/airflow/.local/lib/python3.6/site-packages/airflow/example_dags/tutorial.py
[2022-11-16 16:56:16,237] {processor.py:623} INFO - DAG(s) dict_keys(['tutorial']) retrieved from /home/airflow/.local/lib/python3.6/site-packages/airflow/example_dags/tutorial.py
[2022-11-16 16:56:16,281] {logging_mixin.py:109} INFO - [2022-11-16 16:56:16,280] {dag.py:1833} INFO - Sync 1 DAGs
[2022-11-16 16:56:16,304] {logging_mixin.py:109} INFO - [2022-11-16 16:56:16,304] {dag.py:2306} INFO - Setting next_dagrun for tutorial to 2022-11-14 00:00:00+00:00
[2022-11-16 16:56:16,322] {processor.py:170} INFO - Processing /home/airflow/.local/lib/python3.6/site-packages/airflow/example_dags/tutorial.py took 0.146 seconds
[2022-11-16 16:56:47,008] {processor.py:162} INFO - Started process (PID=488) to work on /home/airflow/.local/lib/python3.6/site-packages/airflow/example_dags/tutorial.py
[2022-11-16 16:56:47,013] {processor.py:613} INFO - Processing file /home/airflow/.local/lib/python3.6/site-packages/airflow/example_dags/tutorial.py for tasks to queue
[2022-11-16 16:56:47,017] {logging_mixin.py:109} INFO - [2022-11-16 16:56:47,016] {dagbag.py:496} INFO - Filling up the DagBag from /home/airflow/.local/lib/python3.6/site-packages/airflow/example_dags/tutorial.py
[2022-11-16 16:56:47,064] {processor.py:623} INFO - DAG(s) dict_keys(['tutorial']) retrieved from /home/airflow/.local/lib/python3.6/site-packages/airflow/example_dags/tutorial.py
[2022-11-16 16:56:47,137] {logging_mixin.py:109} INFO - [2022-11-16 16:56:47,137] {dag.py:1833} INFO - Sync 1 DAGs
[2022-11-16 16:56:47,195] {logging_mixin.py:109} INFO - [2022-11-16 16:56:47,194] {dag.py:2306} INFO - Setting next_dagrun for tutorial to 2022-11-14 00:00:00+00:00
[2022-11-16 16:56:47,229] {processor.py:170} INFO - Processing /home/airflow/.local/lib/python3.6/site-packages/airflow/example_dags/tutorial.py took 0.232 seconds
[2022-11-16 16:57:17,382] {processor.py:162} INFO - Started process (PID=538) to work on /home/airflow/.local/lib/python3.6/site-packages/airflow/example_dags/tutorial.py
[2022-11-16 16:57:17,387] {processor.py:613} INFO - Processing file /home/airflow/.local/lib/python3.6/site-packages/airflow/example_dags/tutorial.py for tasks to queue
[2022-11-16 16:57:17,391] {logging_mixin.py:109} INFO - [2022-11-16 16:57:17,390] {dagbag.py:496} INFO - Filling up the DagBag from /home/airflow/.local/lib/python3.6/site-packages/airflow/example_dags/tutorial.py
[2022-11-16 16:57:17,443] {processor.py:623} INFO - DAG(s) dict_keys(['tutorial']) retrieved from /home/airflow/.local/lib/python3.6/site-packages/airflow/example_dags/tutorial.py
[2022-11-16 16:57:17,554] {logging_mixin.py:109} INFO - [2022-11-16 16:57:17,553] {dag.py:1833} INFO - Sync 1 DAGs
[2022-11-16 16:57:17,583] {logging_mixin.py:109} INFO - [2022-11-16 16:57:17,582] {dag.py:2306} INFO - Setting next_dagrun for tutorial to 2022-11-14 00:00:00+00:00
[2022-11-16 16:57:17,602] {processor.py:170} INFO - Processing /home/airflow/.local/lib/python3.6/site-packages/airflow/example_dags/tutorial.py took 0.235 seconds
[2022-11-16 16:57:48,106] {processor.py:162} INFO - Started process (PID=600) to work on /home/airflow/.local/lib/python3.6/site-packages/airflow/example_dags/tutorial.py
[2022-11-16 16:57:48,108] {processor.py:613} INFO - Processing file /home/airflow/.local/lib/python3.6/site-packages/airflow/example_dags/tutorial.py for tasks to queue
[2022-11-16 16:57:48,109] {logging_mixin.py:109} INFO - [2022-11-16 16:57:48,109] {dagbag.py:496} INFO - Filling up the DagBag from /home/airflow/.local/lib/python3.6/site-packages/airflow/example_dags/tutorial.py
[2022-11-16 16:57:48,128] {processor.py:623} INFO - DAG(s) dict_keys(['tutorial']) retrieved from /home/airflow/.local/lib/python3.6/site-packages/airflow/example_dags/tutorial.py
[2022-11-16 16:57:48,162] {logging_mixin.py:109} INFO - [2022-11-16 16:57:48,161] {dag.py:1833} INFO - Sync 1 DAGs
[2022-11-16 16:57:48,190] {logging_mixin.py:109} INFO - [2022-11-16 16:57:48,190] {dag.py:2306} INFO - Setting next_dagrun for tutorial to 2022-11-14 00:00:00+00:00
[2022-11-16 16:57:48,207] {processor.py:170} INFO - Processing /home/airflow/.local/lib/python3.6/site-packages/airflow/example_dags/tutorial.py took 0.105 seconds
[2022-11-16 16:58:18,620] {processor.py:162} INFO - Started process (PID=651) to work on /home/airflow/.local/lib/python3.6/site-packages/airflow/example_dags/tutorial.py
[2022-11-16 16:58:18,623] {processor.py:613} INFO - Processing file /home/airflow/.local/lib/python3.6/site-packages/airflow/example_dags/tutorial.py for tasks to queue
[2022-11-16 16:58:18,626] {logging_mixin.py:109} INFO - [2022-11-16 16:58:18,625] {dagbag.py:496} INFO - Filling up the DagBag from /home/airflow/.local/lib/python3.6/site-packages/airflow/example_dags/tutorial.py
[2022-11-16 16:58:18,650] {processor.py:623} INFO - DAG(s) dict_keys(['tutorial']) retrieved from /home/airflow/.local/lib/python3.6/site-packages/airflow/example_dags/tutorial.py
[2022-11-16 16:58:18,676] {logging_mixin.py:109} INFO - [2022-11-16 16:58:18,676] {dag.py:1833} INFO - Sync 1 DAGs
[2022-11-16 16:58:18,696] {logging_mixin.py:109} INFO - [2022-11-16 16:58:18,696] {dag.py:2306} INFO - Setting next_dagrun for tutorial to 2022-11-14 00:00:00+00:00
[2022-11-16 16:58:18,709] {processor.py:170} INFO - Processing /home/airflow/.local/lib/python3.6/site-packages/airflow/example_dags/tutorial.py took 0.104 seconds
[2022-11-16 16:58:49,232] {processor.py:162} INFO - Started process (PID=702) to work on /home/airflow/.local/lib/python3.6/site-packages/airflow/example_dags/tutorial.py
[2022-11-16 16:58:49,241] {processor.py:613} INFO - Processing file /home/airflow/.local/lib/python3.6/site-packages/airflow/example_dags/tutorial.py for tasks to queue
[2022-11-16 16:58:49,244] {logging_mixin.py:109} INFO - [2022-11-16 16:58:49,243] {dagbag.py:496} INFO - Filling up the DagBag from /home/airflow/.local/lib/python3.6/site-packages/airflow/example_dags/tutorial.py
[2022-11-16 16:58:49,291] {processor.py:623} INFO - DAG(s) dict_keys(['tutorial']) retrieved from /home/airflow/.local/lib/python3.6/site-packages/airflow/example_dags/tutorial.py
[2022-11-16 16:58:49,352] {logging_mixin.py:109} INFO - [2022-11-16 16:58:49,351] {dag.py:1833} INFO - Sync 1 DAGs
[2022-11-16 16:58:49,392] {logging_mixin.py:109} INFO - [2022-11-16 16:58:49,391] {dag.py:2306} INFO - Setting next_dagrun for tutorial to 2022-11-14 00:00:00+00:00
[2022-11-16 16:58:49,417] {processor.py:170} INFO - Processing /home/airflow/.local/lib/python3.6/site-packages/airflow/example_dags/tutorial.py took 0.201 seconds
[2022-11-16 16:59:19,786] {processor.py:162} INFO - Started process (PID=762) to work on /home/airflow/.local/lib/python3.6/site-packages/airflow/example_dags/tutorial.py
[2022-11-16 16:59:19,793] {processor.py:613} INFO - Processing file /home/airflow/.local/lib/python3.6/site-packages/airflow/example_dags/tutorial.py for tasks to queue
[2022-11-16 16:59:19,798] {logging_mixin.py:109} INFO - [2022-11-16 16:59:19,797] {dagbag.py:496} INFO - Filling up the DagBag from /home/airflow/.local/lib/python3.6/site-packages/airflow/example_dags/tutorial.py
[2022-11-16 16:59:19,865] {processor.py:623} INFO - DAG(s) dict_keys(['tutorial']) retrieved from /home/airflow/.local/lib/python3.6/site-packages/airflow/example_dags/tutorial.py
[2022-11-16 16:59:19,955] {logging_mixin.py:109} INFO - [2022-11-16 16:59:19,955] {dag.py:1833} INFO - Sync 1 DAGs
[2022-11-16 16:59:20,032] {logging_mixin.py:109} INFO - [2022-11-16 16:59:20,031] {dag.py:2306} INFO - Setting next_dagrun for tutorial to 2022-11-14 00:00:00+00:00
[2022-11-16 16:59:20,071] {processor.py:170} INFO - Processing /home/airflow/.local/lib/python3.6/site-packages/airflow/example_dags/tutorial.py took 0.299 seconds
[2022-11-16 16:59:50,147] {processor.py:162} INFO - Started process (PID=813) to work on /home/airflow/.local/lib/python3.6/site-packages/airflow/example_dags/tutorial.py
[2022-11-16 16:59:50,149] {processor.py:613} INFO - Processing file /home/airflow/.local/lib/python3.6/site-packages/airflow/example_dags/tutorial.py for tasks to queue
[2022-11-16 16:59:50,150] {logging_mixin.py:109} INFO - [2022-11-16 16:59:50,150] {dagbag.py:496} INFO - Filling up the DagBag from /home/airflow/.local/lib/python3.6/site-packages/airflow/example_dags/tutorial.py
[2022-11-16 16:59:50,168] {processor.py:623} INFO - DAG(s) dict_keys(['tutorial']) retrieved from /home/airflow/.local/lib/python3.6/site-packages/airflow/example_dags/tutorial.py
[2022-11-16 16:59:50,211] {logging_mixin.py:109} INFO - [2022-11-16 16:59:50,210] {dag.py:1833} INFO - Sync 1 DAGs
[2022-11-16 16:59:50,233] {logging_mixin.py:109} INFO - [2022-11-16 16:59:50,233] {dag.py:2306} INFO - Setting next_dagrun for tutorial to 2022-11-14 00:00:00+00:00
[2022-11-16 16:59:50,250] {processor.py:170} INFO - Processing /home/airflow/.local/lib/python3.6/site-packages/airflow/example_dags/tutorial.py took 0.108 seconds
[2022-11-16 17:00:20,513] {processor.py:162} INFO - Started process (PID=873) to work on /home/airflow/.local/lib/python3.6/site-packages/airflow/example_dags/tutorial.py
[2022-11-16 17:00:20,514] {processor.py:613} INFO - Processing file /home/airflow/.local/lib/python3.6/site-packages/airflow/example_dags/tutorial.py for tasks to queue
[2022-11-16 17:00:20,516] {logging_mixin.py:109} INFO - [2022-11-16 17:00:20,515] {dagbag.py:496} INFO - Filling up the DagBag from /home/airflow/.local/lib/python3.6/site-packages/airflow/example_dags/tutorial.py
[2022-11-16 17:00:20,531] {processor.py:623} INFO - DAG(s) dict_keys(['tutorial']) retrieved from /home/airflow/.local/lib/python3.6/site-packages/airflow/example_dags/tutorial.py
[2022-11-16 17:00:20,558] {logging_mixin.py:109} INFO - [2022-11-16 17:00:20,558] {dag.py:1833} INFO - Sync 1 DAGs
[2022-11-16 17:00:20,576] {logging_mixin.py:109} INFO - [2022-11-16 17:00:20,576] {dag.py:2306} INFO - Setting next_dagrun for tutorial to 2022-11-14 00:00:00+00:00
[2022-11-16 17:00:20,588] {processor.py:170} INFO - Processing /home/airflow/.local/lib/python3.6/site-packages/airflow/example_dags/tutorial.py took 0.080 seconds
[2022-11-16 17:00:50,850] {processor.py:162} INFO - Started process (PID=925) to work on /home/airflow/.local/lib/python3.6/site-packages/airflow/example_dags/tutorial.py
[2022-11-16 17:00:50,852] {processor.py:613} INFO - Processing file /home/airflow/.local/lib/python3.6/site-packages/airflow/example_dags/tutorial.py for tasks to queue
[2022-11-16 17:00:50,854] {logging_mixin.py:109} INFO - [2022-11-16 17:00:50,854] {dagbag.py:496} INFO - Filling up the DagBag from /home/airflow/.local/lib/python3.6/site-packages/airflow/example_dags/tutorial.py
[2022-11-16 17:00:50,873] {processor.py:623} INFO - DAG(s) dict_keys(['tutorial']) retrieved from /home/airflow/.local/lib/python3.6/site-packages/airflow/example_dags/tutorial.py
[2022-11-16 17:00:50,902] {logging_mixin.py:109} INFO - [2022-11-16 17:00:50,902] {dag.py:1833} INFO - Sync 1 DAGs
[2022-11-16 17:00:50,936] {logging_mixin.py:109} INFO - [2022-11-16 17:00:50,935] {dag.py:2306} INFO - Setting next_dagrun for tutorial to 2022-11-14 00:00:00+00:00
[2022-11-16 17:00:50,952] {processor.py:170} INFO - Processing /home/airflow/.local/lib/python3.6/site-packages/airflow/example_dags/tutorial.py took 0.107 seconds
[2022-11-16 17:01:21,392] {processor.py:162} INFO - Started process (PID=975) to work on /home/airflow/.local/lib/python3.6/site-packages/airflow/example_dags/tutorial.py
[2022-11-16 17:01:21,398] {processor.py:613} INFO - Processing file /home/airflow/.local/lib/python3.6/site-packages/airflow/example_dags/tutorial.py for tasks to queue
[2022-11-16 17:01:21,401] {logging_mixin.py:109} INFO - [2022-11-16 17:01:21,400] {dagbag.py:496} INFO - Filling up the DagBag from /home/airflow/.local/lib/python3.6/site-packages/airflow/example_dags/tutorial.py
[2022-11-16 17:01:21,422] {processor.py:623} INFO - DAG(s) dict_keys(['tutorial']) retrieved from /home/airflow/.local/lib/python3.6/site-packages/airflow/example_dags/tutorial.py
[2022-11-16 17:01:21,498] {logging_mixin.py:109} INFO - [2022-11-16 17:01:21,498] {dag.py:1833} INFO - Sync 1 DAGs
[2022-11-16 17:01:21,546] {logging_mixin.py:109} INFO - [2022-11-16 17:01:21,546] {dag.py:2306} INFO - Setting next_dagrun for tutorial to 2022-11-14 00:00:00+00:00
[2022-11-16 17:01:21,571] {processor.py:170} INFO - Processing /home/airflow/.local/lib/python3.6/site-packages/airflow/example_dags/tutorial.py took 0.195 seconds
[2022-11-16 17:01:51,633] {processor.py:162} INFO - Started process (PID=1037) to work on /home/airflow/.local/lib/python3.6/site-packages/airflow/example_dags/tutorial.py
[2022-11-16 17:01:51,636] {processor.py:613} INFO - Processing file /home/airflow/.local/lib/python3.6/site-packages/airflow/example_dags/tutorial.py for tasks to queue
[2022-11-16 17:01:51,637] {logging_mixin.py:109} INFO - [2022-11-16 17:01:51,637] {dagbag.py:496} INFO - Filling up the DagBag from /home/airflow/.local/lib/python3.6/site-packages/airflow/example_dags/tutorial.py
[2022-11-16 17:01:51,653] {processor.py:623} INFO - DAG(s) dict_keys(['tutorial']) retrieved from /home/airflow/.local/lib/python3.6/site-packages/airflow/example_dags/tutorial.py
[2022-11-16 17:01:51,684] {logging_mixin.py:109} INFO - [2022-11-16 17:01:51,683] {dag.py:1833} INFO - Sync 1 DAGs
[2022-11-16 17:01:51,704] {logging_mixin.py:109} INFO - [2022-11-16 17:01:51,704] {dag.py:2306} INFO - Setting next_dagrun for tutorial to 2022-11-14 00:00:00+00:00
[2022-11-16 17:01:51,718] {processor.py:170} INFO - Processing /home/airflow/.local/lib/python3.6/site-packages/airflow/example_dags/tutorial.py took 0.088 seconds
[2022-11-16 17:02:21,811] {processor.py:162} INFO - Started process (PID=1088) to work on /home/airflow/.local/lib/python3.6/site-packages/airflow/example_dags/tutorial.py
[2022-11-16 17:02:21,814] {processor.py:613} INFO - Processing file /home/airflow/.local/lib/python3.6/site-packages/airflow/example_dags/tutorial.py for tasks to queue
[2022-11-16 17:02:21,817] {logging_mixin.py:109} INFO - [2022-11-16 17:02:21,817] {dagbag.py:496} INFO - Filling up the DagBag from /home/airflow/.local/lib/python3.6/site-packages/airflow/example_dags/tutorial.py
[2022-11-16 17:02:21,845] {processor.py:623} INFO - DAG(s) dict_keys(['tutorial']) retrieved from /home/airflow/.local/lib/python3.6/site-packages/airflow/example_dags/tutorial.py
[2022-11-16 17:02:21,886] {logging_mixin.py:109} INFO - [2022-11-16 17:02:21,886] {dag.py:1833} INFO - Sync 1 DAGs
[2022-11-16 17:02:21,911] {logging_mixin.py:109} INFO - [2022-11-16 17:02:21,910] {dag.py:2306} INFO - Setting next_dagrun for tutorial to 2022-11-14 00:00:00+00:00
[2022-11-16 17:02:21,923] {processor.py:170} INFO - Processing /home/airflow/.local/lib/python3.6/site-packages/airflow/example_dags/tutorial.py took 0.120 seconds
[2022-11-16 17:02:52,231] {processor.py:162} INFO - Started process (PID=1139) to work on /home/airflow/.local/lib/python3.6/site-packages/airflow/example_dags/tutorial.py
[2022-11-16 17:02:52,233] {processor.py:613} INFO - Processing file /home/airflow/.local/lib/python3.6/site-packages/airflow/example_dags/tutorial.py for tasks to queue
[2022-11-16 17:02:52,235] {logging_mixin.py:109} INFO - [2022-11-16 17:02:52,234] {dagbag.py:496} INFO - Filling up the DagBag from /home/airflow/.local/lib/python3.6/site-packages/airflow/example_dags/tutorial.py
[2022-11-16 17:02:52,255] {processor.py:623} INFO - DAG(s) dict_keys(['tutorial']) retrieved from /home/airflow/.local/lib/python3.6/site-packages/airflow/example_dags/tutorial.py
[2022-11-16 17:02:52,290] {logging_mixin.py:109} INFO - [2022-11-16 17:02:52,290] {dag.py:1833} INFO - Sync 1 DAGs
[2022-11-16 17:02:52,315] {logging_mixin.py:109} INFO - [2022-11-16 17:02:52,315] {dag.py:2306} INFO - Setting next_dagrun for tutorial to 2022-11-14 00:00:00+00:00
[2022-11-16 17:02:52,332] {processor.py:170} INFO - Processing /home/airflow/.local/lib/python3.6/site-packages/airflow/example_dags/tutorial.py took 0.106 seconds
[2022-11-16 17:03:22,726] {processor.py:162} INFO - Started process (PID=1202) to work on /home/airflow/.local/lib/python3.6/site-packages/airflow/example_dags/tutorial.py
[2022-11-16 17:03:22,730] {processor.py:613} INFO - Processing file /home/airflow/.local/lib/python3.6/site-packages/airflow/example_dags/tutorial.py for tasks to queue
[2022-11-16 17:03:22,733] {logging_mixin.py:109} INFO - [2022-11-16 17:03:22,732] {dagbag.py:496} INFO - Filling up the DagBag from /home/airflow/.local/lib/python3.6/site-packages/airflow/example_dags/tutorial.py
[2022-11-16 17:03:22,775] {processor.py:623} INFO - DAG(s) dict_keys(['tutorial']) retrieved from /home/airflow/.local/lib/python3.6/site-packages/airflow/example_dags/tutorial.py
[2022-11-16 17:03:22,809] {logging_mixin.py:109} INFO - [2022-11-16 17:03:22,809] {dag.py:1833} INFO - Sync 1 DAGs
[2022-11-16 17:03:22,826] {logging_mixin.py:109} INFO - [2022-11-16 17:03:22,826] {dag.py:2306} INFO - Setting next_dagrun for tutorial to 2022-11-14 00:00:00+00:00
[2022-11-16 17:03:22,837] {processor.py:170} INFO - Processing /home/airflow/.local/lib/python3.6/site-packages/airflow/example_dags/tutorial.py took 0.121 seconds
[2022-11-16 17:04:53,182] {processor.py:162} INFO - Started process (PID=56) to work on /home/airflow/.local/lib/python3.6/site-packages/airflow/example_dags/tutorial.py
[2022-11-16 17:04:53,184] {processor.py:613} INFO - Processing file /home/airflow/.local/lib/python3.6/site-packages/airflow/example_dags/tutorial.py for tasks to queue
[2022-11-16 17:04:53,186] {logging_mixin.py:109} INFO - [2022-11-16 17:04:53,186] {dagbag.py:496} INFO - Filling up the DagBag from /home/airflow/.local/lib/python3.6/site-packages/airflow/example_dags/tutorial.py
[2022-11-16 17:04:53,211] {processor.py:623} INFO - DAG(s) dict_keys(['tutorial']) retrieved from /home/airflow/.local/lib/python3.6/site-packages/airflow/example_dags/tutorial.py
[2022-11-16 17:04:53,248] {logging_mixin.py:109} INFO - [2022-11-16 17:04:53,248] {dag.py:1833} INFO - Sync 1 DAGs
[2022-11-16 17:04:53,273] {logging_mixin.py:109} INFO - [2022-11-16 17:04:53,273] {dag.py:2306} INFO - Setting next_dagrun for tutorial to 2022-11-14 00:00:00+00:00
[2022-11-16 17:04:53,292] {processor.py:170} INFO - Processing /home/airflow/.local/lib/python3.6/site-packages/airflow/example_dags/tutorial.py took 0.114 seconds
[2022-11-16 17:05:24,966] {processor.py:162} INFO - Started process (PID=107) to work on /home/airflow/.local/lib/python3.6/site-packages/airflow/example_dags/tutorial.py
[2022-11-16 17:05:24,970] {processor.py:613} INFO - Processing file /home/airflow/.local/lib/python3.6/site-packages/airflow/example_dags/tutorial.py for tasks to queue
[2022-11-16 17:05:24,972] {logging_mixin.py:109} INFO - [2022-11-16 17:05:24,971] {dagbag.py:496} INFO - Filling up the DagBag from /home/airflow/.local/lib/python3.6/site-packages/airflow/example_dags/tutorial.py
[2022-11-16 17:05:24,989] {processor.py:623} INFO - DAG(s) dict_keys(['tutorial']) retrieved from /home/airflow/.local/lib/python3.6/site-packages/airflow/example_dags/tutorial.py
[2022-11-16 17:05:25,016] {logging_mixin.py:109} INFO - [2022-11-16 17:05:25,016] {dag.py:1833} INFO - Sync 1 DAGs
[2022-11-16 17:05:25,036] {logging_mixin.py:109} INFO - [2022-11-16 17:05:25,036] {dag.py:2306} INFO - Setting next_dagrun for tutorial to 2022-11-14 00:00:00+00:00
[2022-11-16 17:05:25,048] {processor.py:170} INFO - Processing /home/airflow/.local/lib/python3.6/site-packages/airflow/example_dags/tutorial.py took 0.086 seconds
[2022-11-16 17:05:55,788] {processor.py:162} INFO - Started process (PID=159) to work on /home/airflow/.local/lib/python3.6/site-packages/airflow/example_dags/tutorial.py
[2022-11-16 17:05:55,791] {processor.py:613} INFO - Processing file /home/airflow/.local/lib/python3.6/site-packages/airflow/example_dags/tutorial.py for tasks to queue
[2022-11-16 17:05:55,792] {logging_mixin.py:109} INFO - [2022-11-16 17:05:55,792] {dagbag.py:496} INFO - Filling up the DagBag from /home/airflow/.local/lib/python3.6/site-packages/airflow/example_dags/tutorial.py
[2022-11-16 17:05:55,808] {processor.py:623} INFO - DAG(s) dict_keys(['tutorial']) retrieved from /home/airflow/.local/lib/python3.6/site-packages/airflow/example_dags/tutorial.py
[2022-11-16 17:05:55,835] {logging_mixin.py:109} INFO - [2022-11-16 17:05:55,835] {dag.py:1833} INFO - Sync 1 DAGs
[2022-11-16 17:05:55,859] {logging_mixin.py:109} INFO - [2022-11-16 17:05:55,859] {dag.py:2306} INFO - Setting next_dagrun for tutorial to 2022-11-14 00:00:00+00:00
[2022-11-16 17:05:55,872] {processor.py:170} INFO - Processing /home/airflow/.local/lib/python3.6/site-packages/airflow/example_dags/tutorial.py took 0.087 seconds
