[2022-11-20 08:17:19,530] {taskinstance.py:903} INFO - Dependencies all met for <TaskInstance: first_dag.first_function_execute 2022-11-19T00:00:00+00:00 [queued]>
[2022-11-20 08:17:19,572] {taskinstance.py:903} INFO - Dependencies all met for <TaskInstance: first_dag.first_function_execute 2022-11-19T00:00:00+00:00 [queued]>
[2022-11-20 08:17:19,573] {taskinstance.py:1094} INFO - 
--------------------------------------------------------------------------------
[2022-11-20 08:17:19,573] {taskinstance.py:1095} INFO - Starting attempt 1 of 2
[2022-11-20 08:17:19,573] {taskinstance.py:1096} INFO - 
--------------------------------------------------------------------------------
[2022-11-20 08:17:19,605] {taskinstance.py:1114} INFO - Executing <Task(PythonOperator): first_function_execute> on 2022-11-19T00:00:00+00:00
[2022-11-20 08:17:19,611] {standard_task_runner.py:52} INFO - Started process 4110 to run task
[2022-11-20 08:17:19,620] {standard_task_runner.py:76} INFO - Running: ['***', 'tasks', 'run', 'first_dag', 'first_function_execute', '2022-11-19T00:00:00+00:00', '--job-id', '7', '--pool', 'default_pool', '--raw', '--subdir', 'DAGS_FOLDER/first_dag.py', '--cfg-path', '/tmp/tmphlxucof6', '--error-file', '/tmp/tmpw4n7svx1']
[2022-11-20 08:17:19,621] {standard_task_runner.py:77} INFO - Job 7: Subtask first_function_execute
[2022-11-20 08:17:19,732] {logging_mixin.py:109} INFO - Running <TaskInstance: first_dag.first_function_execute 2022-11-19T00:00:00+00:00 [running]> on host b5a1dd567ad3
[2022-11-20 08:17:19,923] {taskinstance.py:1253} INFO - Exporting the following env vars:
AIRFLOW_CTX_DAG_OWNER=***
AIRFLOW_CTX_DAG_ID=first_dag
AIRFLOW_CTX_TASK_ID=first_function_execute
AIRFLOW_CTX_EXECUTION_DATE=2022-11-19T00:00:00+00:00
AIRFLOW_CTX_DAG_RUN_ID=scheduled__2022-11-19T00:00:00+00:00
[2022-11-20 08:17:19,929] {logging_mixin.py:109} INFO - hello world
[2022-11-20 08:17:19,930] {python.py:151} INFO - Done. Returned value was: hello world
[2022-11-20 08:17:20,009] {taskinstance.py:1218} INFO - Marking task as SUCCESS. dag_id=first_dag, task_id=first_function_execute, execution_date=20221119T000000, start_date=20221120T081719, end_date=20221120T081720
[2022-11-20 08:17:20,125] {local_task_job.py:151} INFO - Task exited with return code 0
[2022-11-20 08:17:20,208] {local_task_job.py:261} INFO - 0 downstream tasks scheduled from follow-on schedule check
