[2022-11-20 09:11:10,422] {taskinstance.py:903} INFO - Dependencies all met for <TaskInstance: first_dag.first_function_execute 2022-11-19T00:00:00+00:00 [queued]>
[2022-11-20 09:11:10,449] {taskinstance.py:903} INFO - Dependencies all met for <TaskInstance: first_dag.first_function_execute 2022-11-19T00:00:00+00:00 [queued]>
[2022-11-20 09:11:10,449] {taskinstance.py:1094} INFO - 
--------------------------------------------------------------------------------
[2022-11-20 09:11:10,451] {taskinstance.py:1095} INFO - Starting attempt 3 of 3
[2022-11-20 09:11:10,451] {taskinstance.py:1096} INFO - 
--------------------------------------------------------------------------------
[2022-11-20 09:11:10,464] {taskinstance.py:1114} INFO - Executing <Task(PythonOperator): first_function_execute> on 2022-11-19T00:00:00+00:00
[2022-11-20 09:11:10,468] {standard_task_runner.py:52} INFO - Started process 879 to run task
[2022-11-20 09:11:10,476] {standard_task_runner.py:76} INFO - Running: ['***', 'tasks', 'run', 'first_dag', 'first_function_execute', '2022-11-19T00:00:00+00:00', '--job-id', '10', '--pool', 'default_pool', '--raw', '--subdir', 'DAGS_FOLDER/first_dag.py', '--cfg-path', '/tmp/tmpd7epruhh', '--error-file', '/tmp/tmp2pmmrh1w']
[2022-11-20 09:11:10,477] {standard_task_runner.py:77} INFO - Job 10: Subtask first_function_execute
[2022-11-20 09:11:10,553] {logging_mixin.py:109} INFO - Running <TaskInstance: first_dag.first_function_execute 2022-11-19T00:00:00+00:00 [running]> on host c451c373dc68
[2022-11-20 09:11:10,678] {taskinstance.py:1253} INFO - Exporting the following env vars:
AIRFLOW_CTX_DAG_OWNER=***
AIRFLOW_CTX_DAG_ID=first_dag
AIRFLOW_CTX_TASK_ID=first_function_execute
AIRFLOW_CTX_EXECUTION_DATE=2022-11-19T00:00:00+00:00
AIRFLOW_CTX_DAG_RUN_ID=scheduled__2022-11-19T00:00:00+00:00
[2022-11-20 09:11:10,681] {logging_mixin.py:109} INFO - hello world : Didnot get the key
[2022-11-20 09:11:10,682] {python.py:151} INFO - Done. Returned value was: hello world
[2022-11-20 09:11:10,721] {taskinstance.py:1218} INFO - Marking task as SUCCESS. dag_id=first_dag, task_id=first_function_execute, execution_date=20221119T000000, start_date=20221120T091110, end_date=20221120T091110
[2022-11-20 09:11:10,744] {local_task_job.py:151} INFO - Task exited with return code 0
[2022-11-20 09:11:10,771] {local_task_job.py:261} INFO - 0 downstream tasks scheduled from follow-on schedule check
