[2022-11-20 09:17:26,148] {taskinstance.py:903} INFO - Dependencies all met for <TaskInstance: first_dag.first_function_execute 2022-11-19T00:00:00+00:00 [queued]>
[2022-11-20 09:17:26,166] {taskinstance.py:903} INFO - Dependencies all met for <TaskInstance: first_dag.first_function_execute 2022-11-19T00:00:00+00:00 [queued]>
[2022-11-20 09:17:26,167] {taskinstance.py:1094} INFO - 
--------------------------------------------------------------------------------
[2022-11-20 09:17:26,168] {taskinstance.py:1095} INFO - Starting attempt 4 of 5
[2022-11-20 09:17:26,168] {taskinstance.py:1096} INFO - 
--------------------------------------------------------------------------------
[2022-11-20 09:17:26,180] {taskinstance.py:1114} INFO - Executing <Task(PythonOperator): first_function_execute> on 2022-11-19T00:00:00+00:00
[2022-11-20 09:17:26,184] {standard_task_runner.py:52} INFO - Started process 1359 to run task
[2022-11-20 09:17:26,191] {standard_task_runner.py:76} INFO - Running: ['***', 'tasks', 'run', 'first_dag', 'first_function_execute', '2022-11-19T00:00:00+00:00', '--job-id', '11', '--pool', 'default_pool', '--raw', '--subdir', 'DAGS_FOLDER/first_dag.py', '--cfg-path', '/tmp/tmpkvaqyzrm', '--error-file', '/tmp/tmpzd7q8jvj']
[2022-11-20 09:17:26,192] {standard_task_runner.py:77} INFO - Job 11: Subtask first_function_execute
[2022-11-20 09:17:26,341] {logging_mixin.py:109} INFO - Running <TaskInstance: first_dag.first_function_execute 2022-11-19T00:00:00+00:00 [running]> on host c451c373dc68
[2022-11-20 09:17:26,438] {taskinstance.py:1253} INFO - Exporting the following env vars:
AIRFLOW_CTX_DAG_OWNER=***
AIRFLOW_CTX_DAG_ID=first_dag
AIRFLOW_CTX_TASK_ID=first_function_execute
AIRFLOW_CTX_EXECUTION_DATE=2022-11-19T00:00:00+00:00
AIRFLOW_CTX_DAG_RUN_ID=scheduled__2022-11-19T00:00:00+00:00
[2022-11-20 09:17:26,440] {logging_mixin.py:109} INFO - hello world : Didnot get the key
[2022-11-20 09:17:26,441] {python.py:151} INFO - Done. Returned value was: hello worldDidnot get the key
[2022-11-20 09:17:26,478] {taskinstance.py:1218} INFO - Marking task as SUCCESS. dag_id=first_dag, task_id=first_function_execute, execution_date=20221119T000000, start_date=20221120T091726, end_date=20221120T091726
[2022-11-20 09:17:26,528] {local_task_job.py:151} INFO - Task exited with return code 0
[2022-11-20 09:17:26,555] {local_task_job.py:261} INFO - 0 downstream tasks scheduled from follow-on schedule check
