[2022-11-20 11:50:19,192] {taskinstance.py:903} INFO - Dependencies all met for <TaskInstance: first_dag.first_function_execute 2022-11-19T00:00:00+00:00 [queued]>
[2022-11-20 11:50:19,214] {taskinstance.py:903} INFO - Dependencies all met for <TaskInstance: first_dag.first_function_execute 2022-11-19T00:00:00+00:00 [queued]>
[2022-11-20 11:50:19,215] {taskinstance.py:1094} INFO - 
--------------------------------------------------------------------------------
[2022-11-20 11:50:19,215] {taskinstance.py:1095} INFO - Starting attempt 6 of 7
[2022-11-20 11:50:19,216] {taskinstance.py:1096} INFO - 
--------------------------------------------------------------------------------
[2022-11-20 11:50:19,229] {taskinstance.py:1114} INFO - Executing <Task(PythonOperator): first_function_execute> on 2022-11-19T00:00:00+00:00
[2022-11-20 11:50:19,235] {standard_task_runner.py:52} INFO - Started process 3965 to run task
[2022-11-20 11:50:19,248] {standard_task_runner.py:76} INFO - Running: ['***', 'tasks', 'run', 'first_dag', 'first_function_execute', '2022-11-19T00:00:00+00:00', '--job-id', '13', '--pool', 'default_pool', '--raw', '--subdir', 'DAGS_FOLDER/first_dag.py', '--cfg-path', '/tmp/tmp9uea4r71', '--error-file', '/tmp/tmpazk0rrmh']
[2022-11-20 11:50:19,250] {standard_task_runner.py:77} INFO - Job 13: Subtask first_function_execute
[2022-11-20 11:50:19,339] {logging_mixin.py:109} INFO - Running <TaskInstance: first_dag.first_function_execute 2022-11-19T00:00:00+00:00 [running]> on host c451c373dc68
[2022-11-20 11:50:19,451] {taskinstance.py:1253} INFO - Exporting the following env vars:
AIRFLOW_CTX_DAG_OWNER=***
AIRFLOW_CTX_DAG_ID=first_dag
AIRFLOW_CTX_TASK_ID=first_function_execute
AIRFLOW_CTX_EXECUTION_DATE=2022-11-19T00:00:00+00:00
AIRFLOW_CTX_DAG_RUN_ID=scheduled__2022-11-19T00:00:00+00:00
[2022-11-20 11:50:19,457] {logging_mixin.py:109} INFO - first function execute
[2022-11-20 11:50:19,487] {python.py:151} INFO - Done. Returned value was: None
[2022-11-20 11:50:19,502] {taskinstance.py:1218} INFO - Marking task as SUCCESS. dag_id=first_dag, task_id=first_function_execute, execution_date=20221119T000000, start_date=20221120T115019, end_date=20221120T115019
[2022-11-20 11:50:19,543] {local_task_job.py:151} INFO - Task exited with return code 0
[2022-11-20 11:50:19,574] {local_task_job.py:261} INFO - 1 downstream tasks scheduled from follow-on schedule check
